<?xml version="1.0" encoding="utf-8"?>
<optimizer-report>
	<size-report>
		<assembly name="test-remoting-4" size="3584" code-size="18">
			<namespace name="Martin.LinkerTest" size="18">
				<type name="TestRemoting" size="18">
					<method name="Main" size="18" />
				</type>
			</namespace>
		</assembly>
		<assembly name="mscorlib" size="1068544" code-size="742357">
			<namespace name="System" size="245471">
				<type name="Number" size="25083">
					<method name="NumberToStringFormat" size="2184" />
					<method name="ParseNumber" size="1281" />
					<method name="TryParseInt64IntegerStyle" size="858" />
					<method name="TryParseUInt64IntegerStyle" size="857" />
					<method name="TryParseInt32IntegerStyle" size="841" />
					<method name="TryParseUInt32IntegerStyle" size="833" />
					<method name="NumberToDouble" size="788" />
					<method name="DoubleToNumber" size="625" />
					<method name="NumberToString" size="619" />
					<method name="FormatFixed" size="613" />
					<method name="TryParseUInt64HexNumberStyle" size="599" />
					<method name="TryParseUInt32HexNumberStyle" size="593" />
					<method name="NumberBufferToDecimal" size="564" />
					<method name=".cctor" size="532" />
					<method name="FormatDouble(System.Text.ValueStringBuilder&amp;,System.Double,System.ReadOnlySpan`1&lt;System.Char&gt;,System.Globalization.NumberFormatInfo)" size="382" />
					<method name="FormatSingle(System.Text.ValueStringBuilder&amp;,System.Single,System.ReadOnlySpan`1&lt;System.Char&gt;,System.Globalization.NumberFormatInfo)" size="381" />
					<method name="ParseFormatSpecifier" size="337" />
					<method name="TryFormatInt64" size="318" />
					<method name="TryFormatInt32" size="316" />
					<method name="TryFormatUInt64" size="292" />
					<method name="TryFormatUInt32" size="292" />
					<method name="FormatGeneral" size="286" />
					<method name="TryNegativeInt64ToDecStr" size="278" />
					<method name="FormatInt64" size="273" />
					<method name="FormatInt32" size="271" />
					<method name="FindSection" size="256" />
					<method name="NegativeInt64ToDecStr" size="253" />
					<method name="FormatUInt32" size="250" />
					<method name="FormatUInt64" size="250" />
					<method name="FormatCurrency" size="246" />
					<method name="FormatPercent" size="245" />
					<method name="ParseSingle" size="229" />
					<method name="TryNegativeInt32ToDecStr" size="228" />
					<method name="TryInt64ToHexStr" size="222" />
					<method name="DecimalToNumber" size="222" />
					<method name="ParseDouble" size="221" />
					<method name="FormatNumber" size="216" />
					<method name="FormatScientific" size="215" />
					<method name="Int64ToNumber" size="211" />
					<method name="FormatExponent" size="204" />
					<method name="RoundNumber" size="202" />
					<method name="NegativeInt32ToDecStr" size="202" />
					<method name="TryFormatDecimal" size="199" />
					<method name="TryUInt64ToDecStr" size="199" />
					<method name="ParseInt64" size="198" />
					<method name="ParseInt32" size="197" />
					<method name="TryUInt32ToDecStr" size="192" />
					<method name="ParseUInt64" size="188" />
					<method name="UInt64ToNumber" size="187" />
					<method name="ParseUInt32" size="187" />
					<method name="Int64ToHexStr" size="182" />
					<method name="StringToNumber" size="176" />
					<method name="TryStringToNumber" size="175" />
					<method name="UInt64ToDecStr" size="172" />
					<method name="TryInt32ToHexStr" size="171" />
					<method name="UInt32ToDecStr" size="168" />
					<method name="NumberToInt64" size="168" />
					<method name="FormatDecimal" size="166" />
					<method name="NumberToUInt64" size="164" />
					<method name="Int32ToNumber" size="164" />
					<method name="NumberToInt32" size="159" />
					<method name="TryFormatDouble" size="158" />
					<method name="TryFormatSingle" size="158" />
					<method name="NumberToUInt32" size="157" />
					<method name="UInt32ToNumber" size="148" />
					<method name="MatchChars" size="134" />
					<method name="Int32ToHexStr" size="131" />
					<method name="Int32ToHexChars" size="122" />
					<method name="Mul64Lossy" size="120" />
					<method name="FormatSingle(System.Single,System.String,System.Globalization.NumberFormatInfo)" size="116" />
					<method name="FormatDouble(System.Double,System.String,System.Globalization.NumberFormatInfo)" size="116" />
					<method name="ParseDecimal" size="113" />
					<method name="NumberBufferToDouble" size="112" />
					<method name="UInt32ToDecChars" size="108" />
					<method name="ThrowOverflowOrFormatException" size="106" />
					<method name="TryCopyTo" size="101" />
					<method name="DigitsToInt" size="89" />
					<method name="TrailingZeros" size="82" />
					<method name="Int64DivMod1E9" size="58" />
					<method name="IsWhite" size="44" />
					<method name="High32" size="44" />
					<method name="Mul32x32To64" size="42" />
					<method name="IsDigit" size="38" />
					<method name="abs" size="34" />
					<method name="Low32" size="30" />
				</type>
				<type name="String" size="18609">
					<method name="MakeSeparatorList" size="502" />
					<method name="JoinCore" size="481" />
					<method name="Compare(System.String,System.Int32,System.String,System.Int32,System.Int32,System.StringComparison)" size="436" />
					<method name="SplitOmitEmptyEntries" size="394" />
					<method name="CompareOrdinalHelper(System.String,System.String)" size="372" />
					<method name="LastIndexOf(System.String,System.Int32,System.Int32,System.StringComparison)" size="363" />
					<method name="StartsWith(System.String,System.StringComparison)" size="330" />
					<method name="LastIndexOfUncheckedIgnoreCase" size="329" />
					<method name="EndsWith(System.String,System.StringComparison)" size="314" />
					<method name="Replace(System.String,System.String)" size="307" />
					<method name="IndexOf(System.String,System.Int32,System.Int32,System.StringComparison)" size="302" />
					<method name="ReplaceHelper" size="300" />
					<method name="IndexOfUncheckedIgnoreCase" size="298" />
					<method name="SplitInternal" size="287" />
					<method name="Concat(System.String[])" size="276" />
					<method name="SplitKeepEmptyEntries" size="274" />
					<method name="Equals(System.String,System.String,System.StringComparison)" size="269" />
					<method name="LastIndexOfUnchecked" size="269" />
					<method name="CopyTo" size="268" />
					<method name="Replace(System.Char,System.Char)" size="266" />
					<method name="Equals(System.String,System.StringComparison)" size="264" />
					<method name="Compare(System.String,System.String,System.StringComparison)" size="262" />
					<method name="Concat(System.Object[])" size="259" />
					<method name="IndexOfUnchecked" size="238" />
					<method name="TrimHelper" size="237" />
					<method name="Concat(System.String,System.String,System.String,System.String)" size="223" />
					<method name="Ctor(System.Char[],System.Int32,System.Int32)" size="208" />
					<method name="memset" size="205" />
					<method name="IndexOfAny(System.Char[],System.Int32,System.Int32)" size="204" />
					<method name="LastIndexOfCharArray" size="201" />
					<method name="IndexOfCharArray" size="197" />
					<method name="Ctor(System.Char*,System.Int32,System.Int32)" size="181" />
					<method name="Ctor(System.SByte*,System.Int32,System.Int32,System.Text.Encoding)" size="179" />
					<method name="wcslen" size="178" />
					<method name="IndexOfAny(System.Char,System.Char,System.Int32,System.Int32)" size="173" />
					<method name="LastIndexOfAny(System.Char[],System.Int32,System.Int32)" size="172" />
					<method name="Substring(System.Int32,System.Int32)" size="171" />
					<method name="Ctor(System.Char,System.Int32)" size="162" />
					<method name="Concat(System.String,System.String,System.String)" size="160" />
					<method name="LastIndexOf(System.Char,System.Int32,System.Int32)" size="159" />
					<method name="IndexOfAny(System.Char,System.Char,System.Char,System.Int32,System.Int32)" size="156" />
					<method name="Ctor(System.SByte*,System.Int32,System.Int32)" size="153" />
					<method name="InitializeProbabilisticMap" size="145" />
					<method name="TrimWhiteSpaceHelper" size="144" />
					<method name="IndexOf(System.Char,System.Int32,System.Int32)" size="140" />
					<method name="CreateStringFromEncoding" size="137" />
					<method name="FillStringChecked" size="135" />
					<method name="CompareOrdinalHelper(System.String,System.Int32,System.Int32,System.String,System.Int32,System.Int32)" size="128" />
					<method name="Create" size="120" />
					<method name="Concat(System.String,System.String)" size="111" />
					<method name="InternalSubString" size="111" />
					<method name="Ctor(System.Char[])" size="107" />
					<method name="FormatHelper" size="106" />
					<method name="Join(System.String,System.String[],System.Int32,System.Int32)" size="105" />
					<method name="Ctor(System.ReadOnlySpan`1&lt;System.Char&gt;)" size="104" />
					<method name="ToCharArray" size="99" />
					<method name="Copy" size="99" />
					<method name="Concat(System.Object,System.Object,System.Object)" size="99" />
					<method name="CompareOrdinal(System.String,System.String)" size="96" />
					<method name="Format(System.IFormatProvider,System.String,System.Object[])" size="89" />
					<method name="CreateTrimmedString" size="88" />
					<method name="Format(System.IFormatProvider,System.String,System.Object,System.Object,System.Object)" size="86" />
					<method name="CreateStringForSByteConstructor" size="85" />
					<method name="System.Collections.Generic.IEnumerable&lt;System.Char&gt;.GetEnumerator" size="84" />
					<method name="EqualsHelper" size="80" />
					<method name="CreateString(System.SByte*,System.Int32,System.Int32,System.Text.Encoding)" size="79" />
					<method name="TrimEnd" size="79" />
					<method name="ArrayContains" size="78" />
					<method name="Trim(System.Char[])" size="76" />
					<method name="CompareOrdinal(System.ReadOnlySpan`1&lt;System.Char&gt;,System.ReadOnlySpan`1&lt;System.Char&gt;)" size="76" />
					<method name="Format(System.String,System.Object[])" size="76" />
					<method name="Format(System.IFormatProvider,System.String,System.Object,System.Object)" size="75" />
					<method name="LastIndexOf(System.String,System.StringComparison)" size="75" />
					<method name="Concat(System.Object,System.Object)" size="74" />
					<method name="Compare(System.String,System.String,System.Boolean)" size="73" />
					<method name="Equals(System.Object)" size="72" />
					<method name="Format(System.String,System.Object,System.Object,System.Object)" size="72" />
					<method name="CompareTo(System.Object)" size="69" />
					<method name="CreateString(System.SByte*,System.Int32,System.Int32)" size="69" />
					<method name="System.IConvertible.ToType" size="69" />
					<method name="CreateString(System.Char*,System.Int32,System.Int32)" size="69" />
					<method name="op_Implicit" size="68" />
					<method name="IsCharBitSet" size="68" />
					<method name="CheckStringComparison" size="68" />
					<method name="CreateString(System.Char[],System.Int32,System.Int32)" size="67" />
					<method name="Equals(System.String,System.String)" size="66" />
					<method name="Join(System.String,System.String[])" size="66" />
					<method name="SetCharBit" size="65" />
					<method name="Format(System.IFormatProvider,System.String,System.Object)" size="65" />
					<method name="Split(System.Char,System.StringSplitOptions)" size="64" />
					<method name="IndexOf(System.String,System.StringComparison)" size="64" />
					<method name="IndexOfAny(System.Char[],System.Int32)" size="64" />
					<method name="Equals(System.String)" size="63" />
					<method name="System.IConvertible.ToDateTime" size="63" />
					<method name="System.Collections.IEnumerable.GetEnumerator" size="63" />
					<method name="System.IConvertible.ToBoolean" size="62" />
					<method name="System.IConvertible.ToDecimal" size="62" />
					<method name="wstrcpy" size="62" />
					<method name="Format(System.String,System.Object,System.Object)" size="62" />
					<method name="System.IConvertible.ToUInt16" size="61" />
					<method name="System.IConvertible.ToUInt64" size="61" />
					<method name="System.IConvertible.ToUInt32" size="61" />
					<method name="System.IConvertible.ToSingle" size="61" />
					<method name="System.IConvertible.ToDouble" size="61" />
					<method name="IndexOf(System.Char,System.Int32)" size="61" />
					<method name="get_Chars" size="61" />
					<method name="System.IConvertible.ToInt64" size="60" />
					<method name="LastIndexOf(System.Char,System.Int32)" size="60" />
					<method name="System.IConvertible.ToSByte" size="60" />
					<method name="System.IConvertible.ToInt32" size="60" />
					<method name="System.IConvertible.ToInt16" size="60" />
					<method name="memcpy_aligned_8" size="59" />
					<method name="System.IConvertible.ToChar" size="59" />
					<method name="memcpy_aligned_4" size="59" />
					<method name="System.IConvertible.ToByte" size="59" />
					<method name="memcpy_aligned_2" size="59" />
					<method name="memcpy_aligned_1" size="59" />
					<method name="LastIndexOfAny(System.Char[])" size="58" />
					<method name="ToLower(System.Globalization.CultureInfo)" size="58" />
					<method name="StartsWith(System.String)" size="55" />
					<method name="memcpy" size="53" />
					<method name="GetHashCode" size="53" />
					<method name="LastIndexOf(System.Char)" size="52" />
					<method name="Format(System.String,System.Object)" size="52" />
					<method name="Substring(System.Int32)" size="52" />
					<method name="IsNullOrEmpty" size="51" />
					<method name="Split(System.Char[])" size="50" />
					<method name="bzero_aligned_8" size="49" />
					<method name="bzero_aligned_2" size="48" />
					<method name="CreateString(System.Char,System.Int32)" size="48" />
					<method name="bzero_aligned_4" size="48" />
					<method name="bzero_aligned_1" size="48" />
					<method name="op_Inequality" size="48" />
					<method name="IndexOf(System.Char)" size="48" />
					<method name="IndexOfAny(System.Char[])" size="47" />
					<method name="CreateFromChar" size="46" />
					<method name="ToLowerInvariant" size="45" />
					<method name="bzero" size="43" />
					<method name="op_Equality" size="43" />
					<method name="CreateString(System.ReadOnlySpan`1&lt;System.Char&gt;)" size="41" />
					<method name="EndsWith(System.String)" size="39" />
					<method name="CreateString(System.Char[])" size="39" />
					<method name="CompareTo(System.String)" size="39" />
					<method name="IndexOf(System.String)" size="38" />
					<method name="ToLower()" size="36" />
					<method name="ToString(System.IFormatProvider)" size="35" />
					<method name="GetRawStringData" size="35" />
					<method name="get_Length" size="29" />
					<method name="GetTypeCode" size="26" />
					<method name="Trim()" size="24" />
					<method name="ToString()" size="22" />
					<method name="Clone" size="19" />
				</type>
				<type name="RuntimeType" size="15874">
					<method name="IsConvertibleToPrimitiveType" size="1010" />
					<method name="GetMember" size="635" />
					<method name="CreateInstanceImpl" size="616" />
					<method name="FilterApplyMethodBase" size="388" />
					<method name="MakeGenericType(System.Type[])" size="346" />
					<method name="FilterApplyBase" size="336" />
					<method name="GetMethodImplCommon" size="316" />
					<method name="GetField" size="313" />
					<method name="GetMethodCandidates(System.String,System.Reflection.BindingFlags,System.Reflection.CallingConventions,System.Type[],System.Int32,System.Boolean)" size="301" />
					<method name="GetConstructorCandidates" size="273" />
					<method name="GetPropertyImpl" size="272" />
					<method name="GetMethodCandidates(System.String,System.Int32,System.Reflection.BindingFlags,System.Reflection.CallingConventions,System.Type[],System.Boolean)" size="270" />
					<method name="GetNestedTypes_internal" size="261" />
					<method name="GetPropertiesByName" size="261" />
					<method name="GetFields_internal" size="260" />
					<method name="GetEvents_internal" size="259" />
					<method name="GetMethodsByName" size="258" />
					<method name="GetConstructorImpl" size="249" />
					<method name="GetPropertyCandidates" size="245" />
					<method name="TryConvertToType" size="231" />
					<method name="CreateInstanceMono" size="230" />
					<method name="GetNestedTypeCandidates" size="227" />
					<method name="GetEventCandidates" size="214" />
					<method name="GetFieldCandidates" size="214" />
					<method name="FilterHelper(System.Reflection.BindingFlags,System.String&amp;,System.Boolean,System.Boolean&amp;,System.Boolean&amp;,System.RuntimeType/MemberListType&amp;)" size="211" />
					<method name="GetNestedType" size="209" />
					<method name="GetConstructors_internal" size="206" />
					<method name="CheckValue" size="197" />
					<method name="SanityCheckGenericArguments" size="186" />
					<method name="GetEvent" size="180" />
					<method name="GetBaseType" size="179" />
					<method name="CreateInstanceDefaultCtor" size="168" />
					<method name="CreateInstanceCheckThis" size="157" />
					<method name="FormatTypeName" size="155" />
					<method name="FilterApplyType" size="152" />
					<method name="GetDefaultConstructor" size="147" />
					<method name="SplitName" size="140" />
					<method name=".cctor" size="139" />
					<method name="GetEnumName" size="138" />
					<method name="GetCustomAttributes(System.Type,System.Boolean)" size="130" />
					<method name="GetType" size="124" />
					<method name="FilterPreCalculate" size="124" />
					<method name="ThrowIfTypeNeverValidGenericArgument" size="123" />
					<method name="CreateInstanceForAnotherGenericParameter" size="123" />
					<method name="get_ContainsGenericParameters" size="122" />
					<method name="IsDefined" size="120" />
					<method name="FilterApplyConstructorInfo" size="118" />
					<method name="CreateInstanceSlow" size="117" />
					<method name="get_FullName" size="117" />
					<method name="GetMethodImpl" size="115" />
					<method name="GetSerializationCtor" size="113" />
					<method name="FilterApplyPrefixLookup" size="113" />
					<method name="FilterApplyMethodInfo" size="108" />
					<method name="GetGenericParameterConstraints" size="106" />
					<method name="FilterHelper(System.Reflection.BindingFlags,System.String&amp;,System.Boolean&amp;,System.RuntimeType/MemberListType&amp;)" size="95" />
					<method name="GetEnumNames" size="89" />
					<method name="IsValueTypeImpl" size="82" />
					<method name="IsAssignableFrom" size="80" />
					<method name="IsSubclassOf" size="77" />
					<method name="GetHashCode" size="76" />
					<method name="get_GenericParameterAttributes" size="73" />
					<method name="IsEquivalentTo" size="71" />
					<method name="get_GenericParameterPosition" size="71" />
					<method name="MakePointerType()" size="70" />
					<method name="GetEnumUnderlyingType" size="69" />
					<method name="GetObjectData" size="68" />
					<method name="GetGenericTypeDefinition" size="67" />
					<method name="GetConstructors" size="67" />
					<method name="GetGenericParameterAttributes" size="65" />
					<method name="GetMethods" size="63" />
					<method name="get_IsConstructedGenericType" size="60" />
					<method name="MakeArrayType(System.Int32)" size="60" />
					<method name="GetFields" size="59" />
					<method name="GetCustomAttributes(System.Boolean)" size="56" />
					<method name="GetArrayRank" size="55" />
					<method name="GetGenericArguments" size="54" />
					<method name="GetGenericArgumentsInternal()" size="52" />
					<method name="op_Inequality" size="52" />
					<method name="GetCachedName" size="51" />
					<method name="MakeByRefType" size="51" />
					<method name="get_MemberType" size="51" />
					<method name="get_IsSZArray" size="50" />
					<method name="op_Equality" size="47" />
					<method name="get_IsGenericTypeDefinition" size="46" />
					<method name="get_AssemblyQualifiedName" size="46" />
					<method name="IsInstanceOfType" size="42" />
					<method name="get_IsGenericParameter" size="41" />
					<method name="GetAttributeFlagsImpl" size="40" />
					<method name="get_IsEnum" size="39" />
					<method name="get_UnderlyingSystemType" size="38" />
					<method name="HasElementTypeImpl" size="37" />
					<method name="GetRuntimeAssembly" size="37" />
					<method name="IsGenericCOMObjectImpl" size="36" />
					<method name="get_MetadataToken" size="36" />
					<method name="get_IsGenericType" size="36" />
					<method name="get_ReflectedType" size="36" />
					<method name="IsCOMObjectImpl" size="35" />
					<method name="IsContextfulImpl" size="35" />
					<method name="GetRuntimeModule" size="35" />
					<method name="GetTypeCodeImpl" size="34" />
					<method name="IsPrimitiveImpl" size="34" />
					<method name="get_TypeHandle" size="33" />
					<method name="MakeArrayType()" size="33" />
					<method name="GetElementType" size="33" />
					<method name="get_IsSzArray" size="32" />
					<method name="IsPointerImpl" size="32" />
					<method name="get_BaseType" size="31" />
					<method name="get_Assembly" size="31" />
					<method name="Equals" size="31" />
					<method name="IsArrayImpl" size="30" />
					<method name="IsByRefImpl" size="30" />
					<method name=".ctor" size="29" />
					<method name="ToString" size="29" />
					<method name="get_Module" size="29" />
					<method name="Clone" size="19" />
				</type>
				<type name="DateTimeParse" size="13745">
					<method name="Lex" size="2495" />
					<method name="TryParse" size="931" />
					<method name="ParseISO8601" size="618" />
					<method name="GetDayOfMNN" size="595" />
					<method name=".cctor" size="462" />
					<method name="CheckDefaultDateTime" size="439" />
					<method name="GetYearMonthDayOrder" size="425" />
					<method name="ProcessTerminalState" size="418" />
					<method name="ProcessDateTimeSuffix" size="404" />
					<method name="DetermineTimeZoneAdjustments" size="371" />
					<method name="GetDayOfNNN" size="342" />
					<method name="ParseTimeZone" size="336" />
					<method name="AdjustTimeZoneToLocal" size="335" />
					<method name="GetDateOfNNDS" size="318" />
					<method name="GetMonthDayOrder" size="316" />
					<method name="GetDateTimeParseException" size="314" />
					<method name="DateTimeOffsetTimeZonePostProcessing" size="302" />
					<method name="GetYearMonthOrder" size="296" />
					<method name="GetDayOfMN" size="262" />
					<method name="GetDayOfNM" size="262" />
					<method name="VerifyValidPunctuation" size="245" />
					<method name="GetDayOfNN" size="232" />
					<method name="HandleTimeZone" size="228" />
					<method name="GetDayOfNNY" size="218" />
					<method name="GetDayOfYNN" size="195" />
					<method name="ParseDigits(System.__DTString&amp;,System.Int32,System.Int32,System.Int32&amp;)" size="158" />
					<method name="AdjustTimeZoneToUniversal" size="141" />
					<method name="ParseFraction" size="137" />
					<method name="AdjustTimeMark" size="135" />
					<method name="GetDateTimeNow" size="131" />
					<method name="GetDayOfYMN" size="116" />
					<method name="GetDateOfNDS" size="115" />
					<method name="GetTimeOfNNN" size="115" />
					<method name="GetDayOfYN" size="110" />
					<method name="GetDayOfYM" size="109" />
					<method name="AdjustHour" size="107" />
					<method name="GetTimeOfN" size="104" />
					<method name="TryAdjustYear" size="102" />
					<method name="GetTimeOfNN" size="101" />
					<method name="SetDateYMD" size="95" />
					<method name="Parse" size="90" />
					<method name="GetDefaultYear" size="88" />
					<method name="GetDateOfDSN" size="84" />
					<method name="ParseDigits(System.__DTString&amp;,System.Int32,System.Int32&amp;)" size="79" />
					<method name="SetDateYDM" size="70" />
					<method name="SetDateDMY" size="70" />
					<method name="SetDateMDY" size="70" />
					<method name="IsDigit" size="38" />
				</type>
				<type name="Convert" size="12155">
					<method name="TryDecodeFromUtf16" size="650" />
					<method name="DefaultToType" size="545" />
					<method name="ChangeType(System.Object,System.Type,System.IFormatProvider)" size="513" />
					<method name="ChangeType(System.Object,System.TypeCode,System.IFormatProvider)" size="412" />
					<method name="TryFromBase64Chars" size="399" />
					<method name=".cctor" size="362" />
					<method name="CopyToTempBufferWithoutWhiteSpace" size="196" />
					<method name="Decode" size="180" />
					<method name="ToInt32(System.Double)" size="178" />
					<method name="FromBase64_ComputeResultLength" size="174" />
					<method name="FromBase64CharPtr" size="159" />
					<method name="ToUInt32(System.Double)" size="117" />
					<method name="ToString" size="104" />
					<method name="WriteThreeLowOrderBytes" size="91" />
					<method name="FromBase64String" size="85" />
					<method name="ToChar(System.String,System.IFormatProvider)" size="83" />
					<method name="ToDouble(System.Object,System.IFormatProvider)" size="69" />
					<method name="ToDouble(System.String,System.IFormatProvider)" size="69" />
					<method name="ToDecimal(System.Object,System.IFormatProvider)" size="66" />
					<method name="ToSingle(System.Object,System.IFormatProvider)" size="65" />
					<method name="ToSingle(System.String,System.IFormatProvider)" size="65" />
					<method name="ToDateTime" size="64" />
					<method name="ToDecimal(System.String,System.IFormatProvider)" size="63" />
					<method name="ToBoolean(System.Object,System.IFormatProvider)" size="62" />
					<method name="ToUInt64(System.Object,System.IFormatProvider)" size="62" />
					<method name="ToInt64(System.Object,System.IFormatProvider)" size="61" />
					<method name="ToUInt16(System.Object,System.IFormatProvider)" size="61" />
					<method name="GetTypeCode" size="61" />
					<method name="ToUInt32(System.Object,System.IFormatProvider)" size="61" />
					<method name="ToInt16(System.Object,System.IFormatProvider)" size="60" />
					<method name="ToInt32(System.Object,System.IFormatProvider)" size="60" />
					<method name="ToSByte(System.Object,System.IFormatProvider)" size="60" />
					<method name="ToByte(System.Object,System.IFormatProvider)" size="59" />
					<method name="ToChar(System.Object,System.IFormatProvider)" size="59" />
					<method name="ToUInt64(System.String,System.IFormatProvider)" size="58" />
					<method name="ToUInt32(System.String,System.IFormatProvider)" size="57" />
					<method name="ToUInt16(System.String,System.IFormatProvider)" size="57" />
					<method name="ToInt64(System.String,System.IFormatProvider)" size="57" />
					<method name="ToInt32(System.String,System.IFormatProvider)" size="56" />
					<method name="ToInt16(System.String,System.IFormatProvider)" size="56" />
					<method name="ToBoolean(System.String,System.IFormatProvider)" size="56" />
					<method name="ToInt16(System.Int64)" size="55" />
					<method name="ToInt32(System.Int64)" size="55" />
					<method name="ToByte(System.String,System.IFormatProvider)" size="55" />
					<method name="ToInt16(System.Int32)" size="53" />
					<method name="ToUInt16(System.Int64)" size="52" />
					<method name="ThrowUInt16OverflowException" size="51" />
					<method name="ThrowUInt64OverflowException" size="51" />
					<method name="ToSByte(System.String,System.IFormatProvider)" size="51" />
					<method name="ThrowUInt32OverflowException" size="51" />
					<method name="ToChar(System.Int64)" size="50" />
					<method name="ToByte(System.Int64)" size="50" />
					<method name="ThrowSByteOverflowException" size="50" />
					<method name="ThrowInt32OverflowException" size="50" />
					<method name="ThrowInt16OverflowException" size="50" />
					<method name="ToUInt16(System.Int32)" size="50" />
					<method name="ThrowInt64OverflowException" size="50" />
					<method name="ToSByte(System.Int64)" size="49" />
					<method name="ThrowCharOverflowException" size="49" />
					<method name="ThrowByteOverflowException" size="49" />
					<method name="ToByte(System.Int32)" size="48" />
					<method name="ToByte(System.Int16)" size="48" />
					<method name="ToChar(System.Int32)" size="48" />
					<method name="IsSpace" size="48" />
					<method name="ToUInt32(System.Int64)" size="48" />
					<method name="ToInt64(System.UInt64)" size="48" />
					<method name="ToUInt16(System.UInt64)" size="47" />
					<method name="ToSByte(System.Int16)" size="47" />
					<method name="ToInt16(System.UInt32)" size="47" />
					<method name="ToBoolean(System.Double)" size="47" />
					<method name="ToInt32(System.Object)" size="47" />
					<method name="ToSByte(System.Int32)" size="47" />
					<method name="ToInt32(System.UInt64)" size="46" />
					<method name="ToUInt16(System.UInt32)" size="46" />
					<method name="ToInt16(System.UInt64)" size="46" />
					<method name="ToInt16(System.Char)" size="45" />
					<method name="ToChar(System.UInt64)" size="45" />
					<method name="ToInt16(System.UInt16)" size="45" />
					<method name="ToByte(System.UInt64)" size="45" />
					<method name="ToDecimal(System.Boolean)" size="44" />
					<method name="ToInt32(System.UInt32)" size="44" />
					<method name="ToChar(System.UInt32)" size="44" />
					<method name="ToByte(System.Char)" size="44" />
					<method name="ToByte(System.UInt16)" size="44" />
					<method name="ToByte(System.UInt32)" size="44" />
					<method name="ToSByte(System.UInt32)" size="44" />
					<method name="ToUInt64(System.Decimal)" size="43" />
					<method name="ToBoolean(System.Single)" size="43" />
					<method name="ToBoolean(System.Decimal)" size="43" />
					<method name="ToUInt32(System.UInt64)" size="43" />
					<method name="ToSByte(System.UInt64)" size="43" />
					<method name="ToUInt32(System.Decimal)" size="43" />
					<method name="ToUInt16(System.Decimal)" size="43" />
					<method name="ToSByte(System.UInt16)" size="42" />
					<method name="ToInt32(System.Decimal)" size="42" />
					<method name="ToSByte(System.Byte)" size="42" />
					<method name="ToInt64(System.Decimal)" size="42" />
					<method name="ToSByte(System.Char)" size="42" />
					<method name="ToUInt16(System.Double)" size="42" />
					<method name="ToInt16(System.Decimal)" size="42" />
					<method name="ToUInt64(System.SByte)" size="42" />
					<method name="ToUInt64(System.Int16)" size="42" />
					<method name="ToUInt64(System.Int32)" size="42" />
					<method name="ToUInt16(System.Int16)" size="42" />
					<method name="ToUInt64(System.Int64)" size="42" />
					<method name="ToUInt16(System.SByte)" size="42" />
					<method name="ToSByte(System.Decimal)" size="42" />
					<method name="ToUInt32(System.Int32)" size="41" />
					<method name="ToUInt32(System.Int16)" size="41" />
					<method name="ToUInt32(System.SByte)" size="41" />
					<method name="ToInt16(System.Double)" size="41" />
					<method name="ToSByte(System.Double)" size="41" />
					<method name="ToByte(System.Decimal)" size="41" />
					<method name="ToChar(System.Int16)" size="40" />
					<method name="ToByte(System.SByte)" size="40" />
					<method name="ToByte(System.Double)" size="40" />
					<method name="ToChar(System.SByte)" size="40" />
					<method name="ToUInt64(System.Boolean)" size="39" />
					<method name="ToSingle(System.Boolean)" size="39" />
					<method name="ToDouble(System.Boolean)" size="39" />
					<method name="ToDecimal(System.SByte)" size="38" />
					<method name="ToUInt64(System.Single)" size="38" />
					<method name="ToDecimal(System.Int16)" size="38" />
					<method name="ToDecimal(System.UInt16)" size="38" />
					<method name="ToDecimal(System.Int32)" size="38" />
					<method name="ToDecimal(System.UInt32)" size="38" />
					<method name="ToDecimal(System.Int64)" size="38" />
					<method name="ToInt64(System.Boolean)" size="38" />
					<method name="ToDecimal(System.Single)" size="38" />
					<method name="ToDecimal(System.Byte)" size="38" />
					<method name="ToUInt64(System.Double)" size="38" />
					<method name="ToUInt32(System.Single)" size="38" />
					<method name="ToDouble(System.Decimal)" size="38" />
					<method name="ToSingle(System.Decimal)" size="38" />
					<method name="ToDecimal(System.Double)" size="38" />
					<method name="ToDecimal(System.UInt64)" size="38" />
					<method name="ToUInt16(System.Single)" size="38" />
					<method name="ToUInt16(System.Boolean)" size="37" />
					<method name="ToInt16(System.Single)" size="37" />
					<method name="ToBoolean(System.UInt64)" size="37" />
					<method name="ToInt32(System.Single)" size="37" />
					<method name="ToSByte(System.Single)" size="37" />
					<method name="ToInt64(System.Double)" size="37" />
					<method name="ToBoolean(System.Int64)" size="37" />
					<method name="ToInt64(System.Single)" size="37" />
					<method name="ToUInt32(System.Boolean)" size="37" />
					<method name="ToInt16(System.Boolean)" size="36" />
					<method name="ToBoolean(System.Int32)" size="36" />
					<method name="ToInt32(System.Boolean)" size="36" />
					<method name="ToBoolean(System.UInt32)" size="36" />
					<method name="ToByte(System.Single)" size="36" />
					<method name="ToBoolean(System.Byte)" size="36" />
					<method name="ToBoolean(System.Int16)" size="36" />
					<method name="ToBoolean(System.UInt16)" size="36" />
					<method name="ToSByte(System.Boolean)" size="36" />
					<method name="ToBoolean(System.SByte)" size="36" />
					<method name="ToByte(System.Boolean)" size="35" />
					<method name="ToDouble(System.UInt64)" size="34" />
					<method name="ToSingle(System.UInt32)" size="34" />
					<method name="ToDouble(System.UInt32)" size="34" />
					<method name="ToSingle(System.UInt64)" size="34" />
					<method name="ToDouble(System.UInt16)" size="33" />
					<method name="ToDouble(System.Single)" size="33" />
					<method name="ToDouble(System.Int64)" size="33" />
					<method name="ToDouble(System.Int32)" size="33" />
					<method name="ToDouble(System.Int16)" size="33" />
					<method name="ToUInt64(System.Char)" size="33" />
					<method name="ToDouble(System.SByte)" size="33" />
					<method name="ToDouble(System.Byte)" size="33" />
					<method name="ToUInt64(System.Byte)" size="33" />
					<method name="ToUInt64(System.UInt16)" size="33" />
					<method name="ToUInt64(System.UInt32)" size="33" />
					<method name="ToSingle(System.Byte)" size="33" />
					<method name="ToSingle(System.SByte)" size="33" />
					<method name="ToSingle(System.UInt16)" size="33" />
					<method name="ToSingle(System.Int32)" size="33" />
					<method name="ToSingle(System.Int64)" size="33" />
					<method name="ToSingle(System.Double)" size="33" />
					<method name="ToSingle(System.Int16)" size="33" />
					<method name="ToUInt32(System.UInt16)" size="32" />
					<method name="ToUInt16(System.Byte)" size="32" />
					<method name="ToUInt32(System.Char)" size="32" />
					<method name="ToUInt32(System.Byte)" size="32" />
					<method name="ToUInt16(System.Char)" size="32" />
					<method name="ToInt64(System.Char)" size="32" />
					<method name="ToInt64(System.UInt16)" size="32" />
					<method name="ToInt64(System.Byte)" size="32" />
					<method name="ToInt64(System.Int16)" size="32" />
					<method name="ToInt64(System.Int32)" size="32" />
					<method name="ToInt64(System.UInt32)" size="32" />
					<method name="ToInt64(System.SByte)" size="32" />
					<method name="ToInt32(System.UInt16)" size="31" />
					<method name="ToInt32(System.Int16)" size="31" />
					<method name="ToInt32(System.Char)" size="31" />
					<method name="ToInt16(System.SByte)" size="31" />
					<method name="ToInt16(System.Byte)" size="31" />
					<method name="ToInt32(System.Byte)" size="31" />
					<method name="ToChar(System.UInt16)" size="30" />
					<method name="ToChar(System.Byte)" size="30" />
				</type>
				<type name="Type" size="8060">
					<method name="FilterAttributeImpl" size="415" />
					<method name="GetEnumData" size="281" />
					<method name="IsIntegerType" size="218" />
					<method name="FilterNameIgnoreCaseImpl" size="217" />
					<method name="FilterNameImpl" size="192" />
					<method name="GetMethod(System.String,System.Reflection.BindingFlags,System.Reflection.Binder,System.Reflection.CallingConventions,System.Type[],System.Reflection.ParameterModifier[])" size="187" />
					<method name="GetConstructor(System.Reflection.BindingFlags,System.Reflection.Binder,System.Reflection.CallingConventions,System.Type[],System.Reflection.ParameterModifier[])" size="167" />
					<method name="IsAssignableFrom" size="164" />
					<method name="GetEnumName" size="146" />
					<method name="GetProperty(System.String,System.Reflection.BindingFlags,System.Reflection.Binder,System.Type,System.Type[],System.Reflection.ParameterModifier[])" size="143" />
					<method name="ImplementInterface" size="137" />
					<method name="get_ContainsGenericParameters" size="124" />
					<method name="get_IsSerializable" size="121" />
					<method name="BinarySearch" size="115" />
					<method name="GetType(System.String,System.Func`2&lt;System.Reflection.AssemblyName,System.Reflection.Assembly&gt;,System.Func`4&lt;System.Reflection.Assembly,System.String,System.Boolean,System.Type&gt;,System.Boolean)" size="106" />
					<method name="GetEnumUnderlyingType" size="104" />
					<method name=".cctor" size="97" />
					<method name="GetMethod(System.String,System.Reflection.BindingFlags,System.Reflection.Binder,System.Type[],System.Reflection.ParameterModifier[])" size="96" />
					<method name="GetProperty(System.String,System.Type)" size="95" />
					<method name="GetConstructor(System.Reflection.BindingFlags,System.Reflection.Binder,System.Type[],System.Reflection.ParameterModifier[])" size="90" />
					<method name="MakeGenericSignatureType" size="88" />
					<method name="GetProperty(System.String,System.Type,System.Type[],System.Reflection.ParameterModifier[])" size="86" />
					<method name="GetType(System.String,System.Boolean,System.Boolean)" size="82" />
					<method name="IsSubclassOf" size="76" />
					<method name="GetTypeFromHandle" size="74" />
					<method name="GetMethod(System.String,System.Reflection.BindingFlags)" size="73" />
					<method name="GetTypeCodeImpl" size="69" />
					<method name="get_DefaultBinder" size="69" />
					<method name="GetEnumNames" size="68" />
					<method name="get_IsInterface" size="68" />
					<method name="GetProperty(System.String,System.Type,System.Type[])" size="68" />
					<method name="GetType(System.String,System.Boolean)" size="67" />
					<method name="GetGenericParameterConstraints" size="67" />
					<method name="GetMember(System.String,System.Reflection.MemberTypes,System.Reflection.BindingFlags)" size="66" />
					<method name="get_GenericTypeArguments" size="65" />
					<method name="get_IsGenericMethodParameter" size="63" />
					<method name="GetMember(System.String,System.Reflection.BindingFlags)" size="60" />
					<method name="GetTypeHandle" size="58" />
					<method name="get_IsVariableBoundArray" size="56" />
					<method name="GetEnumRawConstantValues" size="56" />
					<method name="MakeGenericType" size="56" />
					<method name="GetRootElementType" size="55" />
					<method name="GetHashCode" size="52" />
					<method name="IsInstanceOfType" size="52" />
					<method name="op_Inequality" size="52" />
					<method name="get_GenericParameterPosition" size="51" />
					<method name="GetType(System.String)" size="50" />
					<method name="FormatTypeName(System.Boolean)" size="50" />
					<method name="Equals(System.Type)" size="50" />
					<method name="GetTypeCode" size="50" />
					<method name="GetConstructor(System.Type[])" size="48" />
					<method name="get_GenericParameterAttributes" size="48" />
					<method name="op_Equality" size="47" />
					<method name="GetGenericTypeDefinition" size="47" />
					<method name="IsRuntimeImplemented" size="47" />
					<method name="IsMarshalByRefImpl" size="47" />
					<method name="get_IsConstructedGenericType" size="46" />
					<method name="get_IsExplicitLayout" size="46" />
					<method name="IsContextfulImpl" size="45" />
					<method name="get_IsNestedAssembly" size="44" />
					<method name="IsEquivalentTo" size="44" />
					<method name="IsValueTypeImpl" size="44" />
					<method name="GetGenericArguments" size="42" />
					<method name="get_IsAbstract" size="42" />
					<method name="get_IsNestedPublic" size="42" />
					<method name="Equals(System.Object)" size="42" />
					<method name="get_IsGenericTypeDefinition" size="41" />
					<method name="GetMember(System.String)" size="40" />
					<method name="get_IsSealed" size="40" />
					<method name="GetMethod(System.String)" size="40" />
					<method name="MakeArrayType(System.Int32)" size="40" />
					<method name="get_IsNotPublic" size="39" />
					<method name="get_IsEnum" size="39" />
					<method name="get_IsMarshalByRef" size="37" />
					<method name="get_HasElementType" size="37" />
					<method name="get_IsNested" size="37" />
					<method name="ToString" size="37" />
					<method name="get_IsPublic" size="36" />
					<method name="get_IsGenericParameter" size="36" />
					<method name="GetArrayRank" size="35" />
					<method name="get_IsContextful" size="35" />
					<method name="get_IsCOMObject" size="34" />
					<method name="get_IsValueType" size="34" />
					<method name="FormatTypeName()" size="34" />
					<method name="get_IsPrimitive" size="34" />
					<method name="get_Attributes" size="33" />
					<method name="get_IsSignatureType" size="33" />
					<method name="get_DeclaringMethod" size="33" />
					<method name="MakePointerType" size="33" />
					<method name="get_TypeHandle" size="32" />
					<method name="get_IsPointer" size="32" />
					<method name="MakeByRefType" size="31" />
					<method name="MakeArrayType()" size="31" />
					<method name="get_ReflectedType" size="31" />
					<method name="get_IsGenericType" size="31" />
					<method name="get_DeclaringType" size="31" />
					<method name="get_IsSZArray" size="31" />
					<method name="GetMethods()" size="31" />
					<method name="get_IsByRef" size="30" />
					<method name="get_IsArray" size="30" />
					<method name="get_MemberType" size="29" />
					<method name="get_IsSzArray" size="27" />
					<method name="GetType()" size="26" />
					<method name=".ctor" size="24" />
				</type>
				<type name="Guid" size="6953">
					<method name="TryFormat" size="1023" />
					<method name="TryParseGuidWithHexPrefix" size="948" />
					<method name="TryParseGuidWithDashes" size="604" />
					<method name="TryParseGuidWithNoStyle" size="520" />
					<method name="CompareTo(System.Object)" size="436" />
					<method name="CompareTo(System.Guid)" size="396" />
					<method name="TryParseGuid" size="364" />
					<method name="ToString(System.String,System.IFormatProvider)" size="280" />
					<method name="StringToInt(System.ReadOnlySpan`1&lt;System.Char&gt;,System.Int32&amp;,System.Int32,System.Int32,System.Int32&amp;,System.Guid/GuidResult&amp;)" size="239" />
					<method name="EatAllWhitespace" size="200" />
					<method name="StringToLong" size="187" />
					<method name=".ctor(System.Int32,System.Int16,System.Int16,System.Byte,System.Byte,System.Byte,System.Byte,System.Byte,System.Byte,System.Byte,System.Byte)" size="169" />
					<method name="HexsToCharsHexOutput" size="154" />
					<method name="Equals(System.Object)" size="152" />
					<method name="StringToShort(System.ReadOnlySpan`1&lt;System.Char&gt;,System.Int32&amp;,System.Int32,System.Int32,System.Int16&amp;,System.Guid/GuidResult&amp;)" size="129" />
					<method name="Equals(System.Guid)" size="128" />
					<method name="System.ISpanFormattable.TryFormat" size="112" />
					<method name="StringToShort(System.ReadOnlySpan`1&lt;System.Char&gt;,System.Int32,System.Int32,System.Int16&amp;,System.Guid/GuidResult&amp;)" size="109" />
					<method name="StringToInt(System.ReadOnlySpan`1&lt;System.Char&gt;,System.Int32,System.Int32,System.Int32&amp;,System.Guid/GuidResult&amp;)" size="107" />
					<method name="IsHexPrefix" size="102" />
					<method name="HexsToChars" size="99" />
					<method name=".ctor(System.String)" size="95" />
					<method name="NewGuid" size="91" />
					<method name="GetHashCode" size="72" />
					<method name="HexToChar" size="53" />
					<method name="GetResult" size="45" />
					<method name="ToString(System.String)" size="40" />
					<method name="ToString()" size="33" />
				</type>
				<type name="DefaultBinder" size="6908">
					<method name="BindToMethod" size="2242" />
					<method name="SelectProperty" size="717" />
					<method name="SelectMethod" size="606" />
					<method name="FindMostSpecific" size="406" />
					<method name="CanConvertPrimitive" size="361" />
					<method name="FindMostSpecificType" size="284" />
					<method name="ReorderArgumentArray" size="248" />
					<method name="ExactPropertyBinding" size="247" />
					<method name="CreateParamOrder" size="241" />
					<method name="FindMostSpecificMethod" size="233" />
					<method name="ExactBinding" size="206" />
					<method name="FindMostDerivedNewSlotMeth" size="139" />
					<method name="CompareMethodSigAndName" size="132" />
					<method name="CompareMethodSig" size="125" />
					<method name="FindMostSpecificProperty" size="121" />
					<method name="ReorderParams" size="113" />
					<method name="CanConvertPrimitiveObjectToType" size="103" />
					<method name="CanPrimitiveWiden" size="91" />
					<method name="ChangeType" size="73" />
					<method name="GetHierarchyDepth" size="69" />
					<method name="CanChangePrimitive" size="60" />
					<method name=".cctor" size="42" />
					<method name=".ctor" size="24" />
				</type>
				<type name="DateTimeFormat" size="6903">
					<method name="FormatCustomized" size="1625" />
					<method name="TryFormatO" size="491" />
					<method name="TryFormatR" size="473" />
					<method name="ExpandPredefinedFormat" size="440" />
					<method name="GetRealFormat" size="413" />
					<method name="FormatCustomizedTimeZone" size="330" />
					<method name="FormatStringBuilder" size="281" />
					<method name="Format(System.DateTime,System.String,System.IFormatProvider,System.TimeSpan)" size="268" />
					<method name="TryFormat(System.DateTime,System.Span`1&lt;System.Char&gt;,System.Int32&amp;,System.ReadOnlySpan`1&lt;System.Char&gt;,System.IFormatProvider,System.TimeSpan)" size="259" />
					<method name="IsUseGenitiveForm" size="238" />
					<method name="ParseQuoteString" size="223" />
					<method name="FormatCustomizedRoundripTimeZone" size="215" />
					<method name="FormatDigits(System.Text.StringBuilder,System.Int32,System.Int32,System.Boolean)" size="197" />
					<method name="WriteFourDecimalDigits" size="179" />
					<method name=".cctor" size="164" />
					<method name="WriteTwoDecimalDigits" size="118" />
					<method name="WriteDigits" size="118" />
					<method name="ParseRepeatPattern" size="111" />
					<method name="TryFormat(System.DateTime,System.Span`1&lt;System.Char&gt;,System.Int32&amp;,System.ReadOnlySpan`1&lt;System.Char&gt;,System.IFormatProvider)" size="108" />
					<method name="FormatDayOfWeek" size="81" />
					<method name="Append2DigitNumber" size="80" />
					<method name="FormatMonth" size="78" />
					<method name="ParseNextChar" size="70" />
					<method name="Format(System.DateTime,System.String,System.IFormatProvider)" size="69" />
					<method name="FormatDigits(System.Text.StringBuilder,System.Int32,System.Int32)" size="69" />
					<method name="InvalidFormatForLocal" size="58" />
				</type>
				<type name="DateTime" size="6816">
					<method name="TryCreate" size="305" />
					<method name="GetDatePart(System.Int32&amp;,System.Int32&amp;,System.Int32&amp;)" size="284" />
					<method name="GetDatePart(System.Int32)" size="277" />
					<method name=".ctor(System.Runtime.Serialization.SerializationInfo,System.Runtime.Serialization.StreamingContext)" size="268" />
					<method name=".ctor(System.Int32,System.Int32,System.Int32,System.Int32,System.Int32,System.Int32,System.Int32)" size="216" />
					<method name="DateToTicks" size="178" />
					<method name="System.Runtime.Serialization.ISerializable.GetObjectData" size="138" />
					<method name="get_Now" size="126" />
					<method name=".ctor(System.Int64,System.DateTimeKind,System.Boolean)" size="120" />
					<method name=".cctor" size="118" />
					<method name="op_Subtraction(System.DateTime,System.TimeSpan)" size="112" />
					<method name="op_Addition" size="112" />
					<method name=".ctor(System.Int64,System.DateTimeKind)" size="107" />
					<method name="TimeToTicks" size="102" />
					<method name="DaysInMonth" size="102" />
					<method name="TryFormat" size="95" />
					<method name="FromBinaryRaw" size="94" />
					<method name="AddTicks" size="94" />
					<method name="IsLeapYear" size="85" />
					<method name="System.IConvertible.ToBoolean" size="80" />
					<method name="System.IConvertible.ToDecimal" size="80" />
					<method name="System.IConvertible.ToSingle" size="79" />
					<method name="System.IConvertible.ToUInt32" size="79" />
					<method name="System.IConvertible.ToUInt16" size="79" />
					<method name="System.IConvertible.ToDouble" size="79" />
					<method name="System.IConvertible.ToType" size="79" />
					<method name="System.IConvertible.ToUInt64" size="79" />
					<method name="System.IConvertible.ToInt32" size="78" />
					<method name="System.IConvertible.ToInt16" size="78" />
					<method name="System.IConvertible.ToSByte" size="78" />
					<method name="System.IConvertible.ToInt64" size="78" />
					<method name="System.IConvertible.ToByte" size="77" />
					<method name="System.IConvertible.ToChar" size="77" />
					<method name="CompareTo(System.Object)" size="73" />
					<method name="Compare" size="71" />
					<method name=".ctor(System.Int64)" size="68" />
					<method name="op_GreaterThanOrEqual" size="67" />
					<method name="Parse" size="65" />
					<method name="Equals(System.Object)" size="65" />
					<method name="op_LessThanOrEqual" size="64" />
					<method name="System.IConvertible.ToDateTime" size="62" />
					<method name="op_Subtraction(System.DateTime,System.DateTime)" size="61" />
					<method name=".ctor(System.Int32,System.Int32,System.Int32)" size="59" />
					<method name="ToString(System.String,System.IFormatProvider)" size="58" />
					<method name="op_GreaterThan" size="57" />
					<method name="SpecifyKind" size="56" />
					<method name="get_Kind" size="54" />
					<method name="op_Equality" size="54" />
					<method name="op_LessThan" size="54" />
					<method name="get_UtcNow" size="53" />
					<method name="get_Date" size="51" />
					<method name="get_DayOfWeek" size="49" />
					<method name="get_TimeOfDay" size="47" />
					<method name="ToString(System.IFormatProvider)" size="47" />
					<method name="get_InternalTicks" size="46" />
					<method name="get_InternalKind" size="45" />
					<method name="Equals(System.DateTime)" size="44" />
					<method name="CompareTo(System.DateTime)" size="44" />
					<method name="GetHashCode" size="43" />
					<method name="get_Hour" size="42" />
					<method name="get_Second" size="41" />
					<method name="get_Minute" size="41" />
					<method name="ToUniversalTime" size="40" />
					<method name=".ctor(System.UInt64)" size="38" />
					<method name="ToString()" size="34" />
					<method name="ToBinaryRaw" size="30" />
					<method name="get_Month" size="29" />
					<method name="get_Ticks" size="28" />
					<method name="get_Year" size="28" />
					<method name="get_Day" size="27" />
					<method name="GetTypeCode" size="26" />
				</type>
				<type name="TimeZoneInfo" size="6532">
					<method name=".ctor(System.String,System.TimeSpan,System.String,System.String,System.String,System.TimeZoneInfo/AdjustmentRule[],System.Boolean)" size="599" />
					<method name="TryGetTransitionOffset" size="426" />
					<method name="Validate" size="415" />
					<method name="GetUtcOffsetHelper" size="366" />
					<method name=".ctor(System.Runtime.Serialization.SerializationInfo,System.Runtime.Serialization.StreamingContext)" size="283" />
					<method name="ConvertTime" size="260" />
					<method name="GetApplicableRule" size="239" />
					<method name="System.Runtime.Serialization.ISerializable.GetObjectData" size="228" />
					<method name="TransitionPoint" size="227" />
					<method name="ConvertTimeToUtc(System.DateTime,System.TimeZoneInfo,System.TimeZoneInfoOptions)" size="222" />
					<method name="IsAmbiguousTime" size="202" />
					<method name="IsInDSTForYear" size="196" />
					<method name="CreateCustomTimeZone(System.String,System.TimeSpan,System.String,System.String,System.String,System.TimeZoneInfo/AdjustmentRule[],System.Boolean)" size="187" />
					<method name="HasSameRules" size="171" />
					<method name="GetUtcOffset(System.DateTime,System.Boolean&amp;,System.Boolean)" size="170" />
					<method name="TryAddTicks" size="165" />
					<method name="ConvertTimeFromUtc(System.DateTime)" size="145" />
					<method name="IsInvalidTime" size="141" />
					<method name="System.Runtime.Serialization.IDeserializationCallback.OnDeserialization" size="137" />
					<method name="GetUtcOffsetFromUtc" size="130" />
					<method name="CreateCustomTimeZone(System.String,System.TimeSpan,System.String,System.String)" size="110" />
					<method name="GetDateTimeNowUtcOffsetFromUtc" size="94" />
					<method name="IsInDST" size="90" />
					<method name="ConvertTimeFromUtc(System.DateTime,System.TimeZoneInfo)" size="89" />
					<method name="GetHashCode" size="87" />
					<method name="UtcOffsetOutOfRange" size="81" />
					<method name="get_Local" size="71" />
					<method name="GetLocalUtcOffset" size="71" />
					<method name="GetAdjustmentRules" size="70" />
					<method name="ConvertTimeToUtc(System.DateTime,System.TimeZoneInfo)" size="69" />
					<method name="ConvertTimeToUtc(System.DateTime,System.TimeZoneInfoOptions)" size="64" />
					<method name="get_Utc" size="64" />
					<method name="GetUtcOffset(System.DateTime,System.TimeZoneInfoOptions)" size="62" />
					<method name="Equals(System.TimeZoneInfo)" size="62" />
					<method name="GetUtcOffset(System.DateTime)" size="52" />
					<method name="get_SupportsDaylightSavingTime" size="49" />
					<method name="Equals(System.Object)" size="39" />
					<method name="get_BaseUtcOffset" size="36" />
					<method name="get_DisplayName" size="34" />
					<method name="CreateLocal" size="29" />
					<method name="ToString" size="27" />
					<method name="get_Id" size="25" />
				</type>
				<type name="Array" size="6191">
					<method name="Copy(System.Array,System.Int32,System.Array,System.Int32,System.Int32)" size="553" />
					<method name="CreateInstance(System.Type,System.Int32[],System.Int32[])" size="338" />
					<method name="IndexOf(System.Array,System.Object,System.Int32,System.Int32)" size="334" />
					<method name="Reverse" size="219" />
					<method name="System.Collections.IStructuralComparable.CompareTo" size="201" />
					<method name="CreateInstance(System.Type,System.Int32[])" size="199" />
					<method name="Sort(TKey[],TValue[],System.Int32,System.Int32,System.Collections.Generic.IComparer`1&lt;TKey&gt;)" size="183" />
					<method name="System.Collections.IStructuralEquatable.Equals" size="181" />
					<method name="InternalArray__IndexOf" size="170" />
					<method name="BinarySearch(T[],System.Int32,System.Int32,T,System.Collections.Generic.IComparer`1&lt;T&gt;)" size="163" />
					<method name="InternalArray__ICollection_Contains" size="159" />
					<method name="System.Collections.IStructuralEquatable.GetHashCode" size="158" />
					<method name="Sort(T[],System.Int32,System.Int32,System.Collections.Generic.IComparer`1&lt;T&gt;)" size="147" />
					<method name="IndexOf(T[],T,System.Int32,System.Int32)" size="142" />
					<method name="Clear" size="140" />
					<method name="SetValue(System.Object,System.Int32)" size="137" />
					<method name="GetValue(System.Int32)" size="126" />
					<method name="CanAssignArrayElement" size="126" />
					<method name="Resize" size="121" />
					<method name="Copy(System.Array,System.Array,System.Int32)" size="115" />
					<method name="InternalArray__set_Item" size="108" />
					<method name="InternalArray__IReadOnlyList_get_Item" size="94" />
					<method name="InternalArray__ICollection_CopyTo" size="92" />
					<method name="UnsafeCreateInstance(System.Type,System.Int32[],System.Int32[])" size="85" />
					<method name="CopyTo" size="83" />
					<method name="IndexOfImpl" size="83" />
					<method name="InternalArray__get_Item" size="80" />
					<method name="InternalArray__IEnumerable_GetEnumerator" size="78" />
					<method name="CreateInstance(System.Type,System.Int32)" size="76" />
					<method name="Sort(TKey[],TValue[],System.Collections.Generic.IComparer`1&lt;TKey&gt;)" size="75" />
					<method name="IndexOf(System.Array,System.Object)" size="74" />
					<method name="BinarySearch(T[],T)" size="71" />
					<method name="System.Collections.IList.Contains" size="69" />
					<method name="UnsafeCreateInstance(System.Type,System.Int32[])" size="68" />
					<method name="get_Length" size="67" />
					<method name="InternalArray__ICollection_Remove" size="65" />
					<method name="InternalArray__Insert" size="63" />
					<method name="InternalArray__IReadOnlyCollection_get_Count" size="63" />
					<method name="InternalArray__ICollection_Add" size="62" />
					<method name="System.Collections.IList.Add" size="61" />
					<method name="System.Collections.ICollection.get_Count" size="59" />
					<method name="GetUpperBound" size="57" />
					<method name="InternalArray__RemoveAt" size="56" />
					<method name="InternalArray__ICollection_get_IsReadOnly" size="55" />
					<method name="InternalArray__ICollection_get_Count" size="55" />
					<method name="InternalArray__ICollection_Clear" size="55" />
					<method name="CombineHashCodes" size="50" />
					<method name="CreateArrayTypeMismatchException" size="50" />
					<method name="UnsafeLoad" size="50" />
					<method name="UnsafeMov" size="46" />
					<method name="GetRawSzArrayData" size="41" />
					<method name="GetEnumerator" size="32" />
					<method name="get_Rank" size="27" />
					<method name=".ctor" size="24" />
					<method name="Clone" size="24" />
					<method name="Empty" size="23" />
				</type>
				<type name="Enum" size="5543">
					<method name="TryParseEnum" size="587" />
					<method name="InternalFormattedHexString" size="392" />
					<method name="ToObject(System.Type,System.Object)" size="272" />
					<method name="GetTypeCode" size="259" />
					<method name="InternalFlagsFormat" size="230" />
					<method name="ToString(System.String)" size="175" />
					<method name="GetCachedValuesAndNames" size="144" />
					<method name="ToObject(System.Type,System.Boolean)" size="142" />
					<method name="ToUInt64" size="141" />
					<method name="CompareTo" size="141" />
					<method name="ToObject(System.Type,System.SByte)" size="136" />
					<method name="ToObject(System.Type,System.Int16)" size="136" />
					<method name="ToObject(System.Type,System.Int32)" size="136" />
					<method name="ToObject(System.Type,System.UInt16)" size="136" />
					<method name="ToObject(System.Type,System.Byte)" size="136" />
					<method name="ToObject(System.Type,System.Char)" size="136" />
					<method name="ToObject(System.Type,System.UInt32)" size="136" />
					<method name="ToObject(System.Type,System.Int64)" size="135" />
					<method name="ToObject(System.Type,System.UInt64)" size="135" />
					<method name="Parse" size="102" />
					<method name="InternalFormat" size="94" />
					<method name="System.IConvertible.ToDateTime" size="93" />
					<method name="System.IConvertible.ToBoolean" size="71" />
					<method name="System.IConvertible.ToDecimal" size="71" />
					<method name="System.IConvertible.ToSingle" size="70" />
					<method name="GetName" size="70" />
					<method name="System.IConvertible.ToUInt16" size="70" />
					<method name="System.IConvertible.ToDouble" size="70" />
					<method name="System.IConvertible.ToUInt32" size="70" />
					<method name="System.IConvertible.ToUInt64" size="70" />
					<method name="System.IConvertible.ToType" size="69" />
					<method name="System.IConvertible.ToSByte" size="69" />
					<method name="System.IConvertible.ToInt32" size="69" />
					<method name="System.IConvertible.ToInt16" size="69" />
					<method name="GetUnderlyingType" size="69" />
					<method name="System.IConvertible.ToInt64" size="69" />
					<method name="System.IConvertible.ToByte" size="68" />
					<method name="System.IConvertible.ToChar" size="68" />
					<method name="InternalGetValues" size="55" />
					<method name="InternalGetNames" size="54" />
					<method name="ToString(System.String,System.IFormatProvider)" size="52" />
					<method name="ToString()" size="43" />
					<method name="ToString(System.IFormatProvider)" size="40" />
					<method name=".cctor" size="35" />
					<method name="Equals" size="34" />
					<method name="GetHashCode" size="30" />
					<method name="GetValue" size="27" />
					<method name=".ctor" size="24" />
				</type>
				<type name="Decimal" size="4384">
					<method name=".ctor(System.Int32,System.Int32,System.Int32,System.Boolean,System.Byte)" size="141" />
					<method name="Round(System.Decimal&amp;,System.Int32,System.MidpointRounding)" size="139" />
					<method name="System.Runtime.Serialization.IDeserializationCallback.OnDeserialization" size="119" />
					<method name="TryFormat" size="100" />
					<method name="ToInt32" size="93" />
					<method name="ToInt64" size="89" />
					<method name="ToUInt32" size="85" />
					<method name=".ctor(System.Int64)" size="83" />
					<method name=".cctor" size="82" />
					<method name="Parse(System.String,System.Globalization.NumberStyles,System.IFormatProvider)" size="81" />
					<method name="System.IConvertible.ToDateTime" size="81" />
					<method name="System.IConvertible.ToType" size="79" />
					<method name="ToUInt16" size="79" />
					<method name="ToInt16" size="78" />
					<method name="ToUInt64" size="78" />
					<method name="ToSByte" size="78" />
					<method name=".ctor(System.Int32)" size="77" />
					<method name="ToByte" size="77" />
					<method name="System.IConvertible.ToChar" size="77" />
					<method name="CompareTo(System.Object)" size="75" />
					<method name="ToString(System.String,System.IFormatProvider)" size="68" />
					<method name="System.IConvertible.ToBoolean" size="66" />
					<method name="Parse(System.String,System.IFormatProvider)" size="66" />
					<method name="System.IConvertible.ToUInt64" size="65" />
					<method name="System.IConvertible.ToUInt16" size="65" />
					<method name="System.IConvertible.ToDouble" size="65" />
					<method name="System.IConvertible.ToSingle" size="65" />
					<method name="System.IConvertible.ToUInt32" size="65" />
					<method name="Truncate" size="64" />
					<method name="System.IConvertible.ToSByte" size="64" />
					<method name="System.IConvertible.ToInt16" size="64" />
					<method name="System.IConvertible.ToInt64" size="64" />
					<method name="System.IConvertible.ToInt32" size="64" />
					<method name="System.IConvertible.ToByte" size="63" />
					<method name="System.IConvertible.ToDecimal" size="61" />
					<method name="Equals(System.Object)" size="61" />
					<method name=".ctor(System.UInt64)" size="61" />
					<method name="IsValid" size="58" />
					<method name="ToString(System.IFormatProvider)" size="57" />
					<method name=".ctor(System.UInt32)" size="56" />
					<method name="get_Low64" size="54" />
					<method name="op_Inequality" size="52" />
					<method name="DecDivMod1E9" size="46" />
					<method name="Round(System.Decimal,System.Int32)" size="46" />
					<method name="ToString()" size="43" />
					<method name="op_Implicit(System.UInt16)" size="40" />
					<method name="Equals(System.Decimal)" size="40" />
					<method name="CompareTo(System.Decimal)" size="40" />
					<method name=".ctor(System.Single)" size="40" />
					<method name=".ctor(System.Double)" size="40" />
					<method name="op_Implicit(System.Byte)" size="40" />
					<method name="op_Implicit(System.Int16)" size="40" />
					<method name="op_Implicit(System.SByte)" size="40" />
					<method name="op_Explicit(System.Double)" size="40" />
					<method name="op_Explicit(System.Single)" size="40" />
					<method name="op_Implicit(System.UInt64)" size="40" />
					<method name="op_Implicit(System.Int64)" size="40" />
					<method name="op_Implicit(System.Int32)" size="40" />
					<method name="op_Explicit(System.Decimal)" size="40" />
					<method name="op_Implicit(System.UInt32)" size="40" />
					<method name="get_IsNegative" size="36" />
					<method name="ToSingle" size="34" />
					<method name="ToDouble" size="34" />
					<method name="AsMutable" size="34" />
					<method name="get_Scale" size="32" />
					<method name="GetHashCode" size="30" />
					<method name="get_High" size="27" />
					<method name="get_Low" size="26" />
					<method name="get_Mid" size="26" />
					<method name="GetTypeCode" size="26" />
				</type>
				<type name="SpanHelpers" size="3772">
					<method name="SequenceEqual(T&amp;,T&amp;,System.Int32)" size="714" />
					<method name="IndexOf(T&amp;,T,System.Int32)" size="680" />
					<method name="IndexOf(System.Byte&amp;,System.Byte,System.Int32)" size="507" />
					<method name="SequenceCompareTo" size="479" />
					<method name="LastIndexOf" size="408" />
					<method name="IndexOf(System.Char&amp;,System.Char,System.Int32)" size="391" />
					<method name="SequenceEqual(System.Byte&amp;,System.Byte&amp;,System.UInt64)" size="257" />
					<method name="LocateLastFoundChar(System.Numerics.Vector`1&lt;System.UInt16&gt;)" size="104" />
					<method name="LocateFirstFoundChar(System.Numerics.Vector`1&lt;System.UInt16&gt;)" size="103" />
					<method name="LocateLastFoundChar(System.UInt64)" size="66" />
					<method name="LocateFirstFoundChar(System.UInt64)" size="63" />
				</type>
				<type name="ThrowHelper" size="3521">
					<method name="GetResourceName" size="707" />
					<method name="GetArgumentName" size="377" />
					<method name="ThrowArgumentOutOfRangeException(System.ExceptionArgument,System.ExceptionResource)" size="117" />
					<method name="ThrowWrongValueTypeArgumentException" size="108" />
					<method name="ThrowWrongKeyTypeArgumentException" size="104" />
					<method name="IfNullAndNullsAreIllegalThenThrow" size="97" />
					<method name="ThrowInvalidOperationException_InvalidOperation_EnumFailedVersion" size="88" />
					<method name="ThrowInvalidOperationException_InvalidOperation_EnumOpCantHappen" size="87" />
					<method name="ThrowInvalidOperationException_ConcurrentOperationsNotSupported" size="86" />
					<method name="ThrowInvalidTypeWithPointersNotSupported" size="84" />
					<method name="ThrowArgumentException(System.ExceptionResource,System.ExceptionArgument)" size="83" />
					<method name="GetArgumentOutOfRangeException" size="81" />
					<method name="GetAddingDuplicateWithKeyArgumentException" size="79" />
					<method name="ThrowInvalidOperationException_InvalidOperation_NoValue" size="78" />
					<method name="CreateArgumentOutOfRangeException(System.ExceptionArgument)" size="77" />
					<method name="ThrowIndexArgumentOutOfRange_NeedNonNegNumException" size="76" />
					<method name="ThrowArgumentException_Argument_InvalidArrayType" size="71" />
					<method name="ThrowAddingDuplicateWithKeyArgumentException" size="71" />
					<method name="CreateArgumentNullException" size="71" />
					<method name="ThrowSerializationException" size="69" />
					<method name="ThrowNotSupportedException" size="68" />
					<method name="CreateArgumentException_DestinationTooShort" size="66" />
					<method name="GetKeyNotFoundException" size="65" />
					<method name="ThrowArgumentException(System.ExceptionResource)" size="64" />
					<method name="ThrowArgumentOutOfRangeException(System.ExceptionArgument)" size="64" />
					<method name="ThrowArgumentOutOfRange_IndexException" size="63" />
					<method name="ThrowArgumentException_DestinationTooShort" size="60" />
					<method name="ThrowArgumentNullException" size="58" />
					<method name="GetInvalidOperationException" size="55" />
					<method name="ThrowKeyNotFoundException" size="52" />
					<method name="CreateArgumentOutOfRangeException()" size="51" />
					<method name="ThrowArgumentOutOfRangeException()" size="50" />
					<method name="CreateArrayTypeMismatchException" size="50" />
					<method name="ThrowArrayTypeMismatchException" size="49" />
					<method name="CreateIndexOutOfRangeException" size="48" />
					<method name="ThrowIndexOutOfRangeException" size="47" />
				</type>
				<type name="TypeSpec" size="3431">
					<method name="Parse(System.String,System.Int32&amp;,System.Boolean,System.Boolean)" size="1410" />
					<method name="Resolve" size="687" />
					<method name="GetDisplayFullName" size="384" />
					<method name="UnescapeInternalName" size="138" />
					<method name="GetModifierString" size="120" />
					<method name="AddName" size="91" />
					<method name="Parse(System.String)" size="86" />
					<method name="SkipSpace" size="78" />
					<method name="AddModifier" size="62" />
					<method name="BoundCheck" size="62" />
					<method name="get_DisplayFullName" size="59" />
					<method name="ParsedTypeIdentifier" size="55" />
					<method name="get_HasModifiers" size="38" />
					<method name=".ctor" size="24" />
				</type>
				<type name="Delegate" size="3405">
					<method name="CreateDelegate(System.Type,System.Object,System.Reflection.MethodInfo,System.Boolean,System.Boolean)" size="950" />
					<method name="GetCandidateMethod" size="402" />
					<method name="Equals" size="233" />
					<method name="CreateDelegate(System.Type,System.Type,System.String,System.Boolean,System.Boolean)" size="154" />
					<method name="CreateDelegate(System.Type,System.Object,System.String,System.Boolean,System.Boolean)" size="153" />
					<method name="arg_type_match_this" size="147" />
					<method name="arg_type_match" size="142" />
					<method name="GetMethodImpl" size="120" />
					<method name="Combine(System.Delegate,System.Delegate)" size="106" />
					<method name="return_type_match" size="98" />
					<method name="Combine(System.Delegate[])" size="86" />
					<method name="CreateDelegate(System.Type,System.Object,System.String,System.Boolean)" size="83" />
					<method name="CreateDelegate(System.Type,System.Object,System.Reflection.MethodInfo)" size="75" />
					<method name="GetHashCode" size="75" />
					<method name="CreateDelegate(System.Type,System.Type,System.String)" size="68" />
					<method name="CreateDelegate(System.Type,System.Object,System.String)" size="67" />
					<method name="GetObjectData" size="55" />
					<method name="GetInvocationList" size="40" />
					<method name="CombineImpl" size="40" />
					<method name="get_Target" size="29" />
					<method name="get_Method" size="29" />
					<method name="Clone" size="24" />
				</type>
				<type name="MonoCustomAttrs" size="3007">
					<method name="GetCustomAttributes(System.Reflection.ICustomAttributeProvider,System.Type,System.Boolean)" size="923" />
					<method name="GetBasePropertyDefinition" size="257" />
					<method name="GetBase" size="245" />
					<method name="GetPseudoCustomAttributes(System.Reflection.ICustomAttributeProvider,System.Type)" size="243" />
					<method name="GetBaseEventDefinition" size="212" />
					<method name="IsDefined" size="202" />
					<method name="RetrieveAttributeUsageNoCache" size="179" />
					<method name="GetCustomAttributesBase" size="174" />
					<method name="GetPseudoCustomAttributes(System.Type)" size="151" />
					<method name="IsUserCattrProvider" size="119" />
					<method name="RetrieveAttributeUsage" size="113" />
					<method name="GetCustomAttributes(System.Reflection.ICustomAttributeProvider,System.Boolean)" size="105" />
					<method name=".cctor" size="34" />
				</type>
				<type name="Exception" size="2728">
					<method name="GetObjectData" size="445" />
					<method name=".ctor(System.Runtime.Serialization.SerializationInfo,System.Runtime.Serialization.StreamingContext)" size="367" />
					<method name="ToString(System.Boolean,System.Boolean)" size="224" />
					<method name="GetStackTrace" size="126" />
					<method name="FixRemotingException" size="114" />
					<method name="get_Source" size="111" />
					<method name="RestoreExceptionDispatchInfo" size="98" />
					<method name="GetMessageFromNativeResources" size="96" />
					<method name="get_Message" size="84" />
					<method name="OnDeserialized" size="78" />
					<method name=".ctor(System.String,System.Exception)" size="75" />
					<method name="StripFileInfo" size="65" />
					<method name="Init" size="60" />
					<method name="GetClassName" size="56" />
					<method name=".ctor(System.String)" size="49" />
					<method name="set_HResult" size="41" />
					<method name="SetErrorCode" size="39" />
					<method name="get_InnerException" size="37" />
					<method name="get_StackTrace" size="34" />
					<method name="get_HResult" size="30" />
					<method name=".ctor()" size="30" />
					<method name="ToString()" size="29" />
					<method name=".cctor" size="29" />
					<method name="GetType" size="26" />
				</type>
				<type name="Char" size="2560">
					<method name="ConvertToUtf32" size="137" />
					<method name="IsHighSurrogate(System.String,System.Int32)" size="94" />
					<method name="IsLetter" size="89" />
					<method name="IsSurrogate(System.String,System.Int32)" size="86" />
					<method name="System.IConvertible.ToDateTime" size="81" />
					<method name="System.IConvertible.ToBoolean" size="80" />
					<method name="System.IConvertible.ToDecimal" size="80" />
					<method name="System.IConvertible.ToDouble" size="79" />
					<method name="System.IConvertible.ToSingle" size="79" />
					<method name="System.IConvertible.ToType" size="75" />
					<method name="IsWhiteSpaceLatin1" size="67" />
					<method name="Parse" size="65" />
					<method name="CompareTo(System.Object)" size="65" />
					<method name="System.IConvertible.ToUInt64" size="61" />
					<method name="System.IConvertible.ToUInt32" size="61" />
					<method name="System.IConvertible.ToUInt16" size="61" />
					<method name="System.IConvertible.ToInt64" size="60" />
					<method name="System.IConvertible.ToInt32" size="60" />
					<method name="System.IConvertible.ToInt16" size="60" />
					<method name="System.IConvertible.ToSByte" size="60" />
					<method name="IsDigit" size="59" />
					<method name="System.IConvertible.ToByte" size="59" />
					<method name="GetUnicodeCategory" size="58" />
					<method name="IsHighSurrogate(System.Char)" size="55" />
					<method name="IsLowSurrogate" size="54" />
					<method name="System.IConvertible.ToChar" size="54" />
					<method name="IsWhiteSpace" size="52" />
					<method name="GetLatin1UnicodeCategory" size="51" />
					<method name="ToLowerInvariant" size="51" />
					<method name="ToUpperInvariant" size="51" />
					<method name="IsSurrogate(System.Char)" size="51" />
					<method name="Equals(System.Object)" size="47" />
					<method name=".cctor" size="45" />
					<method name="ToString(System.IFormatProvider)" size="41" />
					<method name="IsLatin1" size="39" />
					<method name="CheckLetter" size="38" />
					<method name="CompareTo(System.Char)" size="36" />
					<method name="IsAscii" size="35" />
					<method name="ToString(System.Char)" size="33" />
					<method name="Equals(System.Char)" size="32" />
					<method name="GetHashCode" size="32" />
					<method name="ToString()" size="28" />
					<method name="GetTypeCode" size="25" />
				</type>
				<type name="__DTString" size="2452">
					<method name="MatchSpecifiedWords" size="511" />
					<method name="GetRegularToken" size="469" />
					<method name="GetSubString" size="247" />
					<method name="GetSeparatorToken" size="172" />
					<method name="SkipWhiteSpaceCurrent" size="134" />
					<method name=".ctor" size="113" />
					<method name="Match" size="101" />
					<method name="ConsumeSubString" size="94" />
					<method name="SkipWhiteSpaces" size="88" />
					<method name="Advance" size="85" />
					<method name="GetNextDigit" size="79" />
					<method name="GetNext" size="75" />
					<method name=".cctor" size="43" />
					<method name="GetDigit" size="42" />
					<method name="GetChar" size="38" />
					<method name="AtEnd" size="35" />
					<method name="get_Length" size="34" />
				</type>
				<type name="TimeSpan" size="2233">
					<method name=".ctor(System.Int32,System.Int32,System.Int32,System.Int32,System.Int32)" size="178" />
					<method name="Interval" size="151" />
					<method name="TimeToTicks" size="123" />
					<method name="TryFormat" size="101" />
					<method name="get_TotalMilliseconds" size="101" />
					<method name="CompareTo(System.Object)" size="95" />
					<method name="Add" size="93" />
					<method name=".cctor" size="69" />
					<method name="Negate" size="67" />
					<method name="CompareTo(System.TimeSpan)" size="66" />
					<method name=".ctor(System.Int32,System.Int32,System.Int32)" size="66" />
					<method name="op_GreaterThanOrEqual" size="65" />
					<method name="ToString(System.String,System.IFormatProvider)" size="64" />
					<method name="Equals(System.Object)" size="58" />
					<method name="op_Inequality" size="57" />
					<method name="op_GreaterThan" size="55" />
					<method name="op_LessThan" size="52" />
					<method name="op_Equality" size="52" />
					<method name="FromMilliseconds" size="46" />
					<method name="op_Addition" size="46" />
					<method name="FromMinutes" size="45" />
					<method name="FromSeconds" size="45" />
					<method name="get_TotalHours" size="44" />
					<method name="FromHours" size="43" />
					<method name="get_Hours" size="43" />
					<method name="get_Minutes" size="42" />
					<method name="GetHashCode" size="42" />
					<method name="FromDays" size="42" />
					<method name="Equals(System.TimeSpan)" size="41" />
					<method name="FromTicks" size="38" />
					<method name=".ctor(System.Int64)" size="35" />
					<method name="ToString()" size="34" />
					<method name="get_Ticks" size="28" />
				</type>
				<type name="UnitySerializationHolder" size="2104">
					<method name="GetRealObject" size="587" />
					<method name=".ctor" size="316" />
					<method name="GetUnitySerializationInfo(System.Runtime.Serialization.SerializationInfo,System.RuntimeType)" size="270" />
					<method name="AddElementTypes" size="185" />
					<method name="GetUnitySerializationInfo(System.Runtime.Serialization.SerializationInfo,System.Int32,System.String,System.Reflection.RuntimeAssembly)" size="173" />
					<method name="MakeElementTypes" size="158" />
					<method name="GetUnitySerializationInfo(System.Runtime.Serialization.SerializationInfo,System.Int32)" size="127" />
					<method name="ThrowInsufficientInformation" size="76" />
					<method name="GetObjectData" size="62" />
				</type>
				<type name="AppDomain" size="2077">
					<method name="DoAssemblyResolve" size="264" />
					<method name="DoTypeResolve" size="182" />
					<method name="ProcessMessageInDomain" size="172" />
					<method name="InvokeInDomainByID" size="152" />
					<method name="Load(System.String,System.Security.Policy.Evidence,System.Boolean,System.Threading.StackCrawlMark&amp;)" size="144" />
					<method name="DoResourceResolve" size="136" />
					<method name="GetMarshalledDomainObjRef" size="82" />
					<method name="GetProcessGuid" size="72" />
					<method name="DoAssemblyLoad" size="67" />
					<method name="DoTypeBuilderResolve" size="62" />
					<method name="Load(System.String)" size="53" />
					<method name="IsFinalizingForUnload" size="45" />
					<method name="InitializeLifetimeService" size="39" />
					<method name="get_CurrentDomain" size="35" />
					<method name="getDomainID" size="29" />
					<method name="ToString" size="27" />
					<method name=".ctor" size="24" />
				</type>
				<type name="Version" size="2069">
					<method name="ToCachedStringBuilder" size="366" />
					<method name=".ctor(System.Int32,System.Int32,System.Int32,System.Int32)" size="191" />
					<method name="TryFormat(System.Span`1&lt;System.Char&gt;,System.Int32,System.Int32&amp;)" size="184" />
					<method name="CompareTo(System.Version)" size="178" />
					<method name="System.ISpanFormattable.TryFormat" size="111" />
					<method name=".ctor(System.Version)" size="98" />
					<method name="Equals(System.Version)" size="94" />
					<method name="GetHashCode" size="83" />
					<method name="ToString(System.Int32)" size="80" />
					<method name="CompareTo(System.Object)" size="77" />
					<method name="TryFormat(System.Span`1&lt;System.Char&gt;,System.Int32&amp;)" size="69" />
					<method name="get_DefaultFormatFieldCount" size="63" />
					<method name="op_Equality" size="53" />
					<method name=".ctor()" size="52" />
					<method name="op_Inequality" size="50" />
					<method name="Equals(System.Object)" size="39" />
					<method name="ToString()" size="33" />
					<method name="get_Revision" size="31" />
					<method name="get_Build" size="28" />
					<method name="get_Minor" size="28" />
					<method name="get_Major" size="28" />
					<method name="Clone" size="24" />
				</type>
				<type name="Double" size="1985">
					<method name="CompareTo(System.Object)" size="110" />
					<method name="TryFormat" size="96" />
					<method name="System.IConvertible.ToDateTime" size="81" />
					<method name="Parse(System.String,System.Globalization.NumberStyles,System.IFormatProvider)" size="81" />
					<method name="GetHashCode" size="81" />
					<method name="System.IConvertible.ToChar" size="77" />
					<method name="System.IConvertible.ToType" size="75" />
					<method name="CompareTo(System.Double)" size="75" />
					<method name="Equals(System.Object)" size="72" />
					<method name="Parse(System.String,System.IFormatProvider)" size="69" />
					<method name="System.IConvertible.ToBoolean" size="62" />
					<method name="System.IConvertible.ToDecimal" size="62" />
					<method name="System.IConvertible.ToUInt64" size="61" />
					<method name="System.IConvertible.ToUInt32" size="61" />
					<method name="System.IConvertible.ToUInt16" size="61" />
					<method name="System.IConvertible.ToSingle" size="61" />
					<method name="System.IConvertible.ToInt16" size="60" />
					<method name="System.IConvertible.ToInt32" size="60" />
					<method name="System.IConvertible.ToInt64" size="60" />
					<method name="System.IConvertible.ToSByte" size="60" />
					<method name="System.IConvertible.ToByte" size="59" />
					<method name="ToString(System.String,System.IFormatProvider)" size="59" />
					<method name="System.IConvertible.ToDouble" size="56" />
					<method name="IsNegative" size="56" />
					<method name="Parse(System.String)" size="55" />
					<method name="IsFinite" size="54" />
					<method name="Equals(System.Double)" size="51" />
					<method name="IsNaN" size="51" />
					<method name="ToString(System.IFormatProvider)" size="48" />
					<method name="ToString()" size="34" />
					<method name="GetTypeCode" size="26" />
				</type>
				<type name="ParseNumbers" size="1974">
					<method name="StringToInt" size="518" />
					<method name="StringToLong" size="466" />
					<method name="GrabLongs" size="310" />
					<method name="GrabInts" size="278" />
					<method name="IsDigit" size="120" />
					<method name="EatWhiteSpace" size="80" />
					<method name="ThrowOverflowUInt32Exception" size="51" />
					<method name="ThrowOverflowUInt64Exception" size="51" />
					<method name="ThrowOverflowInt32Exception" size="50" />
					<method name="ThrowOverflowInt64Exception" size="50" />
				</type>
				<type name="Single" size="1840">
					<method name="CompareTo(System.Object)" size="110" />
					<method name="TryFormat" size="96" />
					<method name="System.IConvertible.ToDateTime" size="81" />
					<method name="Parse(System.String,System.Globalization.NumberStyles,System.IFormatProvider)" size="81" />
					<method name="System.IConvertible.ToChar" size="77" />
					<method name="System.IConvertible.ToType" size="75" />
					<method name="CompareTo(System.Single)" size="75" />
					<method name="Equals(System.Object)" size="72" />
					<method name="Parse(System.String,System.IFormatProvider)" size="69" />
					<method name="System.IConvertible.ToDecimal" size="62" />
					<method name="System.IConvertible.ToBoolean" size="62" />
					<method name="System.IConvertible.ToUInt16" size="61" />
					<method name="System.IConvertible.ToDouble" size="61" />
					<method name="GetHashCode" size="61" />
					<method name="System.IConvertible.ToUInt32" size="61" />
					<method name="System.IConvertible.ToUInt64" size="61" />
					<method name="System.IConvertible.ToSByte" size="60" />
					<method name="System.IConvertible.ToInt16" size="60" />
					<method name="System.IConvertible.ToInt32" size="60" />
					<method name="System.IConvertible.ToInt64" size="60" />
					<method name="System.IConvertible.ToByte" size="59" />
					<method name="ToString(System.String,System.IFormatProvider)" size="59" />
					<method name="System.IConvertible.ToSingle" size="56" />
					<method name="Equals(System.Single)" size="51" />
					<method name="ToString(System.IFormatProvider)" size="48" />
					<method name="IsInfinity" size="48" />
					<method name="IsNaN" size="43" />
					<method name="ToString()" size="34" />
					<method name="GetTypeCode" size="26" />
				</type>
				<type name="Int16" size="1827">
					<method name="TryFormat" size="151" />
					<method name="Parse(System.ReadOnlySpan`1&lt;System.Char&gt;,System.Globalization.NumberStyles,System.Globalization.NumberFormatInfo)" size="141" />
					<method name="ToString(System.String,System.IFormatProvider)" size="119" />
					<method name="System.IConvertible.ToDateTime" size="81" />
					<method name="Parse(System.String,System.Globalization.NumberStyles,System.IFormatProvider)" size="81" />
					<method name="System.IConvertible.ToType" size="75" />
					<method name="Parse(System.String,System.IFormatProvider)" size="65" />
					<method name="CompareTo(System.Object)" size="65" />
					<method name="System.IConvertible.ToBoolean" size="62" />
					<method name="System.IConvertible.ToDecimal" size="62" />
					<method name="System.IConvertible.ToDouble" size="61" />
					<method name="System.IConvertible.ToSingle" size="61" />
					<method name="System.IConvertible.ToUInt64" size="61" />
					<method name="System.IConvertible.ToUInt32" size="61" />
					<method name="System.IConvertible.ToUInt16" size="61" />
					<method name="System.IConvertible.ToInt64" size="60" />
					<method name="System.IConvertible.ToSByte" size="60" />
					<method name="System.IConvertible.ToInt32" size="60" />
					<method name="System.IConvertible.ToChar" size="59" />
					<method name="System.IConvertible.ToByte" size="59" />
					<method name="System.IConvertible.ToInt16" size="55" />
					<method name="ToString(System.IFormatProvider)" size="48" />
					<method name="Equals(System.Object)" size="47" />
					<method name="CompareTo(System.Int16)" size="36" />
					<method name="ToString()" size="35" />
					<method name="GetHashCode" size="33" />
					<method name="Equals(System.Int16)" size="32" />
					<method name="GetTypeCode" size="25" />
				</type>
				<type name="SByte" size="1812">
					<method name="TryFormat" size="151" />
					<method name="Parse(System.ReadOnlySpan`1&lt;System.Char&gt;,System.Globalization.NumberStyles,System.Globalization.NumberFormatInfo)" size="135" />
					<method name="ToString(System.String,System.IFormatProvider)" size="119" />
					<method name="System.IConvertible.ToDateTime" size="81" />
					<method name="Parse(System.String,System.Globalization.NumberStyles,System.IFormatProvider)" size="81" />
					<method name="System.IConvertible.ToType" size="75" />
					<method name="Parse(System.String,System.IFormatProvider)" size="65" />
					<method name="CompareTo(System.Object)" size="63" />
					<method name="System.IConvertible.ToBoolean" size="62" />
					<method name="System.IConvertible.ToDecimal" size="62" />
					<method name="System.IConvertible.ToDouble" size="61" />
					<method name="System.IConvertible.ToSingle" size="61" />
					<method name="System.IConvertible.ToUInt64" size="61" />
					<method name="System.IConvertible.ToUInt32" size="61" />
					<method name="System.IConvertible.ToUInt16" size="61" />
					<method name="System.IConvertible.ToInt64" size="60" />
					<method name="System.IConvertible.ToInt16" size="60" />
					<method name="System.IConvertible.ToChar" size="59" />
					<method name="System.IConvertible.ToByte" size="59" />
					<method name="System.IConvertible.ToSByte" size="55" />
					<method name="System.IConvertible.ToInt32" size="55" />
					<method name="ToString(System.IFormatProvider)" size="48" />
					<method name="Equals(System.Object)" size="47" />
					<method name="CompareTo(System.SByte)" size="36" />
					<method name="ToString()" size="35" />
					<method name="Equals(System.SByte)" size="32" />
					<method name="GetHashCode" size="31" />
					<method name="GetTypeCode" size="25" />
				</type>
				<type name="Boolean" size="1769">
					<method name="TrimWhiteSpaceAndNull" size="157" />
					<method name="TryParse" size="140" />
					<method name="System.IConvertible.ToDateTime" size="81" />
					<method name="System.IConvertible.ToChar" size="77" />
					<method name="System.IConvertible.ToType" size="75" />
					<method name="CompareTo(System.Object)" size="73" />
					<method name="System.IConvertible.ToDecimal" size="62" />
					<method name="System.IConvertible.ToUInt32" size="61" />
					<method name="System.IConvertible.ToUInt16" size="61" />
					<method name="System.IConvertible.ToUInt64" size="61" />
					<method name="System.IConvertible.ToDouble" size="61" />
					<method name="System.IConvertible.ToSingle" size="61" />
					<method name="System.IConvertible.ToSByte" size="60" />
					<method name="System.IConvertible.ToInt16" size="60" />
					<method name="System.IConvertible.ToInt32" size="60" />
					<method name="System.IConvertible.ToInt64" size="60" />
					<method name="System.IConvertible.ToByte" size="59" />
					<method name="System.IConvertible.ToBoolean" size="57" />
					<method name="Parse(System.ReadOnlySpan`1&lt;System.Char&gt;)" size="54" />
					<method name="Parse(System.String)" size="53" />
					<method name="Equals(System.Object)" size="47" />
					<method name="CompareTo(System.Boolean)" size="46" />
					<method name="ToString(System.IFormatProvider)" size="40" />
					<method name=".cctor" size="39" />
					<method name="ToString()" size="36" />
					<method name="Equals(System.Boolean)" size="32" />
					<method name="GetHashCode" size="31" />
					<method name="GetTypeCode" size="25" />
				</type>
				<type name="ExceptionResource" size="1706" />
				<type name="UInt16" size="1657">
					<method name="Parse(System.ReadOnlySpan`1&lt;System.Char&gt;,System.Globalization.NumberStyles,System.Globalization.NumberFormatInfo)" size="98" />
					<method name="TryFormat" size="91" />
					<method name="System.IConvertible.ToDateTime" size="81" />
					<method name="Parse(System.String,System.Globalization.NumberStyles,System.IFormatProvider)" size="81" />
					<method name="System.IConvertible.ToType" size="75" />
					<method name="Parse(System.String,System.IFormatProvider)" size="65" />
					<method name="CompareTo(System.Object)" size="65" />
					<method name="System.IConvertible.ToBoolean" size="62" />
					<method name="System.IConvertible.ToDecimal" size="62" />
					<method name="System.IConvertible.ToDouble" size="61" />
					<method name="System.IConvertible.ToSingle" size="61" />
					<method name="System.IConvertible.ToUInt64" size="61" />
					<method name="System.IConvertible.ToUInt32" size="61" />
					<method name="System.IConvertible.ToInt64" size="60" />
					<method name="System.IConvertible.ToInt32" size="60" />
					<method name="System.IConvertible.ToInt16" size="60" />
					<method name="System.IConvertible.ToSByte" size="60" />
					<method name="System.IConvertible.ToByte" size="59" />
					<method name="System.IConvertible.ToChar" size="59" />
					<method name="ToString(System.String,System.IFormatProvider)" size="59" />
					<method name="System.IConvertible.ToUInt16" size="56" />
					<method name="ToString(System.IFormatProvider)" size="48" />
					<method name="Equals(System.Object)" size="47" />
					<method name="CompareTo(System.UInt16)" size="36" />
					<method name="ToString()" size="35" />
					<method name="Equals(System.UInt16)" size="32" />
					<method name="GetHashCode" size="26" />
					<method name="GetTypeCode" size="25" />
				</type>
				<type name="Byte" size="1642">
					<method name="Parse(System.ReadOnlySpan`1&lt;System.Char&gt;,System.Globalization.NumberStyles,System.Globalization.NumberFormatInfo)" size="102" />
					<method name="TryFormat" size="91" />
					<method name="System.IConvertible.ToDateTime" size="81" />
					<method name="Parse(System.String,System.Globalization.NumberStyles,System.IFormatProvider)" size="81" />
					<method name="System.IConvertible.ToType" size="75" />
					<method name="CompareTo(System.Object)" size="65" />
					<method name="System.IConvertible.ToBoolean" size="62" />
					<method name="System.IConvertible.ToDecimal" size="62" />
					<method name="System.IConvertible.ToDouble" size="61" />
					<method name="System.IConvertible.ToSingle" size="61" />
					<method name="System.IConvertible.ToUInt64" size="61" />
					<method name="System.IConvertible.ToUInt32" size="61" />
					<method name="System.IConvertible.ToUInt16" size="61" />
					<method name="System.IConvertible.ToInt64" size="60" />
					<method name="System.IConvertible.ToSByte" size="60" />
					<method name="System.IConvertible.ToInt32" size="60" />
					<method name="System.IConvertible.ToInt16" size="60" />
					<method name="ToString(System.String,System.IFormatProvider)" size="59" />
					<method name="System.IConvertible.ToChar" size="59" />
					<method name="System.IConvertible.ToByte" size="54" />
					<method name="ToString(System.IFormatProvider)" size="48" />
					<method name="Equals(System.Object)" size="47" />
					<method name="ToString(System.String)" size="46" />
					<method name="CompareTo(System.Byte)" size="36" />
					<method name="ToString()" size="35" />
					<method name="Equals(System.Byte)" size="32" />
					<method name="GetHashCode" size="26" />
					<method name="GetTypeCode" size="25" />
				</type>
				<type name="Int32" size="1634">
					<method name="TryFormat" size="91" />
					<method name="CompareTo(System.Object)" size="82" />
					<method name="System.IConvertible.ToDateTime" size="81" />
					<method name="Parse(System.String,System.Globalization.NumberStyles,System.IFormatProvider)" size="81" />
					<method name="System.IConvertible.ToType" size="75" />
					<method name="Parse(System.String,System.IFormatProvider)" size="65" />
					<method name="System.IConvertible.ToBoolean" size="62" />
					<method name="System.IConvertible.ToDecimal" size="62" />
					<method name="System.IConvertible.ToDouble" size="61" />
					<method name="System.IConvertible.ToSingle" size="61" />
					<method name="System.IConvertible.ToUInt64" size="61" />
					<method name="System.IConvertible.ToUInt32" size="61" />
					<method name="System.IConvertible.ToUInt16" size="61" />
					<method name="System.IConvertible.ToInt64" size="60" />
					<method name="System.IConvertible.ToInt16" size="60" />
					<method name="System.IConvertible.ToSByte" size="60" />
					<method name="System.IConvertible.ToByte" size="59" />
					<method name="System.IConvertible.ToChar" size="59" />
					<method name="ToString(System.String,System.IFormatProvider)" size="59" />
					<method name="System.IConvertible.ToInt32" size="55" />
					<method name="ToString(System.IFormatProvider)" size="48" />
					<method name="CompareTo(System.Int32)" size="47" />
					<method name="Equals(System.Object)" size="47" />
					<method name="ToString(System.String)" size="46" />
					<method name="ToString()" size="35" />
					<method name="Equals(System.Int32)" size="32" />
					<method name="GetTypeCode" size="26" />
					<method name="GetHashCode" size="26" />
				</type>
				<type name="Int64" size="1596">
					<method name="TryFormat" size="91" />
					<method name="CompareTo(System.Object)" size="82" />
					<method name="System.IConvertible.ToDateTime" size="81" />
					<method name="Parse(System.String,System.Globalization.NumberStyles,System.IFormatProvider)" size="81" />
					<method name="System.IConvertible.ToType" size="75" />
					<method name="Parse(System.String,System.IFormatProvider)" size="65" />
					<method name="System.IConvertible.ToDecimal" size="62" />
					<method name="System.IConvertible.ToBoolean" size="62" />
					<method name="System.IConvertible.ToDouble" size="61" />
					<method name="System.IConvertible.ToSingle" size="61" />
					<method name="System.IConvertible.ToUInt64" size="61" />
					<method name="System.IConvertible.ToUInt32" size="61" />
					<method name="System.IConvertible.ToUInt16" size="61" />
					<method name="System.IConvertible.ToInt32" size="60" />
					<method name="System.IConvertible.ToSByte" size="60" />
					<method name="System.IConvertible.ToInt16" size="60" />
					<method name="System.IConvertible.ToByte" size="59" />
					<method name="System.IConvertible.ToChar" size="59" />
					<method name="ToString(System.String,System.IFormatProvider)" size="59" />
					<method name="System.IConvertible.ToInt64" size="55" />
					<method name="ToString(System.IFormatProvider)" size="48" />
					<method name="CompareTo(System.Int64)" size="47" />
					<method name="Equals(System.Object)" size="47" />
					<method name="ToString()" size="35" />
					<method name="GetHashCode" size="34" />
					<method name="Equals(System.Int64)" size="32" />
					<method name="GetTypeCode" size="26" />
				</type>
				<type name="UInt64" size="1596">
					<method name="TryFormat" size="91" />
					<method name="CompareTo(System.Object)" size="82" />
					<method name="System.IConvertible.ToDateTime" size="81" />
					<method name="Parse(System.String,System.Globalization.NumberStyles,System.IFormatProvider)" size="81" />
					<method name="System.IConvertible.ToType" size="75" />
					<method name="Parse(System.String,System.IFormatProvider)" size="65" />
					<method name="System.IConvertible.ToDecimal" size="62" />
					<method name="System.IConvertible.ToBoolean" size="62" />
					<method name="System.IConvertible.ToDouble" size="61" />
					<method name="System.IConvertible.ToSingle" size="61" />
					<method name="System.IConvertible.ToUInt32" size="61" />
					<method name="System.IConvertible.ToUInt16" size="61" />
					<method name="System.IConvertible.ToInt64" size="60" />
					<method name="System.IConvertible.ToInt32" size="60" />
					<method name="System.IConvertible.ToSByte" size="60" />
					<method name="System.IConvertible.ToInt16" size="60" />
					<method name="System.IConvertible.ToByte" size="59" />
					<method name="System.IConvertible.ToChar" size="59" />
					<method name="ToString(System.String,System.IFormatProvider)" size="59" />
					<method name="System.IConvertible.ToUInt64" size="56" />
					<method name="ToString(System.IFormatProvider)" size="48" />
					<method name="CompareTo(System.UInt64)" size="47" />
					<method name="Equals(System.Object)" size="47" />
					<method name="ToString()" size="35" />
					<method name="GetHashCode" size="34" />
					<method name="Equals(System.UInt64)" size="32" />
					<method name="GetTypeCode" size="26" />
				</type>
				<type name="RuntimeTypeHandle" size="1593">
					<method name="GetTypeByName" size="344" />
					<method name=".ctor(System.Runtime.Serialization.SerializationInfo,System.Runtime.Serialization.StreamingContext)" size="137" />
					<method name="GetObjectData" size="132" />
					<method name="Equals" size="90" />
					<method name="IsSubclassOf" size="79" />
					<method name="HasElementType" size="69" />
					<method name="IsPrimitive" size="65" />
					<method name="IsComObject(System.RuntimeType,System.Boolean)" size="61" />
					<method name="IsArray" size="52" />
					<method name="GetGenericTypeDefinition" size="52" />
					<method name="IsEquivalentTo" size="52" />
					<method name="IsContextful" size="50" />
					<method name="CanCastTo" size="49" />
					<method name="IsInterface" size="46" />
					<method name=".ctor(System.RuntimeType)" size="44" />
					<method name="IsPointer" size="41" />
					<method name="IsSzArray" size="41" />
					<method name="IsByRef" size="39" />
					<method name="GetToken" size="36" />
					<method name="GetHashCode" size="35" />
					<method name=".ctor(System.IntPtr)" size="33" />
					<method name="get_Value" size="28" />
				</type>
				<type name="UInt32" size="1588">
					<method name="TryFormat" size="91" />
					<method name="CompareTo(System.Object)" size="82" />
					<method name="System.IConvertible.ToDateTime" size="81" />
					<method name="Parse(System.String,System.Globalization.NumberStyles,System.IFormatProvider)" size="81" />
					<method name="System.IConvertible.ToType" size="75" />
					<method name="Parse(System.String,System.IFormatProvider)" size="65" />
					<method name="System.IConvertible.ToDecimal" size="62" />
					<method name="System.IConvertible.ToBoolean" size="62" />
					<method name="System.IConvertible.ToDouble" size="61" />
					<method name="System.IConvertible.ToSingle" size="61" />
					<method name="System.IConvertible.ToUInt64" size="61" />
					<method name="System.IConvertible.ToUInt16" size="61" />
					<method name="System.IConvertible.ToInt64" size="60" />
					<method name="System.IConvertible.ToInt32" size="60" />
					<method name="System.IConvertible.ToSByte" size="60" />
					<method name="System.IConvertible.ToInt16" size="60" />
					<method name="System.IConvertible.ToByte" size="59" />
					<method name="System.IConvertible.ToChar" size="59" />
					<method name="ToString(System.String,System.IFormatProvider)" size="59" />
					<method name="System.IConvertible.ToUInt32" size="56" />
					<method name="ToString(System.IFormatProvider)" size="48" />
					<method name="CompareTo(System.UInt32)" size="47" />
					<method name="Equals(System.Object)" size="47" />
					<method name="ToString()" size="35" />
					<method name="Equals(System.UInt32)" size="32" />
					<method name="GetTypeCode" size="26" />
					<method name="GetHashCode" size="26" />
				</type>
				<type name="MemoryExtensions" size="1558">
					<method name="IsTypeComparableAsBytes" size="317" />
					<method name="IndexOf" size="176" />
					<method name="SequenceEqual" size="164" />
					<method name="StartsWith" size="161" />
					<method name="AsSpan(System.String,System.Int32,System.Int32)" size="124" />
					<method name="AsSpan(System.String,System.Int32)" size="106" />
					<method name="EqualsOrdinalIgnoreCase" size="94" />
					<method name="EqualsOrdinal" size="81" />
					<method name="TrimEnd" size="80" />
					<method name="Contains" size="79" />
					<method name="TrimStart" size="77" />
					<method name="AsSpan(System.String)" size="62" />
					<method name="Trim" size="37" />
				</type>
				<type name="ValueTuple`3" size="1551">
					<method name="System.Collections.IStructuralComparable.CompareTo" size="252" />
					<method name="ToString" size="244" />
					<method name="GetHashCode" size="200" />
					<method name="System.Collections.IStructuralEquatable.Equals" size="196" />
					<method name="System.IComparable.CompareTo" size="118" />
					<method name="CompareTo" size="114" />
					<method name="Equals(System.ValueTuple`3&lt;T1,T2,T3&gt;)" size="101" />
					<method name="GetHashCodeCore" size="97" />
					<method name="System.Collections.IStructuralEquatable.GetHashCode" size="84" />
					<method name=".ctor" size="69" />
					<method name="Equals(System.Object)" size="49" />
				</type>
				<type name="Buffer" size="1522">
					<method name="IndexOfByte" size="265" />
					<method name="BlockCopy" size="213" />
					<method name="Memmove(T&amp;,T&amp;,System.UInt64)" size="188" />
					<method name="Memcpy" size="181" />
					<method name="memcpy1" size="168" />
					<method name="memcpy4" size="161" />
					<method name="memcpy2" size="140" />
					<method name="Memmove(System.Byte*,System.Byte*,System.UInt32)" size="80" />
					<method name="ByteLength" size="68" />
					<method name="ZeroMemory" size="58" />
				</type>
				<type name="Attribute" size="1521">
					<method name="GetCustomAttributes(System.Reflection.MemberInfo,System.Type,System.Boolean)" size="218" />
					<method name="IsDefined(System.Reflection.MemberInfo,System.Type,System.Boolean)" size="212" />
					<method name="AreFieldValuesEqual" size="206" />
					<method name="Equals" size="156" />
					<method name="GetHashCode" size="132" />
					<method name="GetCustomAttribute" size="120" />
					<method name="InternalGetCustomAttributes(System.Reflection.PropertyInfo,System.Type,System.Boolean)" size="86" />
					<method name="InternalGetCustomAttributes(System.Reflection.EventInfo,System.Type,System.Boolean)" size="86" />
					<method name="InternalIsDefined(System.Reflection.PropertyInfo,System.Type,System.Boolean)" size="80" />
					<method name="InternalIsDefined(System.Reflection.EventInfo,System.Type,System.Boolean)" size="80" />
					<method name="GetCustomAttributes(System.Reflection.MemberInfo,System.Type)" size="61" />
					<method name="IsDefined(System.Reflection.MemberInfo,System.Type)" size="60" />
					<method name=".ctor" size="24" />
				</type>
				<type name="AggregateException" size="1372">
					<method name=".ctor(System.String,System.Collections.Generic.IList`1&lt;System.Runtime.ExceptionServices.ExceptionDispatchInfo&gt;)" size="197" />
					<method name="get_Message" size="169" />
					<method name=".ctor(System.String,System.Collections.Generic.IList`1&lt;System.Exception&gt;)" size="165" />
					<method name="ToString" size="161" />
					<method name=".ctor(System.Runtime.Serialization.SerializationInfo,System.Runtime.Serialization.StreamingContext)" size="118" />
					<method name="GetObjectData" size="111" />
					<method name=".ctor(System.String,System.Collections.Generic.IEnumerable`1&lt;System.Runtime.ExceptionServices.ExceptionDispatchInfo&gt;)" size="83" />
					<method name=".ctor(System.String,System.Collections.Generic.IEnumerable`1&lt;System.Exception&gt;)" size="79" />
					<method name=".ctor(System.String,System.Exception[])" size="58" />
					<method name=".ctor(System.Collections.Generic.IEnumerable`1&lt;System.Runtime.ExceptionServices.ExceptionDispatchInfo&gt;)" size="54" />
					<method name=".ctor(System.Collections.Generic.IEnumerable`1&lt;System.Exception&gt;)" size="50" />
					<method name=".ctor(System.Exception[])" size="50" />
					<method name=".ctor()" size="45" />
				</type>
				<type name="ValueTuple`2" size="1267">
					<method name="System.Collections.IStructuralComparable.CompareTo" size="218" />
					<method name="ToString" size="176" />
					<method name="System.Collections.IStructuralEquatable.Equals" size="166" />
					<method name="GetHashCode" size="143" />
					<method name="System.IComparable.CompareTo" size="118" />
					<method name="CompareTo" size="86" />
					<method name="System.Collections.IStructuralEquatable.GetHashCode" size="84" />
					<method name="GetHashCodeCore" size="80" />
					<method name="Equals(System.ValueTuple`2&lt;T1,T2&gt;)" size="77" />
					<method name=".ctor" size="52" />
					<method name="Equals(System.Object)" size="49" />
				</type>
				<type name="Span`1" size="1261">
					<method name=".ctor(T[],System.Int32,System.Int32)" size="173" />
					<method name="ToString" size="127" />
					<method name=".ctor(T[])" size="118" />
					<method name="TryCopyTo" size="106" />
					<method name="CopyTo" size="100" />
					<method name=".ctor(System.Void*,System.Int32)" size="96" />
					<method name="Slice(System.Int32,System.Int32)" size="94" />
					<method name="Slice(System.Int32)" size="79" />
					<method name="get_Item" size="69" />
					<method name="op_Implicit(System.Span`1&lt;T&gt;)" size="62" />
					<method name=".ctor(T&amp;,System.Int32)" size="56" />
					<method name="op_Implicit(T[])" size="40" />
					<method name="Equals" size="37" />
					<method name="GetHashCode" size="34" />
					<method name="get_Length" size="29" />
				</type>
				<type name="DBNull" size="1222">
					<method name="System.IConvertible.ToType" size="69" />
					<method name="System.IConvertible.ToDateTime" size="66" />
					<method name="System.IConvertible.ToDecimal" size="65" />
					<method name="System.IConvertible.ToBoolean" size="65" />
					<method name="System.IConvertible.ToDouble" size="64" />
					<method name="System.IConvertible.ToUInt64" size="64" />
					<method name="System.IConvertible.ToUInt32" size="64" />
					<method name="System.IConvertible.ToSingle" size="64" />
					<method name="System.IConvertible.ToUInt16" size="64" />
					<method name="System.IConvertible.ToInt64" size="63" />
					<method name="System.IConvertible.ToInt32" size="63" />
					<method name="System.IConvertible.ToSByte" size="63" />
					<method name="System.IConvertible.ToInt16" size="63" />
					<method name="System.IConvertible.ToChar" size="62" />
					<method name="System.IConvertible.ToByte" size="62" />
					<method name=".ctor(System.Runtime.Serialization.SerializationInfo,System.Runtime.Serialization.StreamingContext)" size="55" />
					<method name="GetObjectData" size="54" />
					<method name="ToString(System.IFormatProvider)" size="39" />
					<method name=".cctor" size="29" />
					<method name="ToString()" size="26" />
					<method name="GetTypeCode" size="25" />
					<method name=".ctor()" size="24" />
				</type>
				<type name="IntPtr" size="1148">
					<method name="System.Runtime.Serialization.ISerializable.GetObjectData" size="121" />
					<method name="ToString(System.String)" size="83" />
					<method name="System.IEquatable&lt;System.IntPtr&gt;.Equals" size="77" />
					<method name="op_Inequality" size="67" />
					<method name="op_Subtraction" size="63" />
					<method name=".ctor(System.Runtime.Serialization.SerializationInfo,System.Runtime.Serialization.StreamingContext)" size="63" />
					<method name="op_Equality" size="62" />
					<method name="op_Addition" size="60" />
					<method name="Equals" size="56" />
					<method name="ToInt64" size="44" />
					<method name="op_Explicit(System.IntPtr)" size="41" />
					<method name="op_Explicit(System.Int32)" size="40" />
					<method name="op_Explicit(System.Int64)" size="40" />
					<method name="op_Explicit(System.Void*)" size="40" />
					<method name=".ctor(System.Int64)" size="36" />
					<method name=".ctor(System.Int32)" size="36" />
					<method name=".ctor(System.Void*)" size="35" />
					<method name="GetHashCode" size="31" />
					<method name="IsNull" size="29" />
					<method name="ToString()" size="28" />
					<method name="get_Size" size="27" />
				</type>
				<type name="ReadOnlySpan`1" size="1147">
					<method name="ToString" size="127" />
					<method name=".ctor(T[],System.Int32,System.Int32)" size="125" />
					<method name="TryCopyTo" size="106" />
					<method name="CopyTo" size="100" />
					<method name=".ctor(System.Void*,System.Int32)" size="96" />
					<method name="Slice(System.Int32,System.Int32)" size="94" />
					<method name="Slice(System.Int32)" size="79" />
					<method name=".ctor(T[])" size="70" />
					<method name="get_Item" size="69" />
					<method name=".ctor(T&amp;,System.Int32)" size="56" />
					<method name="op_Implicit" size="40" />
					<method name="Equals" size="37" />
					<method name="GetHashCode" size="34" />
					<method name="get_IsEmpty" size="33" />
					<method name="get_Length" size="29" />
				</type>
				<type name="Tuple`3" size="1109">
					<method name="System.Collections.IStructuralComparable.CompareTo" size="239" />
					<method name="System.Collections.IStructuralEquatable.Equals" size="193" />
					<method name="System.ITupleInternal.ToString" size="143" />
					<method name="System.Collections.IStructuralEquatable.GetHashCode" size="133" />
					<method name=".ctor" size="75" />
					<method name="System.IComparable.CompareTo" size="61" />
					<method name="ToString" size="47" />
					<method name="Equals" size="39" />
					<method name="GetHashCode" size="35" />
					<method name="get_Item1" size="28" />
					<method name="get_Item2" size="28" />
					<method name="get_Item3" size="28" />
				</type>
				<type name="Random" size="1089">
					<method name=".ctor(System.Int32)" size="321" />
					<method name="InternalSample" size="141" />
					<method name="Next(System.Int32,System.Int32)" size="124" />
					<method name="GenerateSeed" size="108" />
					<method name="GetSampleForLargeRange" size="87" />
					<method name="Next(System.Int32)" size="70" />
					<method name="GenerateGlobalSeed" size="45" />
					<method name="Sample" size="36" />
					<method name=".cctor" size="34" />
					<method name=".ctor()" size="29" />
					<method name="Next()" size="23" />
				</type>
				<type name="Environment" size="947">
					<method name="GetResourceStringEncodingName" size="222" />
					<method name="internalGetEnvironmentVariable" size="106" />
					<method name="GetStackTrace" size="80" />
					<method name="GetResourceString(System.String,System.Object[])" size="61" />
					<method name="GetEnvironmentVariable" size="54" />
					<method name="FailFast" size="54" />
					<method name="get_NewLine" size="52" />
					<method name="get_CurrentManagedThreadId" size="49" />
					<method name="GetResourceString(System.String)" size="39" />
					<method name="get_StackTrace" size="39" />
					<method name="get_CurrentDirectory" size="38" />
				</type>
				<type name="TypeLoadException" size="848">
					<method name="GetObjectData" size="167" />
					<method name="SetMessageField" size="164" />
					<method name=".ctor(System.String,System.String,System.String,System.Int32)" size="132" />
					<method name=".ctor(System.Runtime.Serialization.SerializationInfo,System.Runtime.Serialization.StreamingContext)" size="129" />
					<method name=".ctor(System.String,System.String)" size="59" />
					<method name=".ctor(System.String)" size="48" />
					<method name=".ctor()" size="45" />
					<method name="get_Message" size="36" />
				</type>
				<type name="UIntPtr" size="757">
					<method name="System.Runtime.Serialization.ISerializable.GetObjectData" size="122" />
					<method name="System.IEquatable&lt;System.UIntPtr&gt;.Equals" size="78" />
					<method name="ToString" size="68" />
					<method name="op_Inequality" size="67" />
					<method name=".ctor(System.UInt64)" size="65" />
					<method name="Equals" size="63" />
					<method name="op_Equality" size="62" />
					<method name="op_Explicit(System.UInt64)" size="40" />
					<method name="op_Explicit(System.UInt32)" size="40" />
					<method name=".ctor(System.UInt32)" size="36" />
					<method name="GetHashCode" size="31" />
					<method name=".cctor" size="30" />
					<method name="get_Size" size="27" />
				</type>
				<type name="Marvin" size="731">
					<method name="ComputeHash32" size="431" />
					<method name="Block" size="106" />
					<method name="_rotl" size="54" />
					<method name="get_DefaultSeed" size="33" />
					<method name="GenerateSeed" size="31" />
					<method name=".cctor" size="29" />
				</type>
				<type name="MulticastDelegate" size="729">
					<method name="CombineImpl" size="339" />
					<method name="Equals" size="164" />
					<method name="GetInvocationList" size="65" />
					<method name="GetMethodImpl" size="63" />
					<method name="GetObjectData" size="55" />
					<method name="GetHashCode" size="30" />
				</type>
				<type name="BadImageFormatException" size="726">
					<method name="ToString" size="214" />
					<method name="GetObjectData" size="109" />
					<method name="SetMessageField" size="92" />
					<method name=".ctor(System.Runtime.Serialization.SerializationInfo,System.Runtime.Serialization.StreamingContext)" size="81" />
					<method name=".ctor(System.String,System.String)" size="68" />
					<method name=".ctor(System.String)" size="48" />
					<method name=".ctor()" size="40" />
					<method name="get_Message" size="36" />
				</type>
				<type name="ValueTuple" size="691">
					<method name="System.Collections.IStructuralComparable.CompareTo" size="142" />
					<method name="System.IComparable.CompareTo" size="107" />
					<method name="System.Collections.IStructuralEquatable.Equals" size="91" />
					<method name="System.Collections.IStructuralEquatable.GetHashCode" size="78" />
					<method name="CombineHashCodes(System.Int32,System.Int32,System.Int32)" size="63" />
					<method name="CombineHashCodes(System.Int32,System.Int32)" size="60" />
					<method name="Equals(System.Object)" size="36" />
					<method name="CompareTo" size="33" />
					<method name="Equals(System.ValueTuple)" size="30" />
					<method name="ToString" size="26" />
					<method name="GetHashCode" size="25" />
				</type>
				<type name="DateTimeResult" size="669">
					<method name="SetFailure(System.ParseFailureKind,System.String,System.Object)" size="110" />
					<method name="Init" size="94" />
					<method name="SetFailure(System.ParseFailureKind,System.String)" size="77" />
					<method name="SetDate" size="68" />
					<method name="SetBadDateTimeFailure" size="59" />
				</type>
				<type name="RuntimeMethodHandle" size="664">
					<method name="ConstructInstantiation" size="157" />
					<method name=".ctor(System.Runtime.Serialization.SerializationInfo,System.Runtime.Serialization.StreamingContext)" size="137" />
					<method name="GetObjectData" size="127" />
					<method name="Equals" size="90" />
					<method name="IsNullHandle" size="41" />
					<method name="GetHashCode" size="35" />
					<method name=".ctor(System.IntPtr)" size="31" />
					<method name="get_Value" size="28" />
				</type>
				<type name="TypedReference" size="660">
					<method name="MakeTypedReference" size="403" />
					<method name="GetHashCode" size="62" />
					<method name="SetTypedReference" size="61" />
					<method name="get_IsNull" size="59" />
					<method name="Equals" size="40" />
				</type>
				<type name="AppDomainSetup" size="620">
					<method name=".ctor" size="24" />
				</type>
				<type name="WeakReference" size="618">
					<method name="GetObjectData" size="112" />
					<method name=".ctor(System.Runtime.Serialization.SerializationInfo,System.Runtime.Serialization.StreamingContext)" size="109" />
					<method name="AllocateHandle" size="73" />
					<method name=".ctor(System.Object,System.Boolean)" size="71" />
					<method name="get_Target" size="49" />
					<method name="Finalize" size="41" />
					<method name="get_TrackResurrection" size="40" />
					<method name=".ctor(System.Object)" size="37" />
					<method name=".ctor()" size="24" />
				</type>
				<type name="ExceptionArgument" size="602" />
				<type name="ParamsArray" size="594">
					<method name=".ctor(System.Object[])" size="90" />
					<method name=".ctor(System.Object,System.Object,System.Object)" size="77" />
					<method name=".ctor(System.Object,System.Object)" size="68" />
					<method name="GetAtSlow" size="62" />
					<method name=".ctor(System.Object)" size="59" />
					<method name=".cctor" size="52" />
					<method name="get_Item" size="48" />
					<method name="get_Length" size="31" />
				</type>
				<type name="RuntimeFieldHandle" size="591">
					<method name=".ctor(System.Runtime.Serialization.SerializationInfo,System.Runtime.Serialization.StreamingContext)" size="137" />
					<method name="GetObjectData" size="127" />
					<method name="SetValue" size="125" />
					<method name="Equals" size="90" />
					<method name="GetHashCode" size="35" />
					<method name=".ctor(System.IntPtr)" size="31" />
					<method name="get_Value" size="28" />
				</type>
				<type name="Activator" size="577">
					<method name="CreateInstance(System.Type,System.Reflection.BindingFlags,System.Reflection.Binder,System.Object[],System.Globalization.CultureInfo,System.Object[])" size="227" />
					<method name="CreateInstance(System.Type,System.Boolean,System.Boolean)" size="144" />
					<method name="CreateInstance()" size="88" />
					<method name="CreateInstance(System.Type,System.Object[])" size="60" />
					<method name="CreateInstance(System.Type,System.Boolean)" size="58" />
				</type>
				<type name="MissingMemberException" size="542">
					<method name="GetObjectData" size="136" />
					<method name=".ctor(System.Runtime.Serialization.SerializationInfo,System.Runtime.Serialization.StreamingContext)" size="113" />
					<method name="get_Message" size="107" />
					<method name=".ctor(System.String)" size="48" />
					<method name="FormatSignature" size="47" />
					<method name=".ctor()" size="40" />
				</type>
				<type name="DelegateSerializationHolder" size="539">
					<method name="GetDelegateData" size="246" />
					<method name=".ctor" size="184" />
					<method name="GetObjectData" size="52" />
					<method name="GetRealObject" size="44" />
				</type>
				<type name="ArgumentOutOfRangeException" size="515">
					<method name="get_Message" size="88" />
					<method name=".ctor(System.String,System.Object,System.String)" size="86" />
					<method name="GetObjectData" size="82" />
					<method name=".ctor(System.Runtime.Serialization.SerializationInfo,System.Runtime.Serialization.StreamingContext)" size="74" />
					<method name=".ctor(System.String,System.String)" size="63" />
					<method name=".ctor(System.String)" size="55" />
					<method name=".ctor()" size="40" />
				</type>
				<type name="Nullable`1" size="505">
					<method name="UnboxExact" size="86" />
					<method name="Equals" size="65" />
					<method name="ToString" size="52" />
					<method name="Unbox" size="52" />
					<method name="GetHashCode" size="51" />
					<method name="Box" size="43" />
					<method name=".ctor" size="42" />
					<method name="get_Value" size="41" />
					<method name="get_HasValue" size="31" />
				</type>
				<type name="TokenType" size="496" />
				<type name="ObjectDisposedException" size="464">
					<method name="get_Message" size="86" />
					<method name="GetObjectData" size="82" />
					<method name=".ctor(System.String,System.String)" size="70" />
					<method name=".ctor(System.Runtime.Serialization.SerializationInfo,System.Runtime.Serialization.StreamingContext)" size="64" />
					<method name="get_ObjectName" size="47" />
					<method name=".ctor(System.String)" size="45" />
					<method name=".ctor()" size="30" />
				</type>
				<type name="CharEnumerator" size="457">
					<method name="MoveNext" size="99" />
					<method name="get_Current" size="80" />
					<method name="System.Collections.IEnumerator.get_Current" size="66" />
					<method name="Dispose" size="52" />
					<method name=".ctor" size="46" />
					<method name="Clone" size="24" />
				</type>
				<type name="BitConverter" size="428">
					<method name="ToString(System.Byte[],System.Int32,System.Int32)" size="223" />
					<method name="ToString(System.Byte[])" size="51" />
					<method name=".cctor" size="48" />
					<method name="DoubleToInt64Bits" size="44" />
					<method name="SingleToInt32Bits" size="44" />
				</type>
				<type name="TypeInitializationException" size="421">
					<method name=".ctor(System.String,System.String,System.Exception)" size="92" />
					<method name="GetObjectData" size="82" />
					<method name=".ctor(System.String,System.Exception)" size="73" />
					<method name=".ctor(System.Runtime.Serialization.SerializationInfo,System.Runtime.Serialization.StreamingContext)" size="64" />
					<method name="get_TypeName" size="45" />
					<method name=".ctor()" size="40" />
				</type>
				<type name="ArgumentException" size="411">
					<method name="get_Message" size="83" />
					<method name="GetObjectData" size="82" />
					<method name=".ctor(System.String,System.String)" size="69" />
					<method name=".ctor(System.Runtime.Serialization.SerializationInfo,System.Runtime.Serialization.StreamingContext)" size="64" />
					<method name=".ctor(System.String)" size="48" />
					<method name=".ctor()" size="40" />
				</type>
				<type name="Math" size="388">
					<method name="ThrowMinMaxException" size="76" />
					<method name="Clamp" size="68" />
					<method name="Abs" size="44" />
					<method name="Max" size="41" />
					<method name="Min(System.Int32,System.Int32)" size="41" />
					<method name="Min(System.Int64,System.Int64)" size="41" />
					<method name="ThrowAbsOverflow" size="39" />
					<method name="Sign" size="38" />
				</type>
				<type name="GC" size="377">
					<method name="GetMemoryInfo" size="176" />
					<method name="ReRegisterForFinalize" size="62" />
					<method name="SuppressFinalize" size="57" />
					<method name="KeepAlive" size="30" />
					<method name=".cctor" size="29" />
				</type>
				<type name="ValueType" size="347">
					<method name="DefaultEquals" size="178" />
					<method name="GetHashCode" size="79" />
					<method name="Equals" size="34" />
					<method name="ToString" size="32" />
					<method name=".ctor" size="24" />
				</type>
				<type name="AttributeUsageAttribute" size="346">
					<method name=".ctor" size="61" />
					<method name="set_AllowMultiple" size="47" />
					<method name="set_Inherited" size="43" />
					<method name="get_AllowMultiple" size="36" />
					<method name=".cctor" size="34" />
					<method name="get_Inherited" size="32" />
				</type>
				<type name="OperationCanceledException" size="323">
					<method name=".ctor(System.String,System.Threading.CancellationToken)" size="54" />
					<method name="set_CancellationToken" size="51" />
					<method name=".ctor(System.String)" size="48" />
					<method name=".ctor(System.Runtime.Serialization.SerializationInfo,System.Runtime.Serialization.StreamingContext)" size="47" />
					<method name="get_CancellationToken" size="40" />
					<method name=".ctor()" size="40" />
				</type>
				<type name="MissingMethodException" size="320">
					<method name="get_Message" size="107" />
					<method name=".ctor(System.String,System.String)" size="67" />
					<method name=".ctor(System.String)" size="48" />
					<method name=".ctor(System.Runtime.Serialization.SerializationInfo,System.Runtime.Serialization.StreamingContext)" size="47" />
					<method name=".ctor()" size="40" />
				</type>
				<type name="DateTimeRawInfo" size="312">
					<method name="Init" size="91" />
					<method name="AddNumber" size="65" />
					<method name="GetNumber" size="44" />
				</type>
				<type name="Gen2GcCallback" size="277">
					<method name="Finalize" size="97" />
					<method name="Setup" size="65" />
					<method name="Register" size="60" />
					<method name=".ctor" size="24" />
				</type>
				<type name="ArraySpec" size="272">
					<method name="Append" size="76" />
					<method name="Resolve" size="73" />
					<method name=".ctor" size="63" />
					<method name="ToString" size="37" />
				</type>
				<type name="MissingFieldException" size="253">
					<method name="get_Message" size="107" />
					<method name=".ctor(System.String)" size="48" />
					<method name=".ctor(System.Runtime.Serialization.SerializationInfo,System.Runtime.Serialization.StreamingContext)" size="47" />
					<method name=".ctor()" size="40" />
				</type>
				<type name="Object" size="250">
					<method name="FieldGetter" size="59" />
					<method name="FieldSetter" size="59" />
					<method name="ToString" size="32" />
					<method name="Equals" size="31" />
					<method name="GetHashCode" size="30" />
					<method name="Finalize" size="21" />
					<method name=".ctor" size="18" />
				</type>
				<type name="Variant" size="241">
					<method name="Clear" size="38" />
				</type>
				<type name="ParseFlags" size="229" />
				<type name="MarshalByRefObject" size="228">
					<method name="CreateObjRef" size="48" />
					<method name="set_ObjectIdentity" size="46" />
					<method name="InitializeLifetimeService" size="43" />
					<method name="get_ObjectIdentity" size="36" />
					<method name=".ctor" size="24" />
				</type>
				<type name="TypeNameFormatFlags" size="205" />
				<type name="ArgumentNullException" size="205">
					<method name=".ctor(System.String,System.String)" size="63" />
					<method name=".ctor(System.String)" size="55" />
					<method name=".ctor(System.Runtime.Serialization.SerializationInfo,System.Runtime.Serialization.StreamingContext)" size="47" />
					<method name=".ctor()" size="40" />
				</type>
				<type name="FormatException" size="203">
					<method name=".ctor(System.String,System.Exception)" size="68" />
					<method name=".ctor(System.String)" size="48" />
					<method name=".ctor(System.Runtime.Serialization.SerializationInfo,System.Runtime.Serialization.StreamingContext)" size="47" />
					<method name=".ctor()" size="40" />
				</type>
				<type name="InvalidOperationException" size="203">
					<method name=".ctor(System.String,System.Exception)" size="68" />
					<method name=".ctor(System.String)" size="48" />
					<method name=".ctor(System.Runtime.Serialization.SerializationInfo,System.Runtime.Serialization.StreamingContext)" size="47" />
					<method name=".ctor()" size="40" />
				</type>
				<type name="ApplicationException" size="203">
					<method name=".ctor(System.String,System.Exception)" size="68" />
					<method name=".ctor(System.String)" size="48" />
					<method name=".ctor(System.Runtime.Serialization.SerializationInfo,System.Runtime.Serialization.StreamingContext)" size="47" />
					<method name=".ctor()" size="40" />
				</type>
				<type name="ArithmeticException" size="203">
					<method name=".ctor(System.String,System.Exception)" size="68" />
					<method name=".ctor(System.String)" size="48" />
					<method name=".ctor(System.Runtime.Serialization.SerializationInfo,System.Runtime.Serialization.StreamingContext)" size="47" />
					<method name=".ctor()" size="40" />
				</type>
				<type name="ExecutionEngineException" size="203">
					<method name=".ctor(System.String,System.Exception)" size="68" />
					<method name=".ctor(System.String)" size="48" />
					<method name=".ctor(System.Runtime.Serialization.SerializationInfo,System.Runtime.Serialization.StreamingContext)" size="47" />
					<method name=".ctor()" size="40" />
				</type>
				<type name="OverflowException" size="203">
					<method name=".ctor(System.String,System.Exception)" size="68" />
					<method name=".ctor(System.String)" size="48" />
					<method name=".ctor(System.Runtime.Serialization.SerializationInfo,System.Runtime.Serialization.StreamingContext)" size="47" />
					<method name=".ctor()" size="40" />
				</type>
				<type name="SystemException" size="203">
					<method name=".ctor(System.String,System.Exception)" size="68" />
					<method name=".ctor(System.String)" size="48" />
					<method name=".ctor(System.Runtime.Serialization.SerializationInfo,System.Runtime.Serialization.StreamingContext)" size="47" />
					<method name=".ctor()" size="40" />
				</type>
				<type name="PointerSpec" size="202">
					<method name="Resolve" size="59" />
					<method name=".ctor" size="49" />
					<method name="Append" size="40" />
					<method name="ToString" size="37" />
				</type>
				<type name="ParseFailureKind" size="198" />
				<type name="AttributeTargets" size="195" />
				<type name="TypeCode" size="186" />
				<type name="ResolveEventArgs" size="174">
					<method name=".ctor(System.String,System.Reflection.Assembly)" size="70" />
					<method name=".ctor(System.String)" size="40" />
				</type>
				<type name="ObsoleteAttribute" size="170">
					<method name=".ctor(System.String,System.Boolean)" size="60" />
					<method name=".ctor(System.String)" size="50" />
					<method name=".ctor()" size="38" />
				</type>
				<type name="Empty" size="158">
					<method name="GetObjectData" size="70" />
					<method name=".cctor" size="29" />
					<method name="ToString" size="26" />
					<method name=".ctor" size="24" />
				</type>
				<type name="StringComparison" size="139" />
				<type name="TypeNameParser" size="135">
					<method name="GetType" size="135" />
				</type>
				<type name="OutOfMemoryException" size="135">
					<method name=".ctor(System.String)" size="48" />
					<method name=".ctor(System.Runtime.Serialization.SerializationInfo,System.Runtime.Serialization.StreamingContext)" size="47" />
					<method name=".ctor()" size="40" />
				</type>
				<type name="IndexOutOfRangeException" size="135">
					<method name=".ctor(System.String)" size="48" />
					<method name=".ctor(System.Runtime.Serialization.SerializationInfo,System.Runtime.Serialization.StreamingContext)" size="47" />
					<method name=".ctor()" size="40" />
				</type>
				<type name="StackOverflowException" size="135">
					<method name=".ctor(System.String)" size="48" />
					<method name=".ctor(System.Runtime.Serialization.SerializationInfo,System.Runtime.Serialization.StreamingContext)" size="47" />
					<method name=".ctor()" size="40" />
				</type>
				<type name="RankException" size="135">
					<method name=".ctor(System.String)" size="48" />
					<method name=".ctor(System.Runtime.Serialization.SerializationInfo,System.Runtime.Serialization.StreamingContext)" size="47" />
					<method name=".ctor()" size="40" />
				</type>
				<type name="FieldAccessException" size="135">
					<method name=".ctor(System.String)" size="48" />
					<method name=".ctor(System.Runtime.Serialization.SerializationInfo,System.Runtime.Serialization.StreamingContext)" size="47" />
					<method name=".ctor()" size="40" />
				</type>
				<type name="EntryPointNotFoundException" size="135">
					<method name=".ctor(System.String)" size="48" />
					<method name=".ctor(System.Runtime.Serialization.SerializationInfo,System.Runtime.Serialization.StreamingContext)" size="47" />
					<method name=".ctor()" size="40" />
				</type>
				<type name="UnauthorizedAccessException" size="135">
					<method name=".ctor(System.String)" size="48" />
					<method name=".ctor(System.Runtime.Serialization.SerializationInfo,System.Runtime.Serialization.StreamingContext)" size="47" />
					<method name=".ctor()" size="40" />
				</type>
				<type name="NullReferenceException" size="135">
					<method name=".ctor(System.String)" size="48" />
					<method name=".ctor(System.Runtime.Serialization.SerializationInfo,System.Runtime.Serialization.StreamingContext)" size="47" />
					<method name=".ctor()" size="40" />
				</type>
				<type name="CannotUnloadAppDomainException" size="135">
					<method name=".ctor(System.String)" size="48" />
					<method name=".ctor(System.Runtime.Serialization.SerializationInfo,System.Runtime.Serialization.StreamingContext)" size="47" />
					<method name=".ctor()" size="40" />
				</type>
				<type name="NotImplementedException" size="135">
					<method name=".ctor(System.String)" size="48" />
					<method name=".ctor(System.Runtime.Serialization.SerializationInfo,System.Runtime.Serialization.StreamingContext)" size="47" />
					<method name=".ctor()" size="40" />
				</type>
				<type name="DllNotFoundException" size="135">
					<method name=".ctor(System.String)" size="48" />
					<method name=".ctor(System.Runtime.Serialization.SerializationInfo,System.Runtime.Serialization.StreamingContext)" size="47" />
					<method name=".ctor()" size="40" />
				</type>
				<type name="NotSupportedException" size="135">
					<method name=".ctor(System.String)" size="48" />
					<method name=".ctor(System.Runtime.Serialization.SerializationInfo,System.Runtime.Serialization.StreamingContext)" size="47" />
					<method name=".ctor()" size="40" />
				</type>
				<type name="MethodAccessException" size="135">
					<method name=".ctor(System.String)" size="48" />
					<method name=".ctor(System.Runtime.Serialization.SerializationInfo,System.Runtime.Serialization.StreamingContext)" size="47" />
					<method name=".ctor()" size="40" />
				</type>
				<type name="MemberAccessException" size="135">
					<method name=".ctor(System.String)" size="48" />
					<method name=".ctor(System.Runtime.Serialization.SerializationInfo,System.Runtime.Serialization.StreamingContext)" size="47" />
					<method name=".ctor()" size="40" />
				</type>
				<type name="InvalidProgramException" size="135">
					<method name=".ctor(System.String)" size="48" />
					<method name=".ctor(System.Runtime.Serialization.SerializationInfo,System.Runtime.Serialization.StreamingContext)" size="47" />
					<method name=".ctor()" size="40" />
				</type>
				<type name="InvalidCastException" size="135">
					<method name=".ctor(System.String)" size="48" />
					<method name=".ctor(System.Runtime.Serialization.SerializationInfo,System.Runtime.Serialization.StreamingContext)" size="47" />
					<method name=".ctor()" size="40" />
				</type>
				<type name="MulticastNotSupportedException" size="135">
					<method name=".ctor(System.String)" size="48" />
					<method name=".ctor(System.Runtime.Serialization.SerializationInfo,System.Runtime.Serialization.StreamingContext)" size="47" />
					<method name=".ctor()" size="40" />
				</type>
				<type name="LocalDataStoreMgr" size="124">
					<method name=".ctor" size="59" />
				</type>
				<type name="Tuple" size="113">
					<method name="CombineHashCodes(System.Int32,System.Int32,System.Int32)" size="63" />
					<method name="CombineHashCodes(System.Int32,System.Int32)" size="50" />
				</type>
				<type name="ArgIterator" size="109">
					<method name="Equals" size="35" />
					<method name="GetHashCode" size="35" />
				</type>
				<type name="InvalidTimeZoneException" size="108">
					<method name=".ctor(System.Runtime.Serialization.SerializationInfo,System.Runtime.Serialization.StreamingContext)" size="47" />
					<method name=".ctor(System.String)" size="37" />
					<method name=".ctor()" size="24" />
				</type>
				<type name="DTSubString" size="108">
					<method name="get_Item" size="59" />
				</type>
				<type name="Nullable" size="105">
					<method name="GetUnderlyingType" size="105" />
				</type>
				<type name="UnhandledExceptionEventArgs" size="102">
					<method name=".ctor" size="70" />
				</type>
				<type name="DayOfWeek" size="89" />
				<type name="PlatformNotSupportedException" size="87">
					<method name=".ctor(System.Runtime.Serialization.SerializationInfo,System.Runtime.Serialization.StreamingContext)" size="47" />
					<method name=".ctor()" size="40" />
				</type>
				<type name="ArrayTypeMismatchException" size="87">
					<method name=".ctor(System.Runtime.Serialization.SerializationInfo,System.Runtime.Serialization.StreamingContext)" size="47" />
					<method name=".ctor()" size="40" />
				</type>
				<type name="AppDomainUnloadedException" size="87">
					<method name=".ctor(System.Runtime.Serialization.SerializationInfo,System.Runtime.Serialization.StreamingContext)" size="47" />
					<method name=".ctor()" size="40" />
				</type>
				<type name="DivideByZeroException" size="87">
					<method name=".ctor(System.Runtime.Serialization.SerializationInfo,System.Runtime.Serialization.StreamingContext)" size="47" />
					<method name=".ctor()" size="40" />
				</type>
				<type name="MonoAsyncCall" size="85">
					<method name=".ctor" size="24" />
				</type>
				<type name="AssemblyLoadEventArgs" size="85">
					<method name=".ctor" size="50" />
				</type>
				<type name="ReflectionOnlyType" size="80">
					<method name="get_TypeHandle" size="42" />
					<method name=".ctor" size="24" />
				</type>
				<type name="ByReference`1" size="79">
					<method name=".ctor" size="33" />
					<method name="get_Value" size="27" />
				</type>
				<type name="MonoTODOAttribute" size="78">
					<method name=".ctor(System.String)" size="43" />
					<method name=".ctor()" size="24" />
				</type>
				<type name="DelegateData" size="75">
					<method name=".ctor" size="24" />
				</type>
				<type name="TimeZoneNotFoundException" size="71">
					<method name=".ctor(System.Runtime.Serialization.SerializationInfo,System.Runtime.Serialization.StreamingContext)" size="47" />
					<method name=".ctor()" size="24" />
				</type>
				<type name="TypeNameKind" size="64" />
				<type name="CLSCompliantAttribute" size="61">
					<method name=".ctor" size="47" />
				</type>
				<type name="DTSubStringType" size="59" />
				<type name="MonoTypeInfo" size="53">
					<method name=".ctor" size="24" />
				</type>
				<type name="TypeIdentifiers" size="46">
					<method name="FromDisplay" size="46" />
				</type>
				<type name="TimeZoneInfoOptions" size="43" />
				<type name="DateTimeKind" size="42" />
				<type name="NotImplemented" size="42">
					<method name="get_ByDesign" size="30" />
				</type>
				<type name="StringSplitOptions" size="41" />
				<type name="EmptyArray`1" size="39">
					<method name=".cctor" size="30" />
				</type>
				<type name="MidpointRounding" size="37" />
				<type name="AppContextSwitches" size="36" />
				<type name="CompatibilitySwitches" size="33" />
				<type name="__ComObject" size="29">
					<method name=".ctor" size="29" />
				</type>
				<type name="BRECORD" size="24" />
				<type name="NonSerializedAttribute" size="24">
					<method name=".ctor" size="24" />
				</type>
				<type name="ThreadStaticAttribute" size="24">
					<method name=".ctor" size="24" />
				</type>
				<type name="ContextStaticAttribute" size="24">
					<method name=".ctor" size="24" />
				</type>
				<type name="EventArgs" size="24">
					<method name=".ctor" size="24" />
				</type>
				<type name="ParamArrayAttribute" size="24">
					<method name=".ctor" size="24" />
				</type>
				<type name="DateTimeToken" size="24" />
				<type name="FlagsAttribute" size="24">
					<method name=".ctor" size="24" />
				</type>
				<type name="SerializableAttribute" size="24">
					<method name=".ctor" size="24" />
				</type>
				<type name="ContextBoundObject" size="24">
					<method name=".ctor" size="24" />
				</type>
				<type name="STAThreadAttribute" size="24">
					<method name=".ctor" size="24" />
				</type>
				<type name="IAsyncResult" size="19" />
				<type name="TypeIdentifier" size="16" />
				<type name="MonoListItem" size="16" />
				<type name="TypeName" size="15" />
				<type name="RuntimeArgumentHandle" size="8" />
			</namespace>
			<namespace name="System.Runtime.Serialization.Formatters.Binary" size="57195">
				<type name="__BinaryParser" size="8814">
					<method name="ReadArray" size="914" />
					<method name="ReadObjectWithMap(System.Runtime.Serialization.Formatters.Binary.BinaryObjectWithMap)" size="696" />
					<method name="ReadObjectWithMapTyped(System.Runtime.Serialization.Formatters.Binary.BinaryObjectWithMapTyped)" size="693" />
					<method name="Run" size="674" />
					<method name="ReadObjectString" size="655" />
					<method name="ReadObject" size="558" />
					<method name="ReadMemberPrimitiveTyped" size="402" />
					<method name="ReadArrayAsBytes" size="389" />
					<method name="ReadValue" size="385" />
					<method name="ReadMemberPrimitiveUnTyped" size="299" />
					<method name="ReadObjectNull" size="274" />
					<method name="ReadMemberReference" size="250" />
					<method name="ReadAssembly" size="217" />
					<method name="ReadCrossAppDomainMap" size="162" />
					<method name="ReadSerializationHeaderRecord" size="149" />
					<method name="ReadObjectWithMap(System.Runtime.Serialization.Formatters.Binary.BinaryHeaderEnum)" size="120" />
					<method name="ReadObjectWithMapTyped(System.Runtime.Serialization.Formatters.Binary.BinaryHeaderEnum)" size="114" />
					<method name=".ctor" size="111" />
					<method name="ReadMessageEnd" size="102" />
					<method name="ReadBytes(System.Byte[],System.Int32,System.Int32)" size="95" />
					<method name="GetOp" size="77" />
					<method name="get_SystemAssemblyInfo" size="70" />
					<method name="get_AssemIdToAssemblyTable" size="65" />
					<method name="PutOp" size="61" />
					<method name="get_ObjectMapIdTable" size="58" />
					<method name="ReadBytes(System.Int32)" size="45" />
					<method name="get_prs" size="45" />
					<method name="ReadChars" size="45" />
					<method name="ReadDecimal" size="45" />
					<method name="ReadDateTime" size="36" />
					<method name="ReadTimeSpan" size="36" />
					<method name="ReadBoolean" size="35" />
					<method name="ReadUInt32" size="34" />
					<method name="ReadSingle" size="34" />
					<method name="ReadUInt64" size="34" />
					<method name="ReadDouble" size="34" />
					<method name="ReadString" size="34" />
					<method name="ReadUInt16" size="34" />
					<method name="ReadInt32" size="33" />
					<method name="ReadInt16" size="33" />
					<method name="ReadInt64" size="33" />
					<method name="ReadChar" size="32" />
					<method name="ReadByte" size="32" />
					<method name=".cctor" size="31" />
					<method name="ReadSByte" size="29" />
					<method name="ReadBegin" size="22" />
					<method name="ReadEnd" size="20" />
				</type>
				<type name="ObjectReader" size="7412">
					<method name="ParseArrayMember" size="1056" />
					<method name="ParseArray" size="902" />
					<method name="ParseMember" size="821" />
					<method name="ParseObject" size="395" />
					<method name="Deserialize" size="374" />
					<method name="ParseObjectEnd" size="312" />
					<method name="GetType" size="257" />
					<method name="FastBindToType" size="246" />
					<method name="RegisterObject(System.Object,System.Runtime.Serialization.Formatters.Binary.ParseRecord,System.Runtime.Serialization.Formatters.Binary.ParseRecord,System.Boolean)" size="228" />
					<method name="Parse" size="175" />
					<method name="NextRectangleMap" size="163" />
					<method name=".ctor" size="162" />
					<method name="ParseError" size="155" />
					<method name="GetId" size="146" />
					<method name="GetSimplyNamedTypeFromAssembly" size="139" />
					<method name="CheckTypeForwardedTo" size="138" />
					<method name="CreateReadObjectInfo(System.Type,System.String[],System.Type[])" size="124" />
					<method name="ResolveSimpleAssemblyName" size="103" />
					<method name="InitFullDeserialization" size="103" />
					<method name="ParseMemberEnd" size="101" />
					<method name="CheckSerializable" size="96" />
					<method name="Bind" size="92" />
					<method name="CreateReadObjectInfo(System.Type)" size="90" />
					<method name="ParseString" size="77" />
					<method name="HasSurrogate" size="68" />
					<method name="RegisterObject(System.Object,System.Runtime.Serialization.Formatters.Binary.ParseRecord,System.Runtime.Serialization.Formatters.Binary.ParseRecord)" size="65" />
					<method name="set_TopObject" size="63" />
					<method name="get_ValueFixupStack" size="62" />
					<method name="ParseSerializedStreamHeaderEnd" size="62" />
					<method name="ParseSerializedStreamHeader" size="59" />
					<method name="ParseArrayMemberEnd" size="55" />
					<method name="CrossAppDomainArray" size="50" />
					<method name="get_TopObject" size="32" />
				</type>
				<type name="ObjectWriter" size="7025">
					<method name="WriteArray" size="1039" />
					<method name="WriteMembers" size="572" />
					<method name="Serialize" size="525" />
					<method name="Write(System.Runtime.Serialization.Formatters.Binary.WriteObjectInfo,System.Runtime.Serialization.Formatters.Binary.NameInfo,System.Runtime.Serialization.Formatters.Binary.NameInfo)" size="523" />
					<method name="WriteArrayMember" size="507" />
					<method name="Write(System.Runtime.Serialization.Formatters.Binary.WriteObjectInfo,System.Runtime.Serialization.Formatters.Binary.NameInfo,System.Runtime.Serialization.Formatters.Binary.NameInfo,System.String[],System.Type[],System.Object[],System.Runtime.Serialization.Formatters.Binary.WriteObjectInfo[])" size="474" />
					<method name="WriteRectangle" size="356" />
					<method name="WriteMemberSetup" size="266" />
					<method name="CheckForNull" size="225" />
					<method name="GetAssemblyId" size="220" />
					<method name="InternalGetId" size="211" />
					<method name="WriteString" size="165" />
					<method name="WriteKnownValueClass" size="151" />
					<method name="Schedule(System.Object,System.Boolean,System.Type,System.Runtime.Serialization.Formatters.Binary.WriteObjectInfo)" size="149" />
					<method name="GetNext" size="145" />
					<method name="TypeToNameInfo(System.Type,System.Runtime.Serialization.Formatters.Binary.WriteObjectInfo,System.Runtime.Serialization.Formatters.Binary.InternalPrimitiveTypeE,System.Runtime.Serialization.Formatters.Binary.NameInfo)" size="144" />
					<method name=".ctor" size="143" />
					<method name="TypeToNameInfo(System.Runtime.Serialization.Formatters.Binary.WriteObjectInfo,System.Runtime.Serialization.Formatters.Binary.NameInfo)" size="81" />
					<method name="WriteSerializedStreamHeader" size="80" />
					<method name="Schedule(System.Object,System.Boolean,System.Type)" size="78" />
					<method name="GetNameInfo" size="75" />
					<method name="ToCode" size="73" />
					<method name="TypeToNameInfo(System.Runtime.Serialization.Formatters.Binary.WriteObjectInfo)" size="68" />
					<method name="WriteObjectRef" size="67" />
					<method name="TypeToNameInfo(System.Type,System.Runtime.Serialization.Formatters.Binary.NameInfo)" size="66" />
					<method name="TypeToNameInfo(System.Type)" size="52" />
					<method name="CheckTypeFormat" size="52" />
					<method name="MemberToNameInfo" size="51" />
					<method name="PutNameInfo" size="49" />
					<method name="get_ObjectManager" size="36" />
					<method name="GetType" size="34" />
				</type>
				<type name="__BinaryWriter" size="5452">
					<method name="WriteObject" size="582" />
					<method name="WriteValue" size="414" />
					<method name="WriteSingleArray" size="397" />
					<method name="WriteRectangleArray" size="307" />
					<method name="WriteJaggedArray" size="304" />
					<method name="WriteArrayAsBytes" size="287" />
					<method name="WriteMember" size="220" />
					<method name="WriteObjectByteArray" size="170" />
					<method name="WriteAssembly" size="151" />
					<method name="WriteNullMember" size="139" />
					<method name="WriteMemberObjectRef" size="129" />
					<method name=".ctor" size="129" />
					<method name="WriteSerializationHeader" size="117" />
					<method name="InternalWriteItemNull" size="109" />
					<method name="WriteMemberString" size="103" />
					<method name="WriteObjectString" size="103" />
					<method name="WriteItem" size="81" />
					<method name="WriteNullItem" size="80" />
					<method name="WriteItemObjectRef" size="68" />
					<method name="WriteBytes(System.Byte[],System.Int32,System.Int32)" size="67" />
					<method name="WriteObjectEnd" size="63" />
					<method name="WriteSerializationHeaderEnd" size="63" />
					<method name="WriteMemberNested" size="62" />
					<method name="WriteDecimal" size="53" />
					<method name="WriteDateTime" size="49" />
					<method name="WriteTimeSpan" size="49" />
					<method name="WriteDelayedNullItem" size="47" />
					<method name="WriteBoolean" size="47" />
					<method name="WriteUInt64" size="46" />
					<method name="WriteUInt32" size="46" />
					<method name="WriteUInt16" size="46" />
					<method name="WriteDouble" size="46" />
					<method name="WriteString" size="46" />
					<method name="WriteSingle" size="46" />
					<method name="WriteInt16" size="45" />
					<method name="WriteBytes(System.Byte[])" size="45" />
					<method name="WriteChars" size="45" />
					<method name="WriteInt64" size="45" />
					<method name="WriteInt32" size="45" />
					<method name="WriteByte" size="44" />
					<method name="WriteChar" size="44" />
					<method name="WriteSByte" size="41" />
					<method name="WriteEnd" size="32" />
					<method name="WriteItemEnd" size="31" />
					<method name="WriteBegin" size="23" />
				</type>
				<type name="Converter" size="3577">
					<method name=".cctor" size="641" />
					<method name="IsPrimitiveArray" size="307" />
					<method name="CreatePrimitiveArray" size="270" />
					<method name="InitArrayTypeA" size="176" />
					<method name="InitValueA" size="172" />
					<method name="InitTypeA" size="171" />
					<method name="TypeLength" size="159" />
					<method name="InitCodeA" size="129" />
					<method name="InitTypeCodeA" size="123" />
					<method name="IsWriteAsByteArray" size="123" />
					<method name="ToCode" size="98" />
					<method name="FromString" size="72" />
					<method name="ToPrimitiveTypeEnum" size="68" />
					<method name="ToArrayType" size="56" />
					<method name="ToTypeCode" size="55" />
					<method name="ToComType" size="54" />
					<method name="ToType" size="51" />
				</type>
				<type name="ReadObjectInfo" size="3400">
					<method name="GetMemberTypes" size="535" />
					<method name="Init(System.Type,System.String[],System.Type[],System.Runtime.Serialization.ISurrogateSelector,System.Runtime.Serialization.StreamingContext,System.Runtime.Serialization.ObjectManager,System.Runtime.Serialization.Formatters.Binary.SerObjectInfoInit,System.Runtime.Serialization.IFormatterConverter,System.Boolean)" size="267" />
					<method name="InitMemberInfo" size="233" />
					<method name="Position" size="227" />
					<method name="Create(System.Type,System.String[],System.Type[],System.Runtime.Serialization.ISurrogateSelector,System.Runtime.Serialization.StreamingContext,System.Runtime.Serialization.ObjectManager,System.Runtime.Serialization.Formatters.Binary.SerObjectInfoInit,System.Runtime.Serialization.IFormatterConverter,System.Boolean)" size="201" />
					<method name="Init(System.Type,System.Runtime.Serialization.ISurrogateSelector,System.Runtime.Serialization.StreamingContext,System.Runtime.Serialization.ObjectManager,System.Runtime.Serialization.Formatters.Binary.SerObjectInfoInit,System.Runtime.Serialization.IFormatterConverter,System.Boolean)" size="195" />
					<method name="InitReadConstructor" size="187" />
					<method name="GetMemberInfo" size="181" />
					<method name="Create(System.Type,System.Runtime.Serialization.ISurrogateSelector,System.Runtime.Serialization.StreamingContext,System.Runtime.Serialization.ObjectManager,System.Runtime.Serialization.Formatters.Binary.SerObjectInfoInit,System.Runtime.Serialization.IFormatterConverter,System.Boolean)" size="165" />
					<method name="GetType" size="136" />
					<method name="GetMemberType" size="122" />
					<method name="RecordFixup" size="121" />
					<method name="InitDataStore" size="112" />
					<method name="AddValue" size="102" />
					<method name="PopulateObjectMembers" size="87" />
					<method name="GetObjectInfo" size="69" />
					<method name="InitSiRead" size="44" />
					<method name="InitNoMembers" size="43" />
					<method name="PrepareForReuse" size="35" />
					<method name=".ctor" size="24" />
					<method name="ObjectEnd" size="22" />
				</type>
				<type name="WriteObjectInfo" size="3155">
					<method name="InitSerialize(System.Object,System.Runtime.Serialization.ISurrogateSelector,System.Runtime.Serialization.StreamingContext,System.Runtime.Serialization.Formatters.Binary.SerObjectInfoInit,System.Runtime.Serialization.IFormatterConverter,System.Runtime.Serialization.Formatters.Binary.ObjectWriter,System.Runtime.Serialization.SerializationBinder)" size="492" />
					<method name="InitSiWrite" size="371" />
					<method name="InitSerialize(System.Type,System.Runtime.Serialization.ISurrogateSelector,System.Runtime.Serialization.StreamingContext,System.Runtime.Serialization.Formatters.Binary.SerObjectInfoInit,System.Runtime.Serialization.IFormatterConverter,System.Runtime.Serialization.SerializationBinder)" size="347" />
					<method name="InitMemberInfo" size="325" />
					<method name="CheckTypeForwardedFrom" size="167" />
					<method name="Serialize(System.Object,System.Runtime.Serialization.ISurrogateSelector,System.Runtime.Serialization.StreamingContext,System.Runtime.Serialization.Formatters.Binary.SerObjectInfoInit,System.Runtime.Serialization.IFormatterConverter,System.Runtime.Serialization.Formatters.Binary.ObjectWriter,System.Runtime.Serialization.SerializationBinder)" size="150" />
					<method name="GetMemberInfo" size="148" />
					<method name="Serialize(System.Type,System.Runtime.Serialization.ISurrogateSelector,System.Runtime.Serialization.StreamingContext,System.Runtime.Serialization.Formatters.Binary.SerObjectInfoInit,System.Runtime.Serialization.IFormatterConverter,System.Runtime.Serialization.SerializationBinder)" size="138" />
					<method name="GetObjectInfo" size="126" />
					<method name="GetMemberType" size="122" />
					<method name="InternalInit" size="118" />
					<method name="InitNoMembers" size="112" />
					<method name="InvokeSerializationBinder" size="76" />
					<method name="PutObjectInfo" size="75" />
					<method name="GetAssemblyString" size="51" />
					<method name="GetTypeFullName" size="49" />
					<method name="ObjectEnd" size="34" />
					<method name=".ctor" size="24" />
				</type>
				<type name="BinaryArray" size="1381">
					<method name="Read" size="529" />
					<method name="Write" size="386" />
					<method name="Set" size="253" />
					<method name=".ctor(System.Runtime.Serialization.Formatters.Binary.BinaryHeaderEnum)" size="52" />
					<method name=".ctor()" size="24" />
				</type>
				<type name="ObjectMap" size="1362">
					<method name=".ctor(System.String,System.String[],System.Runtime.Serialization.Formatters.Binary.BinaryTypeEnum[],System.Object[],System.Int32[],System.Runtime.Serialization.Formatters.Binary.ObjectReader,System.Int32,System.Runtime.Serialization.Formatters.Binary.BinaryAssemblyInfo,System.Runtime.Serialization.Formatters.Binary.SizedArray)" size="448" />
					<method name=".ctor(System.String,System.Type,System.String[],System.Runtime.Serialization.Formatters.Binary.ObjectReader,System.Int32,System.Runtime.Serialization.Formatters.Binary.BinaryAssemblyInfo)" size="307" />
					<method name="Create(System.String,System.String[],System.Runtime.Serialization.Formatters.Binary.BinaryTypeEnum[],System.Object[],System.Int32[],System.Runtime.Serialization.Formatters.Binary.ObjectReader,System.Int32,System.Runtime.Serialization.Formatters.Binary.BinaryAssemblyInfo,System.Runtime.Serialization.Formatters.Binary.SizedArray)" size="197" />
					<method name="Create(System.String,System.Type,System.String[],System.Runtime.Serialization.Formatters.Binary.ObjectReader,System.Int32,System.Runtime.Serialization.Formatters.Binary.BinaryAssemblyInfo)" size="119" />
					<method name="CreateObjectInfo" size="116" />
				</type>
				<type name="BinaryConverter" size="1344">
					<method name="TypeFromInfo" size="386" />
					<method name="GetBinaryTypeInfo" size="360" />
					<method name="WriteTypeInfo" size="209" />
					<method name="ReadTypeInfo" size="197" />
					<method name="GetParserBinaryTypeInfo" size="192" />
				</type>
				<type name="BinaryFormatter" size="1333">
					<method name="Deserialize(System.IO.Stream,System.Runtime.Remoting.Messaging.HeaderHandler,System.Boolean)" size="247" />
					<method name="Serialize(System.IO.Stream,System.Object,System.Runtime.Remoting.Messaging.Header[],System.Boolean)" size="224" />
					<method name="GetTypeInformation" size="151" />
					<method name="Serialize(System.IO.Stream,System.Object,System.Runtime.Remoting.Messaging.Header[])" size="78" />
					<method name=".ctor(System.Runtime.Serialization.ISurrogateSelector,System.Runtime.Serialization.StreamingContext)" size="77" />
					<method name="Deserialize(System.IO.Stream,System.Runtime.Remoting.Messaging.HeaderHandler)" size="69" />
					<method name="Serialize(System.IO.Stream,System.Object)" size="65" />
					<method name=".ctor()" size="61" />
					<method name="Deserialize(System.IO.Stream)" size="56" />
					<method name="set_SurrogateSelector" size="51" />
					<method name="set_AssemblyFormat" size="48" />
					<method name=".cctor" size="29" />
				</type>
				<type name="ParseRecord" size="1019">
					<method name="Init" size="294" />
					<method name=".cctor" size="25" />
					<method name=".ctor" size="24" />
				</type>
				<type name="BinaryObjectWithMapTyped" size="990">
					<method name="Read" size="328" />
					<method name="Set" size="230" />
					<method name="Write" size="219" />
					<method name=".ctor(System.Runtime.Serialization.Formatters.Binary.BinaryHeaderEnum)" size="52" />
					<method name=".ctor()" size="24" />
				</type>
				<type name="ObjectProgress" size="852">
					<method name="GetNext" size="272" />
					<method name="Init" size="147" />
					<method name="ArrayCountIncrement" size="56" />
					<method name=".ctor" size="42" />
					<method name=".cctor" size="25" />
				</type>
				<type name="PrimitiveArray" size="801">
					<method name="SetValue" size="368" />
					<method name="Init" size="258" />
					<method name=".ctor" size="51" />
				</type>
				<type name="SerializationHeaderRecord" size="672">
					<method name="Read" size="160" />
					<method name=".ctor(System.Runtime.Serialization.Formatters.Binary.BinaryHeaderEnum,System.Int32,System.Int32,System.Int32,System.Int32)" size="146" />
					<method name="Write" size="112" />
					<method name="GetInt32" size="71" />
					<method name=".ctor()" size="31" />
					<method name="Dump" size="17" />
				</type>
				<type name="SizedArray" size="656">
					<method name="IncreaseCapacity" size="179" />
					<method name="set_Item" size="115" />
					<method name=".ctor(System.Runtime.Serialization.Formatters.Binary.SizedArray)" size="113" />
					<method name="get_Item" size="84" />
					<method name=".ctor(System.Int32)" size="59" />
					<method name=".ctor()" size="49" />
					<method name="Clone" size="24" />
				</type>
				<type name="IntSizedArray" size="613">
					<method name="IncreaseCapacity" size="179" />
					<method name=".ctor(System.Runtime.Serialization.Formatters.Binary.IntSizedArray)" size="138" />
					<method name="set_Item" size="106" />
					<method name="get_Item" size="84" />
					<method name=".ctor()" size="49" />
					<method name="Clone" size="24" />
				</type>
				<type name="ValueFixup" size="607">
					<method name="Fixup" size="328" />
					<method name=".ctor(System.Object,System.String,System.Runtime.Serialization.Formatters.Binary.ReadObjectInfo)" size="99" />
					<method name=".ctor(System.Array,System.Int32[])" size="71" />
				</type>
				<type name="BinaryObjectWithMap" size="579">
					<method name="Set" size="138" />
					<method name="Read" size="136" />
					<method name="Write" size="132" />
					<method name=".ctor(System.Runtime.Serialization.Formatters.Binary.BinaryHeaderEnum)" size="52" />
					<method name=".ctor()" size="24" />
					<method name="Dump" size="17" />
				</type>
				<type name="NameInfo" size="549">
					<method name="Init" size="110" />
					<method name="get_IsSealed" size="63" />
					<method name="get_NIname" size="54" />
					<method name="set_NIname" size="40" />
					<method name=".ctor" size="24" />
				</type>
				<type name="BinaryHeaderEnum" size="461" />
				<type name="SerStack" size="436">
					<method name="Push" size="78" />
					<method name="IncreaseCapacity" size="78" />
					<method name="Pop" size="69" />
					<method name=".ctor" size="62" />
					<method name="PeekPeek" size="47" />
					<method name="Peek" size="41" />
					<method name="IsEmpty" size="32" />
				</type>
				<type name="TypeInformation" size="337">
					<method name=".ctor" size="106" />
					<method name="get_HasTypeForwardedFrom" size="43" />
					<method name="get_AssemblyString" size="37" />
					<method name="get_FullTypeName" size="35" />
				</type>
				<type name="ObjectMapInfo" size="324">
					<method name="isCompatible" size="155" />
					<method name=".ctor" size="113" />
				</type>
				<type name="ObjectNull" size="311">
					<method name="Read" size="111" />
					<method name="Write" size="100" />
					<method name="SetNullCount" size="46" />
					<method name=".ctor" size="24" />
					<method name="Dump" size="17" />
				</type>
				<type name="SerObjectInfoCache" size="283">
					<method name=".ctor(System.String,System.String,System.Boolean)" size="100" />
					<method name=".ctor(System.Type)" size="80" />
				</type>
				<type name="MemberPrimitiveUnTyped" size="262">
					<method name="Set(System.Runtime.Serialization.Formatters.Binary.InternalPrimitiveTypeE,System.Object)" size="60" />
					<method name="Write" size="45" />
					<method name="Read" size="45" />
					<method name="Set(System.Runtime.Serialization.Formatters.Binary.InternalPrimitiveTypeE)" size="43" />
					<method name=".ctor" size="24" />
					<method name="Dump" size="17" />
				</type>
				<type name="BinaryAssemblyInfo" size="256">
					<method name="GetAssembly" size="106" />
					<method name=".ctor(System.String,System.Reflection.Assembly)" size="70" />
					<method name=".ctor(System.String)" size="50" />
				</type>
				<type name="MemberPrimitiveTyped" size="255">
					<method name="Write" size="65" />
					<method name="Set" size="62" />
					<method name="Read" size="57" />
					<method name=".ctor" size="24" />
					<method name="Dump" size="17" />
				</type>
				<type name="BinaryAssembly" size="241">
					<method name="Set" size="61" />
					<method name="Write" size="59" />
					<method name="Read" size="51" />
					<method name=".ctor" size="24" />
					<method name="Dump" size="17" />
				</type>
				<type name="BinaryObject" size="224">
					<method name="Write" size="58" />
					<method name="Set" size="53" />
					<method name="Read" size="51" />
					<method name=".ctor" size="24" />
					<method name="Dump" size="17" />
				</type>
				<type name="BinaryObjectString" size="224">
					<method name="Write" size="58" />
					<method name="Set" size="53" />
					<method name="Read" size="51" />
					<method name=".ctor" size="24" />
					<method name="Dump" size="17" />
				</type>
				<type name="InternalPrimitiveTypeE" size="200" />
				<type name="InternalParseTypeE" size="192" />
				<type name="NameCache" size="186">
					<method name="GetCachedValue" size="65" />
					<method name="SetCachedValue" size="54" />
					<method name=".cctor" size="29" />
					<method name=".ctor" size="24" />
				</type>
				<type name="MemberReference" size="169">
					<method name="Write" size="47" />
					<method name="Read" size="39" />
					<method name="Set" size="33" />
					<method name=".ctor" size="24" />
					<method name="Dump" size="17" />
				</type>
				<type name="MessageEnd" size="129">
					<method name="Write" size="35" />
					<method name="Read" size="27" />
					<method name="Dump(System.IO.Stream)" size="26" />
					<method name=".ctor" size="24" />
					<method name="Dump()" size="17" />
				</type>
				<type name="BinaryCrossAppDomainAssembly" size="120">
					<method name="Read" size="51" />
					<method name=".ctor" size="24" />
					<method name="Dump" size="17" />
				</type>
				<type name="BinaryTypeEnum" size="119" />
				<type name="BinaryCrossAppDomainString" size="113">
					<method name="Read" size="51" />
					<method name=".ctor" size="24" />
					<method name="Dump" size="17" />
				</type>
				<type name="BinaryCrossAppDomainMap" size="108">
					<method name="Read" size="39" />
					<method name=".ctor" size="24" />
					<method name="Dump" size="17" />
				</type>
				<type name="SerObjectInfoInit" size="108">
					<method name=".ctor" size="58" />
				</type>
				<type name="InternalFE" size="103">
					<method name=".ctor" size="24" />
				</type>
				<type name="BinaryArrayTypeEnum" size="99" />
				<type name="InternalMemberValueE" size="66" />
				<type name="InternalArrayTypeE" size="65" />
				<type name="ValueFixupEnum" size="49" />
				<type name="InternalObjectPositionE" size="47" />
				<type name="InternalMemberTypeE" size="47" />
				<type name="InternalObjectTypeE" size="39" />
				<type name="InternalSerializerTypeE" size="29" />
			</namespace>
			<namespace name="System.Globalization" size="54075">
				<type name="CultureInfo" size="11897">
					<method name="CreateSpecificCultureFromNeutral" size="7063" />
					<method name=".ctor(System.Int32,System.Boolean,System.Boolean)" size="311" />
					<method name="CreateSpecificCulture" size="289" />
					<method name=".ctor(System.String,System.Boolean,System.Boolean)" size="278" />
					<method name="ConstructInvariant" size="187" />
					<method name="GetCultureInfo(System.Int32)" size="147" />
					<method name="GetCultureInfo(System.String)" size="138" />
					<method name="get_TextInfo" size="119" />
					<method name="get_CompareInfo" size="116" />
					<method name="Clone" size="115" />
					<method name="get_DateTimeFormat" size="114" />
					<method name="ConstructCurrentCulture" size="112" />
					<method name="insert_into_shared_tables" size="105" />
					<method name="CreateCulture" size="104" />
					<method name="set_DateTimeFormat" size="97" />
					<method name="GetFormat" size="96" />
					<method name="set_NumberFormat" size="95" />
					<method name="get_CalendarType" size="87" />
					<method name="get_NumberFormat" size="84" />
					<method name="Equals" size="76" />
					<method name="CreateNotFoundException" size="71" />
					<method name="get_IsNeutralCulture" size="68" />
					<method name=".ctor(System.Int32,System.Boolean)" size="59" />
					<method name="CreateTextInfo" size="58" />
					<method name=".ctor(System.String,System.Boolean)" size="56" />
					<method name="get_DefaultThreadCurrentUICulture" size="53" />
					<method name="get_DefaultThreadCurrentCulture" size="51" />
					<method name=".cctor" size="45" />
					<method name="get_CurrentUICulture" size="43" />
					<method name="ConstructCurrentUICulture" size="43" />
					<method name="Construct" size="42" />
					<method name="get_UserDefaultUICulture" size="42" />
					<method name="get_CurrentCulture" size="41" />
					<method name="get_UserDefaultCulture" size="40" />
					<method name="get_InvariantCulture" size="40" />
					<method name="GetTextInfoData" size="39" />
					<method name=".ctor(System.Int32)" size="38" />
					<method name="get__isInherited" size="35" />
					<method name="get__cultureData" size="35" />
					<method name="GetHashCode" size="35" />
					<method name=".ctor()" size="31" />
					<method name="get_SortName" size="31" />
					<method name="get__name" size="28" />
					<method name="get_Name" size="27" />
					<method name="ToString" size="27" />
					<method name="get_LCID" size="27" />
					<method name="CheckNeutral" size="25" />
				</type>
				<type name="DateTimeFormatInfo" size="10442">
					<method name="CreateTokenHashTable" size="864" />
					<method name="Tokenize" size="638" />
					<method name="InsertHash" size="443" />
					<method name="get_DateTimeOffsetPattern" size="273" />
					<method name="InitializeOverridableProperties" size="271" />
					<method name="InsertAtCurrentHashNode" size="248" />
					<method name="CompareStringIgnoreCaseOptimized" size="175" />
					<method name="internalGetMonthName" size="172" />
					<method name="IsAllowedJapaneseTokenFollowedByNonSpaceLetter" size="151" />
					<method name="internalGetGenitiveMonthNames" size="146" />
					<method name="InitializeFormatFlags" size="144" />
					<method name="get_FullTimeSpanPositivePattern" size="140" />
					<method name="AddMonthNames" size="139" />
					<method name="GetInstance" size="127" />
					<method name="GetAbbreviatedEraName" size="119" />
					<method name="GetAbbreviatedMonthName" size="99" />
					<method name="GetAbbreviatedDayName" size="97" />
					<method name=".ctor" size="95" />
					<method name="GetEraName" size="91" />
					<method name="GetMonthName" size="88" />
					<method name="internalGetAbbreviatedDayOfWeekNamesCore" size="87" />
					<method name="GetDayName" size="86" />
					<method name="get_AbbreviatedEnglishEraNames" size="85" />
					<method name="get_CurrentInfo" size="85" />
					<method name="get_UnclonedYearMonthPatterns" size="84" />
					<method name="internalGetLeapYearMonthNames" size="84" />
					<method name="get_UnclonedShortDatePatterns" size="84" />
					<method name="internalGetAbbreviatedMonthNamesCore" size="83" />
					<method name="get_UnclonedLongDatePatterns" size="83" />
					<method name="get_GeneralShortTimePattern" size="82" />
					<method name="get_GeneralLongTimePattern" size="81" />
					<method name="get_FullTimeSpanNegativePattern" size="80" />
					<method name="get_FullDateTimePattern" size="78" />
					<method name="get_AbbreviatedEraNames" size="78" />
					<method name="get_InvariantInfo" size="77" />
					<method name="internalGetDayOfWeekNamesCore" size="76" />
					<method name="get_MonthDayPattern" size="74" />
					<method name="get_UnclonedShortTimePatterns" size="73" />
					<method name="internalGetMonthNamesCore" size="72" />
					<method name="get_DateSeparator" size="72" />
					<method name="get_UnclonedLongTimePatterns" size="72" />
					<method name="get_EraNames" size="67" />
					<method name="internalGetAbbreviatedDayOfWeekNames" size="65" />
					<method name="get_CompareInfo" size="64" />
					<method name="get_HasForceTwoDigitYears" size="64" />
					<method name="get_ShortTimePattern" size="61" />
					<method name="get_TimeSeparator" size="61" />
					<method name="internalGetAbbreviatedMonthNames" size="61" />
					<method name="get_ShortDatePattern" size="61" />
					<method name="get_YearMonthPattern" size="61" />
					<method name="get_PMDesignator" size="60" />
					<method name="get_LongTimePattern" size="60" />
					<method name="get_LongDatePattern" size="60" />
					<method name="get_AMDesignator" size="60" />
					<method name="get_CultureName" size="59" />
					<method name="GetFormat" size="58" />
					<method name="Clone" size="58" />
					<method name="get_Culture" size="55" />
					<method name="get_AbbreviatedMonthNames" size="54" />
					<method name="internalGetDayOfWeekNames" size="54" />
					<method name="get_UniversalSortableDateTimePattern" size="54" />
					<method name="get_AbbreviatedDayNames" size="52" />
					<method name="get_FormatFlags" size="50" />
					<method name="internalGetMonthNames" size="50" />
					<method name="get_HasSpacesInMonthNames" size="49" />
					<method name="get_HasSpacesInDayNames" size="48" />
					<method name="get_SortableDateTimePattern" size="45" />
					<method name=".cctor" size="43" />
					<method name="get_MonthNames" size="43" />
					<method name="get_DayNames" size="41" />
					<method name="set_Calendar" size="40" />
					<method name="get_RFC1123Pattern" size="36" />
					<method name="get_Calendar" size="31" />
				</type>
				<type name="CompareInfo" size="6415">
					<method name="InvariantFindString" size="500" />
					<method name="Compare(System.String,System.Int32,System.Int32,System.String,System.Int32,System.Int32,System.Globalization.CompareOptions)" size="472" />
					<method name="LastIndexOf" size="351" />
					<method name="CompareOrdinalIgnoreCase(System.ReadOnlySpan`1&lt;System.Char&gt;,System.ReadOnlySpan`1&lt;System.Char&gt;)" size="314" />
					<method name="IndexOf" size="304" />
					<method name="Compare(System.String,System.String,System.Globalization.CompareOptions)" size="216" />
					<method name="Compare(System.ReadOnlySpan`1&lt;System.Char&gt;,System.String,System.Globalization.CompareOptions)" size="201" />
					<method name="IsSuffix" size="197" />
					<method name="IsPrefix" size="197" />
					<method name="CompareStringOrdinalIgnoreCase" size="191" />
					<method name="InvariantLastIndexOf" size="190" />
					<method name="internal_compare" size="178" />
					<method name="InvariantIndexOf" size="178" />
					<method name="internal_index" size="150" />
					<method name="internal_index_switch" size="134" />
					<method name="internal_compare_switch" size="130" />
					<method name="IndexOfCore" size="128" />
					<method name="LastIndexOfOrdinal" size="125" />
					<method name="CompareOrdinalIgnoreCase(System.String,System.Int32,System.Int32,System.String,System.Int32,System.Int32)" size="124" />
					<method name="IndexOfOrdinal" size="121" />
					<method name="CompareOptionIgnoreCase" size="119" />
					<method name="LastIndexOfOrdinalCore" size="119" />
					<method name="CompareString(System.ReadOnlySpan`1&lt;System.Char&gt;,System.ReadOnlySpan`1&lt;System.Char&gt;,System.Globalization.CompareOptions)" size="117" />
					<method name="IndexOfOrdinalCore" size="115" />
					<method name="EndsWith" size="109" />
					<method name="LastIndexOfCore" size="101" />
					<method name="System.Runtime.Serialization.IDeserializationCallback.OnDeserialization" size="101" />
					<method name="StartsWith" size="99" />
					<method name="CompareString(System.ReadOnlySpan`1&lt;System.Char&gt;,System.String,System.Globalization.CompareOptions)" size="96" />
					<method name="OnDeserialized()" size="81" />
					<method name="get_Name" size="70" />
					<method name="Equals" size="62" />
					<method name=".ctor" size="62" />
					<method name="GetCompareInfo" size="61" />
					<method name="OnSerializing" size="56" />
					<method name="Compare(System.String,System.String)" size="53" />
					<method name="InvariantToUpper" size="50" />
					<method name="InitSort" size="45" />
					<method name="OnDeserializing" size="43" />
					<method name="OnDeserialized(System.Runtime.Serialization.StreamingContext)" size="41" />
					<method name="ToString" size="37" />
					<method name="GetHashCode" size="35" />
					<method name=".cctor" size="34" />
				</type>
				<type name="CultureData" size="4114">
					<method name="GetNFIValues" size="470" />
					<method name="GetCultureData(System.String,System.Boolean,System.Int32,System.Int32,System.Int32,System.String,System.Int32,System.Int32,System.Int32,System.Int32,System.Boolean,System.String)" size="332" />
					<method name="get_Invariant" size="291" />
					<method name="UnescapeNlsString" size="221" />
					<method name="IndexOfTimePart" size="187" />
					<method name="GetSeparator" size="150" />
					<method name="GetCalendar" size="113" />
					<method name="create_group_sizes_array" size="93" />
					<method name="GetCultureData(System.String,System.Boolean)" size="88" />
					<method name="DateSeparator" size="72" />
					<method name="AbbreviatedGenitiveMonthNames" size="69" />
					<method name="AbbreviatedEnglishEraNames" size="66" />
					<method name="AbbreviatedMonthNames" size="61" />
					<method name="idx2string" size="61" />
					<method name="AbbreviatedDayNames" size="59" />
					<method name="LeapYearMonthNames" size="58" />
					<method name="GenitiveMonthNames" size="58" />
					<method name="AbbrevEraNames" size="54" />
					<method name="GetDateSeparator" size="51" />
					<method name="MonthNames" size="50" />
					<method name="YearMonths" size="50" />
					<method name="ShortDates" size="50" />
					<method name="LongDates" size="49" />
					<method name="DayNames" size="48" />
					<method name="EraNames" size="48" />
					<method name="MonthDay" size="48" />
					<method name="get_IsInvariantCulture" size="46" />
					<method name="strlen" size="44" />
					<method name="ReescapeWin32Strings" size="44" />
					<method name="ReescapeWin32String" size="41" />
					<method name=".ctor" size="40" />
					<method name="get_IFIRSTWEEKOFYEAR" size="39" />
					<method name="get_IFIRSTDAYOFWEEK" size="38" />
					<method name="get_SISO639LANGNAME" size="38" />
					<method name="get_UseUserOverride" size="38" />
					<method name="get_TimeSeparator" size="36" />
					<method name="get_ShortTimes" size="35" />
					<method name="get_CultureName" size="34" />
					<method name="get_SCOMPAREINFO" size="34" />
					<method name="get_LongTimes" size="34" />
					<method name="get_STEXTINFO" size="32" />
					<method name="get_SPM2359" size="30" />
					<method name="get_SAM1159" size="30" />
				</type>
				<type name="NumberFormatInfo" size="3777">
					<method name=".ctor(System.Globalization.CultureData)" size="410" />
					<method name="OnSerializing" size="160" />
					<method name="GetInstance" size="137" />
					<method name="ValidateParseStyleInteger" size="112" />
					<method name="ValidateParseStyleFloatingPoint" size="109" />
					<method name="get_CurrentInfo" size="90" />
					<method name="set_NaNSymbol" size="73" />
					<method name="ReadOnly" size="71" />
					<method name="get_InvariantInfo" size="70" />
					<method name="GetFormat" size="58" />
					<method name="VerifyWritable" size="51" />
					<method name="get_CurrencyDecimalSeparator" size="47" />
					<method name="get_CurrencyPositivePattern" size="46" />
					<method name="get_PercentDecimalSeparator" size="46" />
					<method name="get_CurrencyNegativePattern" size="46" />
					<method name="get_CurrencyGroupSeparator" size="45" />
					<method name="get_PercentNegativePattern" size="45" />
					<method name="get_NumberDecimalSeparator" size="45" />
					<method name="get_PercentPositivePattern" size="45" />
					<method name="get_PositiveInfinitySymbol" size="45" />
					<method name="get_NegativeInfinitySymbol" size="45" />
					<method name="get_PercentGroupSeparator" size="44" />
					<method name="get_NumberNegativePattern" size="44" />
					<method name="get_CurrencyDecimalDigits" size="44" />
					<method name="get_NumberGroupSeparator" size="43" />
					<method name="get_PercentDecimalDigits" size="43" />
					<method name="get_NumberDecimalDigits" size="42" />
					<method name="get_CurrencySymbol" size="37" />
					<method name="get_PerMilleSymbol" size="37" />
					<method name="Clone" size="36" />
					<method name="get_PercentSymbol" size="36" />
					<method name="OnDeserializing" size="36" />
					<method name="get_PositiveSign" size="35" />
					<method name="OnDeserialized" size="35" />
					<method name="get_NegativeSign" size="35" />
					<method name="get_IsReadOnly" size="33" />
					<method name="get_NaNSymbol" size="32" />
					<method name=".ctor()" size="25" />
				</type>
				<type name="CalendarData" size="3133">
					<method name=".cctor" size="692" />
					<method name=".ctor(System.String,System.Int32,System.Boolean)" size="673" />
					<method name="InitializeEraNames" size="534" />
					<method name="InitializeAbbreviatedEraNames" size="413" />
					<method name="CalendarIdToCultureName" size="208" />
					<method name="nativeGetCalendarData" size="86" />
					<method name="GetCalendarData" size="65" />
					<method name="nativeGetTwoDigitYearMax" size="48" />
					<method name=".ctor()" size="35" />
				</type>
				<type name="TextInfo" size="3000">
					<method name="ToUpperInternal" size="721" />
					<method name="ToLowerInternal(System.Char)" size="602" />
					<method name="ToLowerInternal(System.String)" size="185" />
					<method name="OnDeserialized()" size="152" />
					<method name="get_IsAsciiCasingSameAsInvariant" size="130" />
					<method name="System.Runtime.Serialization.IDeserializationCallback.OnDeserialization" size="101" />
					<method name=".ctor" size="81" />
					<method name="OnSerializing" size="75" />
					<method name="Equals" size="60" />
					<method name="get_Invariant" size="59" />
					<method name="ToUpperAsciiInvariant" size="58" />
					<method name="ToLowerAsciiInvariant" size="58" />
					<method name="ToUpper" size="56" />
					<method name="ToLower(System.Char)" size="56" />
					<method name="OnDeserializing" size="50" />
					<method name="ToLower(System.String)" size="49" />
					<method name="SetReadOnlyState" size="49" />
					<method name="ToString" size="42" />
					<method name="OnDeserialized(System.Runtime.Serialization.StreamingContext)" size="41" />
					<method name="Clone" size="36" />
					<method name="GetHashCode" size="35" />
					<method name="IsAscii" size="34" />
					<method name="get_CultureName" size="34" />
				</type>
				<type name="TimeSpanFormat" size="2206">
					<method name="FormatCustomized" size="865" />
					<method name="FormatStandard" size="567" />
					<method name="FormatToBuilder" size="238" />
					<method name="AppendNonNegativeInt32" size="184" />
					<method name="TryFormat" size="164" />
					<method name="Format" size="77" />
					<method name=".cctor" size="41" />
				</type>
				<type name="GregorianCalendar" size="1999">
					<method name="GetDatePart" size="280" />
					<method name="GetDaysInMonth" size="222" />
					<method name="TryToDateTime" size="160" />
					<method name="ToDateTime" size="151" />
					<method name="GetMonthsInYear" size="134" />
					<method name="ToFourDigitYear" size="124" />
					<method name="OnDeserialized" size="105" />
					<method name=".ctor(System.Globalization.GregorianCalendarTypes)" size="95" />
					<method name="get_TwoDigitYearMax" size="69" />
					<method name=".cctor" size="65" />
					<method name="GetDefaultInstance" size="59" />
					<method name="GetDayOfWeek" size="57" />
					<method name="GetDayOfMonth" size="49" />
					<method name="GetMonth" size="44" />
					<method name="GetYear" size="43" />
					<method name="get_MaxSupportedDateTime" size="42" />
					<method name="get_MinSupportedDateTime" size="42" />
					<method name="get_Eras" size="31" />
					<method name="GetEra" size="29" />
					<method name=".ctor()" size="25" />
					<method name="get_ID" size="25" />
				</type>
				<type name="Calendar" size="1156">
					<method name="TryToDateTime" size="171" />
					<method name="ToFourDigitYear" size="100" />
					<method name="IsValidDay" size="92" />
					<method name="GetSystemTwoDigitYearSetting" size="90" />
					<method name="IsValidMonth" size="82" />
					<method name="IsValidYear" size="76" />
					<method name="get_CurrentEraValue" size="69" />
					<method name="SetReadOnlyState" size="49" />
					<method name="get_MinSupportedDateTime" size="42" />
					<method name="get_MaxSupportedDateTime" size="42" />
					<method name=".ctor" size="38" />
					<method name="get_TwoDigitYearMax" size="38" />
					<method name="get_BaseCalendarID" size="37" />
					<method name="Clone" size="36" />
					<method name="get_ID" size="20" />
				</type>
				<type name="DateTimeFormatInfoScanner" size="1026">
					<method name="ArrayElementsBeginWithDigit" size="306" />
					<method name="GetFormatFlagUseSpaceInMonthNames" size="209" />
					<method name="GetFormatFlagGenitiveMonth" size="147" />
					<method name="ArrayElementsHaveSpace" size="105" />
					<method name="EqualStringArrays" size="102" />
					<method name="GetFormatFlagUseSpaceInDayNames" size="96" />
					<method name="GetFormatFlagUseHebrewCalendar" size="61" />
				</type>
				<type name="CharUnicodeInfo" size="847">
					<method name="InitTable" size="148" />
					<method name="InternalGetCategoryValue" size="142" />
					<method name="EndianSwap(System.UInt32)" size="103" />
					<method name="EndianSwap(System.UInt16)" size="96" />
					<method name="InternalGetUnicodeCategory" size="53" />
					<method name="IsWhiteSpace" size="52" />
					<method name="GetUnicodeCategory(System.Int32)" size="52" />
					<method name="GetUnicodeCategory(System.Char)" size="44" />
					<method name=".cctor" size="29" />
				</type>
				<type name="CultureNotFoundException" size="763">
					<method name="GetObjectData" size="114" />
					<method name=".ctor(System.Runtime.Serialization.SerializationInfo,System.Runtime.Serialization.StreamingContext)" size="111" />
					<method name="get_FormatedInvalidCultureId" size="102" />
					<method name="get_Message" size="96" />
					<method name=".ctor(System.String,System.String)" size="52" />
					<method name="get_InvalidCultureName" size="41" />
					<method name="get_InvalidCultureId" size="39" />
					<method name="get_DefaultMessage" size="36" />
					<method name=".ctor()" size="29" />
				</type>
				<type name="UnicodeCategory" size="557" />
				<type name="TextInfoToLowerData" size="406">
					<method name=".cctor" size="235" />
				</type>
				<type name="CalendarId" size="404" />
				<type name="TextInfoToUpperData" size="364">
					<method name=".cctor" size="212" />
				</type>
				<type name="NumberStyles" size="285" />
				<type name="DateTimeStyles" size="197" />
				<type name="RegionInfo" size="178" />
				<type name="DateTimeFormatFlags" size="168" />
				<type name="FORMATFLAGS" size="153" />
				<type name="CompareOptions" size="147" />
				<type name="TimeSpanParse" size="129">
					<method name="Pow10" size="129" />
				</type>
				<type name="GregorianCalendarTypes" size="116" />
				<type name="GlobalizationAssembly" size="114">
					<method name="GetGlobalizationResourceBytePtr" size="114" />
				</type>
				<type name="MonthNameStyles" size="46" />
				<type name="SortKey" size="36" />
			</namespace>
			<namespace name="System.Text" size="48022">
				<type name="UTF8Encoding" size="9225">
					<method name="GetChars(System.Byte*,System.Int32,System.Char*,System.Int32,System.Text.DecoderNLS)" size="1870" />
					<method name="GetBytes(System.Char*,System.Int32,System.Byte*,System.Int32,System.Text.EncoderNLS)" size="1529" />
					<method name="GetByteCount(System.Char*,System.Int32,System.Text.EncoderNLS)" size="1201" />
					<method name="GetCharCount(System.Byte*,System.Int32,System.Text.DecoderNLS)" size="1018" />
					<method name="GetBytesUnknown" size="374" />
					<method name="GetBytes(System.Char[],System.Int32,System.Int32,System.Byte[],System.Int32)" size="298" />
					<method name="GetChars(System.Byte[],System.Int32,System.Int32,System.Char[],System.Int32)" size="298" />
					<method name="GetBytes(System.String,System.Int32,System.Int32,System.Byte[],System.Int32)" size="284" />
					<method name="GetByteCount(System.Char[],System.Int32,System.Int32)" size="184" />
					<method name="GetCharCount(System.Byte[],System.Int32,System.Int32)" size="181" />
					<method name="GetChars(System.Byte*,System.Int32,System.Char*,System.Int32)" size="156" />
					<method name="GetBytes(System.Char*,System.Int32,System.Byte*,System.Int32)" size="155" />
					<method name="GetMaxByteCount" size="133" />
					<method name="GetMaxCharCount" size="128" />
					<method name="FallbackInvalidByteSequence(System.Byte*&amp;,System.Int32,System.Text.DecoderFallbackBuffer,System.Char*&amp;)" size="121" />
					<method name=".ctor(System.Boolean,System.Boolean)" size="117" />
					<method name="Equals" size="97" />
					<method name="GetCharCount(System.Byte*,System.Int32)" size="95" />
					<method name="GetByteCount(System.Char*,System.Int32)" size="95" />
					<method name="SetDefaultFallbacks" size="95" />
					<method name="FallbackInvalidByteSequence(System.Byte*,System.Int32,System.Text.DecoderFallbackBuffer)" size="91" />
					<method name="GetByteCount(System.String)" size="87" />
					<method name="get_Preamble" size="81" />
					<method name="GetHashCode" size="66" />
					<method name=".ctor(System.Boolean)" size="62" />
					<method name="InRange" size="56" />
					<method name="GetPreamble" size="55" />
					<method name=".cctor" size="52" />
					<method name="PtrDiff(System.Char*,System.Char*)" size="41" />
					<method name="PtrDiff(System.Byte*,System.Byte*)" size="39" />
					<method name="GetDecoder" size="29" />
					<method name="GetEncoder" size="29" />
					<method name=".ctor()" size="25" />
				</type>
				<type name="UnicodeEncoding" size="8026">
					<method name="GetBytes(System.Char*,System.Int32,System.Byte*,System.Int32,System.Text.EncoderNLS)" size="1460" />
					<method name="GetChars(System.Byte*,System.Int32,System.Char*,System.Int32,System.Text.DecoderNLS)" size="1419" />
					<method name="GetCharCount(System.Byte*,System.Int32,System.Text.DecoderNLS)" size="1106" />
					<method name="GetByteCount(System.Char*,System.Int32,System.Text.EncoderNLS)" size="859" />
					<method name="GetChars(System.Byte[],System.Int32,System.Int32,System.Char[],System.Int32)" size="298" />
					<method name="GetBytes(System.Char[],System.Int32,System.Int32,System.Byte[],System.Int32)" size="298" />
					<method name="GetBytes(System.String,System.Int32,System.Int32,System.Byte[],System.Int32)" size="284" />
					<method name="GetByteCount(System.Char[],System.Int32,System.Int32)" size="184" />
					<method name="GetCharCount(System.Byte[],System.Int32,System.Int32)" size="181" />
					<method name="GetChars(System.Byte*,System.Int32,System.Char*,System.Int32)" size="156" />
					<method name="GetBytes(System.Char*,System.Int32,System.Byte*,System.Int32)" size="155" />
					<method name=".cctor" size="139" />
					<method name=".ctor(System.Boolean,System.Boolean,System.Boolean)" size="137" />
					<method name="GetMaxCharCount" size="135" />
					<method name="GetMaxByteCount" size="132" />
					<method name="Equals" size="125" />
					<method name="get_Preamble" size="96" />
					<method name="GetByteCount(System.Char*,System.Int32)" size="95" />
					<method name="SetDefaultFallbacks" size="95" />
					<method name="GetCharCount(System.Byte*,System.Int32)" size="95" />
					<method name="GetPreamble" size="91" />
					<method name="GetByteCount(System.String)" size="83" />
					<method name="GetHashCode" size="80" />
					<method name=".ctor(System.Boolean,System.Boolean)" size="59" />
					<method name="GetEncoder" size="29" />
					<method name="GetDecoder" size="29" />
					<method name=".ctor()" size="26" />
				</type>
				<type name="StringBuilder" size="7295">
					<method name="AppendFormatHelper" size="1123" />
					<method name="MakeRoom" size="463" />
					<method name=".ctor(System.Runtime.Serialization.SerializationInfo,System.Runtime.Serialization.StreamingContext)" size="355" />
					<method name="Remove(System.Int32,System.Int32,System.Text.StringBuilder&amp;,System.Int32&amp;)" size="308" />
					<method name="set_Length" size="294" />
					<method name=".ctor(System.String,System.Int32,System.Int32,System.Int32)" size="285" />
					<method name="Append(System.Char*,System.Int32)" size="257" />
					<method name="CopyTo" size="250" />
					<method name="ThreadSafeCopy(System.Char[],System.Int32,System.Span`1&lt;System.Char&gt;,System.Int32,System.Int32)" size="227" />
					<method name="ToString" size="219" />
					<method name="Append(System.String)" size="196" />
					<method name="ExpandByABlock" size="193" />
					<method name="Append(System.String,System.Int32,System.Int32)" size="187" />
					<method name="Append(System.Char,System.Int32)" size="184" />
					<method name="Append(System.Char[],System.Int32,System.Int32)" size="178" />
					<method name="ReplaceInPlaceAtChunk" size="173" />
					<method name="System.Runtime.Serialization.ISerializable.GetObjectData" size="167" />
					<method name="Remove(System.Int32,System.Int32)" size="158" />
					<method name=".ctor(System.Int32,System.Int32)" size="155" />
					<method name="ThreadSafeCopy(System.Char*,System.Char[],System.Int32,System.Int32)" size="147" />
					<method name="Insert(System.Int32,System.Char*,System.Int32)" size="116" />
					<method name=".ctor(System.Int32,System.Int32,System.Text.StringBuilder)" size="115" />
					<method name="Insert(System.Int32,System.String)" size="108" />
					<method name="get_Chars" size="94" />
					<method name=".ctor(System.Text.StringBuilder)" size="93" />
					<method name="Append(System.Char)" size="86" />
					<method name="AppendHelper" size="75" />
					<method name="AppendFormat(System.IFormatProvider,System.String,System.Object)" size="72" />
					<method name="get_RemainingCurrentChunk" size="70" />
					<method name="AppendFormat(System.String,System.Object,System.Object)" size="69" />
					<method name="AppendSpanFormattable" size="69" />
					<method name="FindChunkForIndex" size="65" />
					<method name=".ctor(System.String,System.Int32)" size="62" />
					<method name="AppendFormat(System.String,System.Object)" size="59" />
					<method name="Next" size="52" />
					<method name=".ctor()" size="48" />
					<method name="Append(System.Object)" size="46" />
					<method name=".ctor(System.Int32)" size="43" />
					<method name="get_Capacity" size="40" />
					<method name=".ctor(System.String)" size="37" />
					<method name="Append(System.Int32)" size="36" />
					<method name="get_Length" size="36" />
					<method name="get_MaxCapacity" size="34" />
					<method name="AppendLine" size="34" />
					<method name="FormatError" size="34" />
					<method name="Clear" size="26" />
				</type>
				<type name="UTF32Encoding" size="5718">
					<method name="GetBytes(System.Char*,System.Int32,System.Byte*,System.Int32,System.Text.EncoderNLS)" size="767" />
					<method name="GetChars(System.Byte*,System.Int32,System.Char*,System.Int32,System.Text.DecoderNLS)" size="763" />
					<method name="GetCharCount(System.Byte*,System.Int32,System.Text.DecoderNLS)" size="532" />
					<method name="GetByteCount(System.Char*,System.Int32,System.Text.EncoderNLS)" size="370" />
					<method name="GetBytes(System.Char[],System.Int32,System.Int32,System.Byte[],System.Int32)" size="298" />
					<method name="GetChars(System.Byte[],System.Int32,System.Int32,System.Char[],System.Int32)" size="298" />
					<method name="GetBytes(System.String,System.Int32,System.Int32,System.Byte[],System.Int32)" size="284" />
					<method name="GetByteCount(System.Char[],System.Int32,System.Int32)" size="184" />
					<method name="GetCharCount(System.Byte[],System.Int32,System.Int32)" size="181" />
					<method name="GetChars(System.Byte*,System.Int32,System.Char*,System.Int32)" size="156" />
					<method name="GetBytes(System.Char*,System.Int32,System.Byte*,System.Int32)" size="155" />
					<method name=".ctor(System.Boolean,System.Boolean,System.Boolean)" size="135" />
					<method name="GetMaxByteCount" size="133" />
					<method name="GetMaxCharCount" size="129" />
					<method name="Equals" size="111" />
					<method name=".cctor" size="97" />
					<method name="get_Preamble" size="96" />
					<method name="GetCharCount(System.Byte*,System.Int32)" size="95" />
					<method name="GetByteCount(System.Char*,System.Int32)" size="95" />
					<method name="SetDefaultFallbacks" size="95" />
					<method name="GetPreamble" size="91" />
					<method name="GetByteCount(System.String)" size="83" />
					<method name="GetHashCode" size="80" />
					<method name="GetSurrogate" size="71" />
					<method name="GetHighSurrogate" size="59" />
					<method name=".ctor(System.Boolean,System.Boolean)" size="59" />
					<method name="GetLowSurrogate" size="58" />
					<method name="GetDecoder" size="29" />
					<method name="GetEncoder" size="29" />
					<method name=".ctor()" size="27" />
				</type>
				<type name="Encoding" size="3468">
					<method name="GetChars(System.Byte*,System.Int32,System.Char*,System.Int32)" size="248" />
					<method name="GetBytes(System.Char*,System.Int32,System.Byte*,System.Int32)" size="248" />
					<method name="GetByteCount(System.Char*,System.Int32)" size="142" />
					<method name="GetCharCount(System.Byte*,System.Int32)" size="139" />
					<method name="ThrowBytesOverflow(System.Text.EncoderNLS,System.Boolean)" size="112" />
					<method name="ThrowCharsOverflow(System.Text.DecoderNLS,System.Boolean)" size="112" />
					<method name="GetBytes(System.String,System.Int32,System.Int32,System.Byte[],System.Int32)" size="111" />
					<method name="GetString(System.Byte*,System.Int32)" size="105" />
					<method name="GetBytes(System.ReadOnlySpan`1&lt;System.Char&gt;,System.Span`1&lt;System.Byte&gt;)" size="99" />
					<method name="Equals" size="97" />
					<method name="GetChars(System.Byte*,System.Int32,System.Char*,System.Int32,System.Text.DecoderNLS)" size="92" />
					<method name="GetBytes(System.Char*,System.Int32,System.Byte*,System.Int32,System.Text.EncoderNLS)" size="92" />
					<method name="GetBytes(System.Char[],System.Int32,System.Int32)" size="83" />
					<method name="ThrowBytesOverflow()" size="80" />
					<method name="ThrowCharsOverflow()" size="80" />
					<method name=".ctor(System.Int32)" size="72" />
					<method name="GetByteCount(System.String)" size="67" />
					<method name="GetCharCount(System.Byte*,System.Int32,System.Text.DecoderNLS)" size="65" />
					<method name="GetByteCount(System.Char*,System.Int32,System.Text.EncoderNLS)" size="65" />
					<method name="GetString(System.ReadOnlySpan`1&lt;System.Byte&gt;)" size="64" />
					<method name="get_BigEndianUnicode" size="63" />
					<method name="OnDeserialized()" size="63" />
					<method name="SetDefaultFallbacks" size="56" />
					<method name="get_Unicode" size="54" />
					<method name="GetHashCode" size="54" />
					<method name="get_UTF32" size="52" />
					<method name="get_UTF8" size="50" />
					<method name="OnDeserializing()" size="49" />
					<method name="GetBestFitBytesToUnicodeData" size="46" />
					<method name="GetBestFitUnicodeToBytesData" size="46" />
					<method name="OnDeserializing(System.Runtime.Serialization.StreamingContext)" size="42" />
					<method name="OnDeserialized(System.Runtime.Serialization.StreamingContext)" size="41" />
					<method name="OnSerializing" size="41" />
					<method name="get_EncodingName" size="40" />
					<method name="get_DecoderFallback" size="38" />
					<method name="get_EncoderFallback" size="38" />
					<method name="get_Preamble" size="36" />
					<method name="Clone" size="36" />
					<method name="get_CodePage" size="31" />
					<method name="GetDecoder" size="29" />
					<method name="GetPreamble" size="29" />
					<method name="GetEncoder" size="29" />
					<method name=".ctor()" size="25" />
				</type>
				<type name="DecoderNLS" size="1223">
					<method name="GetChars(System.Byte[],System.Int32,System.Int32,System.Char[],System.Int32,System.Boolean)" size="295" />
					<method name="GetChars(System.Byte*,System.Int32,System.Char*,System.Int32,System.Boolean)" size="185" />
					<method name="GetCharCount(System.Byte[],System.Int32,System.Int32,System.Boolean)" size="178" />
					<method name="GetCharCount(System.Byte*,System.Int32,System.Boolean)" size="124" />
					<method name="GetChars(System.Byte[],System.Int32,System.Int32,System.Char[],System.Int32)" size="97" />
					<method name=".ctor" size="67" />
					<method name="GetCharCount(System.Byte[],System.Int32,System.Int32)" size="65" />
					<method name="Reset" size="34" />
					<method name="ClearMustFlush" size="34" />
					<method name="get_MustFlush" size="32" />
					<method name="get_HasState" size="26" />
				</type>
				<type name="ValueStringBuilder" size="1188">
					<method name="Grow" size="157" />
					<method name="Append(System.Char*,System.Int32)" size="143" />
					<method name="Append(System.Char,System.Int32)" size="132" />
					<method name="AppendSlow" size="122" />
					<method name="TryCopyTo" size="114" />
					<method name="Append(System.String)" size="96" />
					<method name="AppendSpan" size="90" />
					<method name="Append(System.Char)" size="81" />
					<method name=".ctor" size="57" />
					<method name="ToString" size="55" />
					<method name="Dispose" size="53" />
					<method name="GrowAndAppend" size="46" />
				</type>
				<type name="EncoderNLS" size="1057">
					<method name="GetBytes(System.Char[],System.Int32,System.Int32,System.Byte[],System.Int32,System.Boolean)" size="295" />
					<method name="GetBytes(System.Char*,System.Int32,System.Byte*,System.Int32,System.Boolean)" size="186" />
					<method name="GetByteCount(System.Char[],System.Int32,System.Int32,System.Boolean)" size="184" />
					<method name="GetByteCount(System.Char*,System.Int32,System.Boolean)" size="124" />
					<method name=".ctor" size="67" />
					<method name="Reset" size="44" />
					<method name="ClearMustFlush" size="34" />
					<method name="get_MustFlush" size="32" />
				</type>
				<type name="InternalEncoderBestFitFallbackBuffer" size="1028">
					<method name="Fallback(System.Char,System.Char,System.Int32)" size="197" />
					<method name="TryBestFit" size="186" />
					<method name=".ctor" size="135" />
					<method name="Fallback(System.Char,System.Int32)" size="97" />
					<method name="GetNextChar" size="77" />
					<method name="MovePrevious" size="76" />
					<method name="get_InternalSyncObject" size="70" />
					<method name="get_Remaining" size="43" />
					<method name="Reset" size="40" />
				</type>
				<type name="Decoder" size="888">
					<method name="GetChars(System.Byte*,System.Int32,System.Char*,System.Int32,System.Boolean)" size="250" />
					<method name="GetCharCount(System.Byte*,System.Int32,System.Boolean)" size="139" />
					<method name="GetChars(System.Byte[],System.Int32,System.Int32,System.Char[],System.Int32,System.Boolean)" size="106" />
					<method name="get_FallbackBuffer" size="88" />
					<method name="Reset" size="77" />
					<method name="GetCharCount(System.Byte[],System.Int32,System.Int32,System.Boolean)" size="74" />
					<method name="get_InternalHasFallbackBuffer" size="51" />
					<method name=".ctor" size="24" />
				</type>
				<type name="InternalDecoderBestFitFallbackBuffer" size="835">
					<method name="TryBestFit" size="268" />
					<method name=".ctor" size="135" />
					<method name="Fallback" size="107" />
					<method name="GetNextChar" size="77" />
					<method name="get_InternalSyncObject" size="70" />
					<method name="InternalFallback" size="51" />
					<method name="Reset" size="33" />
				</type>
				<type name="EncoderReplacementFallbackBuffer" size="799">
					<method name="Fallback(System.Char,System.Char,System.Int32)" size="223" />
					<method name="Fallback(System.Char,System.Int32)" size="172" />
					<method name="GetNextChar" size="102" />
					<method name=".ctor" size="74" />
					<method name="MovePrevious" size="74" />
					<method name="Reset" size="47" />
					<method name="get_Remaining" size="43" />
				</type>
				<type name="EncoderFallbackBuffer" size="793">
					<method name="InternalFallback" size="299" />
					<method name="InternalInitialize" size="134" />
					<method name="ThrowLastCharRecursive" size="79" />
					<method name="InternalGetNextChar" size="64" />
					<method name="InternalReset" size="54" />
					<method name="Reset" size="26" />
					<method name=".ctor" size="24" />
				</type>
				<type name="Encoder" size="759">
					<method name="GetBytes(System.Char*,System.Int32,System.Byte*,System.Int32,System.Boolean)" size="250" />
					<method name="GetByteCount(System.Char*,System.Int32,System.Boolean)" size="143" />
					<method name="get_FallbackBuffer" size="88" />
					<method name="Reset" size="81" />
					<method name="get_InternalHasFallbackBuffer" size="51" />
					<method name="get_Fallback" size="31" />
					<method name=".ctor" size="24" />
				</type>
				<type name="DecoderFallbackBuffer" size="738">
					<method name="InternalFallback(System.Byte[],System.Byte*,System.Char*&amp;)" size="201" />
					<method name="ThrowLastBytesRecursive" size="177" />
					<method name="InternalFallback(System.Byte[],System.Byte*)" size="175" />
					<method name="InternalInitialize" size="71" />
					<method name="InternalReset" size="40" />
					<method name="Reset" size="26" />
					<method name=".ctor" size="24" />
				</type>
				<type name="DecoderReplacementFallback" size="631">
					<method name=".ctor(System.String)" size="151" />
					<method name="System.Runtime.Serialization.ISerializable.GetObjectData" size="107" />
					<method name=".ctor(System.Runtime.Serialization.SerializationInfo,System.Runtime.Serialization.StreamingContext)" size="84" />
					<method name="Equals" size="62" />
					<method name="get_MaxCharCount" size="40" />
					<method name="CreateFallbackBuffer" size="39" />
					<method name="get_DefaultString" size="36" />
					<method name="GetHashCode" size="35" />
					<method name=".ctor()" size="29" />
				</type>
				<type name="EncoderReplacementFallback" size="631">
					<method name=".ctor(System.String)" size="151" />
					<method name="System.Runtime.Serialization.ISerializable.GetObjectData" size="107" />
					<method name=".ctor(System.Runtime.Serialization.SerializationInfo,System.Runtime.Serialization.StreamingContext)" size="84" />
					<method name="Equals" size="62" />
					<method name="get_MaxCharCount" size="40" />
					<method name="CreateFallbackBuffer" size="39" />
					<method name="get_DefaultString" size="36" />
					<method name="GetHashCode" size="35" />
					<method name=".ctor()" size="29" />
				</type>
				<type name="EncoderFallbackException" size="457">
					<method name=".ctor(System.String,System.Char,System.Char,System.Int32)" size="206" />
					<method name=".ctor(System.String,System.Char,System.Int32)" size="77" />
					<method name=".ctor(System.Runtime.Serialization.SerializationInfo,System.Runtime.Serialization.StreamingContext)" size="69" />
					<method name=".ctor()" size="40" />
				</type>
				<type name="DecoderReplacementFallbackBuffer" size="421">
					<method name="Fallback" size="104" />
					<method name="GetNextChar" size="102" />
					<method name=".ctor" size="63" />
					<method name="InternalFallback" size="61" />
					<method name="Reset" size="40" />
				</type>
				<type name="EncoderExceptionFallbackBuffer" size="401">
					<method name="Fallback(System.Char,System.Char,System.Int32)" size="210" />
					<method name="Fallback(System.Char,System.Int32)" size="76" />
					<method name="get_Remaining" size="27" />
					<method name="MovePrevious" size="26" />
					<method name="GetNextChar" size="25" />
					<method name=".ctor" size="24" />
				</type>
				<type name="ValueUtf8Converter" size="314">
					<method name="ConvertAndTerminateString" size="177" />
					<method name="Dispose" size="53" />
					<method name=".ctor" size="50" />
				</type>
				<type name="InternalDecoderBestFitFallback" size="288">
					<method name="Equals" size="69" />
					<method name=".ctor" size="52" />
					<method name="CreateFallbackBuffer" size="39" />
					<method name="GetHashCode" size="35" />
					<method name="get_MaxCharCount" size="30" />
				</type>
				<type name="DecoderExceptionFallbackBuffer" size="277">
					<method name="Throw" size="171" />
					<method name="Fallback" size="57" />
					<method name="GetNextChar" size="25" />
					<method name=".ctor" size="24" />
				</type>
				<type name="DecoderFallback" size="270">
					<method name="get_ReplacementFallback" size="70" />
					<method name="get_ExceptionFallback" size="68" />
					<method name=".ctor" size="24" />
				</type>
				<type name="InternalEncoderBestFitFallback" size="263">
					<method name="Equals" size="69" />
					<method name=".ctor" size="44" />
					<method name="CreateFallbackBuffer" size="39" />
					<method name="GetHashCode" size="35" />
					<method name="get_MaxCharCount" size="30" />
				</type>
				<type name="EncoderFallback" size="260">
					<method name="get_ReplacementFallback" size="65" />
					<method name="get_ExceptionFallback" size="63" />
					<method name=".ctor" size="24" />
				</type>
				<type name="DecoderFallbackException" size="214">
					<method name=".ctor(System.String,System.Byte[],System.Int32)" size="78" />
					<method name=".ctor(System.Runtime.Serialization.SerializationInfo,System.Runtime.Serialization.StreamingContext)" size="69" />
					<method name=".ctor()" size="40" />
				</type>
				<type name="StringBuilderCache" size="201">
					<method name="Acquire" size="84" />
					<method name="GetStringAndRelease" size="51" />
					<method name="Release" size="46" />
				</type>
				<type name="DecoderExceptionFallback" size="177">
					<method name="Equals" size="40" />
					<method name="CreateFallbackBuffer" size="38" />
					<method name="get_MaxCharCount" size="30" />
					<method name="GetHashCode" size="29" />
					<method name=".ctor" size="24" />
				</type>
				<type name="EncoderExceptionFallback" size="177">
					<method name="Equals" size="40" />
					<method name="CreateFallbackBuffer" size="38" />
					<method name="get_MaxCharCount" size="30" />
					<method name="GetHashCode" size="29" />
					<method name=".ctor" size="24" />
				</type>
			</namespace>
			<namespace name="System.Reflection" size="44964">
				<type name="RuntimeMethodInfo" size="3158">
					<method name="Invoke" size="245" />
					<method name="MakeGenericMethod" size="235" />
					<method name="ConvertValues" size="228" />
					<method name="GetPseudoCustomAttributes" size="168" />
					<method name="FormatNameAndSig" size="150" />
					<method name="GetObjectData" size="119" />
					<method name="get_ContainsGenericParameters" size="102" />
					<method name="GetMethodFromHandleNoGenericCheck(System.RuntimeMethodHandle,System.RuntimeTypeHandle)" size="95" />
					<method name="GetMethodFromHandleInternalType" size="86" />
					<method name="GetParameters" size="76" />
					<method name="GetMethodFromHandleNoGenericCheck(System.RuntimeMethodHandle)" size="75" />
					<method name="GetCustomAttributes(System.Type,System.Boolean)" size="70" />
					<method name="CreateDelegate" size="63" />
					<method name="SerializationToString" size="63" />
					<method name="IsDefined" size="60" />
					<method name="GetGenericMethodDefinition" size="60" />
					<method name="GetMethodImplementationFlags" size="52" />
					<method name="GetCustomAttributes(System.Boolean)" size="51" />
					<method name="ToString" size="49" />
					<method name="get_ReflectedTypeInternal" size="49" />
					<method name=".ctor(System.RuntimeMethodHandle)" size="49" />
					<method name="GetParametersInternal" size="46" />
					<method name="GetRuntimeModule" size="45" />
					<method name="GetParametersCount" size="45" />
					<method name="get_CallingConvention" size="45" />
					<method name="get_IsSecurityCritical" size="43" />
					<method name="get_Name" size="42" />
					<method name="get_DeclaringType" size="41" />
					<method name="get_core_clr_security_level" size="41" />
					<method name="get_MethodHandle" size="40" />
					<method name="get_ReturnType" size="38" />
					<method name="get_ReturnParameter" size="38" />
					<method name="get_Attributes" size="38" />
					<method name="get_ReflectedType" size="36" />
					<method name="get_MetadataToken" size="36" />
					<method name="GetBaseMethod" size="33" />
					<method name="get_BindingFlags" size="30" />
					<method name="get_Module" size="29" />
					<method name=".ctor()" size="24" />
				</type>
				<type name="SignatureType" size="3092">
					<method name="GetMethodImpl" size="115" />
					<method name="GetPropertyImpl" size="113" />
					<method name="GetConstructorImpl" size="111" />
					<method name="GetCustomAttributes(System.Type,System.Boolean)" size="72" />
					<method name="GetMember(System.String,System.Reflection.MemberTypes,System.Reflection.BindingFlags)" size="66" />
					<method name="IsDefined" size="62" />
					<method name="GetNestedType" size="61" />
					<method name="GetMember(System.String,System.Reflection.BindingFlags)" size="57" />
					<method name="GetEvent" size="56" />
					<method name="MakeGenericType" size="56" />
					<method name="GetField" size="56" />
					<method name="GetCustomAttributes(System.Boolean)" size="54" />
					<method name="GetConstructors" size="54" />
					<method name="get_GenericParameterAttributes" size="53" />
					<method name="MakeArrayType(System.Int32)" size="53" />
					<method name="GetGenericParameterConstraints" size="53" />
					<method name="GetMethods" size="49" />
					<method name="GetFields" size="48" />
					<method name="IsEquivalentTo" size="47" />
					<method name="get_IsGenericType" size="46" />
					<method name="IsAssignableFrom" size="45" />
					<method name="IsInstanceOfType" size="45" />
					<method name="GetAttributeFlagsImpl" size="44" />
					<method name="GetEnumName" size="44" />
					<method name="GetEnumUnderlyingType" size="44" />
					<method name="get_DeclaringMethod" size="42" />
					<method name="IsMarshalByRefImpl" size="41" />
					<method name="get_IsSerializable" size="41" />
					<method name="IsSubclassOf" size="41" />
					<method name="get_ReflectedType" size="40" />
					<method name="get_MetadataToken" size="40" />
					<method name="get_DeclaringType" size="40" />
					<method name="get_AssemblyQualifiedName" size="39" />
					<method name="IsContextfulImpl" size="39" />
					<method name="IsCOMObjectImpl" size="38" />
					<method name="IsValueTypeImpl" size="38" />
					<method name="IsPrimitiveImpl" size="38" />
					<method name="GetTypeCodeImpl" size="38" />
					<method name="get_UnderlyingSystemType" size="38" />
					<method name="get_TypeHandle" size="37" />
					<method name="GetInterfaces" size="36" />
					<method name="get_BaseType" size="35" />
					<method name="GetEnumNames" size="35" />
					<method name="get_Assembly" size="35" />
					<method name="MakeArrayType()" size="34" />
					<method name="MakePointerType" size="34" />
					<method name="get_IsSignatureType" size="33" />
					<method name="get_Module" size="33" />
					<method name="GetElementType" size="33" />
					<method name="get_IsEnum" size="33" />
					<method name="MakeByRefType" size="32" />
					<method name="get_MemberType" size="29" />
					<method name="get_FullName" size="26" />
					<method name=".ctor" size="24" />
				</type>
				<type name="AssemblyName" size="3044">
					<method name="FillName" size="520" />
					<method name="get_FullName" size="348" />
					<method name=".ctor(System.Runtime.Serialization.SerializationInfo,System.Runtime.Serialization.StreamingContext)" size="328" />
					<method name="GetObjectData" size="291" />
					<method name="Clone" size="203" />
					<method name=".ctor(System.String)" size="169" />
					<method name="get_IsPublicKeyValid" size="146" />
					<method name="set_Version" size="137" />
					<method name="ComputePublicKeyToken" size="128" />
					<method name="GetPublicKeyToken" size="107" />
					<method name="InternalGetPublicKeyToken" size="103" />
					<method name="Create" size="93" />
					<method name="OnDeserialization" size="53" />
					<method name="ToString" size="43" />
					<method name=".ctor()" size="31" />
					<method name="get_Version" size="30" />
					<method name="get_Flags" size="28" />
					<method name="get_Name" size="27" />
				</type>
				<type name="RuntimeConstructorInfo" size="2050">
					<method name="DoInvoke" size="227" />
					<method name="Invoke(System.Object,System.Reflection.BindingFlags,System.Reflection.Binder,System.Object[],System.Globalization.CultureInfo)" size="140" />
					<method name="InternalInvoke(System.Object,System.Object[],System.Boolean)" size="129" />
					<method name="GetObjectData" size="93" />
					<method name="SerializationInvoke" size="91" />
					<method name="Invoke(System.Reflection.BindingFlags,System.Reflection.Binder,System.Object[],System.Globalization.CultureInfo)" size="84" />
					<method name="GetCustomAttributes(System.Type,System.Boolean)" size="70" />
					<method name="IsDefined" size="60" />
					<method name="GetParametersCount" size="56" />
					<method name="get_ContainsGenericParameters" size="53" />
					<method name="GetMethodImplementationFlags" size="52" />
					<method name="GetCustomAttributes(System.Boolean)" size="51" />
					<method name="get_ReflectedTypeInternal" size="49" />
					<method name="GetParametersInternal" size="46" />
					<method name="GetRuntimeModule" size="45" />
					<method name="get_CallingConvention" size="45" />
					<method name="get_IsSecurityCritical" size="43" />
					<method name="get_Name" size="42" />
					<method name="get_DeclaringType" size="41" />
					<method name="get_core_clr_security_level" size="41" />
					<method name="SerializationToString" size="41" />
					<method name="get_MethodHandle" size="40" />
					<method name="GetParameters" size="38" />
					<method name="ToString" size="38" />
					<method name="get_Attributes" size="38" />
					<method name="get_MetadataToken" size="36" />
					<method name="get_ReflectedType" size="36" />
					<method name="get_BindingFlags" size="30" />
					<method name="get_Module" size="29" />
					<method name=".ctor" size="24" />
				</type>
				<type name="MemberInfoSerializationHolder" size="1974">
					<method name="GetRealObject" size="1148" />
					<method name="GetSerializationInfo(System.Runtime.Serialization.SerializationInfo,System.String,System.RuntimeType,System.String,System.String,System.Reflection.MemberTypes,System.Type[])" size="338" />
					<method name=".ctor" size="228" />
					<method name="GetSerializationInfo(System.Runtime.Serialization.SerializationInfo,System.String,System.RuntimeType,System.String,System.Reflection.MemberTypes)" size="106" />
					<method name="GetObjectData" size="62" />
				</type>
				<type name="RuntimePropertyInfo" size="1882">
					<method name="GetIndexParameters" size="178" />
					<method name="FormatNameAndSig" size="148" />
					<method name="GetPropertyFromHandle" size="132" />
					<method name="get_PropertyType" size="99" />
					<method name="GetSetMethod" size="99" />
					<method name="GetGetMethod" size="99" />
					<method name="GetObjectData" size="94" />
					<method name="CachePropertyInfo" size="78" />
					<method name="GetCustomAttributes(System.Type,System.Boolean)" size="70" />
					<method name="GetterAdapterFrame" size="67" />
					<method name="StaticGetterAdapterFrame" size="67" />
					<method name="IsDefined" size="60" />
					<method name="GetCustomAttributes(System.Boolean)" size="51" />
					<method name="get_ReflectedTypeInternal" size="49" />
					<method name="get_DeclaringType" size="49" />
					<method name="get_ReflectedType" size="48" />
					<method name="GetDeclaringTypeInternal" size="48" />
					<method name="SerializationToString" size="41" />
					<method name="GetRuntimeModule" size="40" />
					<method name="get_Name" size="40" />
					<method name="get_MetadataToken" size="36" />
					<method name="get_BindingFlags" size="30" />
					<method name="get_Module" size="29" />
					<method name="ToString" size="28" />
					<method name=".ctor" size="24" />
				</type>
				<type name="RuntimeAssembly" size="1786">
					<method name="GetManifestResourceStream" size="296" />
					<method name="GetModules" size="131" />
					<method name="GetModule" size="119" />
					<method name="GetManifestResourceInfo" size="112" />
					<method name="GetType" size="105" />
					<method name="LoadWithPartialNameInternal(System.String,System.Security.Policy.Evidence,System.Threading.StackCrawlMark&amp;)" size="103" />
					<method name="LoadWithPartialNameInternal(System.Reflection.AssemblyName,System.Security.Policy.Evidence,System.Threading.StackCrawlMark&amp;)" size="95" />
					<method name="GetObjectData" size="75" />
					<method name="GetCustomAttributes" size="70" />
					<method name="Equals" size="68" />
					<method name="IsDefined" size="60" />
					<method name="ToString" size="54" />
					<method name="GetCodeBase" size="49" />
					<method name="get_Location" size="45" />
					<method name="GetName" size="42" />
					<method name=".ctor" size="35" />
					<method name="get_MonoAssembly" size="35" />
					<method name="get_CodeBase" size="32" />
					<method name="get_FullName" size="31" />
					<method name="GetHashCode" size="30" />
				</type>
				<type name="MethodBase" size="1755">
					<method name="ConstructParameters" size="246" />
					<method name="GetMethodFromHandle" size="172" />
					<method name="op_Equality" size="154" />
					<method name="FormatNameAndSig" size="112" />
					<method name="GetParameterTypes" size="84" />
					<method name="get_IsConstructor" size="67" />
					<method name="op_Inequality" size="55" />
					<method name="Invoke(System.Object,System.Object[])" size="53" />
					<method name="get_IsGenericMethodDefinition" size="43" />
					<method name="get_ContainsGenericParameters" size="43" />
					<method name="GetGenericArguments" size="42" />
					<method name="get_IsAbstract" size="42" />
					<method name="get_IsSecurityCritical" size="40" />
					<method name="GetParametersInternal" size="40" />
					<method name="GetParametersCount" size="39" />
					<method name="get_IsVirtual" size="38" />
					<method name="GetParametersNoCopy" size="38" />
					<method name="get_IsStatic" size="37" />
					<method name="get_IsPublic" size="36" />
					<method name="get_CallingConvention" size="35" />
					<method name="Equals" size="34" />
					<method name="get_IsGenericMethod" size="33" />
					<method name="GetHashCode" size="30" />
					<method name=".ctor" size="24" />
				</type>
				<type name="RuntimeFieldInfo" size="1733">
					<method name="SetValue" size="226" />
					<method name="CheckConsistency" size="130" />
					<method name="GetValue" size="130" />
					<method name="UnsafeSetValue" size="107" />
					<method name="SetValueDirect" size="102" />
					<method name="GetObjectData" size="86" />
					<method name="GetCustomAttributes(System.Type,System.Boolean)" size="70" />
					<method name="IsDefined" size="60" />
					<method name="get_FieldType" size="58" />
					<method name="GetCustomAttributes(System.Boolean)" size="51" />
					<method name="CheckGeneric" size="49" />
					<method name="get_ReflectedTypeInternal" size="49" />
					<method name="GetDeclaringTypeInternal" size="48" />
					<method name="ToString" size="43" />
					<method name="GetRuntimeModule" size="40" />
					<method name="get_ReflectedType" size="37" />
					<method name="get_DeclaringType" size="37" />
					<method name="get_MetadataToken" size="36" />
					<method name="get_FieldHandle" size="34" />
					<method name="get_Attributes" size="33" />
					<method name="get_BindingFlags" size="30" />
					<method name="get_Module" size="29" />
					<method name="get_Name" size="27" />
					<method name=".ctor" size="24" />
				</type>
				<type name="Assembly" size="1486">
					<method name="LoadWithPartialName(System.String,System.Security.Policy.Evidence,System.Boolean)" size="110" />
					<method name="LoadWithPartialName(System.String,System.Security.Policy.Evidence)" size="77" />
					<method name="op_Inequality" size="74" />
					<method name="ReflectionOnlyLoad" size="71" />
					<method name="op_Equality" size="69" />
					<method name="GetCustomAttributes" size="67" />
					<method name="GetType(System.String,System.Boolean,System.Boolean)" size="66" />
					<method name="GetAssembly" size="59" />
					<method name="GetManifestResourceInfo" size="58" />
					<method name="IsDefined" size="57" />
					<method name="GetObjectData" size="52" />
					<method name="GetManifestResourceStream" size="52" />
					<method name="GetModules" size="51" />
					<method name="Load" size="47" />
					<method name="GetName(System.Boolean)" size="40" />
					<method name="GetType(System.String)" size="38" />
					<method name="GetModule" size="36" />
					<method name="GetModulesInternal" size="36" />
					<method name="get_MonoAssembly" size="34" />
					<method name="CreateNIE" size="32" />
					<method name="get_IsFullyTrusted" size="32" />
					<method name="Equals" size="32" />
					<method name="get_CodeBase" size="30" />
					<method name="get_Location" size="30" />
					<method name="get_FullName" size="30" />
					<method name="GetHashCode" size="30" />
					<method name="GetTypes()" size="28" />
					<method name="ToString" size="27" />
					<method name="GetName()" size="27" />
					<method name=".ctor" size="24" />
				</type>
				<type name="SignatureConstructedGenericType" size="1343">
					<method name=".ctor" size="169" />
					<method name="ToString" size="128" />
					<method name="get_ContainsGenericParameters" size="83" />
					<method name="get_GenericTypeArguments" size="53" />
					<method name="get_GenericParameterPosition" size="51" />
					<method name="GetGenericTypeDefinition" size="43" />
					<method name="get_IsConstructedGenericType" size="42" />
					<method name="get_IsGenericMethodParameter" size="42" />
					<method name="get_IsGenericTypeDefinition" size="41" />
					<method name="GetGenericArguments" size="38" />
					<method name="get_IsVariableBoundArray" size="38" />
					<method name="get_Namespace" size="37" />
					<method name="get_IsGenericParameter" size="36" />
					<method name="GetArrayRank" size="35" />
					<method name="get_Name" size="32" />
					<method name="HasElementTypeImpl" size="32" />
					<method name="get_ElementType" size="29" />
					<method name="get_IsSZArray" size="27" />
					<method name="IsPointerImpl" size="27" />
					<method name="IsByRefImpl" size="25" />
					<method name="IsArrayImpl" size="25" />
				</type>
				<type name="RuntimeParameterInfo" size="1338">
					<method name="FormatParameters" size="225" />
					<method name="get_DefaultValue" size="212" />
					<method name="GetPseudoCustomAttributes" size="197" />
					<method name=".ctor(System.String,System.Type,System.Int32,System.Int32,System.Object,System.Reflection.MemberInfo,System.Runtime.InteropServices.MarshalAsAttribute)" size="160" />
					<method name=".ctor(System.Reflection.ParameterInfo,System.Reflection.MemberInfo)" size="113" />
					<method name=".ctor(System.Type,System.Reflection.MemberInfo,System.Runtime.InteropServices.MarshalAsAttribute)" size="100" />
					<method name="GetCustomAttributes" size="70" />
					<method name="GetDefaultValueImpl" size="70" />
					<method name="IsDefined" size="60" />
					<method name="New(System.Type,System.Reflection.MemberInfo,System.Runtime.InteropServices.MarshalAsAttribute)" size="58" />
					<method name="New(System.Reflection.ParameterInfo,System.Reflection.MemberInfo)" size="44" />
				</type>
				<type name="SignatureTypeExtensions" size="1265">
					<method name="MatchesExactly" size="394" />
					<method name="TryResolve" size="360" />
					<method name="MatchesParameterTypeExactly" size="102" />
					<method name="TryResolveAgainstGenericMethod" size="91" />
					<method name="TryMakeGenericType" size="78" />
					<method name="TryMakeArrayType(System.Type,System.Int32)" size="67" />
					<method name="TryMakePointerType" size="59" />
					<method name="TryMakeArrayType(System.Type)" size="57" />
					<method name="TryMakeByRefType" size="57" />
				</type>
				<type name="RuntimeEventInfo" size="1263">
					<method name="GetBindingFlags" size="140" />
					<method name="GetRemoveMethod" size="91" />
					<method name="GetRaiseMethod" size="90" />
					<method name="GetAddMethod" size="88" />
					<method name="GetObjectData" size="81" />
					<method name="GetCustomAttributes(System.Type,System.Boolean)" size="70" />
					<method name="IsDefined" size="60" />
					<method name="GetCustomAttributes(System.Boolean)" size="51" />
					<method name="get_ReflectedTypeInternal" size="49" />
					<method name="GetDeclaringTypeInternal" size="48" />
					<method name="GetEventInfo" size="45" />
					<method name="ToString" size="43" />
					<method name="get_DeclaringType" size="41" />
					<method name="get_ReflectedType" size="41" />
					<method name="GetRuntimeModule" size="40" />
					<method name="get_MetadataToken" size="36" />
					<method name="get_BindingFlags" size="35" />
					<method name="get_Name" size="32" />
					<method name="get_Module" size="29" />
					<method name=".ctor" size="24" />
				</type>
				<type name="CorElementType" size="1103" />
				<type name="FieldInfo" size="1088">
					<method name="GetPseudoCustomAttributes" size="172" />
					<method name="GetFieldFromHandle(System.RuntimeFieldHandle,System.RuntimeTypeHandle)" size="129" />
					<method name="GetFieldFromHandle(System.RuntimeFieldHandle)" size="89" />
					<method name="op_Equality" size="64" />
					<method name="op_Inequality" size="55" />
					<method name="SetValueDirect" size="55" />
					<method name="SetValue(System.Object,System.Object)" size="54" />
					<method name="get_IsNotSerialized" size="47" />
					<method name="GetRawConstantValue" size="42" />
					<method name="get_IsInitOnly" size="39" />
					<method name="get_IsLiteral" size="38" />
					<method name="get_IsStatic" size="37" />
					<method name="GetFieldOffset" size="37" />
					<method name="Equals" size="34" />
					<method name="GetHashCode" size="30" />
					<method name="get_MemberType" size="28" />
					<method name=".ctor" size="24" />
				</type>
				<type name="Module" size="1042">
					<method name="FilterTypeNameIgnoreCaseImpl" size="207" />
					<method name="FilterTypeNameImpl" size="160" />
					<method name="GetCustomAttributes" size="67" />
					<method name="op_Equality" size="64" />
					<method name="IsDefined" size="57" />
					<method name=".cctor" size="53" />
					<method name="GetObjectData" size="52" />
					<method name="get_ModuleVersionId" size="37" />
					<method name="GetModuleVersionId" size="36" />
					<method name="Equals" size="32" />
					<method name="get_ScopeName" size="31" />
					<method name="get_Assembly" size="30" />
					<method name="GetHashCode" size="30" />
					<method name="IsResource" size="28" />
					<method name="ToString" size="27" />
					<method name=".ctor" size="24" />
				</type>
				<type name="ParameterInfo" size="1023">
					<method name="GetRealObject" size="275" />
					<method name="GetCustomAttributes" size="87" />
					<method name="IsDefined" size="73" />
					<method name="ToString" size="48" />
					<method name="get_IsOptional" size="39" />
					<method name="get_ParameterType" size="36" />
					<method name="get_DefaultValue" size="34" />
					<method name="get_Attributes" size="33" />
					<method name="get_IsOut" size="33" />
					<method name="get_IsIn" size="32" />
					<method name="get_Position" size="31" />
					<method name="get_Member" size="29" />
					<method name="get_Name" size="27" />
					<method name=".ctor" size="24" />
				</type>
				<type name="SignatureHasElementType" size="912">
					<method name="get_ContainsGenericParameters" size="53" />
					<method name="get_GenericParameterPosition" size="51" />
					<method name=".ctor" size="47" />
					<method name="GetGenericTypeDefinition" size="47" />
					<method name="get_Name" size="43" />
					<method name="ToString" size="43" />
					<method name="get_IsConstructedGenericType" size="42" />
					<method name="get_IsGenericMethodParameter" size="42" />
					<method name="get_GenericTypeArguments" size="42" />
					<method name="get_IsGenericTypeDefinition" size="41" />
					<method name="GetGenericArguments" size="37" />
					<method name="get_Namespace" size="37" />
					<method name="get_IsGenericParameter" size="36" />
					<method name="get_ElementType" size="34" />
					<method name="HasElementTypeImpl" size="32" />
				</type>
				<type name="MethodInfo" size="636">
					<method name="CreateDelegate" size="65" />
					<method name="op_Equality" size="64" />
					<method name="MakeGenericMethod" size="58" />
					<method name="op_Inequality" size="55" />
					<method name="GetGenericMethodDefinition" size="49" />
					<method name="get_GenericParameterCount" size="46" />
					<method name="GetGenericArguments" size="42" />
					<method name="get_ReturnParameter" size="37" />
					<method name="Equals" size="34" />
					<method name="get_ReturnType" size="32" />
					<method name="GetHashCode" size="30" />
					<method name="get_MemberType" size="28" />
					<method name=".ctor" size="24" />
				</type>
				<type name="MemberInfo" size="626">
					<method name="op_Equality" size="310" />
					<method name="get_Module" size="55" />
					<method name="op_Inequality" size="55" />
					<method name="get_MetadataToken" size="35" />
					<method name="Equals" size="34" />
					<method name="GetHashCode" size="30" />
					<method name=".ctor" size="24" />
				</type>
				<type name="ReflectionTypeLoadException" size="625">
					<method name="CreateString" size="173" />
					<method name="GetObjectData" size="104" />
					<method name=".ctor(System.Runtime.Serialization.SerializationInfo,System.Runtime.Serialization.StreamingContext)" size="79" />
					<method name=".ctor(System.Type[],System.Exception[])" size="77" />
					<method name="get_LoaderExceptions" size="39" />
					<method name="get_Message" size="31" />
					<method name="ToString" size="28" />
				</type>
				<type name="RuntimeModule" size="573">
					<method name="GetObjectData" size="80" />
					<method name="GetCustomAttributes" size="70" />
					<method name="IsDefined" size="60" />
					<method name="GetModuleVersionId" size="47" />
					<method name="GetRuntimeAssembly" size="42" />
					<method name="get_ModuleVersionId" size="38" />
					<method name="get_ScopeName" size="32" />
					<method name="get_Assembly" size="31" />
					<method name="IsResource" size="29" />
					<method name=".ctor" size="24" />
				</type>
				<type name="EventInfo" size="526">
					<method name="GetEventFromHandle" size="129" />
					<method name="get_EventHandlerType" size="108" />
					<method name="op_Equality" size="64" />
					<method name="op_Inequality" size="55" />
					<method name="Equals" size="34" />
					<method name="GetHashCode" size="30" />
					<method name="get_MemberType" size="28" />
					<method name=".ctor" size="24" />
				</type>
				<type name="TypeAttributes" size="521" />
				<type name="MonoMethodInfo" size="491">
					<method name="GetReturnParameterInfo" size="74" />
					<method name="GetMethodImplementationFlags" size="63" />
					<method name="GetParametersInfo" size="59" />
					<method name="GetCallingConvention" size="55" />
					<method name="GetDeclaringType" size="51" />
					<method name="GetMethodInfo" size="50" />
					<method name="GetReturnType" size="48" />
					<method name="GetAttributes" size="43" />
				</type>
				<type name="StrongNameKeyPair" size="488">
					<method name="System.Runtime.Serialization.ISerializable.GetObjectData" size="178" />
					<method name=".ctor" size="143" />
					<method name="System.Runtime.Serialization.IDeserializationCallback.OnDeserialization" size="95" />
				</type>
				<type name="PInvokeAttributes" size="445" />
				<type name="SignatureArrayType" size="418">
					<method name="get_Suffix" size="82" />
					<method name=".ctor" size="79" />
					<method name="get_IsVariableBoundArray" size="43" />
					<method name="get_IsSZArray" size="35" />
					<method name="GetArrayRank" size="31" />
					<method name="IsPointerImpl" size="27" />
					<method name="IsArrayImpl" size="25" />
					<method name="IsByRefImpl" size="25" />
				</type>
				<type name="ManifestResourceInfo" size="382">
					<method name=".ctor" size="112" />
					<method name="get_ReferencedAssembly" size="41" />
					<method name="get_ResourceLocation" size="39" />
					<method name="get_FileName" size="31" />
				</type>
				<type name="ConstructorInfo" size="378">
					<method name="op_Equality" size="64" />
					<method name="op_Inequality" size="55" />
					<method name="Invoke(System.Object[])" size="48" />
					<method name=".cctor" size="39" />
					<method name="Equals" size="34" />
					<method name="GetHashCode" size="30" />
					<method name="get_MemberType" size="28" />
					<method name=".ctor" size="24" />
				</type>
				<type name="MethodAttributes" size="360" />
				<type name="BindingFlags" size="347" />
				<type name="ExceptionHandlingClause" size="305">
					<method name="ToString" size="177" />
					<method name=".ctor" size="24" />
				</type>
				<type name="SignaturePointerType" size="293">
					<method name=".ctor" size="41" />
					<method name="get_IsVariableBoundArray" size="38" />
					<method name="GetArrayRank" size="35" />
					<method name="get_Suffix" size="28" />
					<method name="IsPointerImpl" size="27" />
					<method name="get_IsSZArray" size="27" />
					<method name="IsArrayImpl" size="25" />
					<method name="IsByRefImpl" size="25" />
				</type>
				<type name="SignatureByRefType" size="293">
					<method name=".ctor" size="41" />
					<method name="get_IsVariableBoundArray" size="38" />
					<method name="GetArrayRank" size="35" />
					<method name="get_Suffix" size="28" />
					<method name="IsPointerImpl" size="27" />
					<method name="get_IsSZArray" size="27" />
					<method name="IsArrayImpl" size="25" />
					<method name="IsByRefImpl" size="25" />
				</type>
				<type name="Pointer" size="281">
					<method name="Box" size="108" />
					<method name="System.Runtime.Serialization.ISerializable.GetObjectData" size="95" />
					<method name=".ctor" size="58" />
				</type>
				<type name="FieldAttributes" size="279" />
				<type name="PropertyInfo" size="266">
					<method name="op_Equality" size="64" />
					<method name="op_Inequality" size="55" />
					<method name="Equals" size="34" />
					<method name="GetHashCode" size="30" />
					<method name="get_MemberType" size="29" />
					<method name=".ctor" size="24" />
				</type>
				<type name="MethodImplAttributes" size="237" />
				<type name="CustomAttributeExtensions" size="193">
					<method name="GetCustomAttributes(System.Reflection.MemberInfo,System.Type)" size="69" />
					<method name="GetCustomAttributes(System.Reflection.MemberInfo)" size="65" />
					<method name="IsDefined" size="59" />
				</type>
				<type name="GenericParameterAttributes" size="183" />
				<type name="CustomAttributeFormatException" size="173">
					<method name=".ctor(System.String,System.Exception)" size="59" />
					<method name=".ctor(System.Runtime.Serialization.SerializationInfo,System.Runtime.Serialization.StreamingContext)" size="47" />
					<method name=".ctor(System.String)" size="38" />
					<method name=".ctor()" size="29" />
				</type>
				<type name="InvalidFilterCriteriaException" size="173">
					<method name=".ctor(System.String,System.Exception)" size="59" />
					<method name=".ctor(System.Runtime.Serialization.SerializationInfo,System.Runtime.Serialization.StreamingContext)" size="47" />
					<method name=".ctor(System.String)" size="38" />
					<method name=".ctor()" size="29" />
				</type>
				<type name="TargetException" size="169">
					<method name=".ctor(System.String,System.Exception)" size="59" />
					<method name=".ctor(System.Runtime.Serialization.SerializationInfo,System.Runtime.Serialization.StreamingContext)" size="47" />
					<method name=".ctor(System.String)" size="38" />
					<method name=".ctor()" size="25" />
				</type>
				<type name="Missing" size="157">
					<method name="System.Runtime.Serialization.ISerializable.GetObjectData" size="95" />
					<method name=".cctor" size="29" />
					<method name=".ctor" size="24" />
				</type>
				<type name="TargetInvocationException" size="157">
					<method name=".ctor(System.String,System.Exception)" size="59" />
					<method name=".ctor(System.Exception)" size="51" />
					<method name=".ctor(System.Runtime.Serialization.SerializationInfo,System.Runtime.Serialization.StreamingContext)" size="47" />
				</type>
				<type name="LocalVariableInfo" size="141">
					<method name="ToString" size="84" />
					<method name=".ctor" size="24" />
				</type>
				<type name="ParameterAttributes" size="137" />
				<type name="TargetParameterCountException" size="135">
					<method name=".ctor(System.String)" size="48" />
					<method name=".ctor(System.Runtime.Serialization.SerializationInfo,System.Runtime.Serialization.StreamingContext)" size="47" />
					<method name=".ctor()" size="40" />
				</type>
				<type name="AmbiguousMatchException" size="135">
					<method name=".ctor(System.String)" size="48" />
					<method name=".ctor(System.Runtime.Serialization.SerializationInfo,System.Runtime.Serialization.StreamingContext)" size="47" />
					<method name=".ctor()" size="40" />
				</type>
				<type name="PropertyAttributes" size="120" />
				<type name="PortableExecutableKinds" size="117" />
				<type name="MonoEventInfo" size="117" />
				<type name="MemberTypes" size="109" />
				<type name="AssemblyNameFlags" size="105" />
				<type name="AssemblyInformationalVersionAttribute" size="97">
					<method name=".ctor" size="56" />
				</type>
				<type name="PInfo" size="93" />
				<type name="AssemblyFileVersionAttribute" size="85">
					<method name=".ctor" size="57" />
				</type>
				<type name="AssemblyDefaultAliasAttribute" size="81">
					<method name=".ctor" size="48" />
				</type>
				<type name="ResourceLocation" size="80" />
				<type name="AssemblyDescriptionAttribute" size="79">
					<method name=".ctor" size="47" />
				</type>
				<type name="DefaultMemberAttribute" size="77">
					<method name=".ctor" size="46" />
				</type>
				<type name="AssemblyCopyrightAttribute" size="75">
					<method name=".ctor" size="45" />
				</type>
				<type name="AssemblyDelaySignAttribute" size="75">
					<method name=".ctor" size="45" />
				</type>
				<type name="MonoPropertyInfo" size="73" />
				<type name="AssemblyCompanyAttribute" size="71">
					<method name=".ctor" size="43" />
				</type>
				<type name="AssemblyProductAttribute" size="71">
					<method name=".ctor" size="43" />
				</type>
				<type name="AssemblyKeyFileAttribute" size="71">
					<method name=".ctor" size="43" />
				</type>
				<type name="CallingConventions" size="68" />
				<type name="AssemblyTitleAttribute" size="67">
					<method name=".ctor" size="41" />
				</type>
				<type name="EventAttributes" size="67" />
				<type name="ProcessorArchitecture" size="58" />
				<type name="ExceptionHandlingClauseOptions" size="51" />
				<type name="ImageFileMachine" size="43" />
				<type name="AssemblyContentType" size="40" />
				<type name="ResourceAttributes" size="32" />
				<type name="Binder" size="24">
					<method name=".ctor" size="24" />
				</type>
				<type name="TypeInfo" size="24">
					<method name=".ctor" size="24" />
				</type>
				<type name="RtFieldInfo" size="24">
					<method name=".ctor" size="24" />
				</type>
				<type name="ParameterModifier" size="10" />
			</namespace>
			<namespace name="System.IO" size="31082">
				<type name="FileStream" size="5459">
					<method name=".ctor(System.String,System.IO.FileMode,System.IO.FileAccess,System.IO.FileShare,System.Int32,System.Boolean,System.IO.FileOptions)" size="744" />
					<method name="BeginWrite" size="281" />
					<method name="WriteInternal" size="265" />
					<method name="Dispose" size="255" />
					<method name="BeginRead" size="251" />
					<method name="Seek" size="243" />
					<method name="FlushBuffer" size="231" />
					<method name="Read" size="226" />
					<method name="InitBuffer" size="216" />
					<method name="Write" size="206" />
					<method name="WriteByte" size="195" />
					<method name="ReadByte" size="163" />
					<method name="WriteSegment" size="161" />
					<method name="ReadInternal" size="157" />
					<method name="get_Position" size="133" />
					<method name="ReadData" size="130" />
					<method name="EndWrite" size="127" />
					<method name="EndRead" size="126" />
					<method name=".ctor(System.String,System.IO.FileMode,System.IO.FileAccess,System.IO.FileShare,System.Int32,System.Boolean,System.Boolean)" size="125" />
					<method name="ReadSegment" size="120" />
					<method name="get_Length" size="111" />
					<method name=".ctor(System.String,System.IO.FileMode,System.IO.FileAccess,System.IO.FileShare,System.Int32,System.IO.FileOptions)" size="100" />
					<method name="GetSecureFileName(System.String,System.Boolean)" size="78" />
					<method name=".ctor(System.String,System.IO.FileMode,System.IO.FileAccess)" size="71" />
					<method name="set_Position" size="70" />
					<method name="GetSecureFileName(System.String)" size="64" />
					<method name="RefillBuffer" size="62" />
					<method name="Flush" size="48" />
					<method name="FlushBufferIfDirty" size="45" />
					<method name="get_CanWrite" size="45" />
					<method name="get_CanRead" size="44" />
					<method name="Finalize" size="37" />
					<method name="get_CanSeek" size="30" />
					<method name=".cctor" size="29" />
				</type>
				<type name="BinaryReader" size="3187">
					<method name="InternalReadChars" size="452" />
					<method name="ReadString" size="311" />
					<method name="InternalReadOneChar" size="301" />
					<method name=".ctor(System.IO.Stream,System.Text.Encoding,System.Boolean)" size="235" />
					<method name="FillBuffer" size="179" />
					<method name="Read(System.Byte[],System.Int32,System.Int32)" size="173" />
					<method name="ReadBytes" size="162" />
					<method name="ReadChars" size="135" />
					<method name="ReadUInt64" size="128" />
					<method name="ReadInt64" size="127" />
					<method name="Dispose(System.Boolean)" size="114" />
					<method name="ReadInt32" size="110" />
					<method name="Read7BitEncodedInt" size="101" />
					<method name="ReadUInt32" size="73" />
					<method name="ReadByte" size="55" />
					<method name="ReadUInt16" size="50" />
					<method name=".ctor(System.IO.Stream,System.Text.Encoding)" size="50" />
					<method name="ReadInt16" size="49" />
					<method name="ReadSingle" size="42" />
					<method name="ReadDouble" size="42" />
					<method name="ReadBoolean" size="42" />
					<method name="ReadChar" size="37" />
					<method name="Read()" size="36" />
					<method name="Dispose()" size="27" />
				</type>
				<type name="Path" size="3026">
					<method name="InsecureGetFullPath" size="574" />
					<method name="CleanPath" size="439" />
					<method name="GetPathRoot" size="385" />
					<method name="GetDirectoryName" size="305" />
					<method name="CanonicalizePath" size="283" />
					<method name="Combine" size="211" />
					<method name=".cctor" size="169" />
					<method name="IsPathRooted(System.ReadOnlySpan`1&lt;System.Char&gt;)" size="112" />
					<method name="GetFileName" size="102" />
					<method name="IsPathRooted(System.String)" size="83" />
					<method name="IsDirectorySeparator" size="57" />
					<method name="GetFullPath" size="44" />
					<method name="GetInvalidPathChars" size="38" />
				</type>
				<type name="MemoryStream" size="2858">
					<method name="Write" size="329" />
					<method name="Seek" size="278" />
					<method name="Read" size="240" />
					<method name="WriteByte" size="179" />
					<method name="set_Capacity" size="179" />
					<method name="EnsureCapacity" size="143" />
					<method name="InternalReadInt32" size="140" />
					<method name=".ctor(System.Byte[],System.Boolean)" size="124" />
					<method name=".ctor(System.Int32)" size="121" />
					<method name="set_Position" size="102" />
					<method name="InternalEmulateRead" size="93" />
					<method name="ToArray" size="79" />
					<method name="Dispose" size="75" />
					<method name="ReadByte" size="71" />
					<method name="GetBuffer" size="47" />
					<method name="get_Position" size="45" />
					<method name="get_Capacity" size="44" />
					<method name="get_Length" size="43" />
					<method name="EnsureNotClosed" size="42" />
					<method name="EnsureWriteable" size="42" />
					<method name="InternalGetPosition" size="38" />
					<method name=".ctor(System.Byte[])" size="37" />
					<method name="InternalGetBuffer" size="36" />
					<method name="get_CanWrite" size="31" />
					<method name="get_CanSeek" size="30" />
					<method name="get_CanRead" size="30" />
					<method name=".ctor()" size="25" />
					<method name="Flush" size="18" />
				</type>
				<type name="UnmanagedMemoryStream" size="2593">
					<method name="WriteCore" size="342" />
					<method name="WriteByte" size="257" />
					<method name="Initialize" size="257" />
					<method name="ReadCore" size="241" />
					<method name="Seek" size="217" />
					<method name="ReadByte" size="169" />
					<method name="Write" size="147" />
					<method name="Read" size="141" />
					<method name="get_PositionPointer" size="102" />
					<method name="set_Position" size="83" />
					<method name=".ctor" size="57" />
					<method name="Dispose" size="56" />
					<method name="get_Position" size="50" />
					<method name="get_CanWrite" size="46" />
					<method name="get_CanRead" size="45" />
					<method name="EnsureWriteable" size="42" />
					<method name="EnsureNotClosed" size="42" />
					<method name="EnsureReadable" size="41" />
					<method name="get_Length" size="40" />
					<method name="get_CanSeek" size="30" />
					<method name="Flush" size="24" />
				</type>
				<type name="StreamReader" size="2544">
					<method name="DetectEncoding" size="461" />
					<method name="ReadBuffer" size="376" />
					<method name="Init(System.IO.Stream,System.Text.Encoding,System.Boolean,System.Int32,System.Boolean)" size="259" />
					<method name="IsPreamble" size="241" />
					<method name=".ctor(System.String,System.Text.Encoding,System.Boolean,System.Int32)" size="213" />
					<method name="Dispose" size="141" />
					<method name="Read" size="94" />
					<method name="Peek" size="88" />
					<method name=".ctor(System.String,System.Boolean)" size="82" />
					<method name="CompressBuffer" size="74" />
					<method name="CheckAsyncTaskInProgress" size="55" />
					<method name="ThrowAsyncIOInProgress" size="45" />
					<method name="Init(System.IO.Stream)" size="42" />
					<method name=".ctor(System.String)" size="35" />
					<method name=".ctor()" size="35" />
					<method name="get_LeaveOpen" size="35" />
					<method name=".cctor" size="29" />
				</type>
				<type name="BinaryWriter" size="2196">
					<method name="Write(System.String)" size="402" />
					<method name=".ctor(System.IO.Stream,System.Text.Encoding,System.Boolean)" size="165" />
					<method name="Write(System.UInt64)" size="147" />
					<method name="Write(System.Int64)" size="147" />
					<method name="Write(System.Char)" size="139" />
					<method name="Write(System.UInt32)" size="95" />
					<method name="Write(System.Int32)" size="95" />
					<method name="Write7BitEncodedInt" size="84" />
					<method name="Write(System.Char[])" size="79" />
					<method name=".ctor()" size="78" />
					<method name="Write(System.Int16)" size="69" />
					<method name="Write(System.UInt16)" size="69" />
					<method name="Dispose(System.Boolean)" size="68" />
					<method name="Write(System.Boolean)" size="63" />
					<method name="Write(System.Byte[],System.Int32,System.Int32)" size="63" />
					<method name="Write(System.Byte[])" size="59" />
					<method name=".ctor(System.IO.Stream,System.Text.Encoding)" size="51" />
					<method name="Write(System.Double)" size="47" />
					<method name="Write(System.Single)" size="47" />
					<method name="Write(System.Byte)" size="40" />
					<method name="Flush" size="29" />
					<method name=".cctor" size="29" />
					<method name="Dispose()" size="27" />
				</type>
				<type name="Stream" size="2057">
					<method name="BeginWriteInternal" size="245" />
					<method name="BeginReadInternal" size="244" />
					<method name="RunReadWriteTaskWhenReady" size="150" />
					<method name="EndRead" size="143" />
					<method name="EndWrite" size="139" />
					<method name="BlockingBeginWrite" size="133" />
					<method name="BlockingBeginRead" size="132" />
					<method name="BeginWrite" size="93" />
					<method name="EnsureAsyncActiveSemaphoreInitialized" size="92" />
					<method name="BeginRead" size="92" />
					<method name="RunReadWriteTask" size="72" />
					<method name="FinishTrackingAsyncOperation" size="60" />
					<method name="WriteByte" size="56" />
					<method name="BlockingEndWrite" size="51" />
					<method name="BlockingEndRead" size="50" />
					<method name="ReadByte" size="48" />
					<method name="Dispose(System.Boolean)" size="34" />
					<method name="Close" size="31" />
					<method name=".cctor" size="29" />
					<method name="Dispose()" size="26" />
					<method name=".ctor" size="24" />
				</type>
				<type name="MonoIO" size="1580">
					<method name="GetException(System.String,System.IO.MonoIOError)" size="657" />
					<method name="Read(System.Runtime.InteropServices.SafeHandle,System.Byte[],System.Int32,System.Int32,System.IO.MonoIOError&amp;)" size="125" />
					<method name="Write(System.Runtime.InteropServices.SafeHandle,System.Byte[],System.Int32,System.Int32,System.IO.MonoIOError&amp;)" size="124" />
					<method name="Open(System.String,System.IO.FileMode,System.IO.FileAccess,System.IO.FileShare,System.IO.FileOptions,System.IO.MonoIOError&amp;)" size="119" />
					<method name="Seek(System.Runtime.InteropServices.SafeHandle,System.Int64,System.IO.SeekOrigin,System.IO.MonoIOError&amp;)" size="110" />
					<method name="GetFileType(System.Runtime.InteropServices.SafeHandle,System.IO.MonoIOError&amp;)" size="93" />
					<method name="GetLength(System.Runtime.InteropServices.SafeHandle,System.IO.MonoIOError&amp;)" size="91" />
					<method name="GetException(System.IO.MonoIOError)" size="84" />
					<method name=".cctor" size="49" />
				</type>
				<type name="FileNotFoundException" size="854">
					<method name="ToString" size="214" />
					<method name="GetObjectData" size="109" />
					<method name="SetMessageField" size="100" />
					<method name=".ctor(System.Runtime.Serialization.SerializationInfo,System.Runtime.Serialization.StreamingContext)" size="81" />
					<method name=".ctor(System.String,System.String)" size="68" />
					<method name=".ctor(System.String)" size="48" />
					<method name=".ctor()" size="40" />
					<method name="get_Message" size="36" />
					<method name="get_FusionLog" size="32" />
					<method name="get_FileName" size="31" />
				</type>
				<type name="__Error" size="836">
					<method name="WinIOError" size="594" />
					<method name="GetDisplayablePath" size="165" />
					<method name="FileNotOpen" size="40" />
					<method name="EndOfFile" size="37" />
				</type>
				<type name="FileLoadException" size="799">
					<method name="ToString" size="214" />
					<method name="GetObjectData" size="109" />
					<method name="FormatFileLoadExceptionMessage" size="88" />
					<method name=".ctor(System.Runtime.Serialization.SerializationInfo,System.Runtime.Serialization.StreamingContext)" size="81" />
					<method name="get_Message" size="61" />
					<method name=".ctor(System.String)" size="48" />
					<method name=".ctor()" size="40" />
					<method name="get_FusionLog" size="32" />
					<method name="get_FileName" size="31" />
				</type>
				<type name="MonoIOError" size="616" />
				<type name="FileStreamAsyncResult" size="271">
					<method name=".ctor" size="93" />
					<method name="CBWrapper" size="51" />
					<method name="get_AsyncWaitHandle" size="38" />
				</type>
				<type name="FileSystem" size="258">
					<method name="FileExists" size="138" />
					<method name="DirectoryExists(System.ReadOnlySpan`1&lt;System.Char&gt;,Interop/ErrorInfo&amp;)" size="67" />
					<method name="DirectoryExists(System.ReadOnlySpan`1&lt;System.Char&gt;)" size="53" />
				</type>
				<type name="FileAttributes" size="223" />
				<type name="IOException" size="191">
					<method name=".ctor(System.String,System.Int32)" size="56" />
					<method name=".ctor(System.String)" size="48" />
					<method name=".ctor(System.Runtime.Serialization.SerializationInfo,System.Runtime.Serialization.StreamingContext)" size="47" />
					<method name=".ctor()" size="40" />
				</type>
				<type name="Directory" size="180">
					<method name="Exists" size="82" />
					<method name="InsecureGetCurrentDirectory" size="61" />
					<method name="GetCurrentDirectory" size="37" />
				</type>
				<type name="Error" size="161">
					<method name="GetWriteNotSupported" size="43" />
					<method name="GetReadNotSupported" size="42" />
					<method name="GetStreamIsClosed" size="41" />
					<method name="GetEndOfFile" size="35" />
				</type>
				<type name="DirectoryNotFoundException" size="135">
					<method name=".ctor(System.String)" size="48" />
					<method name=".ctor(System.Runtime.Serialization.SerializationInfo,System.Runtime.Serialization.StreamingContext)" size="47" />
					<method name=".ctor()" size="40" />
				</type>
				<type name="PathTooLongException" size="135">
					<method name=".ctor(System.String)" size="48" />
					<method name=".ctor(System.Runtime.Serialization.SerializationInfo,System.Runtime.Serialization.StreamingContext)" size="47" />
					<method name=".ctor()" size="40" />
				</type>
				<type name="EndOfStreamException" size="135">
					<method name=".ctor(System.String)" size="48" />
					<method name=".ctor(System.Runtime.Serialization.SerializationInfo,System.Runtime.Serialization.StreamingContext)" size="47" />
					<method name=".ctor()" size="40" />
				</type>
				<type name="DriveNotFoundException" size="135">
					<method name=".ctor(System.String)" size="48" />
					<method name=".ctor(System.Runtime.Serialization.SerializationInfo,System.Runtime.Serialization.StreamingContext)" size="47" />
					<method name=".ctor()" size="40" />
				</type>
				<type name="TextReader" size="127">
					<method name="Dispose(System.Boolean)" size="34" />
					<method name="Dispose()" size="33" />
					<method name=".ctor" size="24" />
					<method name="Peek" size="18" />
					<method name="Read" size="18" />
				</type>
				<type name="FileOptions" size="115" />
				<type name="FileMode" size="80" />
				<type name="MonoIOStat" size="79" />
				<type name="FileShare" size="74" />
				<type name="MonoFileType" size="56" />
				<type name="PathInternal" size="43">
					<method name="IsPartiallyQualified" size="43" />
				</type>
				<type name="FileAccess" size="41" />
				<type name="SeekOrigin" size="38" />
			</namespace>
			<namespace name="System.Threading" size="30349">
				<type name="ExecutionContext" size="3452">
					<method name="OnAsyncLocalContextChanged" size="408" />
					<method name="Capture(System.Threading.StackCrawlMark&amp;,System.Threading.ExecutionContext/CaptureOptions)" size="301" />
					<method name="RunInternal(System.Threading.ExecutionContext,System.Threading.ContextCallback,System.Object,System.Boolean)" size="230" />
					<method name="SetExecutionContext" size="204" />
					<method name="CreateMutableCopy" size="170" />
					<method name="EstablishCopyOnWriteScope(System.Threading.Thread,System.Boolean,System.Threading.ExecutionContextSwitcher&amp;)" size="132" />
					<method name="IsDefaultFTContext" size="123" />
					<method name="Run(System.Threading.ExecutionContext,System.Threading.ContextCallback,System.Object)" size="112" />
					<method name=".ctor(System.Runtime.Serialization.SerializationInfo,System.Runtime.Serialization.StreamingContext)" size="108" />
					<method name="GetObjectData" size="103" />
					<method name="Run(System.Threading.ExecutionContext,System.Threading.ContextCallback,System.Object,System.Boolean)" size="89" />
					<method name="RunInternal(System.Threading.ExecutionContext,System.Threading.ContextCallback,System.Object)" size="77" />
					<method name="set_isFlowSuppressed" size="76" />
					<method name="set_isNewCapture" size="72" />
					<method name="get_IllogicalCallContext" size="62" />
					<method name="set_SynchronizationContextNoFlow" size="62" />
					<method name=".ctor(System.Boolean)" size="60" />
					<method name="get_LogicalCallContext" size="60" />
					<method name="EstablishCopyOnWriteScope(System.Threading.ExecutionContextSwitcher&amp;)" size="59" />
					<method name="set_SynchronizationContext" size="56" />
					<method name="set_IllogicalCallContext" size="54" />
					<method name="set_LogicalCallContext" size="52" />
					<method name="get_IsPreAllocatedDefault" size="51" />
					<method name="IsFlowSuppressed" size="51" />
					<method name="get_SynchronizationContextNoFlow" size="51" />
					<method name="get_SynchronizationContext" size="45" />
					<method name="get_isFlowSuppressed" size="44" />
					<method name="get_isNewCapture" size="40" />
					<method name=".cctor" size="40" />
					<method name="FastCapture" size="38" />
					<method name="Capture()" size="34" />
					<method name="Dispose" size="27" />
					<method name=".ctor()" size="24" />
				</type>
				<type name="SemaphoreSlim" size="2597">
					<method name="Wait(System.Int32,System.Threading.CancellationToken)" size="471" />
					<method name="Release(System.Int32)" size="315" />
					<method name="WaitAsync(System.Int32,System.Threading.CancellationToken)" size="282" />
					<method name="WaitUntilCountOrTimeoutAsync" size="191" />
					<method name="RemoveAsyncWaiter" size="172" />
					<method name="WaitUntilCountOrTimeout" size="156" />
					<method name=".ctor" size="147" />
					<method name="CancellationTokenCanceledEventHandler" size="117" />
					<method name="CreateAndAddAsyncWaiter" size="102" />
					<method name=".cctor" size="92" />
					<method name="Dispose(System.Boolean)" size="90" />
					<method name="QueueWaiterTask" size="50" />
					<method name="CheckDispose" size="50" />
					<method name="GetResourceString" size="44" />
					<method name="WaitAsync()" size="42" />
					<method name="Wait()" size="38" />
					<method name="Dispose()" size="33" />
					<method name="Release()" size="27" />
				</type>
				<type name="CancellationTokenSource" size="2549">
					<method name="ExecuteCallbackHandlers" size="398" />
					<method name="InternalRegister" size="359" />
					<method name="NotifyCancellation" size="138" />
					<method name="Dispose(System.Boolean)" size="127" />
					<method name="CancellationCallbackCoreWork" size="113" />
					<method name=".cctor" size="97" />
					<method name="CreateLinkedTokenSource(System.Threading.CancellationToken,System.Threading.CancellationToken)" size="97" />
					<method name="WaitForCallbackToComplete" size="85" />
					<method name="TimerCallbackLogic" size="79" />
					<method name="CancellationCallbackCoreWork_OnSyncContext" size="75" />
					<method name="CreateLinkedTokenSource(System.Threading.CancellationToken)" size="67" />
					<method name="set_ThreadIDExecutingCallbacks" size="62" />
					<method name="Cancel(System.Boolean)" size="58" />
					<method name="get_IsCancellationRequested" size="54" />
					<method name="ThrowObjectDisposedException" size="52" />
					<method name="get_ThreadIDExecutingCallbacks" size="51" />
					<method name="get_IsCancellationCompleted" size="51" />
					<method name=".ctor" size="42" />
					<method name="get_ExecutingCallback" size="42" />
					<method name="ThrowIfDisposed" size="41" />
					<method name="get_Token" size="34" />
					<method name="get_IsDisposed" size="33" />
					<method name="Dispose()" size="33" />
					<method name="Cancel()" size="26" />
				</type>
				<type name="ManualResetEventSlim" size="2260">
					<method name="Wait" size="437" />
					<method name="Set(System.Boolean)" size="178" />
					<method name="Dispose(System.Boolean)" size="139" />
					<method name="LazyInitializeEvent" size="137" />
					<method name="UpdateStateAtomically" size="126" />
					<method name=".ctor(System.Boolean,System.Int32)" size="117" />
					<method name="CancellationTokenCallback" size="109" />
					<method name="ExtractStatePortionAndShiftRight" size="95" />
					<method name="Initialize" size="90" />
					<method name="set_Waiters" size="80" />
					<method name="EnsureLockObjectCreated" size="71" />
					<method name="set_SpinCount" size="63" />
					<method name="get_WaitHandle" size="58" />
					<method name="ThrowIfDisposed" size="55" />
					<method name="ExtractStatePortion" size="54" />
					<method name=".ctor(System.Boolean)" size="53" />
					<method name="set_IsSet" size="53" />
					<method name="get_SpinCount" size="46" />
					<method name="get_Waiters" size="43" />
					<method name="get_IsSet" size="43" />
					<method name=".cctor" size="36" />
					<method name="Dispose()" size="33" />
					<method name="Set()" size="23" />
				</type>
				<type name="WaitHandle" size="2195">
					<method name="WaitMultiple" size="373" />
					<method name="WaitAny(System.Threading.WaitHandle[],System.Int32,System.Boolean)" size="309" />
					<method name="WaitOneNative" size="212" />
					<method name="InternalWaitOne" size="182" />
					<method name="WaitAny(System.Threading.WaitHandle[],System.TimeSpan,System.Boolean)" size="121" />
					<method name="set_Handle" size="102" />
					<method name="WaitOne(System.Int32,System.Boolean)" size="94" />
					<method name="ThrowAbandonedMutexException(System.Int32,System.Threading.WaitHandle)" size="72" />
					<method name="WaitOne(System.Int64,System.Boolean)" size="69" />
					<method name="get_SafeWaitHandle" size="68" />
					<method name="Dispose(System.Boolean)" size="65" />
					<method name="SetHandleInternal" size="62" />
					<method name="ThrowAbandonedMutexException()" size="46" />
					<method name="Init" size="44" />
					<method name="Dispose()" size="33" />
					<method name="Close" size="31" />
					<method name=".ctor" size="30" />
					<method name=".cctor" size="30" />
					<method name="WaitOne()" size="28" />
				</type>
				<type name="Thread" size="1745">
					<method name="GetMutableExecutionContext" size="104" />
					<method name="SetExecutionContext(System.Threading.ExecutionContext/Reader,System.Boolean)" size="88" />
					<method name="SetExecutionContext(System.Threading.ExecutionContext,System.Boolean)" size="82" />
					<method name="set_ExecutionContextBelongsToCurrentScope" size="74" />
					<method name="Sleep" size="73" />
					<method name="GetCurrentUICultureNoAppX" size="71" />
					<method name="GetCurrentCultureNoAppX" size="69" />
					<method name="get_ExecutionContextBelongsToCurrentScope" size="63" />
					<method name="BeginCriticalRegion" size="59" />
					<method name="EndCriticalRegion" size="57" />
					<method name="SpinWait" size="55" />
					<method name="get_IsThreadPoolThreadInternal" size="54" />
					<method name="get_CurrentThread" size="50" />
					<method name="GetExecutionContextReader" size="49" />
					<method name="get_Internal" size="45" />
					<method name="get_ManagedThreadId" size="43" />
					<method name="get_IsThreadPoolThread" size="41" />
					<method name="get_CurrentUICulture" size="39" />
					<method name="get_CurrentCulture" size="37" />
					<method name="get_CurrentContext" size="36" />
					<method name="Yield" size="23" />
				</type>
				<type name="SpinLock" size="1738">
					<method name="ContinueTryEnter" size="590" />
					<method name="ContinueTryEnterWithThreadTracking" size="225" />
					<method name="ExitSlowPath" size="166" />
					<method name="TryEnter" size="127" />
					<method name="Exit" size="96" />
					<method name="Enter" size="95" />
					<method name="DecrementWaiters" size="91" />
					<method name="get_IsHeldByCurrentThread" size="88" />
					<method name=".ctor" size="82" />
					<method name="get_IsThreadOwnerTrackingEnabled" size="62" />
					<method name=".cctor" size="29" />
				</type>
				<type name="ThreadPoolWorkQueue" size="1146">
					<method name="Dequeue" size="263" />
					<method name="Dispatch" size="242" />
					<method name="Enqueue" size="176" />
					<method name="EnsureThreadRequested" size="90" />
					<method name="MarkThreadRequestSatisfied" size="84" />
					<method name="LocalFindAndPop" size="68" />
					<method name="EnsureCurrentThreadHasQueue" size="63" />
					<method name=".ctor" size="52" />
					<method name=".cctor" size="31" />
				</type>
				<type name="ThreadPool" size="1120">
					<method name="RegisterWaitForSingleObject(System.Threading.WaitHandle,System.Threading.WaitOrTimerCallback,System.Object,System.UInt32,System.Boolean,System.Threading.StackCrawlMark&amp;,System.Boolean)" size="283" />
					<method name="RegisterWaitForSingleObject(System.Threading.WaitHandle,System.Threading.WaitOrTimerCallback,System.Object,System.TimeSpan,System.Boolean)" size="200" />
					<method name="QueueUserWorkItemHelper" size="165" />
					<method name="UnsafeQueueCustomWorkItem" size="87" />
					<method name="UnsafeQueueUserWorkItem" size="76" />
					<method name="QueueUserWorkItem" size="70" />
					<method name="TryPopCustomWorkItem" size="68" />
					<method name="EnsureVMInitialized" size="59" />
					<method name="NotifyWorkItemProgress" size="45" />
					<method name="get_IsThreadPoolThread" size="45" />
				</type>
				<type name="CancellationToken" size="903">
					<method name="Register" size="171" />
					<method name="InternalRegisterWithoutEC" size="71" />
					<method name="get_IsCancellationRequested" size="61" />
					<method name="ThrowOperationCanceledException" size="60" />
					<method name="op_Inequality" size="56" />
					<method name="ThrowIfCancellationRequested" size="55" />
					<method name="Equals(System.Object)" size="51" />
					<method name="op_Equality" size="51" />
					<method name="GetHashCode" size="44" />
					<method name="Equals(System.Threading.CancellationToken)" size="43" />
					<method name=".cctor" size="40" />
					<method name="get_CanBeCanceled" size="39" />
					<method name=".ctor" size="36" />
					<method name="get_None" size="34" />
				</type>
				<type name="Timer" size="816">
					<method name="Change(System.Int64,System.Int64,System.Boolean)" size="234" />
					<method name="Init" size="116" />
					<method name=".ctor(System.Threading.TimerCallback,System.Object,System.TimeSpan,System.TimeSpan)" size="94" />
					<method name=".ctor(System.Threading.TimerCallback,System.Object,System.Int32,System.Int32)" size="83" />
					<method name="Change(System.TimeSpan,System.TimeSpan)" size="65" />
					<method name="Dispose" size="47" />
					<method name="KeepRootedWhileScheduled" size="37" />
					<method name="get_scheduler" size="31" />
				</type>
				<type name="RegisteredWaitHandle" size="760">
					<method name="Wait" size="302" />
					<method name=".ctor" size="164" />
					<method name="DoCallBack" size="157" />
				</type>
				<type name="Monitor" size="739">
					<method name="ObjWait" size="113" />
					<method name="ReliableEnterTimeout" size="108" />
					<method name="Wait(System.Object,System.Int32,System.Boolean)" size="87" />
					<method name="Wait(System.Object,System.Int32)" size="57" />
					<method name="ObjPulseAll" size="57" />
					<method name="Enter(System.Object,System.Boolean&amp;)" size="56" />
					<method name="ThrowLockTakenException" size="56" />
					<method name="ReliableEnter" size="56" />
					<method name="ObjPulse" size="54" />
					<method name="PulseAll" size="49" />
					<method name="Pulse" size="46" />
				</type>
				<type name="InternalThread" size="670" />
				<type name="SynchronizationContext" size="595">
					<method name="WaitHelper" size="118" />
					<method name="Wait" size="91" />
					<method name="SetSynchronizationContext" size="77" />
					<method name="get_Current" size="55" />
					<method name="Post" size="52" />
					<method name="IsWaitNotificationRequired" size="50" />
					<method name="Send" size="40" />
					<method name="get_CurrentExplicit" size="37" />
					<method name="GetThreadLocalContext" size="35" />
				</type>
				<type name="CancellationTokenRegistration" size="576">
					<method name="GetHashCode" size="113" />
					<method name="Equals(System.Threading.CancellationTokenRegistration)" size="109" />
					<method name="Dispose" size="100" />
					<method name="Unregister" size="95" />
					<method name=".ctor" size="70" />
					<method name="Equals(System.Object)" size="49" />
				</type>
				<type name="SpinWait" size="544">
					<method name="SpinOnceCore" size="243" />
					<method name="SpinOnce(System.Int32)" size="87" />
					<method name="get_NextSpinWillYield" size="51" />
					<method name=".cctor" size="36" />
					<method name="SpinOnce()" size="29" />
					<method name="get_Count" size="28" />
				</type>
				<type name="SparselyPopulatedArray`1" size="539">
					<method name="Add" size="417" />
					<method name=".ctor" size="67" />
					<method name="get_Tail" size="29" />
				</type>
				<type name="QueueUserWorkItemCallback" size="455">
					<method name=".ctor" size="124" />
					<method name="System.Threading.IThreadPoolWorkItem.ExecuteWorkItem" size="116" />
					<method name="WaitCallback_Context" size="71" />
					<method name="System.Threading.IThreadPoolWorkItem.MarkAborted" size="69" />
					<method name=".cctor" size="36" />
				</type>
				<type name="CancellationCallbackInfo" size="418">
					<method name=".ctor" size="142" />
					<method name="ExecuteCallback" size="88" />
					<method name="ExecutionContextCallback" size="73" />
				</type>
				<type name="SparselyPopulatedArrayFragment`1" size="402">
					<method name="SafeAtomicRemove" size="116" />
					<method name=".ctor(System.Int32,System.Threading.SparselyPopulatedArrayFragment`1&lt;T&gt;)" size="72" />
					<method name="get_Item" size="48" />
					<method name=".ctor(System.Int32)" size="35" />
					<method name="get_Length" size="31" />
					<method name="get_Prev" size="29" />
				</type>
				<type name="EventWaitHandle" size="382">
					<method name=".ctor(System.Boolean,System.Threading.EventResetMode,System.String)" size="251" />
					<method name=".ctor(System.Boolean,System.Threading.EventResetMode)" size="53" />
					<method name="Reset" size="40" />
					<method name="Set" size="38" />
				</type>
				<type name="LazyInitializer" size="351">
					<method name="EnsureInitializedCore(T&amp;,System.Func`1&lt;T&gt;)" size="119" />
					<method name="EnsureInitializedCore(T&amp;)" size="90" />
					<method name="EnsureInitialized(T&amp;,System.Func`1&lt;T&gt;)" size="80" />
					<method name="EnsureInitialized(T&amp;)" size="62" />
				</type>
				<type name="ThreadPoolWorkQueueThreadLocals" size="308">
					<method name="CleanUp" size="105" />
					<method name=".ctor" size="88" />
					<method name="Finalize" size="55" />
				</type>
				<type name="AbandonedMutexException" size="278">
					<method name=".ctor(System.Int32,System.Threading.WaitHandle)" size="79" />
					<method name="SetupException" size="73" />
					<method name=".ctor(System.Runtime.Serialization.SerializationInfo,System.Runtime.Serialization.StreamingContext)" size="54" />
					<method name=".ctor()" size="47" />
				</type>
				<type name="NativeEventCalls" size="276">
					<method name="CreateEvent_internal" size="124" />
					<method name="ResetEvent" size="77" />
					<method name="SetEvent" size="75" />
				</type>
				<type name="PlatformHelper" size="222">
					<method name="get_ProcessorCount" size="95" />
					<method name=".cctor" size="32" />
				</type>
				<type name="WasmRuntime" size="192">
					<method name="ScheduleTimeout" size="105" />
					<method name="TimeoutCallback" size="63" />
				</type>
				<type name="ExecutionContextSwitcher" size="189">
					<method name="Undo" size="90" />
					<method name="UndoNoThrow" size="44" />
				</type>
				<type name="ThreadState" size="156" />
				<type name="SparselyPopulatedArrayAddInfo`1" size="150">
					<method name=".ctor" size="53" />
					<method name="get_Source" size="29" />
					<method name="get_Index" size="28" />
				</type>
				<type name="ThreadPoolGlobals" size="139">
					<method name="get_processorCount" size="36" />
					<method name=".cctor" size="29" />
				</type>
				<type name="TimeoutHelper" size="138">
					<method name="UpdateTimeOut" size="113" />
					<method name="GetTime" size="25" />
				</type>
				<type name="SynchronizationLockException" size="135">
					<method name=".ctor(System.String)" size="48" />
					<method name=".ctor(System.Runtime.Serialization.SerializationInfo,System.Runtime.Serialization.StreamingContext)" size="47" />
					<method name=".ctor()" size="40" />
				</type>
				<type name="WaitHandleCannotBeOpenedException" size="135">
					<method name=".ctor(System.String)" size="48" />
					<method name=".ctor(System.Runtime.Serialization.SerializationInfo,System.Runtime.Serialization.StreamingContext)" size="47" />
					<method name=".ctor()" size="40" />
				</type>
				<type name="ThreadStateException" size="135">
					<method name=".ctor(System.String)" size="48" />
					<method name=".ctor(System.Runtime.Serialization.SerializationInfo,System.Runtime.Serialization.StreamingContext)" size="47" />
					<method name=".ctor()" size="40" />
				</type>
				<type name="CancellationCallbackCoreWorkArguments" size="114">
					<method name=".ctor" size="73" />
				</type>
				<type name="LockRecursionException" size="108">
					<method name=".ctor(System.Runtime.Serialization.SerializationInfo,System.Runtime.Serialization.StreamingContext)" size="47" />
					<method name=".ctor(System.String)" size="37" />
					<method name=".ctor()" size="24" />
				</type>
				<type name="Lock" size="106">
					<method name=".ctor" size="35" />
					<method name="Release" size="31" />
					<method name="Acquire" size="31" />
				</type>
				<type name="ThreadAbortException" size="88">
					<method name=".ctor(System.Runtime.Serialization.SerializationInfo,System.Runtime.Serialization.StreamingContext)" size="47" />
					<method name=".ctor()" size="41" />
				</type>
				<type name="ThreadInterruptedException" size="88">
					<method name=".ctor(System.Runtime.Serialization.SerializationInfo,System.Runtime.Serialization.StreamingContext)" size="47" />
					<method name=".ctor()" size="41" />
				</type>
				<type name="StackCrawlMark" size="86" />
				<type name="LockHolder" size="82">
					<method name="Hold" size="42" />
					<method name="Dispose" size="31" />
				</type>
				<type name="SemaphoreFullException" size="76">
					<method name=".ctor(System.Runtime.Serialization.SerializationInfo,System.Runtime.Serialization.StreamingContext)" size="47" />
					<method name=".ctor()" size="29" />
				</type>
				<type name="SynchronizationContextProperties" size="46" />
				<type name="ManualResetEvent" size="43">
					<method name=".ctor" size="43" />
				</type>
				<type name="EventResetMode" size="39" />
				<type name="_ThreadPoolWaitCallback" size="37">
					<method name="PerformWaitCallback" size="37" />
				</type>
				<type name="Interlocked" size="31">
					<method name="MemoryBarrier" size="31" />
				</type>
			</namespace>
			<namespace name="System.Runtime.Remoting.Messaging" size="25940">
				<type name="MethodCall" size="3396">
					<method name="ResolveMethod" size="545" />
					<method name="InitMethodProperty" size="383" />
					<method name="GetObjectData" size="264" />
					<method name="CastTo" size="172" />
					<method name=".ctor(System.Runtime.Remoting.Messaging.CADMethodCallMessage)" size="150" />
					<method name="CopyFrom" size="125" />
					<method name="get_MethodSignature" size="124" />
					<method name="GetTypeNameFromAssemblyQualifiedName" size="119" />
					<method name=".ctor(System.Runtime.Serialization.SerializationInfo,System.Runtime.Serialization.StreamingContext)" size="103" />
					<method name="System.Runtime.Remoting.Messaging.IInternalMessage.set_TargetIdentity" size="99" />
					<method name="System.Runtime.Remoting.Messaging.IInternalMessage.get_TargetIdentity" size="88" />
					<method name="System.Runtime.Remoting.Messaging.IInternalMessage.set_Uri" size="88" />
					<method name="System.Runtime.Remoting.Messaging.IInternalMessage.get_Uri" size="77" />
					<method name="get_GenericArguments" size="72" />
					<method name="get_TypeName" size="61" />
					<method name="get_LogicalCallContext" size="60" />
					<method name="get_MethodName" size="58" />
					<method name="InitDictionary" size="57" />
					<method name="get_MethodBase" size="53" />
					<method name="get_Properties" size="47" />
					<method name="GetArg" size="38" />
					<method name="set_Uri" size="37" />
					<method name="get_ArgCount" size="33" />
					<method name="get_Args" size="27" />
					<method name="get_Uri" size="26" />
					<method name=".ctor()" size="24" />
					<method name="Init" size="17" />
				</type>
				<type name="MethodResponse" size="2913">
					<method name="InitMethodProperty" size="436" />
					<method name="GetObjectData" size="291" />
					<method name=".ctor(System.Runtime.Remoting.Messaging.IMethodCallMessage,System.Runtime.Remoting.Messaging.CADMethodReturnMessage)" size="195" />
					<method name=".ctor(System.Object,System.Object[],System.Runtime.Remoting.Messaging.LogicalCallContext,System.Runtime.Remoting.Messaging.IMethodCallMessage)" size="114" />
					<method name="get_MethodBase" size="102" />
					<method name=".ctor(System.Exception,System.Runtime.Remoting.Messaging.IMethodCallMessage)" size="99" />
					<method name="System.Runtime.Remoting.Messaging.IInternalMessage.set_TargetIdentity" size="99" />
					<method name=".ctor(System.Runtime.Serialization.SerializationInfo,System.Runtime.Serialization.StreamingContext)" size="97" />
					<method name="get_OutArgs" size="95" />
					<method name="System.Runtime.Remoting.Messaging.IInternalMessage.set_Uri" size="88" />
					<method name="System.Runtime.Remoting.Messaging.IInternalMessage.get_TargetIdentity" size="88" />
					<method name="System.Runtime.Remoting.Messaging.IInternalMessage.get_Uri" size="77" />
					<method name="get_MethodSignature" size="76" />
					<method name="get_Properties" size="71" />
					<method name="get_MethodName" size="66" />
					<method name="get_TypeName" size="64" />
					<method name="get_LogicalCallContext" size="60" />
					<method name="get_Uri" size="59" />
					<method name="GetArg" size="48" />
					<method name="get_ArgCount" size="43" />
					<method name="set_Uri" size="37" />
					<method name="get_ReturnValue" size="34" />
					<method name="get_Exception" size="32" />
					<method name="get_Args" size="27" />
				</type>
				<type name="MonoMethodMessage" size="2321">
					<method name="InitMessage" size="292" />
					<method name="get_OutArgs" size="123" />
					<method name="NeedsOutProcessing" size="117" />
					<method name="get_MethodSignature" size="110" />
					<method name=".ctor(System.Reflection.MethodInfo,System.Object[],System.Object[])" size="107" />
					<method name="System.Runtime.Remoting.Messaging.IInternalMessage.set_TargetIdentity" size="99" />
					<method name="GetMethodInfo" size="89" />
					<method name="System.Runtime.Remoting.Messaging.IInternalMessage.get_TargetIdentity" size="88" />
					<method name="get_OutArgCount" size="85" />
					<method name=".ctor(System.Reflection.MethodBase,System.Object[])" size="78" />
					<method name=".ctor(System.Type,System.String,System.Object[])" size="69" />
					<method name="get_TypeName" size="61" />
					<method name="get_CallType" size="59" />
					<method name="get_MethodName" size="58" />
					<method name="get_ArgCount" size="54" />
					<method name="get_Properties" size="53" />
					<method name="set_LogicalCallContext" size="52" />
					<method name="GetArg" size="49" />
					<method name="get_LogicalCallContext" size="41" />
					<method name="set_Uri" size="37" />
					<method name="get_ReturnValue" size="34" />
					<method name="get_AsyncResult" size="34" />
					<method name="get_MethodBase" size="33" />
					<method name="get_Exception" size="32" />
					<method name="get_Args" size="27" />
					<method name="get_Uri" size="26" />
				</type>
				<type name="CADMessageBase" size="2219">
					<method name="UnmarshalArgument" size="819" />
					<method name="MarshalProperties" size="282" />
					<method name="IsPossibleToIgnoreMarshal" size="149" />
					<method name="MarshalArgument" size="133" />
					<method name="GetSignature" size="130" />
					<method name="SaveLogicalCallContext" size="125" />
					<method name="UnmarshalProperties" size="113" />
					<method name="UnmarshalArguments" size="105" />
					<method name="MarshalArguments" size="103" />
					<method name="GetLogicalCallContext" size="75" />
					<method name=".ctor" size="60" />
					<method name="GetMethod" size="43" />
				</type>
				<type name="MessageDictionary" size="1855">
					<method name="GetMethodProperty" size="420" />
					<method name="SetMethodProperty" size="291" />
					<method name="get_Values" size="188" />
					<method name="Add" size="126" />
					<method name="IsOverridenKey" size="94" />
					<method name="get_InternalDictionary" size="79" />
					<method name="HasUserData" size="78" />
					<method name="System.Collections.IEnumerable.GetEnumerator" size="63" />
					<method name="GetInternalProperties" size="60" />
					<method name="get_Count" size="59" />
					<method name="CopyTo" size="52" />
					<method name="AllocInternalProperties" size="48" />
					<method name="set_Item" size="47" />
					<method name="set_MethodKeys" size="44" />
					<method name=".ctor" size="43" />
					<method name="GetEnumerator" size="32" />
				</type>
				<type name="ReturnMessage" size="1798">
					<method name=".ctor(System.Object,System.Object[],System.Int32,System.Runtime.Remoting.Messaging.LogicalCallContext,System.Runtime.Remoting.Messaging.IMethodCallMessage)" size="153" />
					<method name="get_MethodSignature" size="124" />
					<method name="System.Runtime.Remoting.Messaging.IInternalMessage.set_TargetIdentity" size="99" />
					<method name="get_OutArgs" size="95" />
					<method name="System.Runtime.Remoting.Messaging.IInternalMessage.get_TargetIdentity" size="88" />
					<method name="System.Runtime.Remoting.Messaging.IInternalMessage.set_Uri" size="88" />
					<method name=".ctor(System.Exception,System.Runtime.Remoting.Messaging.IMethodCallMessage)" size="84" />
					<method name="System.Runtime.Remoting.Messaging.IInternalMessage.get_Uri" size="77" />
					<method name="get_TypeName" size="75" />
					<method name="get_MethodName" size="72" />
					<method name="get_LogicalCallContext" size="60" />
					<method name="get_Properties" size="53" />
					<method name="GetArg" size="38" />
					<method name="set_Uri" size="37" />
					<method name="get_ReturnValue" size="34" />
					<method name="get_MethodBase" size="33" />
					<method name="get_ArgCount" size="33" />
					<method name="get_Exception" size="32" />
					<method name="get_Args" size="27" />
					<method name="get_Uri" size="26" />
				</type>
				<type name="ConstructionCall" size="1340">
					<method name="InitMethodProperty" size="195" />
					<method name="GetObjectData" size="154" />
					<method name="get_ActivationType" size="68" />
					<method name=".ctor(System.Type)" size="59" />
					<method name="get_ContextProperties" size="59" />
					<method name="SetActivationAttributes" size="58" />
					<method name="InitDictionary" size="57" />
					<method name="get_CallSiteActivationAttributes" size="51" />
					<method name=".ctor(System.Runtime.Serialization.SerializationInfo,System.Runtime.Serialization.StreamingContext)" size="47" />
					<method name="set_SourceProxy" size="45" />
					<method name="set_IsContextOk" size="45" />
					<method name="set_Activator" size="43" />
					<method name="get_ActivationTypeName" size="41" />
					<method name="get_IsContextOk" size="34" />
					<method name="get_SourceProxy" size="34" />
					<method name="get_Properties" size="33" />
					<method name="get_Activator" size="32" />
				</type>
				<type name="LogicalCallContext" size="1275">
					<method name="Clone" size="281" />
					<method name=".ctor(System.Runtime.Serialization.SerializationInfo,System.Runtime.Serialization.StreamingContext)" size="255" />
					<method name="GetObjectData" size="243" />
					<method name="Merge" size="94" />
					<method name="get_HasInfo" size="91" />
					<method name="get_HasUserData" size="52" />
					<method name="get_Datastore" size="51" />
					<method name=".cctor" size="34" />
					<method name=".ctor()" size="24" />
				</type>
				<type name="AsyncResult" size="993">
					<method name="SyncProcessMessage" size="136" />
					<method name="get_AsyncWaitHandle" size="101" />
					<method name="EndInvoke" size="95" />
					<method name="System.Threading.IThreadPoolWorkItem.ExecuteWorkItem" size="72" />
					<method name="System.Threading.IThreadPoolWorkItem.MarkAborted" size="69" />
					<method name="AsyncProcessMessage" size="59" />
					<method name="set_CallMessage" size="45" />
					<method name="SetMessageCtrl" size="41" />
					<method name="get_AsyncDelegate" size="36" />
					<method name="get_CallMessage" size="34" />
					<method name=".ctor" size="24" />
				</type>
				<type name="CADMethodRef" size="851">
					<method name="Resolve" size="473" />
					<method name=".ctor" size="229" />
					<method name="GetTypes" size="79" />
				</type>
				<type name="StackBuilderSink" size="716">
					<method name="CheckParameters" size="254" />
					<method name="ExecuteAsyncMessage" size="119" />
					<method name="AsyncProcessMessage" size="93" />
					<method name=".ctor" size="87" />
					<method name="SyncProcessMessage" size="84" />
					<method name="&lt;AsyncProcessMessage&gt;b__4_0" size="61" />
				</type>
				<type name="CADMethodReturnMessage" size="585">
					<method name=".ctor" size="206" />
					<method name="GetArguments" size="74" />
					<method name="GetException" size="66" />
					<method name="Create" size="53" />
					<method name="GetReturnValue" size="49" />
					<method name="GetArgs" size="42" />
					<method name="get_PropertiesCount" size="38" />
				</type>
				<type name="ConstructionCallDictionary" size="548">
					<method name="GetMethodProperty" size="203" />
					<method name="SetMethodProperty" size="160" />
					<method name=".cctor" size="121" />
					<method name=".ctor" size="48" />
				</type>
				<type name="ErrorMessage" size="458">
					<method name="get_LogicalCallContext" size="36" />
					<method name=".ctor" size="35" />
					<method name="get_MethodSignature" size="33" />
					<method name="get_MethodName" size="32" />
					<method name="GetArg" size="32" />
					<method name="get_TypeName" size="30" />
					<method name="get_MethodBase" size="28" />
					<method name="get_Properties" size="28" />
					<method name="get_ArgCount" size="26" />
					<method name="get_Uri" size="26" />
					<method name="get_Args" size="22" />
				</type>
				<type name="CADMethodCallMessage" size="401">
					<method name=".ctor" size="134" />
					<method name="GetArguments" size="74" />
					<method name="Create" size="53" />
					<method name="GetArgs" size="42" />
					<method name="get_PropertiesCount" size="38" />
					<method name="get_Uri" size="26" />
				</type>
				<type name="IllogicalCallContext" size="389">
					<method name="CreateCopy" size="108" />
					<method name="get_HasUserData" size="52" />
					<method name="get_Datastore" size="51" />
					<method name="set_HostContext" size="45" />
					<method name="get_HostContext" size="34" />
					<method name=".ctor" size="24" />
				</type>
				<type name="ClientContextTerminatorSink" size="363">
					<method name="AsyncProcessMessage" size="180" />
					<method name="SyncProcessMessage" size="132" />
					<method name=".ctor" size="39" />
				</type>
				<type name="ArgInfo" size="349">
					<method name=".ctor" size="222" />
					<method name="GetInOutArgs" size="85" />
				</type>
				<type name="RemotingSurrogateSelector" size="276">
					<method name="GetSurrogate" size="122" />
					<method name=".cctor" size="54" />
					<method name=".ctor" size="24" />
				</type>
				<type name="ServerObjectTerminatorSink" size="270">
					<method name="AsyncProcessMessage" size="126" />
					<method name="SyncProcessMessage" size="87" />
					<method name=".ctor" size="44" />
				</type>
				<type name="CallContextRemotingData" size="221">
					<method name="set_LogicalCallID" size="47" />
					<method name="get_LogicalCallID" size="36" />
					<method name="Clone" size="35" />
					<method name="get_HasInfo" size="33" />
					<method name=".ctor" size="24" />
				</type>
				<type name="ClientContextReplySink" size="220">
					<method name="SyncProcessMessage" size="75" />
					<method name=".ctor" size="60" />
					<method name="AsyncProcessMessage" size="59" />
				</type>
				<type name="MethodReturnDictionary" size="220">
					<method name=".cctor" size="105" />
					<method name=".ctor" size="68" />
				</type>
				<type name="ServerObjectReplySink" size="217">
					<method name="SyncProcessMessage" size="66" />
					<method name=".ctor" size="65" />
					<method name="AsyncProcessMessage" size="59" />
				</type>
				<type name="ConstructionResponse" size="199">
					<method name=".ctor(System.Object,System.Runtime.Remoting.Messaging.LogicalCallContext,System.Runtime.Remoting.Messaging.IMethodCallMessage)" size="65" />
					<method name=".ctor(System.Runtime.Serialization.SerializationInfo,System.Runtime.Serialization.StreamingContext)" size="47" />
					<method name=".ctor(System.Exception,System.Runtime.Remoting.Messaging.IMethodCallMessage)" size="40" />
					<method name="get_Properties" size="33" />
				</type>
				<type name="EnvoyTerminatorSink" size="191">
					<method name="AsyncProcessMessage" size="71" />
					<method name="SyncProcessMessage" size="55" />
					<method name=".cctor" size="29" />
					<method name=".ctor" size="24" />
				</type>
				<type name="RemotingSurrogate" size="180">
					<method name="GetObjectData" size="90" />
					<method name="SetObjectData" size="66" />
					<method name=".ctor" size="24" />
				</type>
				<type name="ObjRefSurrogate" size="180">
					<method name="GetObjectData" size="85" />
					<method name="SetObjectData" size="71" />
					<method name=".ctor" size="24" />
				</type>
				<type name="ServerContextTerminatorSink" size="172">
					<method name="SyncProcessMessage" size="76" />
					<method name="AsyncProcessMessage" size="72" />
					<method name=".ctor" size="24" />
				</type>
				<type name="MCMDictionary" size="142">
					<method name=".cctor" size="78" />
					<method name=".ctor" size="48" />
				</type>
				<type name="CallContext" size="141">
					<method name="SetLogicalCallContext" size="74" />
					<method name="SetCurrentCallContext" size="43" />
					<method name=".ctor" size="24" />
				</type>
				<type name="CallContextSecurityData" size="117">
					<method name="Clone" size="35" />
					<method name="get_HasInfo" size="33" />
					<method name=".ctor" size="24" />
				</type>
				<type name="CADObjRef" size="111">
					<method name=".ctor" size="73" />
				</type>
				<type name="IMethodMessage" size="108" />
				<type name="CallType" size="57" />
				<type name="CADArgHolder" size="46">
					<method name=".ctor" size="37" />
				</type>
				<type name="IMethodReturnMessage" size="39" />
				<type name="IInternalMessage" size="25" />
				<type name="ArgInfoType" size="24" />
				<type name="IMessage" size="14" />
			</namespace>
			<namespace name="System.Runtime.Serialization" size="25355">
				<type name="ObjectManager" size="5535">
					<method name="CompleteObject" size="830" />
					<method name="DoValueTypeFixup" size="544" />
					<method name="RegisterObject" size="520" />
					<method name="DoFixups" size="335" />
					<method name="GetCompletionInfo" size="301" />
					<method name="FixupSpecialObject" size="247" />
					<method name="AddObjectHolder" size="230" />
					<method name="RecordFixup" size="211" />
					<method name="ResolveObjectReference" size="187" />
					<method name="CompleteISerializableObject" size="179" />
					<method name="RecordArrayElementFixup" size="165" />
					<method name="RecordDelayedFixup" size="164" />
					<method name="RegisterFixup" size="150" />
					<method name="DoNewlyRegisteredObjectFixups" size="149" />
					<method name="RegisterString" size="121" />
					<method name=".ctor" size="117" />
					<method name="FindObjectHolder" size="106" />
					<method name="GetObject" size="92" />
					<method name="GetConstructor" size="85" />
					<method name="RaiseDeserializationEvent" size="83" />
					<method name="FindOrCreateObjectHolder" size="80" />
					<method name="AddOnDeserialized" size="73" />
					<method name="RaiseOnDeserializingEvent" size="69" />
					<method name="AddOnDeserialization" size="68" />
					<method name="RaiseOnDeserializedEvent" size="68" />
					<method name="get_SpecialFixupObjects" size="61" />
					<method name="set_TopObject" size="43" />
					<method name="CanCallGetType" size="36" />
					<method name="get_TopObject" size="32" />
				</type>
				<type name="ObjectHolder" size="3740">
					<method name=".ctor(System.Object,System.Int64,System.Runtime.Serialization.SerializationInfo,System.Runtime.Serialization.ISerializationSurrogate,System.Int64,System.Reflection.FieldInfo,System.Int32[])" size="279" />
					<method name="UpdateData" size="235" />
					<method name=".ctor(System.String,System.Int64,System.Runtime.Serialization.SerializationInfo,System.Runtime.Serialization.ISerializationSurrogate,System.Int64,System.Reflection.FieldInfo,System.Int32[])" size="230" />
					<method name="SetFlags" size="136" />
					<method name="SetObjectValue" size="106" />
					<method name="AddFixup" size="104" />
					<method name="UpdateDescendentDependencyChain" size="101" />
					<method name="get_ValueTypeFixupPerformed" size="90" />
					<method name="set_RequiresSerInfoFixup" size="87" />
					<method name="set_IsIncompleteObjectReference" size="87" />
					<method name="get_CanSurrogatedObjectValueChange" size="83" />
					<method name="DecrementFixupsRemaining" size="79" />
					<method name="AddDependency" size="77" />
					<method name="get_RequiresSerInfoFixup" size="74" />
					<method name="set_ValueTypeFixupPerformed" size="71" />
					<method name="IncrementDescendentFixups" size="63" />
					<method name="get_CanObjectValueChange" size="63" />
					<method name="get_IsIncompleteObjectReference" size="55" />
					<method name="get_TypeLoadExceptionReachable" size="52" />
					<method name="set_SerializationInfo" size="51" />
					<method name="set_TypeLoadException" size="51" />
					<method name="get_CompletelyFixed" size="51" />
					<method name="get_TotalDependentObjects" size="51" />
					<method name="set_DependentObjects" size="50" />
					<method name="get_ContainerID" size="50" />
					<method name="get_RequiresValueTypeFixup" size="50" />
					<method name="MarkForCompletionWhenAvailable" size="50" />
					<method name="RemoveDependency" size="49" />
					<method name="get_RequiresDelayedFixup" size="48" />
					<method name="get_DirectlyDependentObjects" size="47" />
					<method name="get_HasISerializable" size="44" />
					<method name="set_Reachable" size="43" />
					<method name=".ctor(System.Int64)" size="42" />
					<method name="get_TypeLoadException" size="40" />
					<method name="get_HasSurrogate" size="40" />
					<method name="get_SerializationInfo" size="40" />
					<method name="get_DependentObjects" size="39" />
					<method name="get_ObjectValue" size="34" />
					<method name="get_ValueFixup" size="33" />
					<method name="get_Surrogate" size="32" />
					<method name="get_Reachable" size="32" />
				</type>
				<type name="SerializationInfo" size="3365">
					<method name=".ctor(System.Type,System.Runtime.Serialization.IFormatterConverter,System.Boolean)" size="212" />
					<method name="AddValueInternal" size="183" />
					<method name="IsAssemblyNameAssignmentSafe" size="176" />
					<method name="ExpandArrays" size="174" />
					<method name="SetType" size="147" />
					<method name="GetValue" size="132" />
					<method name="GetElement" size="106" />
					<method name="DemandForUnsafeAssemblyNameAssignments" size="104" />
					<method name="GetValueNoThrow" size="100" />
					<method name="UpdateValue" size="96" />
					<method name="GetElementNoThrow" size="92" />
					<method name="AddValue(System.String,System.Object,System.Type)" size="86" />
					<method name="Compare" size="85" />
					<method name="GetString" size="84" />
					<method name="GetBoolean" size="82" />
					<method name="GetSingle" size="81" />
					<method name="GetInt32" size="80" />
					<method name="GetInt64" size="80" />
					<method name="AddValue(System.String,System.Object)" size="76" />
					<method name="FindElement" size="70" />
					<method name="AddValue(System.String,System.DateTime)" size="63" />
					<method name="AddValue(System.String,System.Byte)" size="63" />
					<method name="AddValue(System.String,System.UInt64)" size="63" />
					<method name="AddValue(System.String,System.Int64)" size="63" />
					<method name="AddValue(System.String,System.Int32)" size="63" />
					<method name="AddValue(System.String,System.Boolean)" size="63" />
					<method name="AddValue(System.String,System.Single)" size="63" />
					<method name="GetEnumerator" size="55" />
					<method name=".ctor(System.Type,System.Runtime.Serialization.IFormatterConverter)" size="50" />
					<method name="get_IsAssemblyNameSetExplicit" size="48" />
					<method name="get_IsFullTypeNameSetExplicit" size="48" />
					<method name="get_AssemblyName" size="35" />
					<method name="get_FullTypeName" size="35" />
					<method name="get_MemberCount" size="34" />
					<method name="get_ObjectType" size="33" />
				</type>
				<type name="FormatterServices" size="3242">
					<method name="InternalGetSerializableMembers" size="489" />
					<method name="GetParentTypes" size="367" />
					<method name="GetObjectData" size="254" />
					<method name="PopulateObjectMembers" size="243" />
					<method name="GetClrTypeFullNameForNonArrayTypes" size="234" />
					<method name="GetSerializableMembers(System.RuntimeType)" size="195" />
					<method name="GetSerializableMembers(System.Type,System.Runtime.Serialization.StreamingContext)" size="181" />
					<method name="GetClrTypeFullNameForArray" size="172" />
					<method name="SerializationSetValue" size="156" />
					<method name="GetClrAssemblyName" size="139" />
					<method name="GetUninitializedObject" size="108" />
					<method name="GetTypeFromAssembly" size="80" />
					<method name="LoadAssemblyFromStringNoThrow" size="78" />
					<method name=".cctor" size="77" />
					<method name="UnsafeTypeForwardersIsEnabled" size="74" />
					<method name="GetClrTypeFullName" size="61" />
					<method name="LoadAssemblyFromString" size="58" />
					<method name="nativeGetUninitializedObject" size="56" />
					<method name="CheckSerializable" size="50" />
					<method name="GetEnableUnsafeTypeForwarders" size="43" />
				</type>
				<type name="SerializationFieldInfo" size="1132">
					<method name="InternalSetValue" size="144" />
					<method name="SetValue" size="95" />
					<method name=".ctor" size="84" />
					<method name="InternalGetValue" size="84" />
					<method name="GetCustomAttributes(System.Type,System.Boolean)" size="75" />
					<method name="IsDefined" size="65" />
					<method name="GetCustomAttributes(System.Boolean)" size="56" />
					<method name="get_MetadataToken" size="41" />
					<method name="get_DeclaringType" size="41" />
					<method name="get_ReflectedType" size="41" />
					<method name="GetValue" size="41" />
					<method name="get_FieldHandle" size="39" />
					<method name="get_Attributes" size="38" />
					<method name="get_FieldType" size="37" />
					<method name="get_Module" size="34" />
					<method name="get_FieldInfo" size="32" />
					<method name="get_Name" size="27" />
				</type>
				<type name="SafeSerializationManager" size="1084">
					<method name="System.Runtime.Serialization.IObjectReference.GetRealObject" size="286" />
					<method name="CompleteSerialization" size="171" />
					<method name=".ctor(System.Runtime.Serialization.SerializationInfo,System.Runtime.Serialization.StreamingContext)" size="132" />
					<method name="CompleteDeserialization" size="122" />
					<method name="System.Runtime.Serialization.ISerializable.GetObjectData" size="117" />
					<method name="OnDeserialized" size="82" />
					<method name="get_IsActive" size="34" />
					<method name=".ctor()" size="24" />
				</type>
				<type name="SerializationEvents" size="1039">
					<method name="GetMethodsWithAttribute" size="182" />
					<method name="AddOnDelegate" size="147" />
					<method name=".ctor" size="122" />
					<method name="InvokeOnDelegate" size="80" />
					<method name="InvokeOnDeserializing" size="67" />
					<method name="InvokeOnDeserialized" size="66" />
					<method name="InvokeOnSerializing" size="65" />
					<method name="AddOnDeserialized" size="63" />
					<method name="AddOnSerialized" size="61" />
					<method name="get_HasOnSerializingEvents" size="58" />
				</type>
				<type name="ObjectIDGenerator" size="874">
					<method name="Rehash" size="255" />
					<method name="GetId" size="179" />
					<method name="FindElement" size="151" />
					<method name="HasId" size="102" />
					<method name=".ctor" size="82" />
					<method name=".cctor" size="42" />
				</type>
				<type name="SerializationInfoEnumerator" size="656">
					<method name=".ctor" size="113" />
					<method name="get_Current" size="87" />
					<method name="MoveNext" size="71" />
					<method name="System.Collections.IEnumerator.get_Current" size="66" />
					<method name="get_ObjectType" size="59" />
					<method name="get_Value" size="54" />
					<method name="get_Name" size="53" />
				</type>
				<type name="LongList" size="644">
					<method name="EnlargeArray" size="110" />
					<method name="Add" size="91" />
					<method name="RemoveElement" size="90" />
					<method name="MoveNext" size="84" />
					<method name=".ctor(System.Int32)" size="67" />
					<method name="get_Current" size="37" />
					<method name="StartEnumeration" size="36" />
					<method name="get_Count" size="28" />
					<method name=".ctor()" size="25" />
				</type>
				<type name="ObjectHolderList" size="411">
					<method name="EnlargeArray" size="110" />
					<method name="Add" size="77" />
					<method name=".ctor(System.Int32)" size="60" />
					<method name="GetFixupEnumerator" size="38" />
					<method name="get_Version" size="30" />
					<method name="get_Count" size="28" />
					<method name=".ctor()" size="25" />
				</type>
				<type name="ValueTypeFixupInfo" size="389">
					<method name=".ctor" size="194" />
					<method name="get_ContainerID" size="34" />
					<method name="get_ParentField" size="34" />
					<method name="get_ParentIndex" size="34" />
				</type>
				<type name="FormatterConverter" size="378">
					<method name="Convert" size="59" />
					<method name="ToBoolean" size="51" />
					<method name="ToSingle" size="50" />
					<method name="ToString" size="50" />
					<method name="ToInt32" size="49" />
					<method name="ToInt64" size="49" />
					<method name="ThrowValueNullException" size="46" />
					<method name=".ctor" size="24" />
				</type>
				<type name="ObjectHolderListEnumerator" size="360">
					<method name="MoveNext" size="147" />
					<method name=".ctor" size="93" />
					<method name="get_Current" size="42" />
				</type>
				<type name="SerializationObjectManager" size="337">
					<method name="RegisterObject" size="99" />
					<method name="AddOnSerialized" size="71" />
					<method name="RaiseOnSerializedEvent" size="57" />
					<method name=".ctor" size="54" />
				</type>
				<type name="FixupHolderList" size="295">
					<method name="EnlargeArray" size="110" />
					<method name="Add" size="77" />
					<method name=".ctor(System.Int32)" size="60" />
					<method name=".ctor()" size="25" />
				</type>
				<type name="StreamingContext" size="272">
					<method name="Equals" size="78" />
					<method name=".ctor(System.Runtime.Serialization.StreamingContextStates,System.Object)" size="57" />
					<method name=".ctor(System.Runtime.Serialization.StreamingContextStates)" size="36" />
					<method name="GetHashCode" size="30" />
					<method name="get_State" size="28" />
				</type>
				<type name="SerializationException" size="249">
					<method name=".ctor(System.String,System.Exception)" size="68" />
					<method name=".ctor(System.String)" size="48" />
					<method name=".ctor(System.Runtime.Serialization.SerializationInfo,System.Runtime.Serialization.StreamingContext)" size="47" />
					<method name=".ctor()" size="40" />
					<method name=".cctor" size="29" />
				</type>
				<type name="MemberHolder" size="208">
					<method name="Equals" size="91" />
					<method name=".ctor" size="55" />
					<method name="GetHashCode" size="35" />
				</type>
				<type name="SerializationEntry" size="182">
					<method name=".ctor" size="82" />
					<method name="get_Value" size="28" />
					<method name="get_Name" size="27" />
				</type>
				<type name="SafeSerializationEventArgs" size="166">
					<method name=".ctor" size="63" />
					<method name="get_SerializedStates" size="39" />
				</type>
				<type name="SerializationEventsCache" size="130">
					<method name="GetSerializationEventsForType" size="90" />
					<method name=".cctor" size="29" />
				</type>
				<type name="OptionalFieldAttribute" size="129">
					<method name="set_VersionAdded" size="66" />
					<method name=".ctor" size="31" />
				</type>
				<type name="StreamingContextStates" size="121" />
				<type name="FixupHolder" size="118">
					<method name=".ctor" size="80" />
				</type>
				<type name="SerializationBinder" size="102">
					<method name="BindToName" size="78" />
					<method name=".ctor" size="24" />
				</type>
				<type name="TypeLoadExceptionHolder" size="101">
					<method name=".ctor" size="44" />
					<method name="get_TypeName" size="31" />
				</type>
				<type name="OnSerializingAttribute" size="24">
					<method name=".ctor" size="24" />
				</type>
				<type name="OnSerializedAttribute" size="24">
					<method name=".ctor" size="24" />
				</type>
				<type name="OnDeserializingAttribute" size="24">
					<method name=".ctor" size="24" />
				</type>
				<type name="OnDeserializedAttribute" size="24">
					<method name=".ctor" size="24" />
				</type>
			</namespace>
			<namespace name="System.Runtime.Remoting" size="24556">
				<type name="RemotingServices" size="5669">
					<method name="InternalExecuteMessage" size="512" />
					<method name="GetOrCreateClientIdentity" size="380" />
					<method name="Marshal(System.MarshalByRefObject,System.String,System.Type)" size="361" />
					<method name="GetMethodBaseFromName" size="215" />
					<method name="Unmarshal(System.Runtime.Remoting.ObjRef,System.Boolean)" size="205" />
					<method name="NewUri" size="201" />
					<method name=".cctor" size="198" />
					<method name="DeserializeCallData" size="192" />
					<method name="SerializeCallData" size="185" />
					<method name="CreateClientProxy(System.Runtime.Remoting.ActivatedClientTypeEntry,System.Object[])" size="171" />
					<method name="FindInterfaceMethod" size="167" />
					<method name="CreateClientProxy(System.Type,System.String,System.Object[])" size="148" />
					<method name="RegisterServerIdentity" size="146" />
					<method name="GetIdentityForUri" size="145" />
					<method name="GetMessageTargetIdentity" size="144" />
					<method name="DisposeIdentity" size="142" />
					<method name="CreateClientProxyForContextBound" size="142" />
					<method name="CreateClientActivatedServerIdentity" size="134" />
					<method name="SerializeExceptionData" size="130" />
					<method name="UpdateOutArgObject" size="127" />
					<method name="GetClientChannelSinkChain" size="124" />
					<method name="CreateWellKnownServerIdentity" size="123" />
					<method name="GetMethodBaseFromMethodMessage" size="120" />
					<method name="GetProxyForRemoteObject" size="102" />
					<method name="RemoveAppNameFromUri" size="96" />
					<method name="GetObjectData" size="87" />
					<method name="GetRealProxy" size="78" />
					<method name="CreateContextBoundObjectIdentity" size="78" />
					<method name="SetMessageTargetIdentity" size="75" />
					<method name="Connect(System.Type,System.String,System.Object)" size="68" />
					<method name="GetRemoteObject" size="68" />
					<method name="GetServerTypeForUri" size="67" />
					<method name="GetNormalizedUri" size="59" />
					<method name="Connect(System.Type,System.String)" size="59" />
					<method name="CreateClientProxy(System.Runtime.Remoting.WellKnownClientTypeEntry)" size="58" />
					<method name="IsOneWay" size="49" />
					<method name="IsTransparentProxy" size="46" />
					<method name="Unmarshal(System.Runtime.Remoting.ObjRef)" size="43" />
					<method name="RegisterInternalChannels" size="42" />
					<method name="Marshal(System.MarshalByRefObject)" size="36" />
				</type>
				<type name="ConfigHandler" size="4755">
					<method name="ParseElement" size="1583" />
					<method name="ReadProvider" size="302" />
					<method name="ReadChannel" size="289" />
					<method name="ParseTime" size="265" />
					<method name="ReadLifetine" size="241" />
					<method name="ReadServiceWellKnown" size="191" />
					<method name="ReadCustomProviderData" size="160" />
					<method name="ReadInteropXml" size="151" />
					<method name="ReadClientActivated" size="134" />
					<method name="OnStartElement" size="131" />
					<method name="ReadPreload" size="123" />
					<method name="OnEndElement" size="112" />
					<method name="ValidatePath" size="110" />
					<method name="ReadClientWellKnown" size="109" />
					<method name="CheckPath" size="96" />
					<method name="ExtractAssembly" size="92" />
					<method name="ReadServiceActivated" size="92" />
					<method name="OnEndParsing" size="91" />
					<method name="GetNotNull" size="88" />
					<method name=".ctor" size="88" />
					<method name="OnProcessingInstruction" size="54" />
					<method name="OnIgnorableWhitespace" size="40" />
					<method name="OnStartParsing" size="38" />
					<method name="OnChars" size="27" />
				</type>
				<type name="RemotingConfiguration" size="2695">
					<method name="RegisterChannels" size="538" />
					<method name="RegisterWellKnownClientType" size="183" />
					<method name="RegisterActivatedClientType" size="183" />
					<method name="RegisterTypes" size="178" />
					<method name="LoadDefaultDelayedChannels" size="155" />
					<method name="SetCustomErrorsMode" size="149" />
					<method name="RegisterWellKnownServiceType" size="128" />
					<method name=".cctor" size="125" />
					<method name="IsRemotelyActivatedClientType" size="112" />
					<method name="IsWellKnownClientType" size="104" />
					<method name="RegisterActivatedServiceType" size="104" />
					<method name="CustomErrorsEnabled" size="74" />
					<method name="RegisterClientProviderTemplate" size="69" />
					<method name="RegisterServerProviderTemplate" size="69" />
					<method name="RegisterChannelTemplate" size="65" />
					<method name="get_ProcessId" size="48" />
					<method name="set_ApplicationName" size="48" />
					<method name="get_ApplicationName" size="37" />
				</type>
				<type name="SoapServices" size="1890">
					<method name="PreLoad(System.Type)" size="348" />
					<method name="CodeXmlNamespaceForClrTypeNamespace" size="160" />
					<method name="RegisterInteropXmlElement" size="143" />
					<method name="RegisterInteropXmlType" size="141" />
					<method name="GetXmlElementForInteropType" size="130" />
					<method name="GetXmlTypeForInteropType" size="128" />
					<method name="GetAssemblyName" size="95" />
					<method name="EncodeNs" size="80" />
					<method name="GetXmlNamespaceForMethodResponse" size="74" />
					<method name="GetXmlNamespaceForMethodCall" size="70" />
					<method name="PreLoad(System.Reflection.Assembly)" size="70" />
					<method name=".cctor" size="69" />
					<method name="GetNameKey" size="62" />
					<method name="get_XmlNsForClrTypeWithNsAndAssembly" size="54" />
					<method name="get_XmlNsForClrTypeWithAssembly" size="49" />
					<method name="get_XmlNsForClrTypeWithNs" size="43" />
				</type>
				<type name="ObjRef" size="1619">
					<method name=".ctor(System.Runtime.Serialization.SerializationInfo,System.Runtime.Serialization.StreamingContext)" size="360" />
					<method name="GetObjectData" size="174" />
					<method name="DeserializeInTheCurrentDomain" size="121" />
					<method name=".ctor(System.Type,System.String,System.Object)" size="115" />
					<method name="get_ServerType" size="69" />
					<method name="SerializeType" size="61" />
					<method name="GetRealObject" size="61" />
					<method name=".ctor(System.String,System.Runtime.Remoting.IChannelInfo)" size="56" />
					<method name="get_IsReferenceToWellKnow" size="53" />
					<method name="set_EnvoyInfo" size="43" />
					<method name="set_TypeInfo" size="42" />
					<method name="UpdateChannelInfo" size="41" />
					<method name="set_URI" size="37" />
					<method name="get_ChannelInfo" size="34" />
					<method name="get_EnvoyInfo" size="32" />
					<method name=".cctor" size="31" />
					<method name="get_TypeInfo" size="31" />
					<method name=".ctor()" size="30" />
					<method name="get_URI" size="26" />
				</type>
				<type name="Identity" size="861">
					<method name="NotifyClientDynamicSinks" size="122" />
					<method name="NotifyServerDynamicSinks" size="122" />
					<method name="get_HasServerDynamicSinks" size="59" />
					<method name=".ctor" size="45" />
					<method name="set_ChannelSink" size="45" />
					<method name="set_ObjectUri" size="43" />
					<method name="set_Disposed" size="42" />
					<method name="get_IsConnected" size="37" />
					<method name="get_ChannelSink" size="34" />
					<method name="get_EnvoySink" size="32" />
					<method name="get_ObjectUri" size="32" />
					<method name="get_Disposed" size="31" />
				</type>
				<type name="ServerIdentity" size="855">
					<method name="CreateObjRef" size="180" />
					<method name="AttachServerObject" size="153" />
					<method name="StartTrackingLifetime" size="94" />
					<method name=".ctor" size="80" />
					<method name="DisposeServerObject" size="77" />
					<method name="set_Context" size="41" />
					<method name="OnLifetimeExpired" size="36" />
					<method name="get_ObjectType" size="33" />
					<method name="get_Context" size="30" />
					<method name="get_Lease" size="28" />
				</type>
				<type name="ChannelData" size="846">
					<method name="CopyFrom" size="449" />
					<method name="get_CustomProperties" size="58" />
					<method name="get_ServerProviders" size="57" />
					<method name="get_ClientProviders" size="57" />
					<method name=".ctor" size="57" />
				</type>
				<type name="TypeInfo" size="741">
					<method name=".ctor" size="351" />
					<method name="CanCastTo" size="289" />
					<method name="get_TypeName" size="31" />
				</type>
				<type name="ClientActivatedIdentity" size="433">
					<method name="AsyncObjectProcessMessage" size="130" />
					<method name="SyncObjectProcessMessage" size="114" />
					<method name=".ctor" size="56" />
					<method name="SetClientProxy" size="42" />
					<method name="OnLifetimeExpired" size="42" />
					<method name="GetServerObject" size="34" />
				</type>
				<type name="SingletonIdentity" size="414">
					<method name="GetServerObject" size="140" />
					<method name="AsyncObjectProcessMessage" size="111" />
					<method name="SyncObjectProcessMessage" size="95" />
					<method name=".ctor" size="68" />
				</type>
				<type name="WellKnownClientTypeEntry" size="413">
					<method name=".ctor" size="150" />
					<method name="ToString" size="82" />
					<method name="get_ApplicationUrl" size="37" />
					<method name="get_ObjectType" size="33" />
					<method name="get_ObjectUrl" size="32" />
				</type>
				<type name="WellKnownServiceTypeEntry" size="404">
					<method name=".ctor" size="167" />
					<method name="ToString" size="75" />
					<method name="get_ObjectType" size="33" />
					<method name="get_ObjectUri" size="32" />
					<method name="get_Mode" size="27" />
				</type>
				<type name="ProviderData" size="394">
					<method name="CopyFrom" size="304" />
					<method name=".ctor" size="35" />
				</type>
				<type name="ActivatedClientTypeEntry" size="379">
					<method name=".ctor" size="147" />
					<method name="ToString" size="44" />
					<method name="get_ApplicationUrl" size="37" />
					<method name="get_ContextAttributes" size="35" />
					<method name="get_ObjectType" size="33" />
				</type>
				<type name="ClientIdentity" size="329">
					<method name=".ctor" size="95" />
					<method name="get_ClientProxy" size="51" />
					<method name="set_ClientProxy" size="50" />
					<method name="CreateObjRef" size="49" />
					<method name="get_TargetUri" size="37" />
				</type>
				<type name="SingleCallIdentity" size="312">
					<method name="AsyncObjectProcessMessage" size="124" />
					<method name="SyncObjectProcessMessage" size="120" />
					<method name=".ctor" size="68" />
				</type>
				<type name="InternalRemotingServices" size="309">
					<method name="GetCachedSoapAttribute" size="261" />
					<method name=".cctor" size="29" />
				</type>
				<type name="TypeEntry" size="236">
					<method name="set_AssemblyName" size="46" />
					<method name="set_TypeName" size="42" />
					<method name="get_AssemblyName" size="35" />
					<method name="get_TypeName" size="31" />
					<method name=".ctor" size="24" />
				</type>
				<type name="ActivatedServiceTypeEntry" size="226">
					<method name=".ctor" size="129" />
					<method name="ToString" size="38" />
					<method name="get_ObjectType" size="33" />
				</type>
				<type name="DisposerReplySink" size="207">
					<method name=".ctor" size="62" />
					<method name="SyncProcessMessage" size="62" />
					<method name="AsyncProcessMessage" size="59" />
				</type>
				<type name="RemotingException" size="165">
					<method name=".ctor(System.String,System.Exception)" size="57" />
					<method name=".ctor(System.Runtime.Serialization.SerializationInfo,System.Runtime.Serialization.StreamingContext)" size="47" />
					<method name=".ctor(System.String)" size="37" />
					<method name=".ctor()" size="24" />
				</type>
				<type name="ChannelInfo" size="161">
					<method name=".ctor(System.Object)" size="62" />
					<method name=".ctor()" size="35" />
					<method name="get_ChannelData" size="34" />
				</type>
				<type name="EnvoyInfo" size="102">
					<method name=".ctor" size="41" />
					<method name="get_EnvoySinks" size="33" />
				</type>
				<type name="CustomErrorsModes" size="38" />
				<type name="WellKnownObjectMode" size="38" />
				<type name="FormatterData" size="24">
					<method name=".ctor" size="24" />
				</type>
				<type name="IChannelInfo" size="15" />
				<type name="IEnvoyInfo" size="14" />
				<type name="IRemotingTypeInfo" size="12" />
			</namespace>
			<namespace name="System.Reflection.Emit" size="23138">
				<type name="TypeBuilder" size="3778">
					<method name="GetMethodsByName" size="579" />
					<method name="GetConstructorImpl" size="367" />
					<method name="GetFields" size="251" />
					<method name="GetField" size="223" />
					<method name="IsAssignableTo" size="201" />
					<method name="GetNestedType" size="159" />
					<method name="GetMethodImpl" size="149" />
					<method name="GetPropertyImpl" size="109" />
					<method name="get_UnderlyingSystemType" size="98" />
					<method name="GetInterfaces" size="92" />
					<method name="GetCustomAttributes(System.Type,System.Boolean)" size="81" />
					<method name="IsDefined" size="74" />
					<method name="get_AssemblyQualifiedName" size="70" />
					<method name="GetConstructors" size="70" />
					<method name="GetEvent" size="65" />
					<method name="GetCustomAttributes(System.Boolean)" size="62" />
					<method name="HasElementTypeImpl" size="52" />
					<method name="GetMethods" size="49" />
					<method name="IsCOMObjectImpl" size="43" />
					<method name="check_created" size="41" />
					<method name="GetAttributeFlagsImpl" size="40" />
					<method name="not_supported" size="36" />
					<method name="get_Assembly" size="36" />
					<method name="get_FullName" size="36" />
					<method name="get_is_created" size="33" />
					<method name="get_Namespace" size="32" />
					<method name="GetElementType" size="32" />
					<method name="get_BaseType" size="31" />
					<method name="IsPrimitiveImpl" size="29" />
					<method name="get_Module" size="29" />
					<method name="get_Name" size="27" />
					<method name="IsPointerImpl" size="27" />
					<method name="IsArrayImpl" size="25" />
					<method name="IsByRefImpl" size="25" />
				</type>
				<type name="TypeBuilderInstantiation" size="2828">
					<method name="format_name" size="317" />
					<method name="GetMethodImpl" size="110" />
					<method name="GetPropertyImpl" size="108" />
					<method name="GetConstructorImpl" size="106" />
					<method name="GetCustomAttributes(System.Type,System.Boolean)" size="89" />
					<method name="get_ContainsGenericParameters" size="84" />
					<method name="GetCustomAttributes(System.Boolean)" size="70" />
					<method name="GetGenericArguments" size="64" />
					<method name="MakeGenericType" size="62" />
					<method name="get_IsCreated" size="59" />
					<method name="IsDefined" size="57" />
					<method name="GetNestedType" size="56" />
					<method name=".ctor" size="54" />
					<method name="MakeArrayType(System.Int32)" size="52" />
					<method name="GetField" size="51" />
					<method name="GetEvent" size="51" />
					<method name="get_AssemblyQualifiedName" size="46" />
					<method name="GetAttributeFlagsImpl" size="45" />
					<method name="GetGenericTypeDefinition" size="43" />
					<method name="get_IsConstructedGenericType" size="42" />
					<method name="get_DeclaringType" size="41" />
					<method name="get_IsGenericTypeDefinition" size="41" />
					<method name="GetConstructors" size="40" />
					<method name="IsAssignableFrom" size="40" />
					<method name="IsValueTypeImpl" size="39" />
					<method name="get_UnderlyingSystemType" size="38" />
					<method name="get_Namespace" size="37" />
					<method name="get_BaseType" size="36" />
					<method name="get_Assembly" size="36" />
					<method name="GetMethods" size="35" />
					<method name="GetFields" size="34" />
					<method name="MakePointerType" size="34" />
					<method name="get_Module" size="34" />
					<method name="get_FullName" size="33" />
					<method name="MakeArrayType()" size="33" />
					<method name="HasElementTypeImpl" size="32" />
					<method name="GetElementType" size="32" />
					<method name="MakeByRefType" size="32" />
					<method name="get_Name" size="32" />
					<method name="get_TypeHandle" size="32" />
					<method name="GetInterfaces" size="31" />
					<method name="get_IsGenericType" size="31" />
					<method name="IsPrimitiveImpl" size="29" />
					<method name="IsCOMObjectImpl" size="29" />
					<method name="ToString" size="29" />
					<method name="IsPointerImpl" size="27" />
					<method name="IsByRefImpl" size="25" />
					<method name="IsArrayImpl" size="25" />
				</type>
				<type name="SymbolType" size="2236">
					<method name="GetMethodImpl" size="120" />
					<method name="GetPropertyImpl" size="118" />
					<method name="GetConstructorImpl" size="116" />
					<method name="get_AssemblyQualifiedName" size="92" />
					<method name="GetCustomAttributes(System.Type,System.Boolean)" size="77" />
					<method name="GetAttributeFlagsImpl" size="73" />
					<method name="GetMember" size="71" />
					<method name="IsDefined" size="67" />
					<method name="GetNestedType" size="66" />
					<method name="get_Assembly" size="64" />
					<method name="get_Module" size="62" />
					<method name="GetField" size="61" />
					<method name="GetEvent" size="61" />
					<method name="GetCustomAttributes(System.Boolean)" size="59" />
					<method name="GetConstructors" size="59" />
					<method name="GetMethods" size="54" />
					<method name="GetFields" size="53" />
					<method name="MakeArrayType(System.Int32)" size="52" />
					<method name=".ctor" size="47" />
					<method name="HasElementTypeImpl" size="43" />
					<method name="get_FullName" size="42" />
					<method name="get_IsConstructedGenericType" size="42" />
					<method name="get_TypeHandle" size="42" />
					<method name="GetInterfaces" size="41" />
					<method name="ToString" size="38" />
					<method name="get_UnderlyingSystemType" size="38" />
					<method name="get_Name" size="38" />
					<method name="get_Namespace" size="37" />
					<method name="get_BaseType" size="35" />
					<method name="MakePointerType" size="34" />
					<method name="MakeArrayType()" size="33" />
					<method name="GetElementType" size="33" />
					<method name="MakeByRefType" size="32" />
					<method name="IsValueTypeImpl" size="29" />
					<method name="IsPrimitiveImpl" size="29" />
					<method name="IsCOMObjectImpl" size="29" />
					<method name="IsPointerImpl" size="27" />
					<method name="IsArrayImpl" size="25" />
					<method name="IsByRefImpl" size="25" />
				</type>
				<type name="EnumBuilder" size="1718">
					<method name="GetMethodImpl" size="143" />
					<method name="GetConstructorImpl" size="119" />
					<method name="GetPropertyImpl" size="109" />
					<method name="GetCustomAttributes(System.Type,System.Boolean)" size="75" />
					<method name="IsDefined" size="65" />
					<method name="GetNestedType" size="64" />
					<method name="GetEvent" size="59" />
					<method name="GetField" size="59" />
					<method name="GetConstructors" size="56" />
					<method name="GetCustomAttributes(System.Boolean)" size="56" />
					<method name="GetMethods" size="51" />
					<method name="GetFields" size="50" />
					<method name="CreateNotSupportedException" size="50" />
					<method name="get_AssemblyQualifiedName" size="49" />
					<method name="GetAttributeFlagsImpl" size="45" />
					<method name="get_UnderlyingSystemType" size="43" />
					<method name="HasElementTypeImpl" size="42" />
					<method name="GetElementType" size="38" />
					<method name="get_Namespace" size="37" />
					<method name="GetInterfaces" size="37" />
					<method name="get_FullName" size="36" />
					<method name="get_BaseType" size="36" />
					<method name="get_Assembly" size="36" />
					<method name="get_Module" size="34" />
					<method name="get_Name" size="32" />
					<method name="IsCOMObjectImpl" size="29" />
					<method name="IsPrimitiveImpl" size="29" />
					<method name="IsPointerImpl" size="27" />
					<method name="IsArrayImpl" size="25" />
					<method name="IsByRefImpl" size="25" />
				</type>
				<type name="GenericTypeParameterBuilder" size="1569">
					<method name="GetMethodImpl" size="111" />
					<method name="GetPropertyImpl" size="109" />
					<method name="GetConstructorImpl" size="107" />
					<method name="GetCustomAttributes(System.Type,System.Boolean)" size="68" />
					<method name="IsDefined" size="58" />
					<method name="GetNestedType" size="57" />
					<method name="GetEvent" size="52" />
					<method name="GetField" size="52" />
					<method name="GetConstructors" size="50" />
					<method name="GetCustomAttributes(System.Boolean)" size="50" />
					<method name="GetMethods" size="45" />
					<method name="GetFields" size="44" />
					<method name="get_AssemblyQualifiedName" size="39" />
					<method name="get_UnderlyingSystemType" size="38" />
					<method name="get_Assembly" size="36" />
					<method name="GetAttributeFlagsImpl" size="35" />
					<method name="get_Module" size="34" />
					<method name="GetElementType" size="33" />
					<method name="GetInterfaces" size="32" />
					<method name="HasElementTypeImpl" size="32" />
					<method name="get_BaseType" size="31" />
					<method name="not_supported" size="31" />
					<method name="IsPrimitiveImpl" size="29" />
					<method name="IsCOMObjectImpl" size="29" />
					<method name="IsPointerImpl" size="27" />
					<method name="get_Name" size="27" />
					<method name="get_Namespace" size="27" />
					<method name="get_FullName" size="26" />
					<method name="IsByRefImpl" size="25" />
					<method name="IsArrayImpl" size="25" />
				</type>
				<type name="DynamicMethod" size="1189">
					<method name="CreateDynMethod" size="215" />
					<method name="Invoke" size="160" />
					<method name="GetCustomAttributes(System.Type,System.Boolean)" size="126" />
					<method name="IsDefined" size="93" />
					<method name="GetCustomAttributes(System.Boolean)" size="64" />
					<method name="GetMethodImplementationFlags" size="42" />
					<method name="get_MethodHandle" size="35" />
					<method name="get_Attributes" size="33" />
					<method name="GetParameters" size="32" />
					<method name="get_DeclaringType" size="31" />
					<method name="get_ReflectedType" size="31" />
					<method name="get_Name" size="27" />
				</type>
				<type name="MethodBuilder" size="1021">
					<method name="GetCustomAttributes(System.Type,System.Boolean)" size="90" />
					<method name="Invoke" size="86" />
					<method name="GetCustomAttributes(System.Boolean)" size="71" />
					<method name="IsDefined" size="58" />
					<method name="GetParameters" size="52" />
					<method name="GetMethodImplementationFlags" size="47" />
					<method name="get_ReflectedType" size="36" />
					<method name="get_DeclaringType" size="36" />
					<method name="get_MethodHandle" size="35" />
					<method name="NotSupported" size="35" />
					<method name="get_Attributes" size="33" />
					<method name="get_Name" size="27" />
				</type>
				<type name="ConstructorBuilder" size="930">
					<method name="Invoke(System.Object,System.Reflection.BindingFlags,System.Reflection.Binder,System.Object[],System.Globalization.CultureInfo)" size="86" />
					<method name="Invoke(System.Reflection.BindingFlags,System.Reflection.Binder,System.Object[],System.Globalization.CultureInfo)" size="78" />
					<method name="GetCustomAttributes(System.Type,System.Boolean)" size="68" />
					<method name="IsDefined" size="58" />
					<method name="GetParameters" size="52" />
					<method name="GetCustomAttributes(System.Boolean)" size="50" />
					<method name="GetMethodImplementationFlags" size="47" />
					<method name="get_Name" size="43" />
					<method name="get_ReflectedType" size="36" />
					<method name="get_DeclaringType" size="36" />
					<method name="not_supported" size="36" />
					<method name="get_MethodHandle" size="35" />
					<method name="not_created" size="34" />
					<method name="get_Attributes" size="33" />
				</type>
				<type name="ILGenerator" size="840">
					<method name="label_fixup" size="311" />
					<method name="emit_int" size="169" />
					<method name="get_ILOffset" size="31" />
				</type>
				<type name="FieldBuilder" size="792">
					<method name="GetCustomAttributes(System.Type,System.Boolean)" size="90" />
					<method name="SetValue" size="81" />
					<method name="GetCustomAttributes(System.Boolean)" size="71" />
					<method name="IsDefined" size="58" />
					<method name="CreateNotSupportedException" size="50" />
					<method name="get_DeclaringType" size="36" />
					<method name="get_ReflectedType" size="36" />
					<method name="GetValue" size="35" />
					<method name="get_FieldHandle" size="34" />
					<method name="get_Attributes" size="33" />
					<method name="get_FieldType" size="32" />
					<method name="get_Name" size="27" />
				</type>
				<type name="ConstructorOnTypeBuilderInst" size="751">
					<method name="Invoke(System.Object,System.Reflection.BindingFlags,System.Reflection.Binder,System.Object[],System.Globalization.CultureInfo)" size="98" />
					<method name="Invoke(System.Reflection.BindingFlags,System.Reflection.Binder,System.Object[],System.Globalization.CultureInfo)" size="77" />
					<method name="GetCustomAttributes(System.Type,System.Boolean)" size="75" />
					<method name="IsDefined" size="65" />
					<method name="GetCustomAttributes(System.Boolean)" size="56" />
					<method name="GetMethodImplementationFlags" size="52" />
					<method name="GetParameters" size="51" />
					<method name="get_MethodHandle" size="40" />
					<method name="get_Attributes" size="38" />
					<method name="get_DeclaringType" size="36" />
					<method name="get_ReflectedType" size="36" />
					<method name="get_Name" size="32" />
				</type>
				<type name="PropertyBuilder" size="726">
					<method name="GetCustomAttributes(System.Type,System.Boolean)" size="68" />
					<method name="IsDefined" size="58" />
					<method name="GetCustomAttributes(System.Boolean)" size="50" />
					<method name="GetGetMethod" size="45" />
					<method name="GetSetMethod" size="45" />
					<method name="GetIndexParameters" size="37" />
					<method name="get_DeclaringType" size="36" />
					<method name="get_ReflectedType" size="36" />
					<method name="not_supported" size="36" />
					<method name="get_PropertyType" size="35" />
					<method name="get_Name" size="27" />
				</type>
				<type name="AssemblyBuilder" size="688" />
				<type name="MethodOnTypeBuilderInst" size="671">
					<method name="Invoke" size="85" />
					<method name="GetCustomAttributes(System.Type,System.Boolean)" size="67" />
					<method name="IsDefined" size="57" />
					<method name="GetMethodImplementationFlags" size="52" />
					<method name="GetCustomAttributes(System.Boolean)" size="49" />
					<method name="get_Attributes" size="38" />
					<method name="get_DeclaringType" size="36" />
					<method name="get_ReflectedType" size="36" />
					<method name="get_MethodHandle" size="34" />
					<method name="get_Name" size="32" />
					<method name="GetParameters" size="32" />
				</type>
				<type name="ModuleBuilder" size="670">
					<method name=".cctor" size="69" />
					<method name="Mono_GetGuid" size="38" />
				</type>
				<type name="FieldOnTypeBuilderInst" size="602">
					<method name="SetValue" size="82" />
					<method name="GetCustomAttributes(System.Type,System.Boolean)" size="67" />
					<method name="IsDefined" size="57" />
					<method name="GetCustomAttributes(System.Boolean)" size="49" />
					<method name="get_Attributes" size="38" />
					<method name="get_DeclaringType" size="36" />
					<method name="get_ReflectedType" size="36" />
					<method name="GetValue" size="34" />
					<method name="get_FieldHandle" size="33" />
					<method name="get_Name" size="32" />
					<method name="get_FieldType" size="31" />
				</type>
				<type name="ByRefType" size="276">
					<method name="FormatName" size="55" />
					<method name="MakeArrayType(System.Int32)" size="45" />
					<method name=".ctor" size="41" />
					<method name="MakePointerType" size="38" />
					<method name="MakeArrayType()" size="36" />
					<method name="MakeByRefType" size="36" />
					<method name="IsByRefImpl" size="25" />
				</type>
				<type name="UnmanagedMarshal" size="274">
					<method name="DefineLPArrayInternal" size="109" />
					<method name=".ctor" size="65" />
				</type>
				<type name="ArrayType" size="270">
					<method name="FormatName" size="139" />
					<method name=".ctor" size="57" />
					<method name="GetArrayRank" size="41" />
					<method name="IsArrayImpl" size="25" />
				</type>
				<type name="Label" size="163">
					<method name="Equals(System.Object)" size="71" />
					<method name="GetHashCode" size="42" />
					<method name="Equals(System.Reflection.Emit.Label)" size="41" />
				</type>
				<type name="PointerType" size="123">
					<method name="FormatName" size="55" />
					<method name=".ctor" size="41" />
					<method name="IsPointerImpl" size="27" />
				</type>
				<type name="EventBuilder" size="121" />
				<type name="ILExceptionBlock" size="106" />
				<type name="PackingSize" size="103" />
				<type name="SignatureHelper" size="100" />
				<type name="ParameterBuilder" size="92" />
				<type name="CustomAttributeBuilder" size="91" />
				<type name="AssemblyBuilderAccess" size="75" />
				<type name="PEFileKinds" size="61" />
				<type name="MonoResource" size="57" />
				<type name="NativeResourceType" size="56" />
				<type name="LocalBuilder" size="45" />
				<type name="MonoWin32Resource" size="41" />
				<type name="ILExceptionInfo" size="35" />
				<type name="ILTokenInfo" size="22" />
				<type name="RefEmitPermissionSet" size="18" />
			</namespace>
			<namespace name="System.Threading.Tasks" size="21727">
				<type name="Task" size="12151">
					<method name="FinishContinuations" size="555" />
					<method name="TaskConstructorCore" size="283" />
					<method name="InternalWait" size="266" />
					<method name="InternalCancel" size="259" />
					<method name="AddTaskContinuationComplex" size="255" />
					<method name="AssignCancellationToken" size="247" />
					<method name="CreationOptionsFromContinuationOptions" size="242" />
					<method name="SetContinuationForAwait" size="238" />
					<method name="Delay" size="233" />
					<method name="AddExceptionsFromChildren" size="217" />
					<method name="ScheduleAndStart" size="211" />
					<method name="RemoveContinuation" size="206" />
					<method name="SpinThenBlockingWait" size="205" />
					<method name="FinishStageTwo" size="202" />
					<method name="ContinueWith(System.Action`2&lt;System.Threading.Tasks.Task,System.Object&gt;,System.Object,System.Threading.Tasks.TaskScheduler,System.Threading.CancellationToken,System.Threading.Tasks.TaskContinuationOptions)" size="193" />
					<method name="ExecuteEntry" size="192" />
					<method name="Finish" size="186" />
					<method name="ContinueWithCore" size="184" />
					<method name="ProcessChildCompletion" size="180" />
					<method name=".ctor(System.Delegate,System.Object,System.Threading.Tasks.Task,System.Threading.CancellationToken,System.Threading.Tasks.TaskCreationOptions,System.Threading.Tasks.InternalTaskOptions,System.Threading.Tasks.TaskScheduler)" size="175" />
					<method name="AddException(System.Object,System.Boolean)" size="174" />
					<method name=".cctor" size="168" />
					<method name="Dispose(System.Boolean)" size="157" />
					<method name="ExecuteWithThreadLocal" size="155" />
					<method name="SetNotificationForWaitCompletion" size="140" />
					<method name=".ctor(System.Boolean,System.Threading.Tasks.TaskCreationOptions,System.Threading.CancellationToken)" size="139" />
					<method name="WhenAny" size="136" />
					<method name="GetExceptions" size="135" />
					<method name="get_Status" size="134" />
					<method name="AtomicStateUpdate(System.Int32,System.Int32,System.Int32&amp;)" size="132" />
					<method name="ContinueWith(System.Action`2&lt;System.Threading.Tasks.Task,System.Object&gt;,System.Object,System.Threading.CancellationToken,System.Threading.Tasks.TaskContinuationOptions,System.Threading.Tasks.TaskScheduler)" size="131" />
					<method name="get_CompletedEvent" size="123" />
					<method name="HandleException" size="121" />
					<method name="AtomicStateUpdate(System.Int32,System.Int32)" size="118" />
					<method name="CancellationCleanupLogic" size="118" />
					<method name="EnsureContingentPropertiesInitializedCore" size="114" />
					<method name="SpinWait" size="113" />
					<method name="TrySetCanceled(System.Threading.CancellationToken,System.Object)" size="112" />
					<method name="TaskCancelCallback" size="109" />
					<method name="RecordInternalCancellationRequest(System.Threading.CancellationToken,System.Object)" size="108" />
					<method name="RecordInternalCancellationRequest(System.Threading.CancellationToken)" size="105" />
					<method name="AddTaskContinuation" size="104" />
					<method name="TrySetException" size="97" />
					<method name="FinishStageThree" size="95" />
					<method name="EnsureContingentPropertiesInitialized" size="95" />
					<method name="System.IAsyncResult.get_AsyncWaitHandle" size="94" />
					<method name="RemoveFromActiveTasks" size="93" />
					<method name="FromCancellation(System.Threading.CancellationToken)" size="92" />
					<method name="AddToActiveTasks" size="92" />
					<method name="GetCancellationExceptionDispatchInfo" size="91" />
					<method name="GetExceptionDispatchInfos" size="88" />
					<method name="get_IsWaitNotificationEnabledOrNotRanToCompletion" size="86" />
					<method name="get_IsCancellationRequested" size="82" />
					<method name="InnerInvoke" size="82" />
					<method name="AddCompletionAction(System.Threading.Tasks.ITaskCompletionAction,System.Boolean)" size="80" />
					<method name="NotifyDebuggerOfWaitCompletionIfNecessary" size="79" />
					<method name="AddNewChild" size="78" />
					<method name="get_ExceptionRecorded" size="75" />
					<method name="System.Threading.IThreadPoolWorkItem.ExecuteWorkItem" size="73" />
					<method name="get_Id" size="71" />
					<method name="InternalCurrentIfAttached" size="70" />
					<method name="get_CancellationToken" size="70" />
					<method name="WrappedTryRunInline" size="70" />
					<method name="get_CapturedContext" size="68" />
					<method name="set_CapturedContext" size="63" />
					<method name="SetCancellationAcknowledged" size="62" />
					<method name="get_IsCompletedSuccessfully" size="61" />
					<method name="get_IsExceptionObservedByParent" size="61" />
					<method name="RecordInternalCancellationRequest()" size="61" />
					<method name="get_CurrentStackGuard" size="60" />
					<method name="get_IsCancellationAcknowledged" size="60" />
					<method name="get_ShouldNotifyDebuggerOfWaitCompletion" size="59" />
					<method name="get_IsWaitNotificationEnabled" size="59" />
					<method name="LogFinishCompletionNotification" size="58" />
					<method name="ExecutionContextCallback" size="56" />
					<method name="AddException(System.Object)" size="53" />
					<method name="TrySetCanceled(System.Threading.CancellationToken)" size="53" />
					<method name="AddCompletionAction(System.Threading.Tasks.ITaskCompletionAction)" size="51" />
					<method name="get_IsDelegateInvoked" size="51" />
					<method name="NotifyDebuggerOfWaitCompletion" size="50" />
					<method name="IsCompletedMethod" size="50" />
					<method name="get_Exception" size="49" />
					<method name="get_IsCanceled" size="48" />
					<method name="get_ExecutingTaskScheduler" size="45" />
					<method name="DisregardChild" size="45" />
					<method name="get_CreationOptions" size="44" />
					<method name="OptionsMethod" size="43" />
					<method name="get_IsFaulted" size="43" />
					<method name="Execute" size="42" />
					<method name="get_IsCompleted" size="41" />
					<method name="MarkStarted" size="40" />
					<method name="get_Options" size="37" />
					<method name=".ctor()" size="37" />
					<method name="get_InternalCurrent" size="37" />
					<method name="get_CompletedTask" size="35" />
					<method name="Dispose()" size="33" />
					<method name="MarkAborted" size="30" />
				</type>
				<type name="TaskExceptionHolder" size="1294">
					<method name="AddFaultException" size="267" />
					<method name="CreateExceptionObject" size="180" />
					<method name="Finalize" size="120" />
					<method name="SetCancellationException" size="110" />
					<method name="Add" size="81" />
					<method name="MarkAsHandled" size="78" />
					<method name="GetExceptionDispatchInfos" size="58" />
					<method name="GetCancellationExceptionDispatchInfo" size="55" />
					<method name="MarkAsUnhandled" size="53" />
					<method name="ShouldFailFastOnUnobservedException" size="49" />
					<method name="get_ContainsFaultList" size="45" />
					<method name=".ctor" size="40" />
					<method name=".cctor" size="29" />
				</type>
				<type name="AwaitTaskContinuation" size="1059">
					<method name="RunOrScheduleAction" size="129" />
					<method name="RunCallback" size="115" />
					<method name="System.Threading.IThreadPoolWorkItem.ExecuteWorkItem" size="107" />
					<method name="get_IsValidLocationForInlining" size="104" />
					<method name="Run" size="98" />
					<method name="CreateTask" size="86" />
					<method name=".ctor" size="81" />
					<method name="GetInvokeActionCallback" size="69" />
					<method name="UnsafeScheduleAction" size="57" />
					<method name="ThrowAsyncIfNecessary" size="48" />
					<method name="InvokeAction" size="46" />
					<method name="MarkAborted" size="30" />
				</type>
				<type name="TaskScheduler" size="858">
					<method name="TryRunInline" size="191" />
					<method name="PublishUnobservedTaskException" size="115" />
					<method name="get_Id" size="71" />
					<method name="get_InternalCurrent" size="64" />
					<method name="get_RequiresAtomicStartTransition" size="47" />
					<method name=".cctor" size="39" />
					<method name="NotifyWorkItemProgress" size="35" />
					<method name="TryDequeue" size="33" />
					<method name="get_Default" size="29" />
					<method name=".ctor" size="24" />
				</type>
				<type name="DebuggerSupport" size="821">
					<method name="RemoveFromActiveTasksNonInlined" size="112" />
					<method name="AddToActiveTasksNonInlined" size="107" />
					<method name="TraceOperationCreation" size="96" />
					<method name="TraceOperationCompletion" size="72" />
					<method name="TraceOperationRelation" size="72" />
					<method name="TraceSynchronousWorkStart" size="71" />
					<method name="TraceSynchronousWorkCompletion" size="67" />
					<method name="RemoveFromActiveTasks" size="56" />
					<method name="AddToActiveTasks" size="51" />
					<method name=".cctor" size="39" />
					<method name="get_LoggingOn" size="27" />
				</type>
				<type name="Task`1" size="807">
					<method name=".ctor(System.Delegate,System.Object,System.Threading.Tasks.Task,System.Threading.CancellationToken,System.Threading.Tasks.TaskCreationOptions,System.Threading.Tasks.InternalTaskOptions,System.Threading.Tasks.TaskScheduler)" size="150" />
					<method name="TrySetResult" size="128" />
					<method name=".ctor(System.Func`2&lt;System.Object,TResult&gt;,System.Object,System.Threading.CancellationToken,System.Threading.Tasks.TaskCreationOptions)" size="103" />
					<method name="InnerInvoke" size="94" />
					<method name=".ctor(System.Boolean,TResult,System.Threading.Tasks.TaskCreationOptions,System.Threading.CancellationToken)" size="89" />
					<method name="ConfigureAwait" size="64" />
					<method name=".ctor(TResult)" size="57" />
					<method name="get_ResultOnSuccess" size="38" />
					<method name="GetAwaiter" size="29" />
					<method name=".ctor()" size="24" />
				</type>
				<type name="TaskFactory" size="689">
					<method name="CommonCWAnyLogic" size="177" />
					<method name=".ctor(System.Threading.CancellationToken,System.Threading.Tasks.TaskCreationOptions,System.Threading.Tasks.TaskContinuationOptions,System.Threading.Tasks.TaskScheduler)" size="145" />
					<method name="CheckMultiTaskContinuationOptions" size="145" />
					<method name="CheckCreationOptions" size="70" />
					<method name=".ctor()" size="40" />
				</type>
				<type name="SynchronizationContextAwaitTaskContinuation" size="427">
					<method name="Run" size="114" />
					<method name=".ctor" size="81" />
					<method name="GetPostActionCallback" size="67" />
					<method name="PostAction" size="66" />
					<method name=".cctor" size="40" />
				</type>
				<type name="ThreadPoolTaskScheduler" size="421">
					<method name="QueueTask" size="129" />
					<method name="TryExecuteTaskInline" size="110" />
					<method name="get_RequiresAtomicStartTransition" size="47" />
					<method name="NotifyWorkItemProgress" size="40" />
					<method name="TryDequeue" size="38" />
					<method name=".ctor" size="24" />
				</type>
				<type name="StandardTaskContinuation" size="385">
					<method name="Run" size="215" />
					<method name=".ctor" size="128" />
				</type>
				<type name="AsyncCausalityTracer" size="352">
					<method name="TraceOperationCreation" size="98" />
					<method name="TraceOperationCompletion" size="74" />
					<method name="TraceSynchronousWorkStart" size="73" />
					<method name="TraceSynchronousWorkCompletion" size="67" />
					<method name="get_LoggingOn" size="27" />
				</type>
				<type name="TaskContinuationOptions" size="303" />
				<type name="TaskSchedulerAwaitTaskContinuation" size="282">
					<method name="Run" size="184" />
					<method name=".ctor" size="83" />
				</type>
				<type name="ContinuationTaskFromTask" size="259">
					<method name=".ctor" size="134" />
					<method name="InnerInvoke" size="109" />
				</type>
				<type name="CompletionActionInvoker" size="212">
					<method name="System.Threading.IThreadPoolWorkItem.ExecuteWorkItem" size="82" />
					<method name=".ctor" size="68" />
					<method name="MarkAborted" size="30" />
				</type>
				<type name="TaskContinuation" size="183">
					<method name="InlineIfPossibleOrElseQueue" size="159" />
					<method name=".ctor" size="24" />
				</type>
				<type name="StackGuard" size="170">
					<method name="TryBeginInliningScope" size="68" />
					<method name="EndInliningScope" size="59" />
					<method name=".ctor" size="24" />
				</type>
				<type name="TaskCanceledException" size="162">
					<method name=".ctor(System.Threading.Tasks.Task)" size="69" />
					<method name=".ctor(System.Runtime.Serialization.SerializationInfo,System.Runtime.Serialization.StreamingContext)" size="47" />
					<method name=".ctor()" size="29" />
				</type>
				<type name="TaskStatus" size="147" />
				<type name="TaskCreationOptions" size="142" />
				<type name="InternalTaskOptions" size="132" />
				<type name="TaskSchedulerException" size="125">
					<method name=".ctor(System.Exception)" size="49" />
					<method name=".ctor(System.Runtime.Serialization.SerializationInfo,System.Runtime.Serialization.StreamingContext)" size="47" />
					<method name=".ctor()" size="29" />
				</type>
				<type name="UnobservedTaskExceptionEventArgs" size="74">
					<method name=".ctor" size="45" />
				</type>
				<type name="CausalitySynchronousWork" size="74" />
				<type name="CausalityRelation" size="66" />
				<type name="AsyncCausalityStatus" size="56" />
				<type name="CausalityTraceLevel" size="47" />
				<type name="ITaskCompletionAction" size="29" />
			</namespace>
			<namespace name="System.Collections.Generic" size="20558">
				<type name="Dictionary`2" size="5335">
					<method name="TryInsert" size="803" />
					<method name="FindEntry" size="440" />
					<method name="System.Collections.ICollection.CopyTo" size="422" />
					<method name="Remove" size="377" />
					<method name="Resize(System.Int32,System.Boolean)" size="303" />
					<method name="OnDeserialization" size="288" />
					<method name="System.Collections.Generic.ICollection&lt;System.Collections.Generic.KeyValuePair&lt;TKey,TValue&gt;&gt;.Remove" size="204" />
					<method name="GetObjectData" size="193" />
					<method name="System.Collections.Generic.ICollection&lt;System.Collections.Generic.KeyValuePair&lt;TKey,TValue&gt;&gt;.Contains" size="192" />
					<method name="CopyTo" size="172" />
					<method name="System.Collections.IDictionary.set_Item" size="153" />
					<method name="System.Collections.Generic.ICollection&lt;System.Collections.Generic.KeyValuePair&lt;TKey,TValue&gt;&gt;.Add" size="146" />
					<method name="System.Collections.Generic.ICollection&lt;System.Collections.Generic.KeyValuePair&lt;TKey,TValue&gt;&gt;.CopyTo" size="140" />
					<method name="System.Collections.Generic.IEnumerable&lt;System.Collections.Generic.KeyValuePair&lt;TKey,TValue&gt;&gt;.GetEnumerator" size="131" />
					<method name="System.Collections.Generic.ICollection&lt;System.Collections.Generic.KeyValuePair&lt;TKey,TValue&gt;&gt;.get_IsReadOnly" size="121" />
					<method name="Clear" size="101" />
					<method name="TryGetValue" size="91" />
					<method name=".ctor(System.Int32,System.Collections.Generic.IEqualityComparer`1&lt;TKey&gt;)" size="88" />
					<method name="get_Item" size="87" />
					<method name="Initialize" size="79" />
					<method name="System.Collections.IEnumerable.GetEnumerator" size="69" />
					<method name="System.Collections.IDictionary.GetEnumerator" size="69" />
					<method name=".ctor(System.Runtime.Serialization.SerializationInfo,System.Runtime.Serialization.StreamingContext)" size="57" />
					<method name="set_Item" size="49" />
					<method name="TryAdd" size="46" />
					<method name="ContainsKey" size="45" />
					<method name="Add" size="44" />
					<method name=".ctor(System.Collections.Generic.IEqualityComparer`1&lt;TKey&gt;)" size="39" />
					<method name=".ctor(System.Int32)" size="39" />
					<method name="Resize()" size="37" />
					<method name="get_Count" size="35" />
					<method name=".ctor()" size="26" />
				</type>
				<type name="List`1" size="2800">
					<method name="Insert" size="165" />
					<method name="AddEnumerable" size="162" />
					<method name="RemoveAt" size="148" />
					<method name=".ctor(System.Collections.Generic.IEnumerable`1&lt;T&gt;)" size="146" />
					<method name="set_Capacity" size="127" />
					<method name="System.Collections.ICollection.CopyTo" size="124" />
					<method name="Sort(System.Int32,System.Int32,System.Collections.Generic.IComparer`1&lt;T&gt;)" size="121" />
					<method name="Reverse(System.Int32,System.Int32)" size="110" />
					<method name="EnsureCapacity" size="100" />
					<method name="System.Collections.IList.Add" size="99" />
					<method name="Add" size="92" />
					<method name="Clear" size="82" />
					<method name="set_Item" size="82" />
					<method name="System.Collections.Generic.IEnumerable&lt;T&gt;.GetEnumerator" size="79" />
					<method name="IsCompatibleObject" size="77" />
					<method name="AddWithResize" size="77" />
					<method name="System.Collections.IList.Contains" size="77" />
					<method name=".ctor(System.Int32)" size="76" />
					<method name="ToArray" size="71" />
					<method name="System.Collections.Generic.ICollection&lt;T&gt;.get_IsReadOnly" size="70" />
					<method name="System.Collections.IEnumerable.GetEnumerator" size="68" />
					<method name="CopyTo(T[],System.Int32)" size="64" />
					<method name="get_Item" size="57" />
					<method name="Remove" size="54" />
					<method name="Contains" size="53" />
					<method name="IndexOf" size="48" />
					<method name="Sort(System.Collections.Generic.IComparer`1&lt;T&gt;)" size="44" />
					<method name="CopyTo(T[])" size="37" />
					<method name=".ctor()" size="35" />
					<method name="Reverse()" size="33" />
					<method name="GetEnumerator" size="32" />
					<method name=".cctor" size="30" />
					<method name="get_Count" size="28" />
				</type>
				<type name="LowLevelList`1" size="2002">
					<method name="InsertRange" size="342" />
					<method name="RemoveAll" size="240" />
					<method name="Insert" size="167" />
					<method name="RemoveAt" size="147" />
					<method name="set_Capacity" size="120" />
					<method name="Add" size="102" />
					<method name="Contains" size="95" />
					<method name="EnsureCapacity" size="86" />
					<method name="set_Item" size="83" />
					<method name=".ctor(System.Int32)" size="79" />
					<method name="Clear" size="66" />
					<method name="CopyTo" size="64" />
					<method name="get_Item" size="58" />
					<method name="Remove" size="54" />
					<method name="AddRange" size="49" />
					<method name="IndexOf" size="48" />
					<method name=".ctor()" size="35" />
					<method name="get_Capacity" size="33" />
					<method name=".cctor" size="30" />
					<method name="get_Count" size="28" />
				</type>
				<type name="ArraySortHelper`2" size="1765">
					<method name="DownHeap" size="263" />
					<method name="IntroSort" size="244" />
					<method name="PickPivotAndPartition" size="238" />
					<method name="InsertionSort" size="203" />
					<method name="SwapIfGreaterWithItems" size="181" />
					<method name="Heapsort" size="151" />
					<method name="Sort" size="132" />
					<method name="Swap" size="121" />
					<method name="IntrospectiveSort" size="111" />
					<method name="get_Default" size="29" />
					<method name=".cctor" size="29" />
					<method name=".ctor" size="24" />
				</type>
				<type name="ArraySortHelper`1" size="1739">
					<method name="IntroSort" size="222" />
					<method name="PickPivotAndPartition" size="216" />
					<method name="DownHeap" size="191" />
					<method name="InternalBinarySearch" size="162" />
					<method name="InsertionSort" size="151" />
					<method name="Heapsort" size="135" />
					<method name="BinarySearch" size="127" />
					<method name="Sort" size="122" />
					<method name="SwapIfGreater" size="121" />
					<method name="IntrospectiveSort" size="98" />
					<method name="Swap" size="73" />
					<method name="get_Default" size="29" />
					<method name=".cctor" size="29" />
					<method name=".ctor" size="24" />
				</type>
				<type name="LowLevelDictionary`2" size="951">
					<method name="Remove" size="174" />
					<method name="ExpandBuckets" size="148" />
					<method name="UncheckedAdd" size="142" />
					<method name="set_Item" size="104" />
					<method name="Find" size="86" />
					<method name="GetBucket" size="78" />
					<method name=".ctor(System.Int32,System.Collections.Generic.IEqualityComparer`1&lt;TKey&gt;)" size="64" />
					<method name="Clear" size="64" />
					<method name=".ctor()" size="31" />
				</type>
				<type name="EqualityComparer`1" size="854">
					<method name="CreateComparer" size="411" />
					<method name="System.Collections.IEqualityComparer.Equals" size="124" />
					<method name="IndexOf" size="109" />
					<method name="System.Collections.IEqualityComparer.GetHashCode" size="102" />
					<method name="get_Default" size="54" />
					<method name=".ctor" size="24" />
				</type>
				<type name="ValueListBuilder`1" size="423">
					<method name="Grow" size="114" />
					<method name="Append" size="86" />
					<method name=".ctor" size="55" />
					<method name="Dispose" size="52" />
					<method name="AsSpan" size="42" />
					<method name="get_Length" size="29" />
				</type>
				<type name="Comparer`1" size="422">
					<method name="CreateComparer" size="196" />
					<method name="System.Collections.IComparer.Compare" size="118" />
					<method name="get_Default" size="54" />
					<method name=".ctor" size="24" />
				</type>
				<type name="NullableEqualityComparer`1" size="414">
					<method name="IndexOf" size="181" />
					<method name="Equals(System.Nullable`1&lt;T&gt;,System.Nullable`1&lt;T&gt;)" size="88" />
					<method name="GetHashCode(System.Nullable`1&lt;T&gt;)" size="45" />
					<method name="GetHashCode()" size="40" />
					<method name="Equals(System.Object)" size="36" />
					<method name=".ctor" size="24" />
				</type>
				<type name="ObjectEqualityComparer`1" size="412">
					<method name="IndexOf" size="177" />
					<method name="Equals(T,T)" size="80" />
					<method name="GetHashCode(T)" size="55" />
					<method name="GetHashCode()" size="40" />
					<method name="Equals(System.Object)" size="36" />
					<method name=".ctor" size="24" />
				</type>
				<type name="GenericEqualityComparer`1" size="402">
					<method name="IndexOf" size="172" />
					<method name="Equals(T,T)" size="75" />
					<method name="GetHashCode(T)" size="55" />
					<method name="GetHashCode()" size="40" />
					<method name="Equals(System.Object)" size="36" />
					<method name=".ctor" size="24" />
				</type>
				<type name="ByteEqualityComparer" size="375">
					<method name="IndexOf" size="203" />
					<method name="GetHashCode()" size="40" />
					<method name="GetHashCode(System.Byte)" size="37" />
					<method name="Equals(System.Object)" size="36" />
					<method name="Equals(System.Byte,System.Byte)" size="35" />
					<method name=".ctor" size="24" />
				</type>
				<type name="EnumEqualityComparer`1" size="340">
					<method name="GetObjectData" size="87" />
					<method name=".ctor(System.Runtime.Serialization.SerializationInfo,System.Runtime.Serialization.StreamingContext)" size="52" />
					<method name="Equals(T,T)" size="51" />
					<method name="GetHashCode(T)" size="50" />
					<method name="GetHashCode()" size="40" />
					<method name="Equals(System.Object)" size="36" />
					<method name=".ctor()" size="24" />
				</type>
				<type name="LowLevelListWithIList`1" size="335">
					<method name="System.Collections.Generic.IEnumerable&lt;T&gt;.GetEnumerator" size="79" />
					<method name="System.Collections.Generic.ICollection&lt;T&gt;.get_IsReadOnly" size="70" />
					<method name="System.Collections.IEnumerable.GetEnumerator" size="68" />
					<method name=".ctor(System.Int32)" size="38" />
					<method name=".ctor()" size="24" />
				</type>
				<type name="LongEnumEqualityComparer`1" size="316">
					<method name="GetObjectData" size="63" />
					<method name=".ctor(System.Runtime.Serialization.SerializationInfo,System.Runtime.Serialization.StreamingContext)" size="52" />
					<method name="Equals(T,T)" size="51" />
					<method name="GetHashCode(T)" size="50" />
					<method name="GetHashCode()" size="40" />
					<method name="Equals(System.Object)" size="36" />
					<method name=".ctor()" size="24" />
				</type>
				<type name="InternalStringComparer" size="227">
					<method name="IndexOf" size="108" />
					<method name="Equals" size="52" />
					<method name="GetHashCode" size="43" />
					<method name=".ctor" size="24" />
				</type>
				<type name="NullableComparer`1" size="189">
					<method name="Compare" size="89" />
					<method name="GetHashCode" size="40" />
					<method name="Equals" size="36" />
					<method name=".ctor" size="24" />
				</type>
				<type name="KeyValuePair`2" size="184">
					<method name=".ctor" size="50" />
					<method name="ToString" size="48" />
					<method name="get_Value" size="28" />
					<method name="get_Key" size="26" />
				</type>
				<type name="GenericComparer`1" size="176">
					<method name="Compare" size="76" />
					<method name="GetHashCode" size="40" />
					<method name="Equals" size="36" />
					<method name=".ctor" size="24" />
				</type>
				<type name="ObjectComparer`1" size="154">
					<method name="Compare" size="54" />
					<method name="GetHashCode" size="40" />
					<method name="Equals" size="36" />
					<method name=".ctor" size="24" />
				</type>
				<type name="KeyNotFoundException" size="135">
					<method name=".ctor(System.String)" size="48" />
					<method name=".ctor(System.Runtime.Serialization.SerializationInfo,System.Runtime.Serialization.StreamingContext)" size="47" />
					<method name=".ctor()" size="40" />
				</type>
				<type name="SByteEnumEqualityComparer`1" size="127">
					<method name=".ctor(System.Runtime.Serialization.SerializationInfo,System.Runtime.Serialization.StreamingContext)" size="52" />
					<method name="GetHashCode" size="51" />
					<method name=".ctor()" size="24" />
				</type>
				<type name="ShortEnumEqualityComparer`1" size="127">
					<method name=".ctor(System.Runtime.Serialization.SerializationInfo,System.Runtime.Serialization.StreamingContext)" size="52" />
					<method name="GetHashCode" size="51" />
					<method name=".ctor()" size="24" />
				</type>
				<type name="IntrospectiveSortUtilities" size="123">
					<method name="ThrowOrIgnoreBadComparer" size="66" />
					<method name="FloorLog2PlusOne" size="57" />
				</type>
				<type name="KeyValuePair" size="113">
					<method name="PairToString" size="113" />
				</type>
				<type name="InsertionBehavior" size="59" />
				<type name="ICollection`1" size="23" />
				<type name="IEnumerator`1" size="11" />
				<type name="IReadOnlyCollection`1" size="9" />
				<type name="IReadOnlyList`1" size="8" />
				<type name="IList`1" size="8" />
			</namespace>
			<namespace name="System.Numerics" size="17773">
				<type name="Vector`1" size="16380">
					<method name="Equals(System.Numerics.Vector`1&lt;T&gt;,System.Numerics.Vector`1&lt;T&gt;)" size="4216" />
					<method name=".ctor(T)" size="2793" />
					<method name="GetHashCode" size="2780" />
					<method name="Equals(System.Numerics.Vector`1&lt;T&gt;)" size="2060" />
					<method name=".ctor(System.Void*,System.Int32)" size="1189" />
					<method name="get_Item" size="701" />
					<method name="ScalarEquals" size="574" />
					<method name="GetAllBitsSetValue" size="471" />
					<method name="GetOneValue" size="438" />
					<method name="InitializeCount" size="416" />
					<method name="ToString(System.String,System.IFormatProvider)" size="208" />
					<method name=".cctor" size="70" />
					<method name="op_Inequality" size="55" />
					<method name="op_Equality" size="51" />
					<method name=".ctor(System.Numerics.Register&amp;)" size="51" />
					<method name="Equals(System.Object)" size="49" />
					<method name="op_Explicit" size="46" />
					<method name=".ctor(System.Void*)" size="42" />
					<method name="ToString()" size="37" />
					<method name="get_Count" size="27" />
					<method name="get_Zero" size="26" />
				</type>
				<type name="Register" size="742" />
				<type name="ConstantHelper" size="499">
					<method name="GetDoubleWithAllBitsSet" size="57" />
					<method name="GetUInt16WithAllBitsSet" size="52" />
					<method name="GetSingleWithAllBitsSet" size="52" />
					<method name="GetByteWithAllBitsSet" size="50" />
					<method name="GetUInt64WithAllBitsSet" size="50" />
					<method name="GetInt64WithAllBitsSet" size="49" />
					<method name="GetUInt32WithAllBitsSet" size="48" />
					<method name="GetSByteWithAllBitsSet" size="47" />
					<method name="GetInt16WithAllBitsSet" size="47" />
					<method name="GetInt32WithAllBitsSet" size="47" />
				</type>
				<type name="Vector" size="152">
					<method name="Equals" size="45" />
					<method name="AsVectorUInt64" size="43" />
					<method name="get_IsHardwareAccelerated" size="39" />
				</type>
			</namespace>
			<namespace name="System.Collections" size="11329">
				<type name="Hashtable" size="5427">
					<method name="OnDeserialization" size="817" />
					<method name="Insert" size="777" />
					<method name="GetObjectData" size="446" />
					<method name="Remove" size="356" />
					<method name="get_Item" size="268" />
					<method name=".ctor(System.Int32,System.Single)" size="257" />
					<method name="putEntry" size="247" />
					<method name="ContainsKey" size="205" />
					<method name="rehash(System.Int32)" size="195" />
					<method name="CopyEntries" size="149" />
					<method name="Clone" size="148" />
					<method name="CopyTo" size="143" />
					<method name="CopyValues" size="130" />
					<method name="CopyKeys" size="117" />
					<method name="InitHash" size="96" />
					<method name="KeyEquals" size="90" />
					<method name=".ctor(System.Int32,System.Single,System.Collections.IEqualityComparer)" size="82" />
					<method name=".ctor(System.Int32,System.Collections.IEqualityComparer)" size="65" />
					<method name="System.Collections.IEnumerable.GetEnumerator" size="64" />
					<method name=".ctor(System.Runtime.Serialization.SerializationInfo,System.Runtime.Serialization.StreamingContext)" size="57" />
					<method name="get_SyncRoot" size="57" />
					<method name="GetHash" size="55" />
					<method name="get_SerializationInfoTable" size="49" />
					<method name="set_Item" size="48" />
					<method name="UpdateVersion" size="44" />
					<method name="expand" size="44" />
					<method name=".ctor(System.Int32)" size="43" />
					<method name="Add" size="43" />
					<method name="GetEnumerator" size="33" />
					<method name="rehash()" size="33" />
					<method name=".ctor()" size="30" />
					<method name="get_Count" size="28" />
				</type>
				<type name="ArrayList" size="1989">
					<method name="InsertRange" size="215" />
					<method name="Insert" size="173" />
					<method name="RemoveAt" size="140" />
					<method name="set_Capacity" size="135" />
					<method name="Contains" size="118" />
					<method name="Add" size="105" />
					<method name="EnsureCapacity" size="100" />
					<method name=".ctor(System.Int32)" size="94" />
					<method name=".ctor(System.Collections.ICollection)" size="94" />
					<method name="CopyTo(System.Array,System.Int32)" size="92" />
					<method name="ToArray(System.Type)" size="87" />
					<method name="Clone" size="84" />
					<method name="ToArray()" size="71" />
					<method name="get_Item" size="68" />
					<method name="get_SyncRoot" size="57" />
					<method name="Remove" size="50" />
					<method name="IndexOf" size="49" />
					<method name="AddRange" size="40" />
					<method name="CopyTo(System.Array)" size="37" />
					<method name=".ctor()" size="35" />
					<method name="GetEnumerator" size="32" />
					<method name="get_Count" size="28" />
				</type>
				<type name="Queue" size="1500">
					<method name="CopyTo" size="240" />
					<method name="SetCapacity" size="218" />
					<method name=".ctor(System.Int32,System.Single)" size="179" />
					<method name="Clone" size="178" />
					<method name="Enqueue" size="167" />
					<method name="Dequeue" size="117" />
					<method name=".ctor(System.Collections.ICollection)" size="92" />
					<method name="GetElement" size="53" />
					<method name="Peek" size="49" />
					<method name=".ctor(System.Int32)" size="43" />
					<method name="GetEnumerator" size="32" />
					<method name=".ctor()" size="31" />
					<method name="get_Count" size="28" />
				</type>
				<type name="Stack" size="886">
					<method name="CopyTo" size="222" />
					<method name="Push" size="131" />
					<method name=".ctor(System.Int32)" size="99" />
					<method name="Pop" size="91" />
					<method name="Clone" size="84" />
					<method name="Clear" size="57" />
					<method name=".ctor()" size="51" />
					<method name="Peek" size="51" />
					<method name="GetEnumerator" size="32" />
					<method name="get_Count" size="28" />
				</type>
				<type name="Comparer" size="472">
					<method name="Compare" size="145" />
					<method name=".ctor(System.Runtime.Serialization.SerializationInfo,System.Runtime.Serialization.StreamingContext)" size="91" />
					<method name="GetObjectData" size="78" />
					<method name=".ctor(System.Globalization.CultureInfo)" size="62" />
					<method name=".cctor" size="49" />
				</type>
				<type name="HashHelpers" size="452">
					<method name="GetPrime" size="125" />
					<method name="IsPrime" size="81" />
					<method name="ExpandPrime" size="72" />
					<method name="get_SerializationInfoTable" size="68" />
					<method name=".cctor" size="42" />
				</type>
				<type name="CompatibleComparer" size="412">
					<method name="Compare" size="102" />
					<method name="GetHashCode" size="73" />
					<method name=".ctor" size="72" />
					<method name="Equals" size="42" />
					<method name="get_HashCodeProvider" size="39" />
					<method name="get_Comparer" size="31" />
				</type>
				<type name="DictionaryEntry" size="138">
					<method name=".ctor" size="50" />
					<method name="get_Value" size="28" />
					<method name="get_Key" size="26" />
				</type>
				<type name="IDictionaryEnumerator" size="25" />
				<type name="IEnumerator" size="11" />
				<type name="ICollection" size="9" />
				<type name="IDictionary" size="8" />
			</namespace>
			<namespace name="System.Runtime.CompilerServices" size="8875">
				<type name="ConditionalWeakTable`2" size="1970">
					<method name="Rehash" size="364" />
					<method name="Add" size="335" />
					<method name="RehashWithoutResize" size="327" />
					<method name="TryGetValue" size="249" />
					<method name="Remove" size="239" />
					<method name="System.Collections.Generic.IEnumerable&lt;System.Collections.Generic.KeyValuePair&lt;TKey,TValue&gt;&gt;.GetEnumerator" size="190" />
					<method name="RecomputeSize" size="89" />
					<method name="System.Collections.IEnumerable.GetEnumerator" size="63" />
					<method name=".ctor" size="59" />
					<method name="Finalize" size="30" />
				</type>
				<type name="AsyncTaskMethodBuilder`1" size="1422">
					<method name="GetTaskForResult" size="655" />
					<method name="AwaitUnsafeOnCompleted" size="175" />
					<method name="SetException" size="128" />
					<method name="SetResult" size="123" />
					<method name="Start" size="105" />
					<method name="SetStateMachine" size="57" />
					<method name="get_Task" size="49" />
					<method name=".cctor" size="42" />
					<method name="Create" size="32" />
				</type>
				<type name="AsyncMethodBuilderCore" size="1014">
					<method name="GetCompletionAction" size="226" />
					<method name="ThrowAsync" size="179" />
					<method name="PostBoxInitialization" size="171" />
					<method name="OutputAsyncCausalityEvents" size="123" />
					<method name="CreateContinuationWrapper" size="105" />
					<method name="SetStateMachine" size="90" />
					<method name="TryGetContinuationTask" size="76" />
				</type>
				<type name="TaskAwaiter" size="665">
					<method name="OutputWaitEtwEvents" size="158" />
					<method name="OnCompletedInternal" size="152" />
					<method name="ThrowForNonSuccess" size="126" />
					<method name="HandleNonSuccessAndDebuggerNotification" size="111" />
					<method name="UnsafeOnCompleted" size="61" />
					<method name="ValidateEnd" size="47" />
				</type>
				<type name="Unsafe" size="545">
					<method name="AddByteOffset(T&amp;,System.UInt64)" size="65" />
					<method name="Add(T&amp;,System.Int32)" size="56" />
					<method name="Add(T&amp;,System.IntPtr)" size="55" />
					<method name="AddByteOffset(T&amp;,System.IntPtr)" size="55" />
					<method name="IsAddressLessThan" size="53" />
					<method name="ReadUnaligned" size="46" />
					<method name="AreSame" size="43" />
					<method name="AsPointer" size="34" />
					<method name="Read" size="34" />
					<method name="AsRef" size="30" />
					<method name="As(TFrom&amp;)" size="27" />
					<method name="SizeOf" size="25" />
					<method name="As(System.Object)" size="22" />
				</type>
				<type name="RuntimeHelpers" size="323">
					<method name="InitializeArray(System.Array,System.RuntimeFieldHandle)" size="93" />
					<method name="IsReferenceOrContainsReferences" size="83" />
					<method name="TryEnsureSufficientExecutionStack" size="51" />
					<method name="PrepareConstrainedRegions" size="38" />
					<method name="GetHashCode" size="36" />
				</type>
				<type name="RuntimeWrappedException" size="241">
					<method name="GetObjectData" size="82" />
					<method name=".ctor(System.Runtime.Serialization.SerializationInfo,System.Runtime.Serialization.StreamingContext)" size="74" />
					<method name=".ctor(System.Object)" size="64" />
				</type>
				<type name="AsyncTaskCache" size="229">
					<method name="CreateInt32Tasks" size="71" />
					<method name="CreateCacheableTask" size="68" />
					<method name=".cctor" size="51" />
				</type>
				<type name="InternalsVisibleToAttribute" size="172">
					<method name=".ctor" size="55" />
					<method name="set_AllInternalsVisible" size="53" />
				</type>
				<type name="TypeForwardedFromAttribute" size="167">
					<method name=".ctor" size="71" />
					<method name="get_AssemblyFullName" size="39" />
				</type>
				<type name="TaskAwaiter`1" size="149">
					<method name="UnsafeOnCompleted" size="61" />
					<method name="GetResult" size="44" />
					<method name=".ctor" size="34" />
				</type>
				<type name="RuntimeCompatibilityAttribute" size="149">
					<method name="set_WrapNonExceptionThrows" size="56" />
					<method name=".ctor" size="24" />
				</type>
				<type name="StateMachineAttribute" size="148">
					<method name=".ctor" size="52" />
					<method name="get_StateMachineType" size="39" />
				</type>
				<type name="MethodImplOptions" size="139" />
				<type name="DecimalConstantAttribute" size="132">
					<method name=".ctor" size="87" />
					<method name="get_Value" size="28" />
				</type>
				<type name="RuntimeFeature" size="126">
					<method name="get_IsDynamicCodeSupported" size="40" />
					<method name="get_IsRemotingSupported" size="37" />
				</type>
				<type name="ConfiguredTaskAwaitable`1" size="126">
					<method name=".ctor" size="70" />
					<method name="GetAwaiter" size="29" />
				</type>
				<type name="FixedBufferAttribute" size="124">
					<method name=".ctor" size="65" />
				</type>
				<type name="JitHelpers" size="121">
					<method name="UnsafeEnumCastLong" size="45" />
					<method name="UnsafeEnumCast" size="41" />
					<method name="UnsafeCast" size="35" />
				</type>
				<type name="CompilationRelaxationsAttribute" size="111">
					<method name=".ctor(System.Int32)" size="47" />
					<method name=".ctor(System.Runtime.CompilerServices.CompilationRelaxations)" size="47" />
				</type>
				<type name="MethodImplAttribute" size="100">
					<method name=".ctor(System.Reflection.MethodImplAttributes)" size="68" />
					<method name=".ctor()" size="24" />
				</type>
				<type name="TupleElementNamesAttribute" size="83">
					<method name=".ctor" size="64" />
				</type>
				<type name="TypeDependencyAttribute" size="70">
					<method name=".ctor" size="58" />
				</type>
				<type name="DefaultDependencyAttribute" size="64">
					<method name=".ctor" size="52" />
				</type>
				<type name="DateTimeConstantAttribute" size="51">
					<method name="get_Value" size="33" />
				</type>
				<type name="IteratorStateMachineAttribute" size="46">
					<method name=".ctor" size="46" />
				</type>
				<type name="AsyncStateMachineAttribute" size="46">
					<method name=".ctor" size="46" />
				</type>
				<type name="LoadHint" size="45" />
				<type name="CustomConstantAttribute" size="33">
					<method name=".ctor" size="24" />
				</type>
				<type name="CompilationRelaxations" size="32" />
				<type name="CompilerGeneratedAttribute" size="24">
					<method name=".ctor" size="24" />
				</type>
				<type name="ReflectionBlockedAttribute" size="24">
					<method name=".ctor" size="24" />
				</type>
				<type name="UnsafeValueTypeAttribute" size="24">
					<method name=".ctor" size="24" />
				</type>
				<type name="StringFreezingAttribute" size="24">
					<method name=".ctor" size="24" />
				</type>
				<type name="IsReadOnlyAttribute" size="24">
					<method name=".ctor" size="24" />
				</type>
				<type name="IsByRefLikeAttribute" size="24">
					<method name=".ctor" size="24" />
				</type>
				<type name="IntrinsicAttribute" size="24">
					<method name=".ctor" size="24" />
				</type>
				<type name="FriendAccessAllowedAttribute" size="24">
					<method name=".ctor" size="24" />
				</type>
				<type name="ExtensionAttribute" size="24">
					<method name=".ctor" size="24" />
				</type>
				<type name="Ephemeron" size="16" />
			</namespace>
			<namespace name="System.Collections.Concurrent" size="6614">
				<type name="ConcurrentDictionary`2" size="6467">
					<method name="GrowTable" size="603" />
					<method name="TryAddInternal" size="522" />
					<method name="TryRemoveInternal" size="420" />
					<method name="System.Collections.ICollection.CopyTo" size="311" />
					<method name="System.Collections.Generic.ICollection&lt;System.Collections.Generic.KeyValuePair&lt;TKey,TValue&gt;&gt;.CopyTo" size="282" />
					<method name=".ctor(System.Int32,System.Int32,System.Boolean,System.Collections.Generic.IEqualityComparer`1&lt;TKey&gt;)" size="250" />
					<method name="InitializeFromCollection" size="219" />
					<method name="System.Collections.Generic.ICollection&lt;System.Collections.Generic.KeyValuePair&lt;TKey,TValue&gt;&gt;.Remove" size="186" />
					<method name="TryGetValueInternal" size="182" />
					<method name="System.Collections.Generic.ICollection&lt;System.Collections.Generic.KeyValuePair&lt;TKey,TValue&gt;&gt;.Contains" size="172" />
					<method name="OnDeserialized" size="159" />
					<method name="System.Collections.Generic.ICollection&lt;System.Collections.Generic.KeyValuePair&lt;TKey,TValue&gt;&gt;.Add" size="146" />
					<method name="CopyToEntries" size="143" />
					<method name="ToArray" size="141" />
					<method name="AcquireLocks" size="139" />
					<method name="IsValueWriteAtomic" size="137" />
					<method name="CopyToObjects" size="134" />
					<method name="System.Collections.IDictionary.set_Item" size="134" />
					<method name="Clear" size="133" />
					<method name="CopyToPairs" size="131" />
					<method name="GetOrAdd" size="127" />
					<method name="System.Collections.Generic.ICollection&lt;System.Collections.Generic.KeyValuePair&lt;TKey,TValue&gt;&gt;.get_IsReadOnly" size="121" />
					<method name="GetBucketAndLockNo" size="116" />
					<method name="AcquireAllLocks" size="115" />
					<method name="System.Collections.Generic.IDictionary&lt;TKey,TValue&gt;.Add" size="107" />
					<method name="ReleaseLocks" size="95" />
					<method name="OnSerializing" size="91" />
					<method name="GetCountInternal" size="88" />
					<method name="set_Item" size="81" />
					<method name="TryAdd" size="78" />
					<method name="TryGetValue" size="75" />
					<method name="System.Collections.IDictionary.GetEnumerator" size="63" />
					<method name="System.Collections.IEnumerable.GetEnumerator" size="63" />
					<method name="GetBucket" size="60" />
					<method name="get_Count" size="59" />
					<method name="get_DefaultConcurrencyLevel" size="45" />
					<method name="ThrowKeyNullException" size="44" />
					<method name="OnSerialized" size="44" />
					<method name="GetEnumerator" size="39" />
					<method name=".ctor()" size="33" />
					<method name=".cctor" size="29" />
				</type>
				<type name="CDSCollectionETWBCLProvider" size="147">
					<method name="ConcurrentDictionary_AcquiringAllLocks" size="87" />
					<method name=".cctor" size="29" />
					<method name=".ctor" size="24" />
				</type>
			</namespace>
			<namespace name="System.Runtime.InteropServices" size="5966">
				<type name="SafeHandle" size="1019">
					<method name="DangerousReleaseInternal" size="232" />
					<method name="DangerousAddRef" size="112" />
					<method name=".ctor" size="99" />
					<method name="SetHandleAsInvalid" size="75" />
					<method name="InternalDispose" size="55" />
					<method name="Dispose(System.Boolean)" size="50" />
					<method name="InternalFinalize" size="44" />
					<method name="SetHandle" size="40" />
					<method name="Finalize" size="37" />
					<method name="DangerousGetHandle" size="37" />
					<method name="get_IsClosed" size="36" />
					<method name="DangerousRelease" size="36" />
					<method name="Dispose()" size="27" />
					<method name="Close" size="25" />
				</type>
				<type name="Marshal" size="954">
					<method name="GetCustomMarshalerInstance" size="447" />
					<method name="Copy" size="121" />
					<method name="copy_from_unmanaged" size="96" />
					<method name="StructureToPtr(T,System.IntPtr,System.Boolean)" size="77" />
					<method name="skip_fixed" size="66" />
					<method name=".cctor" size="41" />
				</type>
				<type name="DllImportAttribute" size="751">
					<method name="GetCustomAttribute" size="356" />
					<method name=".ctor" size="250" />
				</type>
				<type name="VarEnum" size="551" />
				<type name="GCHandle" size="432">
					<method name="Free" size="64" />
					<method name=".ctor" size="62" />
					<method name="get_Target" size="53" />
					<method name="Equals" size="52" />
					<method name="op_Equality" size="50" />
					<method name="Alloc" size="44" />
					<method name="get_IsAllocated" size="37" />
					<method name="GetHashCode" size="35" />
				</type>
				<type name="UnmanagedType" size="402" />
				<type name="MemoryMarshal" size="335">
					<method name="GetNonNullPinnableReference(System.Span`1&lt;T&gt;)" size="84" />
					<method name="GetNonNullPinnableReference(System.ReadOnlySpan`1&lt;T&gt;)" size="84" />
					<method name="CreateReadOnlySpan" size="63" />
					<method name="GetReference(System.Span`1&lt;T&gt;)" size="52" />
					<method name="GetReference(System.ReadOnlySpan`1&lt;T&gt;)" size="52" />
				</type>
				<type name="SafeBuffer" size="265">
					<method name="AcquirePointer" size="94" />
					<method name="ReleasePointer" size="57" />
					<method name=".cctor" size="47" />
					<method name="NotInitialized" size="37" />
				</type>
				<type name="MarshalAsAttribute" size="206">
					<method name="Copy" size="28" />
				</type>
				<type name="ComCompatibleVersionAttribute" size="139">
					<method name=".ctor" size="96" />
				</type>
				<type name="MarshalDirectiveException" size="135">
					<method name=".ctor(System.String)" size="48" />
					<method name=".ctor(System.Runtime.Serialization.SerializationInfo,System.Runtime.Serialization.StreamingContext)" size="47" />
					<method name=".ctor()" size="40" />
				</type>
				<type name="ComInterfaceType" size="104" />
				<type name="CallingConvention" size="65" />
				<type name="GCHandleType" size="64" />
				<type name="ClassInterfaceAttribute" size="62">
					<method name=".ctor" size="54" />
				</type>
				<type name="ComDefaultInterfaceAttribute" size="60">
					<method name=".ctor" size="52" />
				</type>
				<type name="InterfaceTypeAttribute" size="57">
					<method name=".ctor" size="49" />
				</type>
				<type name="ComVisibleAttribute" size="54">
					<method name=".ctor" size="46" />
				</type>
				<type name="FieldOffsetAttribute" size="50">
					<method name=".ctor" size="42" />
				</type>
				<type name="GuidAttribute" size="48">
					<method name=".ctor" size="40" />
				</type>
				<type name="ClassInterfaceType" size="47" />
				<type name="CharSet" size="46" />
				<type name="OutAttribute" size="24">
					<method name=".ctor" size="24" />
				</type>
				<type name="InAttribute" size="24">
					<method name=".ctor" size="24" />
				</type>
				<type name="PreserveSigAttribute" size="24">
					<method name=".ctor" size="24" />
				</type>
				<type name="OptionalAttribute" size="24">
					<method name=".ctor" size="24" />
				</type>
				<type name="ComImportAttribute" size="24">
					<method name=".ctor" size="24" />
				</type>
			</namespace>
			<namespace name="System.Runtime.Remoting.Channels" size="4977">
				<type name="ChannelServices" size="2637">
					<method name="RegisterChannelConfig" size="682" />
					<method name="RegisterChannel(System.Runtime.Remoting.Channels.IChannel,System.Boolean)" size="371" />
					<method name="CreateClientChannelSinkChain(System.String,System.Object,System.String&amp;)" size="362" />
					<method name="CreateProvider" size="203" />
					<method name="GetCurrentChannelInfo" size="186" />
					<method name="CreateClientChannelSinkChain(System.Runtime.Remoting.Channels.IChannelSender,System.String,System.Object[],System.String&amp;)" size="183" />
					<method name="CheckIncomingMessage" size="117" />
					<method name="CheckReturnMessage" size="113" />
					<method name=".cctor" size="86" />
					<method name="SyncDispatchMessage" size="81" />
					<method name="RegisterChannel(System.Runtime.Remoting.Channels.IChannel)" size="44" />
					<method name="get_CrossContextChannel" size="41" />
					<method name="IsLocalCall" size="37" />
				</type>
				<type name="CrossAppDomainSink" size="957">
					<method name="SyncProcessMessage" size="236" />
					<method name="GetSink" size="151" />
					<method name="ProcessMessageInDomain" size="137" />
					<method name="AsyncProcessMessage" size="89" />
					<method name="SendAsyncMessage" size="79" />
					<method name="&lt;AsyncProcessMessage&gt;b__10_0" size="62" />
					<method name=".cctor" size="56" />
					<method name=".ctor" size="44" />
					<method name="get_TargetDomainId" size="37" />
				</type>
				<type name="CrossAppDomainChannel" size="474">
					<method name="CreateMessageSink" size="133" />
					<method name="RegisterCrossAppDomainChannel" size="88" />
					<method name="get_ChannelData" size="38" />
					<method name="StartListening" size="36" />
					<method name="get_ChannelPriority" size="34" />
					<method name="get_ChannelName" size="33" />
					<method name=".cctor" size="29" />
					<method name=".ctor" size="24" />
				</type>
				<type name="CADSerializer" size="349">
					<method name="SerializeMessage" size="79" />
					<method name="SerializeObject" size="78" />
					<method name="DeserializeObjectSafe" size="76" />
					<method name="DeserializeObject" size="64" />
					<method name="DeserializeMessage" size="52" />
				</type>
				<type name="CrossAppDomainData" size="198">
					<method name=".ctor" size="67" />
					<method name="get_ProcessID" size="32" />
					<method name="get_DomainID" size="31" />
				</type>
				<type name="SinkProviderData" size="190">
					<method name=".ctor" size="62" />
					<method name="get_Properties" size="33" />
					<method name="get_Children" size="31" />
				</type>
				<type name="AsyncRequest" size="94">
					<method name=".ctor" size="67" />
				</type>
				<type name="IChannel" size="34" />
				<type name="IChannelReceiver" size="15" />
				<type name="ISecurableChannel" size="13" />
				<type name="IClientChannelSinkProvider" size="8" />
				<type name="IServerChannelSinkProvider" size="8" />
			</namespace>
			<namespace name="System.Runtime.Remoting.Proxies" size="4279">
				<type name="RealProxy" size="1936">
					<method name="PrivateInvoke" size="531" />
					<method name="ProcessResponse" size="438" />
					<method name="GetTransparentProxy" size="136" />
					<method name=".ctor(System.Type,System.IntPtr,System.Object)" size="128" />
					<method name="GetAppDomainTarget" size="108" />
					<method name="GetProxiedType" size="77" />
					<method name=".ctor(System.Type,System.Runtime.Remoting.ClientIdentity)" size="68" />
					<method name="GetObjectData" size="60" />
					<method name=".ctor(System.Type)" size="48" />
					<method name="set_ObjectIdentity" size="48" />
					<method name="SetTargetDomain" size="48" />
					<method name="AttachServer" size="38" />
					<method name="get_ObjectIdentity" size="37" />
					<method name=".ctor()" size="31" />
				</type>
				<type name="RemotingProxy" size="1304">
					<method name="Invoke" size="339" />
					<method name="AttachIdentity" size="231" />
					<method name="CanCastTo" size="146" />
					<method name=".ctor(System.Type,System.String,System.Object[])" size="98" />
					<method name="ActivateRemoteObject" size="91" />
					<method name="get_TypeName" size="86" />
					<method name=".ctor(System.Type,System.Runtime.Remoting.ClientIdentity)" size="79" />
					<method name=".cctor" size="69" />
					<method name="Finalize" size="62" />
				</type>
				<type name="TransparentProxy" size="878">
					<method name="LoadRemoteFieldNew" size="291" />
					<method name="StoreRemoteField" size="285" />
					<method name="GetProxyType" size="58" />
					<method name="InCurrentContext" size="52" />
					<method name="get_IsContextBoundObject" size="48" />
					<method name="get_TargetContext" size="41" />
					<method name=".ctor" size="24" />
				</type>
				<type name="ProxyAttribute" size="161">
					<method name="CreateProxy" size="97" />
					<method name="CreateInstance" size="64" />
				</type>
			</namespace>
			<namespace name="System.Diagnostics" size="3575">
				<type name="StackTrace" size="2283">
					<method name="GetFullNameForStackTrace" size="614" />
					<method name="AddFrames" size="494" />
					<method name="ConvertAsyncStateMachineMethod" size="235" />
					<method name="ToString()" size="155" />
					<method name="init_frames" size="154" />
					<method name=".ctor(System.Exception,System.Int32,System.Boolean)" size="123" />
					<method name="GetAotId" size="88" />
					<method name=".ctor(System.Int32,System.Boolean)" size="65" />
					<method name="GetFrame" size="54" />
					<method name=".ctor(System.Exception,System.Boolean)" size="51" />
					<method name=".ctor(System.Boolean)" size="50" />
					<method name="get_FrameCount" size="45" />
					<method name="ToString(System.Diagnostics.StackTrace/TraceFormat)" size="43" />
					<method name=".ctor()" size="32" />
				</type>
				<type name="StackFrame" size="912">
					<method name="ToString" size="227" />
					<method name=".ctor(System.Int32,System.Boolean)" size="117" />
					<method name=".ctor()" size="82" />
					<method name="GetSecureFileName" size="64" />
					<method name="GetInternalMethodName" size="40" />
					<method name="GetFileLineNumber" size="36" />
					<method name="GetMethodAddress" size="35" />
					<method name="GetNativeOffset" size="34" />
					<method name="GetMethodIndex" size="33" />
					<method name="GetFileName" size="30" />
					<method name="GetILOffset" size="30" />
					<method name="GetMethod" size="28" />
				</type>
				<type name="DebuggerDisplayAttribute" size="104">
					<method name=".ctor" size="79" />
				</type>
				<type name="DebuggerTypeProxyAttribute" size="77">
					<method name=".ctor" size="65" />
				</type>
				<type name="DebuggableAttribute" size="61">
					<method name=".ctor" size="41" />
				</type>
				<type name="Debugger" size="42">
					<method name="NotifyOfCrossThreadDependency" size="42" />
				</type>
				<type name="StackTraceHiddenAttribute" size="24">
					<method name=".ctor" size="24" />
				</type>
				<type name="DebuggerStepThroughAttribute" size="24">
					<method name=".ctor" size="24" />
				</type>
				<type name="DebuggerHiddenAttribute" size="24">
					<method name=".ctor" size="24" />
				</type>
				<type name="DebuggerNonUserCodeAttribute" size="24">
					<method name=".ctor" size="24" />
				</type>
			</namespace>
			<namespace name="Mono.Xml" size="3518">
				<type name="SmallXmlParser" size="3411">
					<method name="ReadContent" size="691" />
					<method name="ReadReference" size="229" />
					<method name="ReadCharacterReference" size="221" />
					<method name="ReadName" size="197" />
					<method name="IsNameChar" size="192" />
					<method name="ReadAttribute" size="180" />
					<method name="ReadCDATASection" size="160" />
					<method name="ReadUntil" size="139" />
					<method name="Parse" size="139" />
					<method name="HandleBufferedContent" size="121" />
					<method name="Cleanup" size="107" />
					<method name="SkipWhitespaces(System.Boolean)" size="99" />
					<method name="ReadCharacters" size="98" />
					<method name=".ctor" size="93" />
					<method name="UnexpectedEndError" size="92" />
					<method name="Read" size="91" />
					<method name="HandleWhitespaces" size="91" />
					<method name="Expect" size="82" />
					<method name="ReadComment" size="82" />
					<method name="IsWhitespace" size="51" />
					<method name="Error" size="44" />
					<method name="SkipWhitespaces()" size="35" />
					<method name="Peek" size="28" />
				</type>
				<type name="SmallXmlParserException" size="107">
					<method name=".ctor" size="89" />
				</type>
			</namespace>
			<namespace name="System.Runtime.Remoting.Contexts" size="3032">
				<type name="Context" size="2274">
					<method name="CreateNewContext" size="211" />
					<method name="CreateServerObjectSinkChain" size="170" />
					<method name="GetServerContextSinkChain" size="159" />
					<method name="GetClientContextSinkChain" size="153" />
					<method name="CreateEnvoySink" size="136" />
					<method name="GetProperty" size="123" />
					<method name="NotifyGlobalDynamicSinks" size="118" />
					<method name="NotifyDynamicSinks" size="116" />
					<method name="SetProperty" size="97" />
					<method name="get_NeedsContextSink" size="83" />
					<method name="Freeze" size="83" />
					<method name=".ctor" size="57" />
					<method name="get_HasGlobalDynamicSinks" size="57" />
					<method name="get_HasExitSinks" size="57" />
					<method name="get_HasDynamicSinks" size="53" />
					<method name="SwitchToContext" size="49" />
					<method name="ToString" size="42" />
					<method name="get_DefaultContext" size="36" />
					<method name="Finalize" size="36" />
					<method name=".cctor" size="29" />
				</type>
				<type name="CrossContextChannel" size="429">
					<method name="AsyncProcessMessage" size="222" />
					<method name="SyncProcessMessage" size="183" />
					<method name=".ctor" size="24" />
				</type>
				<type name="DynamicPropertyCollection" size="321">
					<method name="NotifyMessage" size="245" />
					<method name="get_HasProperties" size="44" />
				</type>
				<type name="IContextProperty" size="8" />
			</namespace>
			<namespace name="System.Buffers" size="2794">
				<type name="TlsOverPerCoreLockedStacksArrayPool`1" size="1505">
					<method name="Trim" size="355" />
					<method name="Rent" size="316" />
					<method name="Return" size="291" />
					<method name="GetMemoryPressure" size="106" />
					<method name="CreatePerCoreLockedStacks" size="88" />
					<method name=".ctor" size="83" />
					<method name="Gen2GcCallbackFunc" size="53" />
					<method name=".cctor" size="49" />
					<method name="GetTrimBuffers" size="28" />
					<method name="get_Id" size="25" />
				</type>
				<type name="ArrayPoolEventSource" size="986">
					<method name="BufferAllocated" size="367" />
					<method name="BufferRented" size="295" />
					<method name="BufferReturned" size="76" />
					<method name="BufferTrimmed" size="75" />
					<method name=".ctor" size="71" />
					<method name="BufferTrimPoll" size="66" />
					<method name=".cctor" size="29" />
				</type>
				<type name="Utilities" size="185">
					<method name="SelectBucketIndex" size="133" />
					<method name="GetMaxSizeForBucket" size="52" />
				</type>
				<type name="ArrayPool`1" size="118">
					<method name=".cctor" size="29" />
					<method name="get_Shared" size="28" />
					<method name=".ctor" size="24" />
				</type>
			</namespace>
			<namespace name="System.Runtime.Remoting.Lifetime" size="2746">
				<type name="Lease" size="1089">
					<method name="ProcessSponsorResponse" size="159" />
					<method name="CheckNextSponsor" size="148" />
					<method name="UpdateState" size="131" />
					<method name="Unregister" size="128" />
					<method name=".ctor" size="86" />
					<method name="Renew" size="77" />
					<method name="get_CurrentLeaseTime" size="49" />
					<method name="get_RenewOnCallTime" size="38" />
					<method name="get_CurrentState" size="35" />
					<method name="Activate" size="28" />
				</type>
				<type name="LifetimeServices" size="687">
					<method name=".cctor" size="105" />
					<method name="set_LeaseManagerPollTime" size="64" />
					<method name="set_SponsorshipTimeout" size="51" />
					<method name="TrackLifetime" size="50" />
					<method name="set_RenewOnCallTime" size="48" />
					<method name="get_LeaseManagerPollTime" size="42" />
					<method name="set_LeaseTime" size="42" />
					<method name="get_SponsorshipTimeout" size="40" />
					<method name="get_RenewOnCallTime" size="37" />
					<method name="get_LeaseTime" size="31" />
				</type>
				<type name="LeaseManager" size="576">
					<method name="ManageLeases" size="189" />
					<method name="TrackLifetime" size="119" />
					<method name="SetPollTime" size="101" />
					<method name="StartManager" size="59" />
					<method name="StopManager" size="51" />
					<method name=".ctor" size="35" />
				</type>
				<type name="LeaseSink" size="276">
					<method name="RenewLease" size="87" />
					<method name="AsyncProcessMessage" size="74" />
					<method name="SyncProcessMessage" size="58" />
					<method name=".ctor" size="44" />
				</type>
				<type name="LeaseState" size="63" />
				<type name="ILease" size="55" />
			</namespace>
			<namespace name="Mono" size="2490">
				<type name="RuntimeMarshal" size="468">
					<method name="DecodeBlobSize" size="155" />
					<method name="PtrToUtf8String" size="123" />
					<method name="AsciHexDigitValue" size="76" />
					<method name="DecodeBlobArray" size="74" />
					<method name="MarshalString" size="40" />
				</type>
				<type name="RuntimeGenericParamInfoHandle" size="343">
					<method name="GetConstraints" size="114" />
					<method name="GetConstraintsCount" size="81" />
					<method name=".ctor" size="38" />
					<method name="get_Attributes" size="38" />
					<method name="get_Constraints" size="34" />
				</type>
				<type name="RuntimeClassHandle" size="295">
					<method name="Equals" size="87" />
					<method name="GetHashCode" size="47" />
					<method name="GetTypeHandle" size="42" />
					<method name=".ctor(System.IntPtr)" size="38" />
					<method name=".ctor(Mono.RuntimeStructs/MonoClass*)" size="35" />
					<method name="get_Value" size="28" />
				</type>
				<type name="RuntimeGPtrArrayHandle" size="251">
					<method name="Lookup" size="66" />
					<method name="DestroyAndFree" size="52" />
					<method name=".ctor" size="38" />
					<method name="get_Length" size="34" />
					<method name="get_Item" size="34" />
				</type>
				<type name="SafeStringMarshal" size="211">
					<method name="get_Value" size="71" />
					<method name="Dispose" size="60" />
					<method name=".ctor" size="44" />
				</type>
				<type name="RuntimeEventHandle" size="202">
					<method name="Equals" size="90" />
					<method name="GetHashCode" size="35" />
					<method name=".ctor" size="31" />
					<method name="get_Value" size="28" />
				</type>
				<type name="RuntimePropertyHandle" size="202">
					<method name="Equals" size="90" />
					<method name="GetHashCode" size="35" />
					<method name=".ctor" size="31" />
					<method name="get_Value" size="28" />
				</type>
				<type name="SafeGPtrArrayHandle" size="170">
					<method name="get_Item" size="39" />
					<method name=".ctor" size="38" />
					<method name="get_Length" size="34" />
					<method name="Dispose" size="31" />
				</type>
				<type name="MonoAssemblyName" size="147" />
				<type name="RuntimeRemoteClassHandle" size="66">
					<method name="get_ProxyClass" size="43" />
				</type>
				<type name="ValueTuple`5" size="45" />
				<type name="ValueTuple`4" size="36" />
				<type name="ValueTuple`3" size="27" />
				<type name="ValueTuple`2" size="18" />
				<type name="ValueTuple`1" size="9" />
			</namespace>
			<namespace name="System.Runtime.Remoting.Activation" size="1937">
				<type name="ActivationServices" size="1114">
					<method name="CreateConstructionCall" size="473" />
					<method name="CreateInstanceFromMessage" size="199" />
					<method name="Activate" size="149" />
					<method name="CreateProxyForType" size="113" />
					<method name="RemoteActivate" size="69" />
					<method name="get_ConstructionActivator" size="60" />
				</type>
				<type name="AppDomainLevelActivator" size="318">
					<method name="Activate" size="173" />
					<method name=".ctor" size="65" />
					<method name="get_NextActivator" size="36" />
				</type>
				<type name="ContextLevelActivator" size="260">
					<method name="Activate" size="148" />
					<method name=".ctor" size="40" />
					<method name="get_NextActivator" size="36" />
				</type>
				<type name="ConstructionLevelActivator" size="122">
					<method name="Activate" size="50" />
					<method name="get_NextActivator" size="31" />
					<method name=".ctor" size="24" />
				</type>
				<type name="IConstructionCallMessage" size="106" />
				<type name="IActivator" size="17" />
			</namespace>
			<namespace name="System.Runtime.Remoting.Metadata" size="1649">
				<type name="SoapTypeAttribute" size="735">
					<method name="SetReflectionObject" size="207" />
					<method name="get_IsInteropXmlElement" size="42" />
					<method name="get_XmlTypeNamespace" size="39" />
					<method name="get_IsInteropXmlType" size="39" />
					<method name="get_XmlElementName" size="37" />
					<method name="get_UseAttribute" size="35" />
					<method name="get_XmlNamespace" size="35" />
					<method name="get_XmlTypeName" size="34" />
					<method name=".ctor" size="24" />
				</type>
				<type name="SoapMethodAttribute" size="421">
					<method name="SetReflectionObject" size="189" />
					<method name="get_UseAttribute" size="35" />
					<method name="get_XmlNamespace" size="35" />
					<method name=".ctor" size="24" />
				</type>
				<type name="SoapAttribute" size="238">
					<method name="SetReflectionObject" size="60" />
					<method name="get_UseAttribute" size="35" />
					<method name="get_XmlNamespace" size="35" />
					<method name=".ctor" size="24" />
				</type>
				<type name="SoapFieldAttribute" size="231">
					<method name="SetReflectionObject" size="84" />
					<method name="IsInteropXmlElement" size="38" />
					<method name="get_XmlElementName" size="37" />
					<method name=".ctor" size="24" />
				</type>
				<type name="SoapParameterAttribute" size="24">
					<method name=".ctor" size="24" />
				</type>
			</namespace>
			<namespace name="System.Collections.ObjectModel" size="1631">
				<type name="ReadOnlyCollection`1" size="1631">
					<method name="System.Collections.ICollection.CopyTo" size="315" />
					<method name="System.Collections.Generic.IList&lt;T&gt;.set_Item" size="84" />
					<method name="System.Collections.Generic.IList&lt;T&gt;.Insert" size="82" />
					<method name="System.Collections.Generic.ICollection&lt;T&gt;.Remove" size="79" />
					<method name="System.Collections.Generic.IList&lt;T&gt;.get_Item" size="79" />
					<method name="System.Collections.IList.Contains" size="78" />
					<method name="IsCompatibleObject" size="77" />
					<method name="System.Collections.Generic.ICollection&lt;T&gt;.Add" size="75" />
					<method name="System.Collections.Generic.IList&lt;T&gt;.RemoveAt" size="74" />
					<method name="System.Collections.Generic.ICollection&lt;T&gt;.get_IsReadOnly" size="70" />
					<method name="System.Collections.IEnumerable.GetEnumerator" size="68" />
					<method name="System.Collections.Generic.ICollection&lt;T&gt;.Clear" size="67" />
					<method name="System.Collections.IList.Add" size="59" />
					<method name="CopyTo" size="52" />
					<method name=".ctor" size="49" />
					<method name="Contains" size="43" />
					<method name="get_Item" size="43" />
					<method name="IndexOf" size="42" />
					<method name="GetEnumerator" size="37" />
					<method name="get_Count" size="33" />
				</type>
			</namespace>
			<namespace name="System.Diagnostics.Tracing" size="1368">
				<type name="EventSource" size="765">
					<method name="WriteEvent(System.Int32,System.Int32,System.Int32,System.Int32)" size="103" />
					<method name="WriteEvent(System.Int32,System.Int32,System.Int32)" size="84" />
					<method name="WriteEventCore" size="67" />
					<method name="WriteEvent(System.Int32,System.Int32)" size="66" />
					<method name=".ctor(System.Guid,System.String)" size="65" />
					<method name=".ctor(System.String)" size="51" />
					<method name="IsEnabled(System.Diagnostics.Tracing.EventLevel,System.Diagnostics.Tracing.EventKeywords)" size="46" />
					<method name="WriteEvent(System.Int32,System.Object[])" size="44" />
					<method name=".ctor()" size="41" />
					<method name="set_Name" size="38" />
					<method name="Finalize" size="37" />
					<method name="Dispose(System.Boolean)" size="34" />
					<method name="Dispose()" size="33" />
					<method name="IsEnabled()" size="23" />
				</type>
				<type name="EventAttribute" size="197">
					<method name=".ctor" size="43" />
					<method name="set_EventId" size="41" />
					<method name="set_Level" size="39" />
				</type>
				<type name="EventSourceAttribute" size="166">
					<method name="set_Guid" size="38" />
					<method name="set_Name" size="38" />
					<method name=".ctor" size="24" />
				</type>
				<type name="EventKeywords" size="156" />
				<type name="EventLevel" size="84" />
			</namespace>
			<namespace name="Mono.Security" size="718">
				<type name="BitConverterLE" size="718">
					<method name="GetULongBytes" size="164" />
					<method name="UIntFromBytes" size="129" />
					<method name="ULongFromBytes" size="118" />
					<method name="GetUIntBytes" size="107" />
					<method name="ToSingle" size="61" />
					<method name="ToDouble" size="61" />
					<method name="GetBytes(System.Single)" size="39" />
					<method name="GetBytes(System.Double)" size="39" />
				</type>
			</namespace>
			<namespace name="Internal.Threading.Tasks.Tracing" size="597">
				<type name="TaskTrace" size="597">
					<method name="TaskScheduled" size="159" />
					<method name="TaskWaitBegin_Asynchronous" size="126" />
					<method name="TaskWaitBegin_Synchronous" size="125" />
					<method name="TaskWaitEnd" size="111" />
					<method name="get_Enabled" size="50" />
				</type>
			</namespace>
			<namespace name="System.Runtime.Remoting.Services" size="525">
				<type name="TrackingServices" size="525">
					<method name="NotifyUnmarshaledObject" size="164" />
					<method name="NotifyMarshaledObject" size="162" />
					<method name="NotifyDisconnectedObject" size="157" />
					<method name=".cctor" size="29" />
				</type>
			</namespace>
			<namespace name="System.Buffers.Text" size="397">
				<type name="FormattingHelpers" size="397">
					<method name="CountDigits(System.UInt64)" size="181" />
					<method name="CountDigits(System.UInt32)" size="110" />
					<method name="CountHexDigits" size="106" />
				</type>
			</namespace>
			<namespace name="System.Runtime.ExceptionServices" size="392">
				<type name="ExceptionDispatchInfo" size="368">
					<method name=".ctor" size="114" />
					<method name="Capture" size="61" />
					<method name="get_BinaryStackTraceArray" size="44" />
					<method name="get_SourceException" size="38" />
					<method name="Throw" size="36" />
				</type>
				<type name="HandleProcessCorruptedStateExceptionsAttribute" size="24">
					<method name=".ctor" size="24" />
				</type>
			</namespace>
			<namespace name="System.Security.Policy" size="365">
				<type name="Evidence" size="365">
					<method name="CopyTo" size="119" />
					<method name="GetEnumerator" size="85" />
					<method name="get_Count" size="73" />
					<method name=".ctor" size="24" />
				</type>
			</namespace>
			<namespace name="System.Security" size="358">
				<type name="SecurityException" size="320">
					<method name=".ctor(System.Runtime.Serialization.SerializationInfo,System.Runtime.Serialization.StreamingContext)" size="115" />
					<method name="GetObjectData" size="77" />
					<method name=".ctor(System.String)" size="48" />
					<method name=".ctor()" size="34" />
					<method name="ToString" size="27" />
				</type>
				<type name="SecurityManager" size="38">
					<method name="EnsureElevatedPermissions" size="38" />
				</type>
			</namespace>
			<namespace name="System.Runtime.ConstrainedExecution" size="355">
				<type name="ReliabilityContractAttribute" size="136">
					<method name=".ctor" size="71" />
				</type>
				<type name="Consistency" size="100" />
				<type name="CriticalFinalizerObject" size="54">
					<method name="Finalize" size="30" />
					<method name=".ctor" size="24" />
				</type>
				<type name="Cer" size="41" />
				<type name="PrePrepareMethodAttribute" size="24">
					<method name=".ctor" size="24" />
				</type>
			</namespace>
			<namespace name="Microsoft.Win32.SafeHandles" size="337">
				<type name="SafeFileHandle" size="117">
					<method name=".ctor" size="69" />
					<method name="ReleaseHandle" size="48" />
				</type>
				<type name="SafeHandleZeroOrMinusOneIsInvalid" size="116">
					<method name="get_IsInvalid" size="58" />
					<method name=".ctor" size="45" />
				</type>
				<type name="SafeWaitHandle" size="104">
					<method name=".ctor" size="66" />
					<method name="ReleaseHandle" size="38" />
				</type>
			</namespace>
			<namespace name="Internal.Runtime.Augments" size="333">
				<type name="RuntimeThread" size="214">
					<method name="Sleep" size="48" />
					<method name="SpinWait" size="43" />
					<method name="GetCurrentProcessorId" size="35" />
					<method name=".cctor" size="26" />
					<method name="Yield" size="23" />
				</type>
				<type name="AsyncStatus" size="56" />
				<type name="RuntimeAugments" size="52">
					<method name="ReportUnhandledException" size="52" />
				</type>
				<type name="TaskTraceCallbacks" size="11" />
			</namespace>
			<namespace name="System.Resources" size="254">
				<type name="NeutralResourcesLanguageAttribute" size="129">
					<method name=".ctor" size="68" />
				</type>
				<type name="SatelliteContractVersionAttribute" size="85">
					<method name=".ctor" size="57" />
				</type>
				<type name="UltimateResourceFallbackLocation" size="40" />
			</namespace>
			<namespace name="System.Security.Permissions" size="142">
				<type name="SecurityAction" size="142" />
			</namespace>
			<namespace name="System.Diagnostics.Contracts" size="140">
				<type name="Contract" size="140">
					<method name="ForAll" size="140" />
				</type>
			</namespace>
			<namespace name="System.Configuration.Assemblies" size="119">
				<type name="AssemblyHashAlgorithm" size="64" />
				<type name="AssemblyVersionCompatibility" size="55" />
			</namespace>
			<namespace name="System.Runtime.Serialization.Formatters" size="113">
				<type name="FormatterTypeStyle" size="58" />
				<type name="FormatterAssemblyStyle" size="29" />
				<type name="TypeFilterLevel" size="26" />
			</namespace>
			<namespace name="System.Numerics.Hashing" size="104">
				<type name="HashHelpers" size="104">
					<method name="Combine" size="46" />
					<method name=".cctor" size="44" />
				</type>
			</namespace>
			<namespace name="Microsoft.Win32" size="99">
				<type name="Win32Native" size="99">
					<method name="MakeHRFromErrorCode" size="53" />
					<method name="GetMessage" size="46" />
				</type>
			</namespace>
			<namespace name="System.Runtime.Versioning" size="24">
				<type name="NonVersionableAttribute" size="24">
					<method name=".ctor" size="24" />
				</type>
			</namespace>
		</assembly>
	</size-report>
	<action-list>
		<namespace name="System.Globalization">
			<type name="GlobalizationMode">
				<method name="get_Invariant" action="return-true" />
			</type>
			<type name="CompareInfo">
				<method name=".ctor" action="scan" />
				<method name="CompareOrdinalIgnoreCase(System.ReadOnlySpan`1&lt;System.Char&gt;,System.ReadOnlySpan`1&lt;System.Char&gt;)" action="scan" dead-code="blocks,jumps" />
			</type>
			<type name="CalendarData">
				<method name=".ctor(System.String,System.Int32,System.Boolean)" action="scan" dead-code="blocks,jumps" />
				<method name="InitializeEraNames" action="scan" dead-code="blocks" />
				<method name="InitializeAbbreviatedEraNames" action="scan" dead-code="blocks" />
			</type>
			<type name="CultureInfo">
				<method name="get_DateTimeFormat" action="scan" dead-code="blocks,jumps" />
			</type>
			<type name="CharUnicodeInfo">
				<method name="EndianSwap(System.UInt16)" dead-code="variables" />
			</type>
			<type name="DateTimeFormatInfo">
				<method name="set_Calendar" action="scan" dead-code="blocks,variables" />
				<method name="Tokenize" action="scan" dead-code="blocks,jumps,variables" />
				<method name="CreateTokenHashTable" action="scan" dead-code="blocks,jumps,constant-jumps,variables" />
			</type>
		</namespace>
		<namespace name="System.Runtime.Serialization.Formatters.Binary">
			<type name="ObjectWriter">
				<method name="Serialize" dead-code="blocks,jumps,constant-jumps,variables" />
			</type>
		</namespace>
		<namespace name="System">
			<type name="Array">
				<method name="CreateInstance(System.Type,System.Int32[])" dead-code="variables" />
			</type>
			<type name="RuntimeType">
				<method name="FilterApplyType" dead-code="variables" />
			</type>
			<type name="DateTimeFormat">
				<method name="FormatCustomized" action="scan" dead-code="blocks,jumps,constant-jumps,variables" />
			</type>
			<type name="DateTimeParse">
				<method name="TryParse(System.ReadOnlySpan`1&lt;System.Char&gt;,System.Globalization.DateTimeFormatInfo,System.Globalization.DateTimeStyles,System.DateTimeResult&amp;)" action="scan" dead-code="blocks" />
				<method name="Lex" action="scan" dead-code="blocks" />
			</type>
		</namespace>
		<namespace name="System.Threading">
			<type name="SpinLock">
				<method name="ContinueTryEnterWithThreadTracking" dead-code="variables" />
			</type>
		</namespace>
		<namespace name="System.Runtime.Serialization">
			<type name="ObjectManager">
				<method name="FixupSpecialObject" dead-code="variables" />
			</type>
		</namespace>
		<namespace name="System.IO">
			<type name="Path">
				<method name="CanonicalizePath" dead-code="blocks,jumps,constant-jumps,variables" />
			</type>
		</namespace>
		<namespace name="System.Reflection">
			<type name="SignatureType">
				<method name="get_TypeHandle" dead-code="variables" />
			</type>
		</namespace>
	</action-list>
</optimizer-report>