<?xml version="1.0" encoding="utf-8" ?>
<linker-optimizer>
	<options all-modules="true" analyze-all="false" preprocessor="full" />

	<type fullname="Mono.Globalization.Unicode.SimpleCollator" action="fail" />

	<namespace name="System.Globalization">
		<type name="CompareInfo">
			<method name="get_UseManagedCollation" action="return-false" />
		</type>
	</namespace>
</linker-optimizer>
