<?xml version="1.0" encoding="utf-8" ?>
<linker-optimizer>
	<options all-modules="true" preprocessor="full" check-size="true" analyze-all="true" report-configuration="full" />

	<include filename="corlib-api.xml" />
	<include filename="corlib-asserts.xml" />
	<include filename="corlib-sizes.xml" />

</linker-optimizer>
