<?xml version="1.0" encoding="utf-8" ?>
<linker-optimizer>
	<options all-modules="true" analyze-all="true" preprocessor="full" />

	<include filename="corlib-api.xml" />
	<include filename="corlib-asserts.xml" />

	<namespace name="System.Runtime.Serialization.Formatters.Binary">
		<type name="ObjectReader" action="fail" />
		<type name="BinaryFormatter">
			<method name="Deserialize" action="fail" />
		</type>
	</namespace>

	<features>
		<feature name="remoting" enabled="false" />
		<feature name="collator" enabled="false" />
		<feature name="globalization" enabled="false" />
	</features>
</linker-optimizer>
