<?xml version="1.0" encoding="utf-8" ?>
<linker-optimizer>
	<options preprocessor="disabled" />
</linker-optimizer>
