<?xml version="1.0" encoding="utf-8" ?>
<linker-optimizer>
	<features>
		<feature name="martin" />
	</features>
</linker-optimizer>
