<?xml version="1.0" encoding="utf-8" ?>
<linker-optimizer>
	<options preprocessor="full" />

	<features>
		<feature name="martin" enabled="false" />
	</features>
</linker-optimizer>
